#    1 | steps:    10 | steps_t:     0 | t: 0.016897 | r:  -509.000000 | e:   1.000000 | Q:        nan | won: False 
#    2 | steps:    19 | steps_t:     0 | t: 0.019283 | r:  -508.000000 | e:   1.000000 | Q:        nan | won: False 
#    3 | steps:    29 | steps_t:     0 | t: 0.022275 | r:  -509.000000 | e:   1.000000 | Q:        nan | won: False 
#    4 | steps:    36 | steps_t:     0 | t: 0.025263 | r:  -506.000000 | e:   1.000000 | Q:        nan | won: False 
#    5 | steps:    42 | steps_t:     0 | t: 0.027259 | r:  -505.000000 | e:   1.000000 | Q:        nan | won: False 
#    6 | steps:    49 | steps_t:     0 | t: 0.030493 | r:  -506.000000 | e:   1.000000 | Q:        nan | won: False 
#    7 | steps:    55 | steps_t:     0 | t: 0.032655 | r:  -505.000000 | e:   1.000000 | Q:        nan | won: False 
#    8 | steps:    65 | steps_t:     0 | t: 0.035600 | r:  -509.000000 | e:   1.000000 | Q:        nan | won: False 
#    9 | steps:    74 | steps_t:     0 | t: 0.038360 | r:  -508.000000 | e:   1.000000 | Q:        nan | won: False 
#   10 | steps:    83 | steps_t:     0 | t: 0.041350 | r:  -508.000000 | e:   1.000000 | Q:        nan | won: False 
#   11 | steps:    95 | steps_t:     0 | t: 0.045335 | r:  -511.000000 | e:   1.000000 | Q:        nan | won: False 
#   12 | steps:   103 | steps_t:     0 | t: 0.048378 | r:  -507.000000 | e:   1.000000 | Q:        nan | won: False 
#   13 | steps:   110 | steps_t:     0 | t: 0.050367 | r:  -506.000000 | e:   1.000000 | Q:        nan | won: False 
#   14 | steps:   117 | steps_t:     0 | t: 0.052360 | r:  -506.000000 | e:   1.000000 | Q:        nan | won: False 
#   15 | steps:   131 | steps_t:     0 | t: 0.056300 | r:  -502.000000 | e:   1.000000 | Q:        nan | won: False 
#   16 | steps:   140 | steps_t:     0 | t: 0.059339 | r:  -508.000000 | e:   1.000000 | Q:        nan | won: False 
#   17 | steps:   148 | steps_t:     0 | t: 0.062326 | r:  -507.000000 | e:   1.000000 | Q:        nan | won: False 
#   18 | steps:   156 | steps_t:     0 | t: 0.064321 | r:  -507.000000 | e:   1.000000 | Q:        nan | won: False 
#   19 | steps:   167 | steps_t:     0 | t: 0.067310 | r:  -510.000000 | e:   1.000000 | Q:        nan | won: False 
#   20 | steps:   177 | steps_t:     0 | t: 0.070251 | r:  -509.000000 | e:   1.000000 | Q:        nan | won: False 
#   21 | steps:   184 | steps_t:     0 | t: 0.074303 | r:  -506.000000 | e:   1.000000 | Q:        nan | won: False 
#   22 | steps:   197 | steps_t:     0 | t: 0.078275 | r:  -512.000000 | e:   1.000000 | Q:        nan | won: False 
#   23 | steps:   217 | steps_t:     0 | t: 0.083259 | r:  -519.000000 | e:   1.000000 | Q:        nan | won: False 
#   24 | steps:   222 | steps_t:     0 | t: 0.087270 | r:  -504.000000 | e:   1.000000 | Q:        nan | won: False 
#   25 | steps:   235 | steps_t:     0 | t: 0.092226 | r:  -512.000000 | e:   1.000000 | Q:        nan | won: False 
#   26 | steps:   246 | steps_t:     0 | t: 0.095217 | r:  -510.000000 | e:   1.000000 | Q:        nan | won: False 
#   27 | steps:   259 | steps_t:     0 | t: 0.099432 | r:  -512.000000 | e:   1.000000 | Q:        nan | won: False 
#   28 | steps:   274 | steps_t:     0 | t: 0.103412 | r:  -514.000000 | e:   1.000000 | Q:        nan | won: False 
#   29 | steps:   280 | steps_t:     0 | t: 0.106476 | r:  -505.000000 | e:   1.000000 | Q:        nan | won: False 
#   30 | steps:   290 | steps_t:     0 | t: 0.109394 | r:  -509.000000 | e:   1.000000 | Q:        nan | won: False 
#   31 | steps:   298 | steps_t:     0 | t: 0.112384 | r:  -507.000000 | e:   1.000000 | Q:        nan | won: False 
#   32 | steps:   307 | steps_t:     0 | t: 0.114378 | r:  -508.000000 | e:   1.000000 | Q:        nan | won: False 
#   33 | steps:   314 | steps_t:     0 | t: 0.117320 | r:  -506.000000 | e:   1.000000 | Q:        nan | won: False 
#   34 | steps:   325 | steps_t:     0 | t: 0.121306 | r:  -510.000000 | e:   1.000000 | Q:        nan | won: False 
#   35 | steps:   334 | steps_t:     0 | t: 0.124297 | r:  -508.000000 | e:   1.000000 | Q:        nan | won: False 
#   36 | steps:   340 | steps_t:     0 | t: 0.127286 | r:  -505.000000 | e:   1.000000 | Q:        nan | won: False 
#   37 | steps:   349 | steps_t:     0 | t: 0.130275 | r:  -508.000000 | e:   1.000000 | Q:        nan | won: False 
#   38 | steps:   356 | steps_t:     0 | t: 0.132270 | r:  -506.000000 | e:   1.000000 | Q:        nan | won: False 
#   39 | steps:   364 | steps_t:     0 | t: 0.135259 | r:  -507.000000 | e:   1.000000 | Q:        nan | won: False 
#   40 | steps:   382 | steps_t:     0 | t: 0.140243 | r:  -517.000000 | e:   1.000000 | Q:        nan | won: False 
#   41 | steps:   392 | steps_t:     0 | t: 0.143281 | r:  -509.000000 | e:   1.000000 | Q:        nan | won: False 
#   42 | steps:   403 | steps_t:     0 | t: 0.146271 | r:  -510.000000 | e:   1.000000 | Q:        nan | won: False 
#   43 | steps:   422 | steps_t:     0 | t: 0.153201 | r:  -518.000000 | e:   1.000000 | Q:        nan | won: False 
#   44 | steps:   428 | steps_t:     0 | t: 0.156420 | r:  -505.000000 | e:   1.000000 | Q:        nan | won: False 
#   45 | steps:   437 | steps_t:     0 | t: 0.159388 | r:  -508.000000 | e:   1.000000 | Q:        nan | won: False 
#   46 | steps:   443 | steps_t:     0 | t: 0.161378 | r:  -505.000000 | e:   1.000000 | Q:        nan | won: False 
#   47 | steps:   451 | steps_t:     0 | t: 0.164379 | r:  -507.000000 | e:   1.000000 | Q:        nan | won: False 
#   48 | steps:   459 | steps_t:     0 | t: 0.167361 | r:  -507.000000 | e:   1.000000 | Q:        nan | won: False 
#   49 | steps:   477 | steps_t:     0 | t: 0.171345 | r:  -517.000000 | e:   1.000000 | Q:        nan | won: False 
#   50 | steps:   494 | steps_t:     0 | t: 0.177333 | r:  -505.000000 | e:   1.000000 | Q:        nan | won: False 
#   51 | steps:   506 | steps_t:     0 | t: 0.180314 | r:  -511.000000 | e:   1.000000 | Q:        nan | won: False 
#   52 | steps:   520 | steps_t:     0 | t: 0.184300 | r:  -513.000000 | e:   1.000000 | Q:        nan | won: False 
#   53 | steps:   528 | steps_t:     0 | t: 0.186290 | r:  -507.000000 | e:   1.000000 | Q:        nan | won: False 
#   54 | steps:   536 | steps_t:     0 | t: 0.189264 | r:  -507.000000 | e:   1.000000 | Q:        nan | won: False 
#   55 | steps:   544 | steps_t:     0 | t: 0.192291 | r:  -507.000000 | e:   1.000000 | Q:        nan | won: False 
#   56 | steps:   561 | steps_t:     0 | t: 0.196272 | r:  -516.000000 | e:   1.000000 | Q:        nan | won: False 
#   57 | steps:   587 | steps_t:     0 | t: 0.203251 | r:  -525.000000 | e:   1.000000 | Q:        nan | won: False 
#   58 | steps:   597 | steps_t:     0 | t: 0.206180 | r:  -509.000000 | e:   1.000000 | Q:        nan | won: False 
#   59 | steps:   608 | steps_t:     0 | t: 0.210239 | r:  -510.000000 | e:   1.000000 | Q:        nan | won: False 
#   60 | steps:   622 | steps_t:     0 | t: 0.214209 | r:  -513.000000 | e:   1.000000 | Q:        nan | won: False 
#   61 | steps:   633 | steps_t:     0 | t: 0.217192 | r:  -510.000000 | e:   1.000000 | Q:        nan | won: False 
#   62 | steps:   644 | steps_t:     0 | t: 0.220192 | r:  -510.000000 | e:   1.000000 | Q:        nan | won: False 
#   63 | steps:   665 | steps_t:     0 | t: 0.226162 | r:  -509.000000 | e:   1.000000 | Q:        nan | won: False 
#   64 | steps:   671 | steps_t:     0 | t: 0.228108 | r:  -505.000000 | e:   1.000000 | Q:        nan | won: False 
#   65 | steps:   676 | steps_t:     0 | t: 0.230168 | r:  -504.000000 | e:   1.000000 | Q:        nan | won: False 
#   66 | steps:   695 | steps_t:     0 | t: 0.235187 | r:  -507.000000 | e:   1.000000 | Q:        nan | won: False 
#   67 | steps:   705 | steps_t:     0 | t: 0.238117 | r:  -509.000000 | e:   1.000000 | Q:        nan | won: False 
#   68 | steps:   715 | steps_t:     0 | t: 0.241108 | r:  -509.000000 | e:   1.000000 | Q:        nan | won: False 
#   69 | steps:   723 | steps_t:     0 | t: 0.244152 | r:  -507.000000 | e:   1.000000 | Q:        nan | won: False 
#   70 | steps:   732 | steps_t:     0 | t: 0.246736 | r:  -508.000000 | e:   1.000000 | Q:        nan | won: False 
#   71 | steps:   739 | steps_t:     0 | t: 0.248739 | r:  -506.000000 | e:   1.000000 | Q:        nan | won: False 
#   72 | steps:   747 | steps_t:     0 | t: 0.250736 | r:  -507.000000 | e:   1.000000 | Q:        nan | won: False 
#   73 | steps:   762 | steps_t:     0 | t: 0.254716 | r:  -514.000000 | e:   1.000000 | Q:        nan | won: False 
#   74 | steps:   773 | steps_t:     0 | t: 0.258694 | r:  -510.000000 | e:   1.000000 | Q:        nan | won: False 
#   75 | steps:   780 | steps_t:     0 | t: 0.261705 | r:  -506.000000 | e:   1.000000 | Q:        nan | won: False 
#   76 | steps:   788 | steps_t:     0 | t: 0.263695 | r:  -507.000000 | e:   1.000000 | Q:        nan | won: False 
#   77 | steps:   799 | steps_t:     0 | t: 0.267671 | r:  -510.000000 | e:   1.000000 | Q:        nan | won: False 
#   78 | steps:   812 | steps_t:     0 | t: 0.270669 | r:  -512.000000 | e:   1.000000 | Q:        nan | won: False 
#   79 | steps:   822 | steps_t:     0 | t: 0.274643 | r:  -509.000000 | e:   1.000000 | Q:        nan | won: False 
#   80 | steps:   828 | steps_t:     0 | t: 0.276650 | r:  -505.000000 | e:   1.000000 | Q:        nan | won: False 
#   81 | steps:   833 | steps_t:     0 | t: 0.278642 | r:  -504.000000 | e:   1.000000 | Q:        nan | won: False 
#   82 | steps:   841 | steps_t:     0 | t: 0.280632 | r:  -507.000000 | e:   1.000000 | Q:        nan | won: False 
#   83 | steps:   852 | steps_t:     0 | t: 0.283628 | r:  -510.000000 | e:   1.000000 | Q:        nan | won: False 
#   84 | steps:   865 | steps_t:     0 | t: 0.287608 | r:  -512.000000 | e:   1.000000 | Q:        nan | won: False 
#   85 | steps:   880 | steps_t:     0 | t: 0.291605 | r:  -514.000000 | e:   1.000000 | Q:        nan | won: False 
#   86 | steps:   892 | steps_t:     0 | t: 0.295593 | r:  -511.000000 | e:   1.000000 | Q:        nan | won: False 
#   87 | steps:   901 | steps_t:     0 | t: 0.297600 | r:  -508.000000 | e:   1.000000 | Q:        nan | won: False 
#   88 | steps:   911 | steps_t:     0 | t: 0.300559 | r:  -509.000000 | e:   1.000000 | Q:        nan | won: False 
#   89 | steps:   925 | steps_t:     0 | t: 0.304549 | r:  -513.000000 | e:   1.000000 | Q:        nan | won: False 
#   90 | steps:   932 | steps_t:     0 | t: 0.307545 | r:  -506.000000 | e:   1.000000 | Q:        nan | won: False 
#   91 | steps:   945 | steps_t:     0 | t: 0.310570 | r:  -512.000000 | e:   1.000000 | Q:        nan | won: False 
#   92 | steps:   953 | steps_t:     0 | t: 0.313529 | r:  -507.000000 | e:   1.000000 | Q:        nan | won: False 
#   93 | steps:   960 | steps_t:     0 | t: 0.315536 | r:  -506.000000 | e:   1.000000 | Q:        nan | won: False 
#   94 | steps:   973 | steps_t:     0 | t: 0.318503 | r:  -512.000000 | e:   1.000000 | Q:        nan | won: False 
#   95 | steps:   995 | steps_t:     0 | t: 0.326197 | r:  -521.000000 | e:   1.000000 | Q:        nan | won: False 
#   96 | steps:  1001 | steps_t:     0 | t: 0.328165 | r:  -505.000000 | e:   1.000000 | Q:        nan | won: False 
#   97 | steps:  1009 | steps_t:     0 | t: 0.331153 | r:  -507.000000 | e:   1.000000 | Q:        nan | won: False 
#   98 | steps:  1020 | steps_t:     0 | t: 0.334147 | r:  -510.000000 | e:   1.000000 | Q:        nan | won: False 
#   99 | steps:  1028 | steps_t:     0 | t: 0.336134 | r:  -507.000000 | e:   1.000000 | Q:        nan | won: False 
#  100 | steps:  1043 | steps_t:     0 | t: 0.341122 | r:  -503.000000 | e:   1.000000 | Q:        nan | won: False 
#  101 | steps:  1050 | steps_t:     0 | t: 0.343111 | r:  -506.000000 | e:   1.000000 | Q:        nan | won: False 
#  102 | steps:  1057 | steps_t:     0 | t: 0.345105 | r:  -506.000000 | e:   1.000000 | Q:        nan | won: False 
#  103 | steps:  1063 | steps_t:     0 | t: 0.347097 | r:  -505.000000 | e:   1.000000 | Q:        nan | won: False 
#  104 | steps:  1071 | steps_t:     0 | t: 0.349090 | r:  -507.000000 | e:   1.000000 | Q:        nan | won: False 
#  105 | steps:  1080 | steps_t:     0 | t: 0.352091 | r:  -508.000000 | e:   1.000000 | Q:        nan | won: False 
#  106 | steps:  1089 | steps_t:     0 | t: 0.355030 | r:  -508.000000 | e:   1.000000 | Q:        nan | won: False 
#  107 | steps:  1105 | steps_t:     0 | t: 0.360075 | r:  -515.000000 | e:   1.000000 | Q:        nan | won: False 
#  108 | steps:  1111 | steps_t:     0 | t: 0.362050 | r:  -505.000000 | e:   1.000000 | Q:        nan | won: False 
#  109 | steps:  1120 | steps_t:     0 | t: 0.365141 | r:  -508.000000 | e:   1.000000 | Q:        nan | won: False 
#  110 | steps:  1130 | steps_t:     0 | t: 0.368148 | r:  -509.000000 | e:   1.000000 | Q:        nan | won: False 
#  111 | steps:  1155 | steps_t:     0 | t: 0.374110 | r:  -524.000000 | e:   1.000000 | Q:        nan | won: False 
#  112 | steps:  1167 | steps_t:     0 | t: 0.378104 | r:  -511.000000 | e:   1.000000 | Q:        nan | won: False 
#  113 | steps:  1180 | steps_t:     0 | t: 0.381089 | r:  -512.000000 | e:   1.000000 | Q:        nan | won: False 
#  114 | steps:  1187 | steps_t:     0 | t: 0.384034 | r:  -506.000000 | e:   1.000000 | Q:        nan | won: False 
#  115 | steps:  1196 | steps_t:     0 | t: 0.387025 | r:  -508.000000 | e:   1.000000 | Q:        nan | won: False 
#  116 | steps:  1205 | steps_t:     0 | t: 0.390016 | r:  -508.000000 | e:   1.000000 | Q:        nan | won: False 
#  117 | steps:  1213 | steps_t:     0 | t: 0.393004 | r:  -507.000000 | e:   1.000000 | Q:        nan | won: False 
#  118 | steps:  1221 | steps_t:     0 | t: 0.395994 | r:  -507.000000 | e:   1.000000 | Q:        nan | won: False 
#  119 | steps:  1229 | steps_t:     0 | t: 0.397987 | r:  -507.000000 | e:   1.000000 | Q:        nan | won: False 
#  120 | steps:  1238 | steps_t:     0 | t: 0.400978 | r:  -508.000000 | e:   1.000000 | Q:        nan | won: False 
#  121 | steps:  1251 | steps_t:     0 | t: 0.403967 | r:  -512.000000 | e:   1.000000 | Q:        nan | won: False 
#  122 | steps:  1287 | steps_t:     0 | t: 0.412937 | r:  -535.000000 | e:   1.000000 | Q:        nan | won: False 
#  123 | steps:  1294 | steps_t:     0 | t: 0.415927 | r:  -506.000000 | e:   1.000000 | Q:        nan | won: False 
#  124 | steps:  1300 | steps_t:     0 | t: 0.417920 | r:  -505.000000 | e:   1.000000 | Q:        nan | won: False 
#  125 | steps:  1307 | steps_t:     0 | t: 0.419950 | r:  -506.000000 | e:   1.000000 | Q:        nan | won: False 
#  126 | steps:  1324 | steps_t:     0 | t: 0.424944 | r:  -516.000000 | e:   1.000000 | Q:        nan | won: False 
#  127 | steps:  1344 | steps_t:     0 | t: 0.429935 | r:  -519.000000 | e:   1.000000 | Q:        nan | won: False 
#  128 | steps:  1358 | steps_t:     0 | t: 0.433919 | r:  -513.000000 | e:   1.000000 | Q:        nan | won: False 
#  129 | steps:  1367 | steps_t:     0 | t: 0.436919 | r:  -508.000000 | e:   1.000000 | Q:        nan | won: False 
#  130 | steps:  1380 | steps_t:     0 | t: 0.440912 | r:  -512.000000 | e:   1.000000 | Q:        nan | won: False 
#  131 | steps:  1387 | steps_t:     0 | t: 0.443876 | r:  -506.000000 | e:   1.000000 | Q:        nan | won: False 
#  132 | steps:  1398 | steps_t:     0 | t: 0.446908 | r:  -510.000000 | e:   1.000000 | Q:        nan | won: False 
#  133 | steps:  1404 | steps_t:     0 | t: 0.448861 | r:  -505.000000 | e:   1.000000 | Q:        nan | won: False 
#  134 | steps:  1417 | steps_t:     0 | t: 0.452802 | r:  -512.000000 | e:   1.000000 | Q:        nan | won: False 
#  135 | steps:  1431 | steps_t:     0 | t: 0.456809 | r:  -513.000000 | e:   1.000000 | Q:        nan | won: False 
#  136 | steps:  1438 | steps_t:     0 | t: 0.459781 | r:  -506.000000 | e:   1.000000 | Q:        nan | won: False 
#  137 | steps:  1447 | steps_t:     0 | t: 0.461774 | r:  -508.000000 | e:   1.000000 | Q:        nan | won: False 
#  138 | steps:  1457 | steps_t:     0 | t: 0.464764 | r:  -509.000000 | e:   1.000000 | Q:        nan | won: False 
#  139 | steps:  1465 | steps_t:     0 | t: 0.466758 | r:  -507.000000 | e:   1.000000 | Q:        nan | won: False 
#  140 | steps:  1479 | steps_t:     0 | t: 0.470744 | r:  -513.000000 | e:   1.000000 | Q:        nan | won: False 
#  141 | steps:  1489 | steps_t:     0 | t: 0.474731 | r:  -509.000000 | e:   1.000000 | Q:        nan | won: False 
#  142 | steps:  1502 | steps_t:     0 | t: 0.477720 | r:  -512.000000 | e:   1.000000 | Q:        nan | won: False 
#  143 | steps:  1513 | steps_t:     0 | t: 0.480711 | r:  -510.000000 | e:   1.000000 | Q:        nan | won: False 
#  144 | steps:  1523 | steps_t:     0 | t: 0.484698 | r:  -509.000000 | e:   1.000000 | Q:        nan | won: False 
#  145 | steps:  1531 | steps_t:     0 | t: 0.486691 | r:  -507.000000 | e:   1.000000 | Q:        nan | won: False 
#  146 | steps:  1542 | steps_t:     0 | t: 0.490678 | r:  -510.000000 | e:   1.000000 | Q:        nan | won: False 
#  147 | steps:  1551 | steps_t:     0 | t: 0.493667 | r:  -508.000000 | e:   1.000000 | Q:        nan | won: False 
#  148 | steps:  1580 | steps_t:     0 | t: 0.500644 | r:  -517.000000 | e:   1.000000 | Q:        nan | won: False 
#  149 | steps:  1593 | steps_t:     0 | t: 0.503634 | r:  -512.000000 | e:   1.000000 | Q:        nan | won: False 
#  150 | steps:  1602 | steps_t:     0 | t: 0.506625 | r:  -508.000000 | e:   1.000000 | Q:        nan | won: False 
#  151 | steps:  1609 | steps_t:     0 | t: 0.508618 | r:  -506.000000 | e:   1.000000 | Q:        nan | won: False 
#  152 | steps:  1617 | steps_t:     0 | t: 0.511607 | r:  -507.000000 | e:   1.000000 | Q:        nan | won: False 
#  153 | steps:  1649 | steps_t:     0 | t: 0.518584 | r:  -531.000000 | e:   1.000000 | Q:        nan | won: False 
#  154 | steps:  1660 | steps_t:     0 | t: 0.522599 | r:  -510.000000 | e:   1.000000 | Q:        nan | won: False 
#  155 | steps:  1681 | steps_t:     0 | t: 0.528559 | r:  -520.000000 | e:   1.000000 | Q:        nan | won: False 
#  156 | steps:  1692 | steps_t:     0 | t: 0.534244 | r:  -510.000000 | e:   1.000000 | Q:        nan | won: False 
#  157 | steps:  1699 | steps_t:     0 | t: 0.536237 | r:  -506.000000 | e:   1.000000 | Q:        nan | won: False 
#  158 | steps:  1717 | steps_t:     0 | t: 0.541218 | r:  -506.000000 | e:   1.000000 | Q:        nan | won: False 
#  159 | steps:  1733 | steps_t:     0 | t: 0.546165 | r:  -515.000000 | e:   1.000000 | Q:        nan | won: False 
#  160 | steps:  1743 | steps_t:     0 | t: 0.549165 | r:  -509.000000 | e:   1.000000 | Q:        nan | won: False 
#  161 | steps:  1750 | steps_t:     0 | t: 0.551160 | r:  -506.000000 | e:   1.000000 | Q:        nan | won: False 
#  162 | steps:  1762 | steps_t:     0 | t: 0.554139 | r:  -511.000000 | e:   1.000000 | Q:        nan | won: False 
#  163 | steps:  1774 | steps_t:     0 | t: 0.557140 | r:  -511.000000 | e:   1.000000 | Q:        nan | won: False 
#  164 | steps:  1781 | steps_t:     0 | t: 0.560142 | r:  -506.000000 | e:   1.000000 | Q:        nan | won: False 
#  165 | steps:  1793 | steps_t:     0 | t: 0.563719 | r:  -511.000000 | e:   1.000000 | Q:        nan | won: False 
#  166 | steps:  1811 | steps_t:     0 | t: 0.568634 | r:  -495.000000 | e:   1.000000 | Q:        nan | won: False 
#  167 | steps:  1818 | steps_t:     0 | t: 0.571356 | r:  -506.000000 | e:   1.000000 | Q:        nan | won: False 
#  168 | steps:  1831 | steps_t:     0 | t: 0.635146 | r:  -512.000000 | e:   1.000000 | Q:        nan | won: False 
#  169 | steps:  1842 | steps_t:     0 | t: 0.639476 | r:  -510.000000 | e:   1.000000 | Q:        nan | won: False 
#  170 | steps:  1850 | steps_t:     0 | t: 0.642456 | r:  -507.000000 | e:   1.000000 | Q:        nan | won: False 
#  171 | steps:  1857 | steps_t:     0 | t: 0.643876 | r:  -506.000000 | e:   1.000000 | Q:        nan | won: False 
#  172 | steps:  1864 | steps_t:     0 | t: 0.645869 | r:  -506.000000 | e:   1.000000 | Q:        nan | won: False 
#  173 | steps:  1874 | steps_t:     0 | t: 0.648868 | r:  -509.000000 | e:   1.000000 | Q:        nan | won: False 
#  174 | steps:  1908 | steps_t:     0 | t: 0.657783 | r:  -533.000000 | e:   1.000000 | Q:        nan | won: False 
#  175 | steps:  1932 | steps_t:     0 | t: 0.663303 | r:  -523.000000 | e:   1.000000 | Q:        nan | won: False 
#  176 | steps:  1940 | steps_t:     0 | t: 0.666292 | r:  -507.000000 | e:   1.000000 | Q:        nan | won: False 
#  177 | steps:  1955 | steps_t:     0 | t: 0.670209 | r:  -514.000000 | e:   1.000000 | Q:        nan | won: False 
#  178 | steps:  1961 | steps_t:     0 | t: 0.673203 | r:  -505.000000 | e:   1.000000 | Q:        nan | won: False 
#  179 | steps:  1969 | steps_t:     0 | t: 0.676253 | r:  -507.000000 | e:   1.000000 | Q:        nan | won: False 
#  180 | steps:  1979 | steps_t:     0 | t: 0.679256 | r:  -509.000000 | e:   1.000000 | Q:        nan | won: False 
#  181 | steps:  1986 | steps_t:     0 | t: 0.681253 | r:  -506.000000 | e:   1.000000 | Q:        nan | won: False 
#  182 | steps:  1994 | steps_t:     0 | t: 0.683238 | r:  -507.000000 | e:   1.000000 | Q:        nan | won: False 
#  183 | steps:  2005 | steps_t:     0 | t: 0.686222 | r:  -510.000000 | e:   1.000000 | Q:        nan | won: False 
#  184 | steps:  2011 | steps_t:     0 | t: 0.689148 | r:  -505.000000 | e:   1.000000 | Q:        nan | won: False 
#  185 | steps:  2018 | steps_t:     0 | t: 0.691206 | r:  -506.000000 | e:   1.000000 | Q:        nan | won: False 
#  186 | steps:  2041 | steps_t:     0 | t: 0.698193 | r:  -522.000000 | e:   1.000000 | Q:        nan | won: False 
#  187 | steps:  2052 | steps_t:     0 | t: 0.701107 | r:  -510.000000 | e:   1.000000 | Q:        nan | won: False 
#  188 | steps:  2062 | steps_t:     0 | t: 0.704169 | r:  -509.000000 | e:   1.000000 | Q:        nan | won: False 
#  189 | steps:  2070 | steps_t:     0 | t: 0.707152 | r:  -507.000000 | e:   1.000000 | Q:        nan | won: False 
#  190 | steps:  2078 | steps_t:     0 | t: 0.710150 | r:  -507.000000 | e:   1.000000 | Q:        nan | won: False 
#  191 | steps:  2084 | steps_t:     0 | t: 0.712135 | r:  -505.000000 | e:   1.000000 | Q:        nan | won: False 
#  192 | steps:  2090 | steps_t:     0 | t: 0.714130 | r:  -505.000000 | e:   1.000000 | Q:        nan | won: False 
#  193 | steps:  2102 | steps_t:     0 | t: 0.717113 | r:  -511.000000 | e:   1.000000 | Q:        nan | won: False 
#  194 | steps:  2123 | steps_t:     0 | t: 0.723108 | r:  -520.000000 | e:   1.000000 | Q:        nan | won: False 
#  195 | steps:  2131 | steps_t:     0 | t: 0.726071 | r:  -507.000000 | e:   1.000000 | Q:        nan | won: False 
#  196 | steps:  2137 | steps_t:     0 | t: 0.728063 | r:  -505.000000 | e:   1.000000 | Q:        nan | won: False 
#  197 | steps:  2156 | steps_t:     0 | t: 0.733006 | r:  -518.000000 | e:   1.000000 | Q:        nan | won: False 
#  198 | steps:  2167 | steps_t:     0 | t: 0.736038 | r:  -510.000000 | e:   1.000000 | Q:        nan | won: False 
#  199 | steps:  2179 | steps_t:     0 | t: 0.739980 | r:  -511.000000 | e:   1.000000 | Q:        nan | won: False 
#  200 | steps:  2190 | steps_t:     0 | t: 0.744015 | r:  -510.000000 | e:   1.000000 | Q:        nan | won: False 
#  201 | steps:  2198 | steps_t:     0 | t: 0.746006 | r:  -507.000000 | e:   1.000000 | Q:        nan | won: False 
#  202 | steps:  2206 | steps_t:     0 | t: 0.749099 | r:  -507.000000 | e:   1.000000 | Q:        nan | won: False 
#  203 | steps:  2213 | steps_t:     0 | t: 0.751659 | r:  -506.000000 | e:   1.000000 | Q:        nan | won: False 
#  204 | steps:  2221 | steps_t:     0 | t: 0.753659 | r:  -507.000000 | e:   1.000000 | Q:        nan | won: False 
#  205 | steps:  2227 | steps_t:     0 | t: 0.756590 | r:  -505.000000 | e:   1.000000 | Q:        nan | won: False 
#  206 | steps:  2239 | steps_t:     0 | t: 0.759640 | r:  -511.000000 | e:   1.000000 | Q:        nan | won: False 
#  207 | steps:  2250 | steps_t:     0 | t: 0.762620 | r:  -510.000000 | e:   1.000000 | Q:        nan | won: False 
#  208 | steps:  2259 | steps_t:     0 | t: 0.765594 | r:  -508.000000 | e:   1.000000 | Q:        nan | won: False 
#  209 | steps:  2272 | steps_t:     0 | t: 0.769603 | r:  -501.000000 | e:   1.000000 | Q:        nan | won: False 
#  210 | steps:  2281 | steps_t:     0 | t: 0.772539 | r:  -508.000000 | e:   1.000000 | Q:        nan | won: False 
#  211 | steps:  2290 | steps_t:     0 | t: 0.775582 | r:  -508.000000 | e:   1.000000 | Q:        nan | won: False 
#  212 | steps:  2296 | steps_t:     0 | t: 0.777565 | r:  -505.000000 | e:   1.000000 | Q:        nan | won: False 
#  213 | steps:  2304 | steps_t:     0 | t: 0.780554 | r:  -507.000000 | e:   1.000000 | Q:        nan | won: False 
#  214 | steps:  2312 | steps_t:     0 | t: 0.782549 | r:  -507.000000 | e:   1.000000 | Q:        nan | won: False 
#  215 | steps:  2323 | steps_t:     0 | t: 0.785543 | r:  -510.000000 | e:   1.000000 | Q:        nan | won: False 
#  216 | steps:  2340 | steps_t:     0 | t: 0.790479 | r:  -505.000000 | e:   1.000000 | Q:        nan | won: False 
#  217 | steps:  2348 | steps_t:     0 | t: 0.792514 | r:  -507.000000 | e:   1.000000 | Q:        nan | won: False 
#  218 | steps:  2359 | steps_t:     0 | t: 0.796526 | r:  -510.000000 | e:   1.000000 | Q:        nan | won: False 
#  219 | steps:  2369 | steps_t:     0 | t: 0.799510 | r:  -509.000000 | e:   1.000000 | Q:        nan | won: False 
#  220 | steps:  2381 | steps_t:     0 | t: 0.802484 | r:  -511.000000 | e:   1.000000 | Q:        nan | won: False 
#  221 | steps:  2394 | steps_t:     0 | t: 0.806465 | r:  -512.000000 | e:   1.000000 | Q:        nan | won: False 
#  222 | steps:  2400 | steps_t:     0 | t: 0.808461 | r:  -505.000000 | e:   1.000000 | Q:        nan | won: False 
#  223 | steps:  2409 | steps_t:     0 | t: 0.811490 | r:  -508.000000 | e:   1.000000 | Q:        nan | won: False 
#  224 | steps:  2418 | steps_t:     0 | t: 0.814457 | r:  -508.000000 | e:   1.000000 | Q:        nan | won: False 
#  225 | steps:  2430 | steps_t:     0 | t: 0.817439 | r:  -511.000000 | e:   1.000000 | Q:        nan | won: False 
#  226 | steps:  2442 | steps_t:     0 | t: 0.820450 | r:  -511.000000 | e:   1.000000 | Q:        nan | won: False 
#  227 | steps:  2454 | steps_t:     0 | t: 0.824406 | r:  -511.000000 | e:   1.000000 | Q:        nan | won: False 
#  228 | steps:  2470 | steps_t:     0 | t: 0.829418 | r:  -515.000000 | e:   1.000000 | Q:        nan | won: False 
#  229 | steps:  2482 | steps_t:     0 | t: 0.832405 | r:  -511.000000 | e:   1.000000 | Q:        nan | won: False 
#  230 | steps:  2494 | steps_t:     0 | t: 0.836395 | r:  -511.000000 | e:   1.000000 | Q:        nan | won: False 
#  231 | steps:  2506 | steps_t:     0 | t: 0.840378 | r:  -511.000000 | e:   1.000000 | Q:        nan | won: False 
#  232 | steps:  2515 | steps_t:     0 | t: 0.843372 | r:  -508.000000 | e:   1.000000 | Q:        nan | won: False 
#  233 | steps:  2534 | steps_t:     0 | t: 0.848355 | r:  -496.000000 | e:   1.000000 | Q:        nan | won: False 
#  234 | steps:  2547 | steps_t:     0 | t: 0.852339 | r:  -512.000000 | e:   1.000000 | Q:        nan | won: False 
#  235 | steps:  2556 | steps_t:     0 | t: 0.855332 | r:  -508.000000 | e:   1.000000 | Q:        nan | won: False 
#  236 | steps:  2563 | steps_t:     0 | t: 0.858319 | r:  -506.000000 | e:   1.000000 | Q:        nan | won: False 
#  237 | steps:  2580 | steps_t:     0 | t: 0.862299 | r:  -516.000000 | e:   1.000000 | Q:        nan | won: False 
#  238 | steps:  2590 | steps_t:     0 | t: 0.865274 | r:  -509.000000 | e:   1.000000 | Q:        nan | won: False 
#  239 | steps:  2602 | steps_t:     0 | t: 0.869266 | r:  -511.000000 | e:   1.000000 | Q:        nan | won: False 
#  240 | steps:  2610 | steps_t:     0 | t: 0.871252 | r:  -507.000000 | e:   1.000000 | Q:        nan | won: False 
#  241 | steps:  2620 | steps_t:     0 | t: 0.875192 | r:  -509.000000 | e:   1.000000 | Q:        nan | won: False 
#  242 | steps:  2643 | steps_t:     0 | t: 0.880701 | r:  -522.000000 | e:   1.000000 | Q:        nan | won: False 
#  243 | steps:  2651 | steps_t:     0 | t: 0.882689 | r:  -507.000000 | e:   1.000000 | Q:        nan | won: False 
#  244 | steps:  2656 | steps_t:     0 | t: 0.884682 | r:  -504.000000 | e:   1.000000 | Q:        nan | won: False 
#  245 | steps:  2662 | steps_t:     0 | t: 0.886678 | r:  -505.000000 | e:   1.000000 | Q:        nan | won: False 
#  246 | steps:  2670 | steps_t:     0 | t: 0.888683 | r:  -507.000000 | e:   1.000000 | Q:        nan | won: False 
#  247 | steps:  2677 | steps_t:     0 | t: 0.891670 | r:  -506.000000 | e:   1.000000 | Q:        nan | won: False 
#  248 | steps:  2685 | steps_t:     0 | t: 0.894668 | r:  -507.000000 | e:   1.000000 | Q:        nan | won: False 
#  249 | steps:  2692 | steps_t:     0 | t: 0.896642 | r:  -506.000000 | e:   1.000000 | Q:        nan | won: False 
#  250 | steps:  2698 | steps_t:     0 | t: 0.898635 | r:  -505.000000 | e:   1.000000 | Q:        nan | won: False 
#  251 | steps:  2707 | steps_t:     0 | t: 0.901627 | r:  -508.000000 | e:   1.000000 | Q:        nan | won: False 
#  252 | steps:  2715 | steps_t:     0 | t: 0.903618 | r:  -507.000000 | e:   1.000000 | Q:        nan | won: False 
#  253 | steps:  2722 | steps_t:     0 | t: 0.906691 | r:  -506.000000 | e:   1.000000 | Q:        nan | won: False 
#  254 | steps:  2729 | steps_t:     0 | t: 0.908604 | r:  -506.000000 | e:   1.000000 | Q:        nan | won: False 
#  255 | steps:  2740 | steps_t:     0 | t: 0.911598 | r:  -510.000000 | e:   1.000000 | Q:        nan | won: False 
#  256 | steps:  2757 | steps_t:     0 | t: 0.915584 | r:  -516.000000 | e:   1.000000 | Q:        nan | won: False 
#  257 | steps:  2772 | steps_t:     0 | t: 0.919569 | r:  -514.000000 | e:   1.000000 | Q:        nan | won: False 
#  258 | steps:  2781 | steps_t:     0 | t: 0.922512 | r:  -508.000000 | e:   1.000000 | Q:        nan | won: False 
#  259 | steps:  2790 | steps_t:     0 | t: 0.925554 | r:  -508.000000 | e:   1.000000 | Q:        nan | won: False 
#  260 | steps:  2811 | steps_t:     0 | t: 0.931530 | r:  -520.000000 | e:   1.000000 | Q:        nan | won: False 
#  261 | steps:  2832 | steps_t:     0 | t: 0.936521 | r:  -520.000000 | e:   1.000000 | Q:        nan | won: False 
#  262 | steps:  2851 | steps_t:     0 | t: 0.941490 | r:  -507.000000 | e:   1.000000 | Q:        nan | won: False 
#  263 | steps:  2860 | steps_t:     0 | t: 0.944483 | r:  -508.000000 | e:   1.000000 | Q:        nan | won: False 
#  264 | steps:  2877 | steps_t:     0 | t: 0.948472 | r:  -516.000000 | e:   1.000000 | Q:        nan | won: False 
#  265 | steps:  2886 | steps_t:     0 | t: 0.951476 | r:  -508.000000 | e:   1.000000 | Q:        nan | won: False 
#  266 | steps:  2898 | steps_t:     0 | t: 0.954406 | r:  -511.000000 | e:   1.000000 | Q:        nan | won: False 
#  267 | steps:  2905 | steps_t:     0 | t: 0.957435 | r:  -506.000000 | e:   1.000000 | Q:        nan | won: False 
#  268 | steps:  2913 | steps_t:     0 | t: 0.959431 | r:  -507.000000 | e:   1.000000 | Q:        nan | won: False 
#  269 | steps:  2923 | steps_t:     0 | t: 0.962444 | r:  -509.000000 | e:   1.000000 | Q:        nan | won: False 
#  270 | steps:  2932 | steps_t:     0 | t: 0.965424 | r:  -508.000000 | e:   1.000000 | Q:        nan | won: False 
#  271 | steps:  2941 | steps_t:     0 | t: 0.967402 | r:  -508.000000 | e:   1.000000 | Q:        nan | won: False 
#  272 | steps:  2951 | steps_t:     0 | t: 0.970393 | r:  -509.000000 | e:   1.000000 | Q:        nan | won: False 
#  273 | steps:  2963 | steps_t:     0 | t: 0.974378 | r:  -511.000000 | e:   1.000000 | Q:        nan | won: False 
#  274 | steps:  2980 | steps_t:     0 | t: 0.978370 | r:  -516.000000 | e:   1.000000 | Q:        nan | won: False 
#  275 | steps:  2988 | steps_t:     0 | t: 0.980362 | r:  -507.000000 | e:   1.000000 | Q:        nan | won: False 
#  276 | steps:  2997 | steps_t:     0 | t: 0.983353 | r:  -508.000000 | e:   1.000000 | Q:        nan | won: False 
#  277 | steps:  3008 | steps_t:     0 | t: 0.986353 | r:  -510.000000 | e:   1.000000 | Q:        nan | won: False 
#  278 | steps:  3021 | steps_t:     0 | t: 0.991347 | r:  -512.000000 | e:   1.000000 | Q:        nan | won: False 
#  279 | steps:  3029 | steps_t:     0 | t: 0.994318 | r:  -507.000000 | e:   1.000000 | Q:        nan | won: False 
#  280 | steps:  3037 | steps_t:     0 | t: 0.996311 | r:  -507.000000 | e:   1.000000 | Q:        nan | won: False 
#  281 | steps:  3045 | steps_t:     0 | t: 0.998304 | r:  -507.000000 | e:   1.000000 | Q:        nan | won: False 
#  282 | steps:  3055 | steps_t:     0 | t: 1.001296 | r:  -509.000000 | e:   1.000000 | Q:        nan | won: False 
#  283 | steps:  3065 | steps_t:     0 | t: 1.004299 | r:  -509.000000 | e:   1.000000 | Q:        nan | won: False 
#  284 | steps:  3080 | steps_t:     0 | t: 1.009270 | r:  -514.000000 | e:   1.000000 | Q:        nan | won: False 
#  285 | steps:  3091 | steps_t:     0 | t: 1.012259 | r:  -510.000000 | e:   1.000000 | Q:        nan | won: False 
#  286 | steps:  3098 | steps_t:     0 | t: 1.014245 | r:  -506.000000 | e:   1.000000 | Q:        nan | won: False 
#  287 | steps:  3104 | steps_t:     0 | t: 1.016245 | r:  -505.000000 | e:   1.000000 | Q:        nan | won: False 
#  288 | steps:  3116 | steps_t:     0 | t: 1.019252 | r:  -511.000000 | e:   1.000000 | Q:        nan | won: False 
#  289 | steps:  3128 | steps_t:     0 | t: 1.023302 | r:  -511.000000 | e:   1.000000 | Q:        nan | won: False 
#  290 | steps:  3141 | steps_t:     0 | t: 1.027219 | r:  -512.000000 | e:   1.000000 | Q:        nan | won: False 
#  291 | steps:  3147 | steps_t:     0 | t: 1.029198 | r:  -505.000000 | e:   1.000000 | Q:        nan | won: False 
#  292 | steps:  3156 | steps_t:     0 | t: 1.031188 | r:  -508.000000 | e:   1.000000 | Q:        nan | won: False 
#  293 | steps:  3173 | steps_t:     0 | t: 1.036172 | r:  -516.000000 | e:   1.000000 | Q:        nan | won: False 
#  294 | steps:  3180 | steps_t:     0 | t: 1.038166 | r:  -506.000000 | e:   1.000000 | Q:        nan | won: False 
#  295 | steps:  3187 | steps_t:     0 | t: 1.040198 | r:  -506.000000 | e:   1.000000 | Q:        nan | won: False 
#  296 | steps:  3192 | steps_t:     0 | t: 1.042151 | r:  -504.000000 | e:   1.000000 | Q:        nan | won: False 
#  297 | steps:  3199 | steps_t:     0 | t: 1.044146 | r:  -506.000000 | e:   1.000000 | Q:        nan | won: False 
#  298 | steps:  3206 | steps_t:     0 | t: 1.046138 | r:  -506.000000 | e:   1.000000 | Q:        nan | won: False 
#  299 | steps:  3214 | steps_t:     0 | t: 1.049135 | r:  -507.000000 | e:   1.000000 | Q:        nan | won: False 
#  300 | steps:  3221 | steps_t:     0 | t: 1.051137 | r:  -506.000000 | e:   1.000000 | Q:        nan | won: False 
#  301 | steps:  3235 | steps_t:     0 | t: 1.055147 | r:  -513.000000 | e:   1.000000 | Q:        nan | won: False 
#  302 | steps:  3241 | steps_t:     0 | t: 1.058129 | r:  -505.000000 | e:   1.000000 | Q:        nan | won: False 
#  303 | steps:  3247 | steps_t:     0 | t: 1.060095 | r:  -505.000000 | e:   1.000000 | Q:        nan | won: False 
#  304 | steps:  3256 | steps_t:     0 | t: 1.062089 | r:  -508.000000 | e:   1.000000 | Q:        nan | won: False 
#  305 | steps:  3266 | steps_t:     0 | t: 1.065081 | r:  -509.000000 | e:   1.000000 | Q:        nan | won: False 
#  306 | steps:  3293 | steps_t:     0 | t: 1.073011 | r:  -526.000000 | e:   1.000000 | Q:        nan | won: False 
#  307 | steps:  3302 | steps_t:     0 | t: 1.075002 | r:  -508.000000 | e:   1.000000 | Q:        nan | won: False 
#  308 | steps:  3312 | steps_t:     0 | t: 1.077992 | r:  -509.000000 | e:   1.000000 | Q:        nan | won: False 
#  309 | steps:  3323 | steps_t:     0 | t: 1.081978 | r:  -510.000000 | e:   1.000000 | Q:        nan | won: False 
#  310 | steps:  3330 | steps_t:     0 | t: 1.083972 | r:  -506.000000 | e:   1.000000 | Q:        nan | won: False 
#  311 | steps:  3348 | steps_t:     0 | t: 1.088984 | r:  -506.000000 | e:   1.000000 | Q:        nan | won: False 
#  312 | steps:  3368 | steps_t:     0 | t: 1.094007 | r:  -519.000000 | e:   1.000000 | Q:        nan | won: False 
#  313 | steps:  3379 | steps_t:     0 | t: 1.097925 | r:  -510.000000 | e:   1.000000 | Q:        nan | won: False 
#  314 | steps:  3388 | steps_t:     0 | t: 1.099918 | r:  -508.000000 | e:   1.000000 | Q:        nan | won: False 
#  315 | steps:  3395 | steps_t:     0 | t: 1.101912 | r:  -506.000000 | e:   1.000000 | Q:        nan | won: False 
#  316 | steps:  3407 | steps_t:     0 | t: 1.106154 | r:  -511.000000 | e:   1.000000 | Q:        nan | won: False 
#  317 | steps:  3413 | steps_t:     0 | t: 1.108517 | r:  -505.000000 | e:   1.000000 | Q:        nan | won: False 
#  318 | steps:  3423 | steps_t:     0 | t: 1.113511 | r:  -509.000000 | e:   1.000000 | Q:        nan | won: False 
#  319 | steps:  3430 | steps_t:     0 | t: 1.115500 | r:  -506.000000 | e:   1.000000 | Q:        nan | won: False 
#  320 | steps:  3439 | steps_t:     0 | t: 1.118487 | r:  -508.000000 | e:   1.000000 | Q:        nan | won: False 
#  321 | steps:  3444 | steps_t:     0 | t: 1.120502 | r:  -504.000000 | e:   1.000000 | Q:        nan | won: False 
#  322 | steps:  3452 | steps_t:     0 | t: 1.123425 | r:  -507.000000 | e:   1.000000 | Q:        nan | won: False 
#  323 | steps:  3466 | steps_t:     0 | t: 1.127410 | r:  -513.000000 | e:   1.000000 | Q:        nan | won: False 
#  324 | steps:  3472 | steps_t:     0 | t: 1.129400 | r:  -505.000000 | e:   1.000000 | Q:        nan | won: False 
#  325 | steps:  3493 | steps_t:     0 | t: 1.135380 | r:  -509.000000 | e:   1.000000 | Q:        nan | won: False 
#  326 | steps:  3507 | steps_t:     0 | t: 1.140364 | r:  -513.000000 | e:   1.000000 | Q:        nan | won: False 
#  327 | steps:  3519 | steps_t:     0 | t: 1.144350 | r:  -511.000000 | e:   1.000000 | Q:        nan | won: False 
#  328 | steps:  3538 | steps_t:     0 | t: 1.149408 | r:  -496.000000 | e:   1.000000 | Q:        nan | won: False 
#  329 | steps:  3557 | steps_t:     0 | t: 1.154392 | r:  -518.000000 | e:   1.000000 | Q:        nan | won: False 
#  330 | steps:  3569 | steps_t:     0 | t: 1.158372 | r:  -511.000000 | e:   1.000000 | Q:        nan | won: False 
#  331 | steps:  3580 | steps_t:     0 | t: 1.162292 | r:  -510.000000 | e:   1.000000 | Q:        nan | won: False 
#  332 | steps:  3591 | steps_t:     0 | t: 1.165344 | r:  -510.000000 | e:   1.000000 | Q:        nan | won: False 
#  333 | steps:  3603 | steps_t:     0 | t: 1.168339 | r:  -511.000000 | e:   1.000000 | Q:        nan | won: False 
#  334 | steps:  3612 | steps_t:     0 | t: 1.171331 | r:  -508.000000 | e:   1.000000 | Q:        nan | won: False 
#  335 | steps:  3629 | steps_t:     0 | t: 1.176297 | r:  -516.000000 | e:   1.000000 | Q:        nan | won: False 
#  336 | steps:  3639 | steps_t:     0 | t: 1.179300 | r:  -509.000000 | e:   1.000000 | Q:        nan | won: False 
#  337 | steps:  3654 | steps_t:     0 | t: 1.184289 | r:  -514.000000 | e:   1.000000 | Q:        nan | won: False 
#  338 | steps:  3669 | steps_t:     0 | t: 1.188286 | r:  -514.000000 | e:   1.000000 | Q:        nan | won: False 
#  339 | steps:  3674 | steps_t:     0 | t: 1.190199 | r:  -504.000000 | e:   1.000000 | Q:        nan | won: False 
#  340 | steps:  3682 | steps_t:     0 | t: 1.193233 | r:  -507.000000 | e:   1.000000 | Q:        nan | won: False 
#  341 | steps:  3700 | steps_t:     0 | t: 1.197224 | r:  -506.000000 | e:   1.000000 | Q:        nan | won: False 
#  342 | steps:  3710 | steps_t:     0 | t: 1.200210 | r:  -509.000000 | e:   1.000000 | Q:        nan | won: False 
#  343 | steps:  3718 | steps_t:     0 | t: 1.203198 | r:  -507.000000 | e:   1.000000 | Q:        nan | won: False 
#  344 | steps:  3728 | steps_t:     0 | t: 1.205189 | r:  -509.000000 | e:   1.000000 | Q:        nan | won: False 
#  345 | steps:  3738 | steps_t:     0 | t: 1.211199 | r:  -509.000000 | e:   1.000000 | Q:        nan | won: False 
#  346 | steps:  3747 | steps_t:     0 | t: 1.213166 | r:  -508.000000 | e:   1.000000 | Q:        nan | won: False 
#  347 | steps:  3762 | steps_t:     0 | t: 1.217155 | r:  -514.000000 | e:   1.000000 | Q:        nan | won: False 
#  348 | steps:  3772 | steps_t:     0 | t: 1.220143 | r:  -509.000000 | e:   1.000000 | Q:        nan | won: False 
#  349 | steps:  3783 | steps_t:     0 | t: 1.224171 | r:  -510.000000 | e:   1.000000 | Q:        nan | won: False 
#  350 | steps:  3796 | steps_t:     0 | t: 1.228124 | r:  -512.000000 | e:   1.000000 | Q:        nan | won: False 
#  351 | steps:  3806 | steps_t:     0 | t: 1.231105 | r:  -509.000000 | e:   1.000000 | Q:        nan | won: False 
#  352 | steps:  3819 | steps_t:     0 | t: 1.234096 | r:  -512.000000 | e:   1.000000 | Q:        nan | won: False 
#  353 | steps:  3828 | steps_t:     0 | t: 1.237097 | r:  -508.000000 | e:   1.000000 | Q:        nan | won: False 
#  354 | steps:  3833 | steps_t:     0 | t: 1.239034 | r:  -504.000000 | e:   1.000000 | Q:        nan | won: False 
#  355 | steps:  3849 | steps_t:     0 | t: 1.243065 | r:  -515.000000 | e:   1.000000 | Q:        nan | won: False 
#  356 | steps:  3861 | steps_t:     0 | t: 1.247060 | r:  -511.000000 | e:   1.000000 | Q:        nan | won: False 
#  357 | steps:  3873 | steps_t:     0 | t: 1.250047 | r:  -511.000000 | e:   1.000000 | Q:        nan | won: False 
#  358 | steps:  3885 | steps_t:     0 | t: 1.253037 | r:  -511.000000 | e:   1.000000 | Q:        nan | won: False 
#  359 | steps:  3892 | steps_t:     0 | t: 1.256073 | r:  -506.000000 | e:   1.000000 | Q:        nan | won: False 
#  360 | steps:  3900 | steps_t:     0 | t: 1.259031 | r:  -507.000000 | e:   1.000000 | Q:        nan | won: False 
#  361 | steps:  3906 | steps_t:     0 | t: 1.261025 | r:  -505.000000 | e:   1.000000 | Q:        nan | won: False 
#  362 | steps:  3913 | steps_t:     0 | t: 1.263020 | r:  -506.000000 | e:   1.000000 | Q:        nan | won: False 
#  363 | steps:  3921 | steps_t:     0 | t: 1.266023 | r:  -507.000000 | e:   1.000000 | Q:        nan | won: False 
#  364 | steps:  3929 | steps_t:     0 | t: 1.268006 | r:  -507.000000 | e:   1.000000 | Q:        nan | won: False 
#  365 | steps:  3949 | steps_t:     0 | t: 1.273983 | r:  -519.000000 | e:   1.000000 | Q:        nan | won: False 
#  366 | steps:  3956 | steps_t:     0 | t: 1.275978 | r:  -506.000000 | e:   1.000000 | Q:        nan | won: False 
#  367 | steps:  3962 | steps_t:     0 | t: 1.277976 | r:  -505.000000 | e:   1.000000 | Q:        nan | won: False 
#  368 | steps:  3971 | steps_t:     0 | t: 1.280968 | r:  -508.000000 | e:   1.000000 | Q:        nan | won: False 
#  369 | steps:  3978 | steps_t:     0 | t: 1.282966 | r:  -506.000000 | e:   1.000000 | Q:        nan | won: False 
#  370 | steps:  3990 | steps_t:     0 | t: 1.286950 | r:  -511.000000 | e:   1.000000 | Q:        nan | won: False 
#  371 | steps:  3996 | steps_t:     0 | t: 1.288913 | r:  -505.000000 | e:   1.000000 | Q:        nan | won: False 
#  372 | steps:  4006 | steps_t:     0 | t: 1.292792 | r:  -509.000000 | e:   1.000000 | Q:        nan | won: False 
#  373 | steps:  4014 | steps_t:     0 | t: 1.294756 | r:  -507.000000 | e:   1.000000 | Q:        nan | won: False 
#  374 | steps:  4031 | steps_t:     0 | t: 1.299745 | r:  -516.000000 | e:   1.000000 | Q:        nan | won: False 
#  375 | steps:  4047 | steps_t:     0 | t: 1.303725 | r:  -515.000000 | e:   1.000000 | Q:        nan | won: False 
#  376 | steps:  4058 | steps_t:     0 | t: 1.307689 | r:  -510.000000 | e:   1.000000 | Q:        nan | won: False 
#  377 | steps:  4074 | steps_t:     0 | t: 1.312696 | r:  -515.000000 | e:   1.000000 | Q:        nan | won: False 
#  378 | steps:  4095 | steps_t:     0 | t: 1.317679 | r:  -520.000000 | e:   1.000000 | Q:        nan | won: False 
#  379 | steps:  4101 | steps_t:     0 | t: 1.319667 | r:  -505.000000 | e:   1.000000 | Q:        nan | won: False 
#  380 | steps:  4128 | steps_t:     0 | t: 1.326651 | r:  -526.000000 | e:   1.000000 | Q:        nan | won: False 
#  381 | steps:  4147 | steps_t:     0 | t: 1.331635 | r:  -518.000000 | e:   1.000000 | Q:        nan | won: False 
#  382 | steps:  4161 | steps_t:     0 | t: 1.335626 | r:  -513.000000 | e:   1.000000 | Q:        nan | won: False 
#  383 | steps:  4179 | steps_t:     0 | t: 1.340602 | r:  -517.000000 | e:   1.000000 | Q:        nan | won: False 
#  384 | steps:  4192 | steps_t:     0 | t: 1.344593 | r:  -512.000000 | e:   1.000000 | Q:        nan | won: False 
#  385 | steps:  4206 | steps_t:     0 | t: 1.347603 | r:  -513.000000 | e:   1.000000 | Q:        nan | won: False 
#  386 | steps:  4212 | steps_t:     0 | t: 1.349573 | r:  -505.000000 | e:   1.000000 | Q:        nan | won: False 
#  387 | steps:  4218 | steps_t:     0 | t: 1.351562 | r:  -505.000000 | e:   1.000000 | Q:        nan | won: False 
#  388 | steps:  4241 | steps_t:     0 | t: 1.358544 | r:  -522.000000 | e:   1.000000 | Q:        nan | won: False 
#  389 | steps:  4259 | steps_t:     0 | t: 1.362531 | r:  -517.000000 | e:   1.000000 | Q:        nan | won: False 
#  390 | steps:  4270 | steps_t:     0 | t: 1.366510 | r:  -510.000000 | e:   1.000000 | Q:        nan | won: False 
#  391 | steps:  4282 | steps_t:     0 | t: 1.369529 | r:  -511.000000 | e:   1.000000 | Q:        nan | won: False 
#  392 | steps:  4294 | steps_t:     0 | t: 1.373513 | r:  -511.000000 | e:   1.000000 | Q:        nan | won: False 
#  393 | steps:  4304 | steps_t:     0 | t: 1.376506 | r:  -509.000000 | e:   1.000000 | Q:        nan | won: False 
#  394 | steps:  4313 | steps_t:     0 | t: 1.379493 | r:  -508.000000 | e:   1.000000 | Q:        nan | won: False 
#  395 | steps:  4323 | steps_t:     0 | t: 1.382484 | r:  -509.000000 | e:   1.000000 | Q:        nan | won: False 
#  396 | steps:  4330 | steps_t:     0 | t: 1.384477 | r:  -506.000000 | e:   1.000000 | Q:        nan | won: False 
#  397 | steps:  4340 | steps_t:     0 | t: 1.387471 | r:  -509.000000 | e:   1.000000 | Q:        nan | won: False 
#  398 | steps:  4349 | steps_t:     0 | t: 1.391452 | r:  -508.000000 | e:   1.000000 | Q:        nan | won: False 
#  399 | steps:  4357 | steps_t:     0 | t: 1.394449 | r:  -507.000000 | e:   1.000000 | Q:        nan | won: False 
#  400 | steps:  4367 | steps_t:     0 | t: 1.397433 | r:  -509.000000 | e:   1.000000 | Q:        nan | won: False 
#  401 | steps:  4379 | steps_t:     0 | t: 1.401350 | r:  -511.000000 | e:   1.000000 | Q:        nan | won: False 
#  402 | steps:  4388 | steps_t:     0 | t: 1.404015 | r:  -508.000000 | e:   1.000000 | Q:        nan | won: False 
#  403 | steps:  4404 | steps_t:     0 | t: 1.408993 | r:  -515.000000 | e:   1.000000 | Q:        nan | won: False 
#  404 | steps:  4422 | steps_t:     0 | t: 1.413969 | r:  -517.000000 | e:   1.000000 | Q:        nan | won: False 
#  405 | steps:  4428 | steps_t:     0 | t: 1.415965 | r:  -505.000000 | e:   1.000000 | Q:        nan | won: False 
#  406 | steps:  4435 | steps_t:     0 | t: 1.417959 | r:  -506.000000 | e:   1.000000 | Q:        nan | won: False 
#  407 | steps:  4445 | steps_t:     0 | t: 1.419953 | r:  -509.000000 | e:   1.000000 | Q:        nan | won: False 
#  408 | steps:  4464 | steps_t:     0 | t: 1.425935 | r:  -518.000000 | e:   1.000000 | Q:        nan | won: False 
#  409 | steps:  4472 | steps_t:     0 | t: 1.427934 | r:  -507.000000 | e:   1.000000 | Q:        nan | won: False 
#  410 | steps:  4480 | steps_t:     0 | t: 1.430919 | r:  -507.000000 | e:   1.000000 | Q:        nan | won: False 
#  411 | steps:  4489 | steps_t:     0 | t: 1.432913 | r:  -508.000000 | e:   1.000000 | Q:        nan | won: False 
#  412 | steps:  4497 | steps_t:     0 | t: 1.435897 | r:  -507.000000 | e:   1.000000 | Q:        nan | won: False 
#  413 | steps:  4510 | steps_t:     0 | t: 1.438914 | r:  -512.000000 | e:   1.000000 | Q:        nan | won: False 
#  414 | steps:  4527 | steps_t:     0 | t: 1.443827 | r:  -516.000000 | e:   1.000000 | Q:        nan | won: False 
#  415 | steps:  4548 | steps_t:     0 | t: 1.449806 | r:  -520.000000 | e:   1.000000 | Q:        nan | won: False 
#  416 | steps:  4563 | steps_t:     0 | t: 1.453259 | r:  -514.000000 | e:   1.000000 | Q:        nan | won: False 
#  417 | steps:  4577 | steps_t:     0 | t: 1.458170 | r:  -513.000000 | e:   1.000000 | Q:        nan | won: False 
#  418 | steps:  4586 | steps_t:     0 | t: 1.461160 | r:  -508.000000 | e:   1.000000 | Q:        nan | won: False 
#  419 | steps:  4594 | steps_t:     0 | t: 1.463217 | r:  -507.000000 | e:   1.000000 | Q:        nan | won: False 
#  420 | steps:  4602 | steps_t:     0 | t: 1.466199 | r:  -507.000000 | e:   1.000000 | Q:        nan | won: False 
#  421 | steps:  4616 | steps_t:     0 | t: 1.469182 | r:  -513.000000 | e:   1.000000 | Q:        nan | won: False 
#  422 | steps:  4625 | steps_t:     0 | t: 1.472167 | r:  -508.000000 | e:   1.000000 | Q:        nan | won: False 
#  423 | steps:  4634 | steps_t:     0 | t: 1.476112 | r:  -508.000000 | e:   1.000000 | Q:        nan | won: False 
#  424 | steps:  4648 | steps_t:     0 | t: 1.479184 | r:  -513.000000 | e:   1.000000 | Q:        nan | won: False 
#  425 | steps:  4658 | steps_t:     0 | t: 1.482146 | r:  -509.000000 | e:   1.000000 | Q:        nan | won: False 
#  426 | steps:  4667 | steps_t:     0 | t: 1.485138 | r:  -508.000000 | e:   1.000000 | Q:        nan | won: False 
#  427 | steps:  4672 | steps_t:     0 | t: 1.487120 | r:  -504.000000 | e:   1.000000 | Q:        nan | won: False 
#  428 | steps:  4685 | steps_t:     0 | t: 1.491140 | r:  -512.000000 | e:   1.000000 | Q:        nan | won: False 
#  429 | steps:  4697 | steps_t:     0 | t: 1.495094 | r:  -511.000000 | e:   1.000000 | Q:        nan | won: False 
#  430 | steps:  4705 | steps_t:     0 | t: 1.497089 | r:  -507.000000 | e:   1.000000 | Q:        nan | won: False 
#  431 | steps:  4712 | steps_t:     0 | t: 1.499080 | r:  -506.000000 | e:   1.000000 | Q:        nan | won: False 
#  432 | steps:  4724 | steps_t:     0 | t: 1.503065 | r:  -511.000000 | e:   1.000000 | Q:        nan | won: False 
#  433 | steps:  4737 | steps_t:     0 | t: 1.507092 | r:  -512.000000 | e:   1.000000 | Q:        nan | won: False 
#  434 | steps:  4750 | steps_t:     0 | t: 1.511047 | r:  -512.000000 | e:   1.000000 | Q:        nan | won: False 
#  435 | steps:  4762 | steps_t:     0 | t: 1.514029 | r:  -511.000000 | e:   1.000000 | Q:        nan | won: False 
#  436 | steps:  4770 | steps_t:     0 | t: 1.516021 | r:  -507.000000 | e:   1.000000 | Q:        nan | won: False 
#  437 | steps:  4777 | steps_t:     0 | t: 1.518014 | r:  -506.000000 | e:   1.000000 | Q:        nan | won: False 
#  438 | steps:  4785 | steps_t:     0 | t: 1.521005 | r:  -507.000000 | e:   1.000000 | Q:        nan | won: False 
#  439 | steps:  4793 | steps_t:     0 | t: 1.524309 | r:  -507.000000 | e:   1.000000 | Q:        nan | won: False 
#  440 | steps:  4804 | steps_t:     0 | t: 1.527309 | r:  -510.000000 | e:   1.000000 | Q:        nan | won: False 
#  441 | steps:  4819 | steps_t:     0 | t: 1.531286 | r:  -503.000000 | e:   1.000000 | Q:        nan | won: False 
#  442 | steps:  4834 | steps_t:     0 | t: 1.535266 | r:  -514.000000 | e:   1.000000 | Q:        nan | won: False 
#  443 | steps:  4844 | steps_t:     0 | t: 1.539267 | r:  -509.000000 | e:   1.000000 | Q:        nan | won: False 
#  444 | steps:  4857 | steps_t:     0 | t: 1.542250 | r:  -512.000000 | e:   1.000000 | Q:        nan | won: False 
#  445 | steps:  4878 | steps_t:     0 | t: 1.548218 | r:  -520.000000 | e:   1.000000 | Q:        nan | won: False 
#  446 | steps:  4889 | steps_t:     0 | t: 1.550220 | r:  -510.000000 | e:   1.000000 | Q:        nan | won: False 
#  447 | steps:  4897 | steps_t:     0 | t: 1.553200 | r:  -507.000000 | e:   1.000000 | Q:        nan | won: False 
#  448 | steps:  4913 | steps_t:     0 | t: 1.558184 | r:  -515.000000 | e:   1.000000 | Q:        nan | won: False 
#  449 | steps:  4919 | steps_t:     0 | t: 1.560172 | r:  -505.000000 | e:   1.000000 | Q:        nan | won: False 
#  450 | steps:  4927 | steps_t:     0 | t: 1.562168 | r:  -507.000000 | e:   1.000000 | Q:        nan | won: False 
#  451 | steps:  4935 | steps_t:     0 | t: 1.564160 | r:  -507.000000 | e:   1.000000 | Q:        nan | won: False 
#  452 | steps:  4955 | steps_t:     0 | t: 1.570144 | r:  -508.000000 | e:   1.000000 | Q:        nan | won: False 
#  453 | steps:  4972 | steps_t:     0 | t: 1.574133 | r:  -516.000000 | e:   1.000000 | Q:        nan | won: False 
#  454 | steps:  4979 | steps_t:     0 | t: 1.577119 | r:  -506.000000 | e:   1.000000 | Q:        nan | won: False 
#  455 | steps:  4993 | steps_t:     0 | t: 1.580119 | r:  -513.000000 | e:   1.000000 | Q:        nan | won: False 
