#    1 | steps:     8 | steps_t:     0 | t: 0.015893 | r:  -507.000000 | e:   1.000000 | Q:        nan | won: False 
#    2 | steps:    18 | steps_t:     0 | t: 0.018882 | r:  -509.000000 | e:   1.000000 | Q:        nan | won: False 
#    3 | steps:    32 | steps_t:     0 | t: 0.022760 | r:  -513.000000 | e:   1.000000 | Q:        nan | won: False 
#    4 | steps:    50 | steps_t:     0 | t: 0.027663 | r:  -517.000000 | e:   1.000000 | Q:        nan | won: False 
#    5 | steps:    60 | steps_t:     0 | t: 0.029654 | r:  -509.000000 | e:   1.000000 | Q:        nan | won: False 
#    6 | steps:    76 | steps_t:     0 | t: 0.036625 | r:  -515.000000 | e:   1.000000 | Q:        nan | won: False 
#    7 | steps:    83 | steps_t:     0 | t: 0.038299 | r:  -506.000000 | e:   1.000000 | Q:        nan | won: False 
#    8 | steps:    92 | steps_t:     0 | t: 0.041488 | r:  -508.000000 | e:   1.000000 | Q:        nan | won: False 
#    9 | steps:   101 | steps_t:     0 | t: 0.043495 | r:  -508.000000 | e:   1.000000 | Q:        nan | won: False 
#   10 | steps:   119 | steps_t:     0 | t: 0.049551 | r:  -517.000000 | e:   1.000000 | Q:        nan | won: False 
#   11 | steps:   127 | steps_t:     0 | t: 0.052499 | r:  -507.000000 | e:   1.000000 | Q:        nan | won: False 
#   12 | steps:   137 | steps_t:     0 | t: 0.055489 | r:  -509.000000 | e:   1.000000 | Q:        nan | won: False 
#   13 | steps:   146 | steps_t:     0 | t: 0.057482 | r:  -508.000000 | e:   1.000000 | Q:        nan | won: False 
#   14 | steps:   156 | steps_t:     0 | t: 0.060472 | r:  -509.000000 | e:   1.000000 | Q:        nan | won: False 
#   15 | steps:   163 | steps_t:     0 | t: 0.062465 | r:  -506.000000 | e:   1.000000 | Q:        nan | won: False 
#   16 | steps:   173 | steps_t:     0 | t: 0.066452 | r:  -509.000000 | e:   1.000000 | Q:        nan | won: False 
#   17 | steps:   194 | steps_t:     0 | t: 0.072432 | r:  -520.000000 | e:   1.000000 | Q:        nan | won: False 
#   18 | steps:   202 | steps_t:     0 | t: 0.075052 | r:  -507.000000 | e:   1.000000 | Q:        nan | won: False 
#   19 | steps:   210 | steps_t:     0 | t: 0.077638 | r:  -507.000000 | e:   1.000000 | Q:        nan | won: False 
#   20 | steps:   217 | steps_t:     0 | t: 0.079619 | r:  -506.000000 | e:   1.000000 | Q:        nan | won: False 
#   21 | steps:   228 | steps_t:     0 | t: 0.083538 | r:  -510.000000 | e:   1.000000 | Q:        nan | won: False 
#   22 | steps:   234 | steps_t:     0 | t: 0.085598 | r:  -505.000000 | e:   1.000000 | Q:        nan | won: False 
#   23 | steps:   243 | steps_t:     0 | t: 0.088585 | r:  -508.000000 | e:   1.000000 | Q:        nan | won: False 
#   24 | steps:   259 | steps_t:     0 | t: 0.092579 | r:  -515.000000 | e:   1.000000 | Q:        nan | won: False 
#   25 | steps:   273 | steps_t:     0 | t: 0.097491 | r:  -513.000000 | e:   1.000000 | Q:        nan | won: False 
#   26 | steps:   285 | steps_t:     0 | t: 0.101523 | r:  -511.000000 | e:   1.000000 | Q:        nan | won: False 
#   27 | steps:   295 | steps_t:     0 | t: 0.104537 | r:  -509.000000 | e:   1.000000 | Q:        nan | won: False 
#   28 | steps:   302 | steps_t:     0 | t: 0.106516 | r:  -506.000000 | e:   1.000000 | Q:        nan | won: False 
#   29 | steps:   308 | steps_t:     0 | t: 0.108514 | r:  -505.000000 | e:   1.000000 | Q:        nan | won: False 
#   30 | steps:   317 | steps_t:     0 | t: 0.111506 | r:  -508.000000 | e:   1.000000 | Q:        nan | won: False 
#   31 | steps:   325 | steps_t:     0 | t: 0.113505 | r:  -507.000000 | e:   1.000000 | Q:        nan | won: False 
#   32 | steps:   331 | steps_t:     0 | t: 0.116492 | r:  -505.000000 | e:   1.000000 | Q:        nan | won: False 
#   33 | steps:   337 | steps_t:     0 | t: 0.118485 | r:  -505.000000 | e:   1.000000 | Q:        nan | won: False 
#   34 | steps:   346 | steps_t:     0 | t: 0.121487 | r:  -508.000000 | e:   1.000000 | Q:        nan | won: False 
#   35 | steps:   356 | steps_t:     0 | t: 0.124479 | r:  -509.000000 | e:   1.000000 | Q:        nan | won: False 
#   36 | steps:   366 | steps_t:     0 | t: 0.126460 | r:  -509.000000 | e:   1.000000 | Q:        nan | won: False 
#   37 | steps:   394 | steps_t:     0 | t: 0.135079 | r:  -527.000000 | e:   1.000000 | Q:        nan | won: False 
#   38 | steps:   400 | steps_t:     0 | t: 0.137073 | r:  -505.000000 | e:   1.000000 | Q:        nan | won: False 
#   39 | steps:   415 | steps_t:     0 | t: 0.141064 | r:  -492.000000 | e:   1.000000 | Q:        nan | won: False 
#   40 | steps:   426 | steps_t:     0 | t: 0.144058 | r:  -510.000000 | e:   1.000000 | Q:        nan | won: False 
#   41 | steps:   436 | steps_t:     0 | t: 0.147840 | r:  -509.000000 | e:   1.000000 | Q:        nan | won: False 
#   42 | steps:   448 | steps_t:     0 | t: 0.151836 | r:  -511.000000 | e:   1.000000 | Q:        nan | won: False 
#   43 | steps:   457 | steps_t:     0 | t: 0.153829 | r:  -508.000000 | e:   1.000000 | Q:        nan | won: False 
#   44 | steps:   463 | steps_t:     0 | t: 0.155823 | r:  -505.000000 | e:   1.000000 | Q:        nan | won: False 
#   45 | steps:   482 | steps_t:     0 | t: 0.160798 | r:  -518.000000 | e:   1.000000 | Q:        nan | won: False 
#   46 | steps:   499 | steps_t:     0 | t: 0.166788 | r:  -516.000000 | e:   1.000000 | Q:        nan | won: False 
#   47 | steps:   505 | steps_t:     0 | t: 0.168779 | r:  -505.000000 | e:   1.000000 | Q:        nan | won: False 
#   48 | steps:   517 | steps_t:     0 | t: 0.171773 | r:  -511.000000 | e:   1.000000 | Q:        nan | won: False 
#   49 | steps:   532 | steps_t:     0 | t: 0.175757 | r:  -503.000000 | e:   1.000000 | Q:        nan | won: False 
#   50 | steps:   552 | steps_t:     0 | t: 0.181733 | r:  -519.000000 | e:   1.000000 | Q:        nan | won: False 
#   51 | steps:   560 | steps_t:     0 | t: 0.185712 | r:  -507.000000 | e:   1.000000 | Q:        nan | won: False 
#   52 | steps:   568 | steps_t:     0 | t: 0.187709 | r:  -507.000000 | e:   1.000000 | Q:        nan | won: False 
#   53 | steps:   576 | steps_t:     0 | t: 0.190698 | r:  -507.000000 | e:   1.000000 | Q:        nan | won: False 
#   54 | steps:   587 | steps_t:     0 | t: 0.194685 | r:  -510.000000 | e:   1.000000 | Q:        nan | won: False 
#   55 | steps:   596 | steps_t:     0 | t: 0.197673 | r:  -508.000000 | e:   1.000000 | Q:        nan | won: False 
#   56 | steps:   602 | steps_t:     0 | t: 0.200498 | r:  -505.000000 | e:   1.000000 | Q:        nan | won: False 
#   57 | steps:   611 | steps_t:     0 | t: 0.202573 | r:  -508.000000 | e:   1.000000 | Q:        nan | won: False 
#   58 | steps:   634 | steps_t:     0 | t: 0.209732 | r:  -522.000000 | e:   1.000000 | Q:        nan | won: False 
#   59 | steps:   640 | steps_t:     0 | t: 0.211725 | r:  -505.000000 | e:   1.000000 | Q:        nan | won: False 
#   60 | steps:   657 | steps_t:     0 | t: 0.216708 | r:  -516.000000 | e:   1.000000 | Q:        nan | won: False 
#   61 | steps:   665 | steps_t:     0 | t: 0.218701 | r:  -507.000000 | e:   1.000000 | Q:        nan | won: False 
#   62 | steps:   684 | steps_t:     0 | t: 0.224690 | r:  -518.000000 | e:   1.000000 | Q:        nan | won: False 
#   63 | steps:   700 | steps_t:     0 | t: 0.228667 | r:  -515.000000 | e:   1.000000 | Q:        nan | won: False 
#   64 | steps:   713 | steps_t:     0 | t: 0.232663 | r:  -512.000000 | e:   1.000000 | Q:        nan | won: False 
#   65 | steps:   719 | steps_t:     0 | t: 0.234658 | r:  -505.000000 | e:   1.000000 | Q:        nan | won: False 
#   66 | steps:   727 | steps_t:     0 | t: 0.238293 | r:  -507.000000 | e:   1.000000 | Q:        nan | won: False 
#   67 | steps:   750 | steps_t:     0 | t: 0.246291 | r:  -522.000000 | e:   1.000000 | Q:        nan | won: False 
#   68 | steps:   757 | steps_t:     0 | t: 0.249285 | r:  -506.000000 | e:   1.000000 | Q:        nan | won: False 
#   69 | steps:   785 | steps_t:     0 | t: 0.256260 | r:  -527.000000 | e:   1.000000 | Q:        nan | won: False 
#   70 | steps:   793 | steps_t:     0 | t: 0.259251 | r:  -507.000000 | e:   1.000000 | Q:        nan | won: False 
#   71 | steps:   805 | steps_t:     0 | t: 0.263154 | r:  -511.000000 | e:   1.000000 | Q:        nan | won: False 
#   72 | steps:   817 | steps_t:     0 | t: 0.267064 | r:  -511.000000 | e:   1.000000 | Q:        nan | won: False 
#   73 | steps:   825 | steps_t:     0 | t: 0.270058 | r:  -507.000000 | e:   1.000000 | Q:        nan | won: False 
#   74 | steps:   847 | steps_t:     0 | t: 0.276034 | r:  -521.000000 | e:   1.000000 | Q:        nan | won: False 
#   75 | steps:   856 | steps_t:     0 | t: 0.279088 | r:  -508.000000 | e:   1.000000 | Q:        nan | won: False 
#   76 | steps:   874 | steps_t:     0 | t: 0.285075 | r:  -517.000000 | e:   1.000000 | Q:        nan | won: False 
#   77 | steps:   884 | steps_t:     0 | t: 0.288023 | r:  -509.000000 | e:   1.000000 | Q:        nan | won: False 
#   78 | steps:   892 | steps_t:     0 | t: 0.291053 | r:  -507.000000 | e:   1.000000 | Q:        nan | won: False 
#   79 | steps:   908 | steps_t:     0 | t: 0.295973 | r:  -515.000000 | e:   1.000000 | Q:        nan | won: False 
#   80 | steps:   915 | steps_t:     0 | t: 0.299028 | r:  -506.000000 | e:   1.000000 | Q:        nan | won: False 
#   81 | steps:   923 | steps_t:     0 | t: 0.301951 | r:  -507.000000 | e:   1.000000 | Q:        nan | won: False 
#   82 | steps:   944 | steps_t:     0 | t: 0.307929 | r:  -520.000000 | e:   1.000000 | Q:        nan | won: False 
#   83 | steps:   950 | steps_t:     0 | t: 0.309922 | r:  -505.000000 | e:   1.000000 | Q:        nan | won: False 
#   84 | steps:   959 | steps_t:     0 | t: 0.312981 | r:  -508.000000 | e:   1.000000 | Q:        nan | won: False 
#   85 | steps:   965 | steps_t:     0 | t: 0.315967 | r:  -505.000000 | e:   1.000000 | Q:        nan | won: False 
#   86 | steps:   975 | steps_t:     0 | t: 0.318892 | r:  -509.000000 | e:   1.000000 | Q:        nan | won: False 
#   87 | steps:   988 | steps_t:     0 | t: 0.322948 | r:  -512.000000 | e:   1.000000 | Q:        nan | won: False 
#   88 | steps:   994 | steps_t:     0 | t: 0.325871 | r:  -505.000000 | e:   1.000000 | Q:        nan | won: False 
#   89 | steps:  1001 | steps_t:     0 | t: 0.327927 | r:  -506.000000 | e:   1.000000 | Q:        nan | won: False 
#   90 | steps:  1010 | steps_t:     0 | t: 0.330853 | r:  -508.000000 | e:   1.000000 | Q:        nan | won: False 
#   91 | steps:  1026 | steps_t:     0 | t: 0.335895 | r:  -515.000000 | e:   1.000000 | Q:        nan | won: False 
#   92 | steps:  1036 | steps_t:     0 | t: 0.339881 | r:  -509.000000 | e:   1.000000 | Q:        nan | won: False 
#   93 | steps:  1056 | steps_t:     0 | t: 0.345926 | r:  -519.000000 | e:   1.000000 | Q:        nan | won: False 
#   94 | steps:  1065 | steps_t:     0 | t: 0.348860 | r:  -508.000000 | e:   1.000000 | Q:        nan | won: False 
#   95 | steps:  1079 | steps_t:     0 | t: 0.352905 | r:  -513.000000 | e:   1.000000 | Q:        nan | won: False 
#   96 | steps:  1097 | steps_t:     0 | t: 0.358826 | r:  -517.000000 | e:   1.000000 | Q:        nan | won: False 
#   97 | steps:  1104 | steps_t:     0 | t: 0.360890 | r:  -506.000000 | e:   1.000000 | Q:        nan | won: False 
#   98 | steps:  1126 | steps_t:     0 | t: 0.367851 | r:  -521.000000 | e:   1.000000 | Q:        nan | won: False 
#   99 | steps:  1133 | steps_t:     0 | t: 0.370788 | r:  -506.000000 | e:   1.000000 | Q:        nan | won: False 
#  100 | steps:  1145 | steps_t:     0 | t: 0.373819 | r:  -511.000000 | e:   1.000000 | Q:        nan | won: False 
#  101 | steps:  1154 | steps_t:     0 | t: 0.376758 | r:  -508.000000 | e:   1.000000 | Q:        nan | won: False 
#  102 | steps:  1161 | steps_t:     0 | t: 0.378759 | r:  -506.000000 | e:   1.000000 | Q:        nan | won: False 
#  103 | steps:  1168 | steps_t:     0 | t: 0.382025 | r:  -506.000000 | e:   1.000000 | Q:        nan | won: False 
#  104 | steps:  1175 | steps_t:     0 | t: 0.384950 | r:  -506.000000 | e:   1.000000 | Q:        nan | won: False 
#  105 | steps:  1190 | steps_t:     0 | t: 0.388936 | r:  -514.000000 | e:   1.000000 | Q:        nan | won: False 
#  106 | steps:  1201 | steps_t:     0 | t: 0.392987 | r:  -510.000000 | e:   1.000000 | Q:        nan | won: False 
#  107 | steps:  1213 | steps_t:     0 | t: 0.396976 | r:  -511.000000 | e:   1.000000 | Q:        nan | won: False 
#  108 | steps:  1231 | steps_t:     0 | t: 0.402963 | r:  -517.000000 | e:   1.000000 | Q:        nan | won: False 
#  109 | steps:  1239 | steps_t:     0 | t: 0.405881 | r:  -507.000000 | e:   1.000000 | Q:        nan | won: False 
#  110 | steps:  1251 | steps_t:     0 | t: 0.408934 | r:  -511.000000 | e:   1.000000 | Q:        nan | won: False 
#  111 | steps:  1269 | steps_t:     0 | t: 0.414877 | r:  -517.000000 | e:   1.000000 | Q:        nan | won: False 
#  112 | steps:  1278 | steps_t:     0 | t: 0.417903 | r:  -508.000000 | e:   1.000000 | Q:        nan | won: False 
#  113 | steps:  1288 | steps_t:     0 | t: 0.420830 | r:  -509.000000 | e:   1.000000 | Q:        nan | won: False 
#  114 | steps:  1297 | steps_t:     0 | t: 0.423888 | r:  -508.000000 | e:   1.000000 | Q:        nan | won: False 
#  115 | steps:  1303 | steps_t:     0 | t: 0.425813 | r:  -505.000000 | e:   1.000000 | Q:        nan | won: False 
#  116 | steps:  1310 | steps_t:     0 | t: 0.429156 | r:  -506.000000 | e:   1.000000 | Q:        nan | won: False 
#  117 | steps:  1324 | steps_t:     0 | t: 0.433101 | r:  -513.000000 | e:   1.000000 | Q:        nan | won: False 
#  118 | steps:  1337 | steps_t:     0 | t: 0.438117 | r:  -512.000000 | e:   1.000000 | Q:        nan | won: False 
#  119 | steps:  1348 | steps_t:     0 | t: 0.441108 | r:  -510.000000 | e:   1.000000 | Q:        nan | won: False 
#  120 | steps:  1357 | steps_t:     0 | t: 0.444102 | r:  -508.000000 | e:   1.000000 | Q:        nan | won: False 
#  121 | steps:  1366 | steps_t:     0 | t: 0.447087 | r:  -508.000000 | e:   1.000000 | Q:        nan | won: False 
#  122 | steps:  1378 | steps_t:     0 | t: 0.451099 | r:  -511.000000 | e:   1.000000 | Q:        nan | won: False 
#  123 | steps:  1400 | steps_t:     0 | t: 0.457054 | r:  -521.000000 | e:   1.000000 | Q:        nan | won: False 
#  124 | steps:  1409 | steps_t:     0 | t: 0.460057 | r:  -508.000000 | e:   1.000000 | Q:        nan | won: False 
#  125 | steps:  1416 | steps_t:     0 | t: 0.463035 | r:  -506.000000 | e:   1.000000 | Q:        nan | won: False 
#  126 | steps:  1426 | steps_t:     0 | t: 0.467021 | r:  -509.000000 | e:   1.000000 | Q:        nan | won: False 
#  127 | steps:  1436 | steps_t:     0 | t: 0.470014 | r:  -509.000000 | e:   1.000000 | Q:        nan | won: False 
#  128 | steps:  1447 | steps_t:     0 | t: 0.472992 | r:  -510.000000 | e:   1.000000 | Q:        nan | won: False 
#  129 | steps:  1453 | steps_t:     0 | t: 0.474994 | r:  -505.000000 | e:   1.000000 | Q:        nan | won: False 
#  130 | steps:  1464 | steps_t:     0 | t: 0.477985 | r:  -510.000000 | e:   1.000000 | Q:        nan | won: False 
#  131 | steps:  1485 | steps_t:     0 | t: 0.484961 | r:  -520.000000 | e:   1.000000 | Q:        nan | won: False 
#  132 | steps:  1493 | steps_t:     0 | t: 0.487942 | r:  -507.000000 | e:   1.000000 | Q:        nan | won: False 
#  133 | steps:  1501 | steps_t:     0 | t: 0.489944 | r:  -507.000000 | e:   1.000000 | Q:        nan | won: False 
#  134 | steps:  1510 | steps_t:     0 | t: 0.492927 | r:  -508.000000 | e:   1.000000 | Q:        nan | won: False 
#  135 | steps:  1518 | steps_t:     0 | t: 0.495924 | r:  -507.000000 | e:   1.000000 | Q:        nan | won: False 
#  136 | steps:  1524 | steps_t:     0 | t: 0.498916 | r:  -505.000000 | e:   1.000000 | Q:        nan | won: False 
#  137 | steps:  1532 | steps_t:     0 | t: 0.500907 | r:  -507.000000 | e:   1.000000 | Q:        nan | won: False 
#  138 | steps:  1545 | steps_t:     0 | t: 0.504894 | r:  -512.000000 | e:   1.000000 | Q:        nan | won: False 
#  139 | steps:  1553 | steps_t:     0 | t: 0.507890 | r:  -507.000000 | e:   1.000000 | Q:        nan | won: False 
#  140 | steps:  1560 | steps_t:     0 | t: 0.509939 | r:  -506.000000 | e:   1.000000 | Q:        nan | won: False 
#  141 | steps:  1569 | steps_t:     0 | t: 0.512926 | r:  -508.000000 | e:   1.000000 | Q:        nan | won: False 
#  142 | steps:  1582 | steps_t:     0 | t: 0.517843 | r:  -512.000000 | e:   1.000000 | Q:        nan | won: False 
#  143 | steps:  1588 | steps_t:     0 | t: 0.519836 | r:  -505.000000 | e:   1.000000 | Q:        nan | won: False 
#  144 | steps:  1600 | steps_t:     0 | t: 0.523824 | r:  -511.000000 | e:   1.000000 | Q:        nan | won: False 
#  145 | steps:  1608 | steps_t:     0 | t: 0.526879 | r:  -507.000000 | e:   1.000000 | Q:        nan | won: False 
#  146 | steps:  1627 | steps_t:     0 | t: 0.531797 | r:  -518.000000 | e:   1.000000 | Q:        nan | won: False 
#  147 | steps:  1636 | steps_t:     0 | t: 0.534828 | r:  -508.000000 | e:   1.000000 | Q:        nan | won: False 
#  148 | steps:  1647 | steps_t:     0 | t: 0.538819 | r:  -510.000000 | e:   1.000000 | Q:        nan | won: False 
#  149 | steps:  1657 | steps_t:     0 | t: 0.541817 | r:  -509.000000 | e:   1.000000 | Q:        nan | won: False 
#  150 | steps:  1665 | steps_t:     0 | t: 0.543808 | r:  -507.000000 | e:   1.000000 | Q:        nan | won: False 
#  151 | steps:  1674 | steps_t:     0 | t: 0.546792 | r:  -508.000000 | e:   1.000000 | Q:        nan | won: False 
#  152 | steps:  1680 | steps_t:     0 | t: 0.548740 | r:  -505.000000 | e:   1.000000 | Q:        nan | won: False 
#  153 | steps:  1694 | steps_t:     0 | t: 0.553767 | r:  -513.000000 | e:   1.000000 | Q:        nan | won: False 
#  154 | steps:  1704 | steps_t:     0 | t: 0.557772 | r:  -509.000000 | e:   1.000000 | Q:        nan | won: False 
#  155 | steps:  1720 | steps_t:     0 | t: 0.561753 | r:  -504.000000 | e:   1.000000 | Q:        nan | won: False 
#  156 | steps:  1727 | steps_t:     0 | t: 0.563742 | r:  -506.000000 | e:   1.000000 | Q:        nan | won: False 
#  157 | steps:  1734 | steps_t:     0 | t: 0.566679 | r:  -506.000000 | e:   1.000000 | Q:        nan | won: False 
#  158 | steps:  1744 | steps_t:     0 | t: 0.570664 | r:  -509.000000 | e:   1.000000 | Q:        nan | won: False 
#  159 | steps:  1754 | steps_t:     0 | t: 0.573656 | r:  -509.000000 | e:   1.000000 | Q:        nan | won: False 
#  160 | steps:  1776 | steps_t:     0 | t: 0.579636 | r:  -521.000000 | e:   1.000000 | Q:        nan | won: False 
#  161 | steps:  1785 | steps_t:     0 | t: 0.583622 | r:  -508.000000 | e:   1.000000 | Q:        nan | won: False 
#  162 | steps:  1795 | steps_t:     0 | t: 0.586614 | r:  -509.000000 | e:   1.000000 | Q:        nan | won: False 
#  163 | steps:  1806 | steps_t:     0 | t: 0.589603 | r:  -510.000000 | e:   1.000000 | Q:        nan | won: False 
#  164 | steps:  1814 | steps_t:     0 | t: 0.592593 | r:  -507.000000 | e:   1.000000 | Q:        nan | won: False 
#  165 | steps:  1821 | steps_t:     0 | t: 0.594587 | r:  -506.000000 | e:   1.000000 | Q:        nan | won: False 
#  166 | steps:  1835 | steps_t:     0 | t: 0.599634 | r:  -502.000000 | e:   1.000000 | Q:        nan | won: False 
#  167 | steps:  1852 | steps_t:     0 | t: 0.604615 | r:  -505.000000 | e:   1.000000 | Q:        nan | won: False 
#  168 | steps:  1877 | steps_t:     0 | t: 0.676314 | r:  -524.000000 | e:   1.000000 | Q:        nan | won: False 
#  169 | steps:  1885 | steps_t:     0 | t: 0.680366 | r:  -507.000000 | e:   1.000000 | Q:        nan | won: False 
#  170 | steps:  1892 | steps_t:     0 | t: 0.683288 | r:  -506.000000 | e:   1.000000 | Q:        nan | won: False 
#  171 | steps:  1915 | steps_t:     0 | t: 0.690265 | r:  -522.000000 | e:   1.000000 | Q:        nan | won: False 
#  172 | steps:  1922 | steps_t:     0 | t: 0.693254 | r:  -506.000000 | e:   1.000000 | Q:        nan | won: False 
#  173 | steps:  1930 | steps_t:     0 | t: 0.696244 | r:  -507.000000 | e:   1.000000 | Q:        nan | won: False 
#  174 | steps:  1939 | steps_t:     0 | t: 0.699235 | r:  -508.000000 | e:   1.000000 | Q:        nan | won: False 
#  175 | steps:  1948 | steps_t:     0 | t: 0.703222 | r:  -508.000000 | e:   1.000000 | Q:        nan | won: False 
#  176 | steps:  1954 | steps_t:     0 | t: 0.705217 | r:  -505.000000 | e:   1.000000 | Q:        nan | won: False 
#  177 | steps:  1962 | steps_t:     0 | t: 0.707251 | r:  -507.000000 | e:   1.000000 | Q:        nan | won: False 
#  178 | steps:  1976 | steps_t:     0 | t: 0.711242 | r:  -513.000000 | e:   1.000000 | Q:        nan | won: False 
#  179 | steps:  1982 | steps_t:     0 | t: 0.713192 | r:  -505.000000 | e:   1.000000 | Q:        nan | won: False 
#  180 | steps:  1999 | steps_t:     0 | t: 0.722231 | r:  -516.000000 | e:   1.000000 | Q:        nan | won: False 
#  181 | steps:  2007 | steps_t:     0 | t: 0.724212 | r:  -507.000000 | e:   1.000000 | Q:        nan | won: False 
#  182 | steps:  2018 | steps_t:     0 | t: 0.728205 | r:  -510.000000 | e:   1.000000 | Q:        nan | won: False 
#  183 | steps:  2026 | steps_t:     0 | t: 0.731190 | r:  -507.000000 | e:   1.000000 | Q:        nan | won: False 
#  184 | steps:  2034 | steps_t:     0 | t: 0.734185 | r:  -507.000000 | e:   1.000000 | Q:        nan | won: False 
#  185 | steps:  2041 | steps_t:     0 | t: 0.736192 | r:  -506.000000 | e:   1.000000 | Q:        nan | won: False 
#  186 | steps:  2049 | steps_t:     0 | t: 0.739157 | r:  -507.000000 | e:   1.000000 | Q:        nan | won: False 
#  187 | steps:  2056 | steps_t:     0 | t: 0.741151 | r:  -506.000000 | e:   1.000000 | Q:        nan | won: False 
#  188 | steps:  2063 | steps_t:     0 | t: 0.743089 | r:  -506.000000 | e:   1.000000 | Q:        nan | won: False 
#  189 | steps:  2078 | steps_t:     0 | t: 0.748221 | r:  -514.000000 | e:   1.000000 | Q:        nan | won: False 
#  190 | steps:  2088 | steps_t:     0 | t: 0.752114 | r:  -509.000000 | e:   1.000000 | Q:        nan | won: False 
#  191 | steps:  2095 | steps_t:     0 | t: 0.755136 | r:  -506.000000 | e:   1.000000 | Q:        nan | won: False 
#  192 | steps:  2101 | steps_t:     0 | t: 0.756104 | r:  -505.000000 | e:   1.000000 | Q:        nan | won: False 
#  193 | steps:  2109 | steps_t:     0 | t: 0.759037 | r:  -507.000000 | e:   1.000000 | Q:        nan | won: False 
#  194 | steps:  2117 | steps_t:     0 | t: 0.762190 | r:  -507.000000 | e:   1.000000 | Q:        nan | won: False 
#  195 | steps:  2124 | steps_t:     0 | t: 0.764130 | r:  -506.000000 | e:   1.000000 | Q:        nan | won: False 
#  196 | steps:  2136 | steps_t:     0 | t: 0.768197 | r:  -511.000000 | e:   1.000000 | Q:        nan | won: False 
#  197 | steps:  2145 | steps_t:     0 | t: 0.771174 | r:  -508.000000 | e:   1.000000 | Q:        nan | won: False 
#  198 | steps:  2190 | steps_t:     0 | t: 0.787129 | r:  -533.000000 | e:   1.000000 | Q:        nan | won: False 
#  199 | steps:  2200 | steps_t:     0 | t: 0.790106 | r:  -509.000000 | e:   1.000000 | Q:        nan | won: False 
#  200 | steps:  2225 | steps_t:     0 | t: 0.797076 | r:  -513.000000 | e:   1.000000 | Q:        nan | won: False 
#  201 | steps:  2239 | steps_t:     0 | t: 2.730814 | r:  -491.000000 | e:   1.000000 | Q:        nan | won: False 
#  202 | steps:  2248 | steps_t:     0 | t: 5.084550 | r:  -508.000000 | e:   1.000000 | Q:        nan | won: False 
#  203 | steps:  2255 | steps_t:     0 | t: 7.030533 | r:  -506.000000 | e:   1.000000 | Q:        nan | won: False 
#  204 | steps:  2266 | steps_t:     0 | t: 9.527733 | r:  -510.000000 | e:   1.000000 | Q:        nan | won: False 
#  205 | steps:  2277 | steps_t:     0 | t: 12.129709 | r:  -510.000000 | e:   1.000000 | Q:        nan | won: False 
#  206 | steps:  2291 | steps_t:     0 | t: 15.061092 | r:  -513.000000 | e:   1.000000 | Q:        nan | won: False 
#  207 | steps:  2300 | steps_t:     0 | t: 17.267160 | r:  -508.000000 | e:   1.000000 | Q:        nan | won: False 
#  208 | steps:  2307 | steps_t:     0 | t: 19.204247 | r:  -506.000000 | e:   1.000000 | Q:        nan | won: False 
#  209 | steps:  2319 | steps_t:     0 | t: 21.848725 | r:  -511.000000 | e:   1.000000 | Q:        nan | won: False 
#  210 | steps:  2328 | steps_t:     0 | t: 24.133669 | r:  -508.000000 | e:   1.000000 | Q:        nan | won: False 
