#    1 | steps:    12 | steps_t:     0 | t: 0.016869 | r:  -511.000000 | e:   1.000000 | Q:        nan | won: False 
#    2 | steps:    20 | steps_t:     0 | t: 0.019858 | r:  -507.000000 | e:   1.000000 | Q:        nan | won: False 
#    3 | steps:    27 | steps_t:     0 | t: 0.021851 | r:  -506.000000 | e:   1.000000 | Q:        nan | won: False 
#    4 | steps:    38 | steps_t:     0 | t: 0.024433 | r:  -510.000000 | e:   1.000000 | Q:        nan | won: False 
#    5 | steps:    61 | steps_t:     0 | t: 0.030415 | r:  -522.000000 | e:   1.000000 | Q:        nan | won: False 
#    6 | steps:    86 | steps_t:     0 | t: 0.041387 | r:  -524.000000 | e:   1.000000 | Q:        nan | won: False 
#    7 | steps:   103 | steps_t:     0 | t: 0.046366 | r:  -516.000000 | e:   1.000000 | Q:        nan | won: False 
#    8 | steps:   112 | steps_t:     0 | t: 0.049358 | r:  -508.000000 | e:   1.000000 | Q:        nan | won: False 
#    9 | steps:   119 | steps_t:     0 | t: 0.051373 | r:  -506.000000 | e:   1.000000 | Q:        nan | won: False 
#   10 | steps:   127 | steps_t:     0 | t: 0.054507 | r:  -507.000000 | e:   1.000000 | Q:        nan | won: False 
#   11 | steps:   135 | steps_t:     0 | t: 0.056500 | r:  -507.000000 | e:   1.000000 | Q:        nan | won: False 
#   12 | steps:   147 | steps_t:     0 | t: 0.060488 | r:  -511.000000 | e:   1.000000 | Q:        nan | won: False 
#   13 | steps:   161 | steps_t:     0 | t: 0.064476 | r:  -513.000000 | e:   1.000000 | Q:        nan | won: False 
#   14 | steps:   179 | steps_t:     0 | t: 0.070486 | r:  -517.000000 | e:   1.000000 | Q:        nan | won: False 
#   15 | steps:   190 | steps_t:     0 | t: 0.073801 | r:  -510.000000 | e:   1.000000 | Q:        nan | won: False 
#   16 | steps:   196 | steps_t:     0 | t: 0.075789 | r:  -505.000000 | e:   1.000000 | Q:        nan | won: False 
#   17 | steps:   213 | steps_t:     0 | t: 0.079784 | r:  -516.000000 | e:   1.000000 | Q:        nan | won: False 
#   18 | steps:   220 | steps_t:     0 | t: 0.081769 | r:  -506.000000 | e:   1.000000 | Q:        nan | won: False 
#   19 | steps:   229 | steps_t:     0 | t: 0.084759 | r:  -508.000000 | e:   1.000000 | Q:        nan | won: False 
#   20 | steps:   238 | steps_t:     0 | t: 0.087755 | r:  -508.000000 | e:   1.000000 | Q:        nan | won: False 
#   21 | steps:   246 | steps_t:     0 | t: 0.089741 | r:  -507.000000 | e:   1.000000 | Q:        nan | won: False 
#   22 | steps:   264 | steps_t:     0 | t: 0.094723 | r:  -517.000000 | e:   1.000000 | Q:        nan | won: False 
#   23 | steps:   274 | steps_t:     0 | t: 0.097711 | r:  -509.000000 | e:   1.000000 | Q:        nan | won: False 
#   24 | steps:   285 | steps_t:     0 | t: 0.102717 | r:  -510.000000 | e:   1.000000 | Q:        nan | won: False 
#   25 | steps:   292 | steps_t:     0 | t: 0.104693 | r:  -506.000000 | e:   1.000000 | Q:        nan | won: False 
#   26 | steps:   301 | steps_t:     0 | t: 0.107687 | r:  -508.000000 | e:   1.000000 | Q:        nan | won: False 
#   27 | steps:   308 | steps_t:     0 | t: 0.109674 | r:  -506.000000 | e:   1.000000 | Q:        nan | won: False 
#   28 | steps:   318 | steps_t:     0 | t: 0.112672 | r:  -509.000000 | e:   1.000000 | Q:        nan | won: False 
#   29 | steps:   329 | steps_t:     0 | t: 0.115658 | r:  -510.000000 | e:   1.000000 | Q:        nan | won: False 
#   30 | steps:   337 | steps_t:     0 | t: 0.118642 | r:  -507.000000 | e:   1.000000 | Q:        nan | won: False 
#   31 | steps:   359 | steps_t:     0 | t: 0.123636 | r:  -510.000000 | e:   1.000000 | Q:        nan | won: False 
#   32 | steps:   367 | steps_t:     0 | t: 0.126629 | r:  -507.000000 | e:   1.000000 | Q:        nan | won: False 
#   33 | steps:   377 | steps_t:     0 | t: 0.128614 | r:  -509.000000 | e:   1.000000 | Q:        nan | won: False 
#   34 | steps:   385 | steps_t:     0 | t: 0.131557 | r:  -507.000000 | e:   1.000000 | Q:        nan | won: False 
#   35 | steps:   402 | steps_t:     0 | t: 0.137537 | r:  -516.000000 | e:   1.000000 | Q:        nan | won: False 
#   36 | steps:   410 | steps_t:     0 | t: 0.139530 | r:  -507.000000 | e:   1.000000 | Q:        nan | won: False 
#   37 | steps:   416 | steps_t:     0 | t: 0.141524 | r:  -505.000000 | e:   1.000000 | Q:        nan | won: False 
#   38 | steps:   427 | steps_t:     0 | t: 0.144513 | r:  -510.000000 | e:   1.000000 | Q:        nan | won: False 
#   39 | steps:   435 | steps_t:     0 | t: 0.147504 | r:  -507.000000 | e:   1.000000 | Q:        nan | won: False 
#   40 | steps:   442 | steps_t:     0 | t: 0.149497 | r:  -506.000000 | e:   1.000000 | Q:        nan | won: False 
#   41 | steps:   452 | steps_t:     0 | t: 0.153483 | r:  -509.000000 | e:   1.000000 | Q:        nan | won: False 
#   42 | steps:   462 | steps_t:     0 | t: 0.155477 | r:  -509.000000 | e:   1.000000 | Q:        nan | won: False 
#   43 | steps:   480 | steps_t:     0 | t: 0.160460 | r:  -517.000000 | e:   1.000000 | Q:        nan | won: False 
#   44 | steps:   488 | steps_t:     0 | t: 0.163450 | r:  -507.000000 | e:   1.000000 | Q:        nan | won: False 
#   45 | steps:   498 | steps_t:     0 | t: 0.166440 | r:  -509.000000 | e:   1.000000 | Q:        nan | won: False 
#   46 | steps:   507 | steps_t:     0 | t: 0.169430 | r:  -508.000000 | e:   1.000000 | Q:        nan | won: False 
#   47 | steps:   525 | steps_t:     0 | t: 0.174414 | r:  -506.000000 | e:   1.000000 | Q:        nan | won: False 
#   48 | steps:   535 | steps_t:     0 | t: 0.176407 | r:  -509.000000 | e:   1.000000 | Q:        nan | won: False 
#   49 | steps:   543 | steps_t:     0 | t: 0.179396 | r:  -507.000000 | e:   1.000000 | Q:        nan | won: False 
#   50 | steps:   551 | steps_t:     0 | t: 0.181390 | r:  -507.000000 | e:   1.000000 | Q:        nan | won: False 
#   51 | steps:   559 | steps_t:     0 | t: 0.184381 | r:  -507.000000 | e:   1.000000 | Q:        nan | won: False 
#   52 | steps:   568 | steps_t:     0 | t: 0.187370 | r:  -508.000000 | e:   1.000000 | Q:        nan | won: False 
#   53 | steps:   573 | steps_t:     0 | t: 0.189363 | r:  -504.000000 | e:   1.000000 | Q:        nan | won: False 
#   54 | steps:   583 | steps_t:     0 | t: 0.192352 | r:  -509.000000 | e:   1.000000 | Q:        nan | won: False 
#   55 | steps:   594 | steps_t:     0 | t: 0.195409 | r:  -510.000000 | e:   1.000000 | Q:        nan | won: False 
#   56 | steps:   602 | steps_t:     0 | t: 0.198417 | r:  -507.000000 | e:   1.000000 | Q:        nan | won: False 
#   57 | steps:   620 | steps_t:     0 | t: 0.203370 | r:  -517.000000 | e:   1.000000 | Q:        nan | won: False 
#   58 | steps:   630 | steps_t:     0 | t: 0.206356 | r:  -509.000000 | e:   1.000000 | Q:        nan | won: False 
#   59 | steps:   638 | steps_t:     0 | t: 0.208346 | r:  -507.000000 | e:   1.000000 | Q:        nan | won: False 
#   60 | steps:   645 | steps_t:     0 | t: 0.211338 | r:  -506.000000 | e:   1.000000 | Q:        nan | won: False 
#   61 | steps:   659 | steps_t:     0 | t: 0.214349 | r:  -513.000000 | e:   1.000000 | Q:        nan | won: False 
#   62 | steps:   675 | steps_t:     0 | t: 0.219338 | r:  -515.000000 | e:   1.000000 | Q:        nan | won: False 
#   63 | steps:   681 | steps_t:     0 | t: 0.221302 | r:  -505.000000 | e:   1.000000 | Q:        nan | won: False 
#   64 | steps:   689 | steps_t:     0 | t: 0.224308 | r:  -507.000000 | e:   1.000000 | Q:        nan | won: False 
#   65 | steps:   696 | steps_t:     0 | t: 0.226288 | r:  -506.000000 | e:   1.000000 | Q:        nan | won: False 
#   66 | steps:   706 | steps_t:     0 | t: 0.229284 | r:  -509.000000 | e:   1.000000 | Q:        nan | won: False 
#   67 | steps:   718 | steps_t:     0 | t: 0.232270 | r:  -511.000000 | e:   1.000000 | Q:        nan | won: False 
#   68 | steps:   725 | steps_t:     0 | t: 0.235252 | r:  -506.000000 | e:   1.000000 | Q:        nan | won: False 
#   69 | steps:   734 | steps_t:     0 | t: 0.238252 | r:  -508.000000 | e:   1.000000 | Q:        nan | won: False 
#   70 | steps:   744 | steps_t:     0 | t: 0.241163 | r:  -509.000000 | e:   1.000000 | Q:        nan | won: False 
#   71 | steps:   760 | steps_t:     0 | t: 0.245186 | r:  -515.000000 | e:   1.000000 | Q:        nan | won: False 
#   72 | steps:   770 | steps_t:     0 | t: 0.248183 | r:  -509.000000 | e:   1.000000 | Q:        nan | won: False 
#   73 | steps:   776 | steps_t:     0 | t: 0.251124 | r:  -505.000000 | e:   1.000000 | Q:        nan | won: False 
#   74 | steps:   784 | steps_t:     0 | t: 0.253171 | r:  -507.000000 | e:   1.000000 | Q:        nan | won: False 
#   75 | steps:   789 | steps_t:     0 | t: 0.255157 | r:  -504.000000 | e:   1.000000 | Q:        nan | won: False 
#   76 | steps:   808 | steps_t:     0 | t: 0.260164 | r:  -518.000000 | e:   1.000000 | Q:        nan | won: False 
#   77 | steps:   819 | steps_t:     0 | t: 0.263140 | r:  -510.000000 | e:   1.000000 | Q:        nan | won: False 
#   78 | steps:   836 | steps_t:     0 | t: 0.268121 | r:  -505.000000 | e:   1.000000 | Q:        nan | won: False 
#   79 | steps:   843 | steps_t:     0 | t: 0.270114 | r:  -506.000000 | e:   1.000000 | Q:        nan | won: False 
#   80 | steps:   859 | steps_t:     0 | t: 0.275043 | r:  -515.000000 | e:   1.000000 | Q:        nan | won: False 
#   81 | steps:   867 | steps_t:     0 | t: 0.277036 | r:  -507.000000 | e:   1.000000 | Q:        nan | won: False 
#   82 | steps:   876 | steps_t:     0 | t: 0.280026 | r:  -508.000000 | e:   1.000000 | Q:        nan | won: False 
#   83 | steps:   887 | steps_t:     0 | t: 0.284014 | r:  -510.000000 | e:   1.000000 | Q:        nan | won: False 
#   84 | steps:   901 | steps_t:     0 | t: 0.288000 | r:  -502.000000 | e:   1.000000 | Q:        nan | won: False 
#   85 | steps:   922 | steps_t:     0 | t: 0.294036 | r:  -520.000000 | e:   1.000000 | Q:        nan | won: False 
#   86 | steps:   945 | steps_t:     0 | t: 0.299995 | r:  -522.000000 | e:   1.000000 | Q:        nan | won: False 
#   87 | steps:   952 | steps_t:     0 | t: 0.301997 | r:  -506.000000 | e:   1.000000 | Q:        nan | won: False 
#   88 | steps:   960 | steps_t:     0 | t: 0.305971 | r:  -507.000000 | e:   1.000000 | Q:        nan | won: False 
#   89 | steps:   968 | steps_t:     0 | t: 0.308929 | r:  -507.000000 | e:   1.000000 | Q:        nan | won: False 
#   90 | steps:   976 | steps_t:     0 | t: 0.310925 | r:  -507.000000 | e:   1.000000 | Q:        nan | won: False 
#   91 | steps:   984 | steps_t:     0 | t: 0.312919 | r:  -507.000000 | e:   1.000000 | Q:        nan | won: False 
#   92 | steps:  1004 | steps_t:     0 | t: 0.319895 | r:  -519.000000 | e:   1.000000 | Q:        nan | won: False 
#   93 | steps:  1013 | steps_t:     0 | t: 0.322885 | r:  -508.000000 | e:   1.000000 | Q:        nan | won: False 
#   94 | steps:  1020 | steps_t:     0 | t: 0.324878 | r:  -506.000000 | e:   1.000000 | Q:        nan | won: False 
#   95 | steps:  1039 | steps_t:     0 | t: 0.329592 | r:  -518.000000 | e:   1.000000 | Q:        nan | won: False 
#   96 | steps:  1048 | steps_t:     0 | t: 0.333510 | r:  -508.000000 | e:   1.000000 | Q:        nan | won: False 
#   97 | steps:  1054 | steps_t:     0 | t: 0.335557 | r:  -505.000000 | e:   1.000000 | Q:        nan | won: False 
#   98 | steps:  1060 | steps_t:     0 | t: 0.337542 | r:  -505.000000 | e:   1.000000 | Q:        nan | won: False 
#   99 | steps:  1078 | steps_t:     0 | t: 0.342528 | r:  -517.000000 | e:   1.000000 | Q:        nan | won: False 
#  100 | steps:  1086 | steps_t:     0 | t: 0.344519 | r:  -507.000000 | e:   1.000000 | Q:        nan | won: False 
#  101 | steps:  1095 | steps_t:     0 | t: 0.347534 | r:  -508.000000 | e:   1.000000 | Q:        nan | won: False 
#  102 | steps:  1106 | steps_t:     0 | t: 0.351645 | r:  -510.000000 | e:   1.000000 | Q:        nan | won: False 
#  103 | steps:  1118 | steps_t:     0 | t: 0.354501 | r:  -511.000000 | e:   1.000000 | Q:        nan | won: False 
#  104 | steps:  1125 | steps_t:     0 | t: 0.357497 | r:  -506.000000 | e:   1.000000 | Q:        nan | won: False 
#  105 | steps:  1134 | steps_t:     0 | t: 0.359489 | r:  -508.000000 | e:   1.000000 | Q:        nan | won: False 
#  106 | steps:  1157 | steps_t:     0 | t: 0.366516 | r:  -522.000000 | e:   1.000000 | Q:        nan | won: False 
#  107 | steps:  1164 | steps_t:     0 | t: 0.369461 | r:  -506.000000 | e:   1.000000 | Q:        nan | won: False 
#  108 | steps:  1173 | steps_t:     0 | t: 0.372444 | r:  -508.000000 | e:   1.000000 | Q:        nan | won: False 
#  109 | steps:  1184 | steps_t:     0 | t: 0.375439 | r:  -510.000000 | e:   1.000000 | Q:        nan | won: False 
#  110 | steps:  1202 | steps_t:     0 | t: 0.380420 | r:  -517.000000 | e:   1.000000 | Q:        nan | won: False 
#  111 | steps:  1220 | steps_t:     0 | t: 0.385406 | r:  -517.000000 | e:   1.000000 | Q:        nan | won: False 
#  112 | steps:  1226 | steps_t:     0 | t: 0.388395 | r:  -505.000000 | e:   1.000000 | Q:        nan | won: False 
#  113 | steps:  1233 | steps_t:     0 | t: 0.390393 | r:  -506.000000 | e:   1.000000 | Q:        nan | won: False 
#  114 | steps:  1249 | steps_t:     0 | t: 0.394377 | r:  -504.000000 | e:   1.000000 | Q:        nan | won: False 
#  115 | steps:  1268 | steps_t:     0 | t: 0.400286 | r:  -518.000000 | e:   1.000000 | Q:        nan | won: False 
#  116 | steps:  1291 | steps_t:     0 | t: 0.407338 | r:  -522.000000 | e:   1.000000 | Q:        nan | won: False 
#  117 | steps:  1302 | steps_t:     0 | t: 0.410325 | r:  -510.000000 | e:   1.000000 | Q:        nan | won: False 
#  118 | steps:  1307 | steps_t:     0 | t: 0.412314 | r:  -504.000000 | e:   1.000000 | Q:        nan | won: False 
#  119 | steps:  1313 | steps_t:     0 | t: 0.414512 | r:  -505.000000 | e:   1.000000 | Q:        nan | won: False 
#  120 | steps:  1323 | steps_t:     0 | t: 0.417503 | r:  -509.000000 | e:   1.000000 | Q:        nan | won: False 
#  121 | steps:  1331 | steps_t:     0 | t: 0.420511 | r:  -507.000000 | e:   1.000000 | Q:        nan | won: False 
#  122 | steps:  1341 | steps_t:     0 | t: 0.423521 | r:  -509.000000 | e:   1.000000 | Q:        nan | won: False 
#  123 | steps:  1347 | steps_t:     0 | t: 0.425503 | r:  -505.000000 | e:   1.000000 | Q:        nan | won: False 
#  124 | steps:  1357 | steps_t:     0 | t: 0.428542 | r:  -509.000000 | e:   1.000000 | Q:        nan | won: False 
#  125 | steps:  1365 | steps_t:     0 | t: 0.432395 | r:  -507.000000 | e:   1.000000 | Q:        nan | won: False 
#  126 | steps:  1375 | steps_t:     0 | t: 0.435462 | r:  -509.000000 | e:   1.000000 | Q:        nan | won: False 
#  127 | steps:  1383 | steps_t:     0 | t: 0.438462 | r:  -507.000000 | e:   1.000000 | Q:        nan | won: False 
#  128 | steps:  1395 | steps_t:     0 | t: 0.441452 | r:  -511.000000 | e:   1.000000 | Q:        nan | won: False 
#  129 | steps:  1404 | steps_t:     0 | t: 0.444446 | r:  -508.000000 | e:   1.000000 | Q:        nan | won: False 
#  130 | steps:  1411 | steps_t:     0 | t: 0.446405 | r:  -506.000000 | e:   1.000000 | Q:        nan | won: False 
#  131 | steps:  1425 | steps_t:     0 | t: 0.451416 | r:  -502.000000 | e:   1.000000 | Q:        nan | won: False 
#  132 | steps:  1434 | steps_t:     0 | t: 0.454405 | r:  -508.000000 | e:   1.000000 | Q:        nan | won: False 
#  133 | steps:  1447 | steps_t:     0 | t: 0.458400 | r:  -512.000000 | e:   1.000000 | Q:        nan | won: False 
#  134 | steps:  1460 | steps_t:     0 | t: 0.462373 | r:  -512.000000 | e:   1.000000 | Q:        nan | won: False 
#  135 | steps:  1466 | steps_t:     0 | t: 0.464374 | r:  -505.000000 | e:   1.000000 | Q:        nan | won: False 
#  136 | steps:  1481 | steps_t:     0 | t: 0.469353 | r:  -514.000000 | e:   1.000000 | Q:        nan | won: False 
#  137 | steps:  1501 | steps_t:     0 | t: 0.474349 | r:  -519.000000 | e:   1.000000 | Q:        nan | won: False 
#  138 | steps:  1509 | steps_t:     0 | t: 0.477264 | r:  -507.000000 | e:   1.000000 | Q:        nan | won: False 
#  139 | steps:  1518 | steps_t:     0 | t: 0.480319 | r:  -508.000000 | e:   1.000000 | Q:        nan | won: False 
#  140 | steps:  1527 | steps_t:     0 | t: 0.483282 | r:  -508.000000 | e:   1.000000 | Q:        nan | won: False 
#  141 | steps:  1544 | steps_t:     0 | t: 0.488296 | r:  -516.000000 | e:   1.000000 | Q:        nan | won: False 
#  142 | steps:  1564 | steps_t:     0 | t: 0.493272 | r:  -519.000000 | e:   1.000000 | Q:        nan | won: False 
#  143 | steps:  1571 | steps_t:     0 | t: 0.496262 | r:  -506.000000 | e:   1.000000 | Q:        nan | won: False 
#  144 | steps:  1580 | steps_t:     0 | t: 0.498260 | r:  -508.000000 | e:   1.000000 | Q:        nan | won: False 
#  145 | steps:  1595 | steps_t:     0 | t: 0.503245 | r:  -514.000000 | e:   1.000000 | Q:        nan | won: False 
#  146 | steps:  1601 | steps_t:     0 | t: 0.505229 | r:  -505.000000 | e:   1.000000 | Q:        nan | won: False 
#  147 | steps:  1609 | steps_t:     0 | t: 0.508229 | r:  -507.000000 | e:   1.000000 | Q:        nan | won: False 
#  148 | steps:  1615 | steps_t:     0 | t: 0.510200 | r:  -505.000000 | e:   1.000000 | Q:        nan | won: False 
#  149 | steps:  1620 | steps_t:     0 | t: 0.512189 | r:  -504.000000 | e:   1.000000 | Q:        nan | won: False 
#  150 | steps:  1632 | steps_t:     0 | t: 0.515215 | r:  -511.000000 | e:   1.000000 | Q:        nan | won: False 
#  151 | steps:  1642 | steps_t:     0 | t: 0.519169 | r:  -509.000000 | e:   1.000000 | Q:        nan | won: False 
#  152 | steps:  1651 | steps_t:     0 | t: 0.521162 | r:  -508.000000 | e:   1.000000 | Q:        nan | won: False 
#  153 | steps:  1660 | steps_t:     0 | t: 0.524151 | r:  -508.000000 | e:   1.000000 | Q:        nan | won: False 
#  154 | steps:  1672 | steps_t:     0 | t: 0.527136 | r:  -511.000000 | e:   1.000000 | Q:        nan | won: False 
#  155 | steps:  1686 | steps_t:     0 | t: 0.531134 | r:  -513.000000 | e:   1.000000 | Q:        nan | won: False 
#  156 | steps:  1695 | steps_t:     0 | t: 0.534078 | r:  -508.000000 | e:   1.000000 | Q:        nan | won: False 
#  157 | steps:  1719 | steps_t:     0 | t: 0.541505 | r:  -523.000000 | e:   1.000000 | Q:        nan | won: False 
#  158 | steps:  1732 | steps_t:     0 | t: 0.544494 | r:  -512.000000 | e:   1.000000 | Q:        nan | won: False 
#  159 | steps:  1752 | steps_t:     0 | t: 0.550476 | r:  -519.000000 | e:   1.000000 | Q:        nan | won: False 
#  160 | steps:  1769 | steps_t:     0 | t: 0.556313 | r:  -505.000000 | e:   1.000000 | Q:        nan | won: False 
#  161 | steps:  1779 | steps_t:     0 | t: 0.559784 | r:  -509.000000 | e:   1.000000 | Q:        nan | won: False 
#  162 | steps:  1787 | steps_t:     0 | t: 0.562046 | r:  -507.000000 | e:   1.000000 | Q:        nan | won: False 
#  163 | steps:  1794 | steps_t:     0 | t: 0.564036 | r:  -506.000000 | e:   1.000000 | Q:        nan | won: False 
#  164 | steps:  1806 | steps_t:     0 | t: 0.567978 | r:  -511.000000 | e:   1.000000 | Q:        nan | won: False 
#  165 | steps:  1820 | steps_t:     0 | t: 0.571964 | r:  -513.000000 | e:   1.000000 | Q:        nan | won: False 
#  166 | steps:  1827 | steps_t:     0 | t: 0.573957 | r:  -506.000000 | e:   1.000000 | Q:        nan | won: False 
#  167 | steps:  1832 | steps_t:     0 | t: 0.575950 | r:  -504.000000 | e:   1.000000 | Q:        nan | won: False 
#  168 | steps:  1838 | steps_t:     0 | t: 0.577943 | r:  -505.000000 | e:   1.000000 | Q:        nan | won: False 
#  169 | steps:  1863 | steps_t:     0 | t: 0.583917 | r:  -513.000000 | e:   1.000000 | Q:        nan | won: False 
#  170 | steps:  1873 | steps_t:     0 | t: 0.586917 | r:  -509.000000 | e:   1.000000 | Q:        nan | won: False 
#  171 | steps:  1884 | steps_t:     0 | t: 0.589903 | r:  -510.000000 | e:   1.000000 | Q:        nan | won: False 
#  172 | steps:  1891 | steps_t:     0 | t: 0.591897 | r:  -506.000000 | e:   1.000000 | Q:        nan | won: False 
#  173 | steps:  1900 | steps_t:     0 | t: 0.593890 | r:  -508.000000 | e:   1.000000 | Q:        nan | won: False 
#  174 | steps:  1913 | steps_t:     0 | t: 0.597877 | r:  -512.000000 | e:   1.000000 | Q:        nan | won: False 
#  175 | steps:  1922 | steps_t:     0 | t: 0.600859 | r:  -508.000000 | e:   1.000000 | Q:        nan | won: False 
#  176 | steps:  1929 | steps_t:     0 | t: 0.602850 | r:  -506.000000 | e:   1.000000 | Q:        nan | won: False 
#  177 | steps:  1936 | steps_t:     0 | t: 0.604857 | r:  -506.000000 | e:   1.000000 | Q:        nan | won: False 
#  178 | steps:  1957 | steps_t:     0 | t: 0.671676 | r:  -520.000000 | e:   1.000000 | Q:        nan | won: False 
#  179 | steps:  1965 | steps_t:     0 | t: 0.674675 | r:  -507.000000 | e:   1.000000 | Q:        nan | won: False 
#  180 | steps:  1974 | steps_t:     0 | t: 0.677656 | r:  -508.000000 | e:   1.000000 | Q:        nan | won: False 
#  181 | steps:  1980 | steps_t:     0 | t: 0.679653 | r:  -505.000000 | e:   1.000000 | Q:        nan | won: False 
#  182 | steps:  1987 | steps_t:     0 | t: 0.681631 | r:  -506.000000 | e:   1.000000 | Q:        nan | won: False 
#  183 | steps:  2002 | steps_t:     0 | t: 0.685628 | r:  -492.000000 | e:   1.000000 | Q:        nan | won: False 
#  184 | steps:  2009 | steps_t:     0 | t: 0.687610 | r:  -506.000000 | e:   1.000000 | Q:        nan | won: False 
#  185 | steps:  2017 | steps_t:     0 | t: 0.689608 | r:  -507.000000 | e:   1.000000 | Q:        nan | won: False 
#  186 | steps:  2025 | steps_t:     0 | t: 0.691599 | r:  -507.000000 | e:   1.000000 | Q:        nan | won: False 
#  187 | steps:  2033 | steps_t:     0 | t: 0.694606 | r:  -507.000000 | e:   1.000000 | Q:        nan | won: False 
#  188 | steps:  2042 | steps_t:     0 | t: 0.697566 | r:  -508.000000 | e:   1.000000 | Q:        nan | won: False 
#  189 | steps:  2065 | steps_t:     0 | t: 0.704681 | r:  -522.000000 | e:   1.000000 | Q:        nan | won: False 
#  190 | steps:  2081 | steps_t:     0 | t: 0.709080 | r:  -515.000000 | e:   1.000000 | Q:        nan | won: False 
#  191 | steps:  2087 | steps_t:     0 | t: 0.711066 | r:  -505.000000 | e:   1.000000 | Q:        nan | won: False 
#  192 | steps:  2098 | steps_t:     0 | t: 0.714052 | r:  -510.000000 | e:   1.000000 | Q:        nan | won: False 
#  193 | steps:  2106 | steps_t:     0 | t: 0.717024 | r:  -507.000000 | e:   1.000000 | Q:        nan | won: False 
#  194 | steps:  2113 | steps_t:     0 | t: 0.719035 | r:  -506.000000 | e:   1.000000 | Q:        nan | won: False 
#  195 | steps:  2119 | steps_t:     0 | t: 0.722028 | r:  -505.000000 | e:   1.000000 | Q:        nan | won: False 
#  196 | steps:  2127 | steps_t:     0 | t: 0.724020 | r:  -507.000000 | e:   1.000000 | Q:        nan | won: False 
#  197 | steps:  2136 | steps_t:     0 | t: 0.727019 | r:  -508.000000 | e:   1.000000 | Q:        nan | won: False 
#  198 | steps:  2147 | steps_t:     0 | t: 0.730004 | r:  -510.000000 | e:   1.000000 | Q:        nan | won: False 
#  199 | steps:  2155 | steps_t:     0 | t: 0.732962 | r:  -507.000000 | e:   1.000000 | Q:        nan | won: False 
#  200 | steps:  2166 | steps_t:     0 | t: 0.736986 | r:  -510.000000 | e:   1.000000 | Q:        nan | won: False 
#  201 | steps:  2176 | steps_t:     0 | t: 0.739980 | r:  -509.000000 | e:   1.000000 | Q:        nan | won: False 
#  202 | steps:  2183 | steps_t:     0 | t: 0.741969 | r:  -506.000000 | e:   1.000000 | Q:        nan | won: False 
#  203 | steps:  2194 | steps_t:     0 | t: 0.744949 | r:  -510.000000 | e:   1.000000 | Q:        nan | won: False 
#  204 | steps:  2202 | steps_t:     0 | t: 0.747941 | r:  -507.000000 | e:   1.000000 | Q:        nan | won: False 
#  205 | steps:  2218 | steps_t:     0 | t: 0.752920 | r:  -515.000000 | e:   1.000000 | Q:        nan | won: False 
#  206 | steps:  2226 | steps_t:     0 | t: 0.754899 | r:  -507.000000 | e:   1.000000 | Q:        nan | won: False 
#  207 | steps:  2235 | steps_t:     0 | t: 0.757895 | r:  -508.000000 | e:   1.000000 | Q:        nan | won: False 
#  208 | steps:  2248 | steps_t:     0 | t: 0.761891 | r:  -501.000000 | e:   1.000000 | Q:        nan | won: False 
#  209 | steps:  2256 | steps_t:     0 | t: 0.763870 | r:  -507.000000 | e:   1.000000 | Q:        nan | won: False 
#  210 | steps:  2267 | steps_t:     0 | t: 0.767856 | r:  -510.000000 | e:   1.000000 | Q:        nan | won: False 
#  211 | steps:  2272 | steps_t:     0 | t: 0.769851 | r:  -504.000000 | e:   1.000000 | Q:        nan | won: False 
#  212 | steps:  2282 | steps_t:     0 | t: 0.772850 | r:  -509.000000 | e:   1.000000 | Q:        nan | won: False 
#  213 | steps:  2292 | steps_t:     0 | t: 0.775846 | r:  -509.000000 | e:   1.000000 | Q:        nan | won: False 
#  214 | steps:  2301 | steps_t:     0 | t: 0.778773 | r:  -508.000000 | e:   1.000000 | Q:        nan | won: False 
#  215 | steps:  2317 | steps_t:     0 | t: 0.783757 | r:  -515.000000 | e:   1.000000 | Q:        nan | won: False 
#  216 | steps:  2330 | steps_t:     0 | t: 0.787742 | r:  -512.000000 | e:   1.000000 | Q:        nan | won: False 
#  217 | steps:  2338 | steps_t:     0 | t: 0.789736 | r:  -507.000000 | e:   1.000000 | Q:        nan | won: False 
#  218 | steps:  2346 | steps_t:     0 | t: 0.792726 | r:  -507.000000 | e:   1.000000 | Q:        nan | won: False 
#  219 | steps:  2352 | steps_t:     0 | t: 0.794719 | r:  -505.000000 | e:   1.000000 | Q:        nan | won: False 
#  220 | steps:  2359 | steps_t:     0 | t: 0.796713 | r:  -506.000000 | e:   1.000000 | Q:        nan | won: False 
#  221 | steps:  2369 | steps_t:     0 | t: 0.799703 | r:  -509.000000 | e:   1.000000 | Q:        nan | won: False 
#  222 | steps:  2376 | steps_t:     0 | t: 0.802738 | r:  -506.000000 | e:   1.000000 | Q:        nan | won: False 
#  223 | steps:  2384 | steps_t:     0 | t: 0.804733 | r:  -507.000000 | e:   1.000000 | Q:        nan | won: False 
#  224 | steps:  2401 | steps_t:     0 | t: 0.809161 | r:  -516.000000 | e:   1.000000 | Q:        nan | won: False 
#  225 | steps:  2411 | steps_t:     0 | t: 0.813128 | r:  -509.000000 | e:   1.000000 | Q:        nan | won: False 
#  226 | steps:  2423 | steps_t:     0 | t: 0.818115 | r:  -511.000000 | e:   1.000000 | Q:        nan | won: False 
#  227 | steps:  2428 | steps_t:     0 | t: 0.819124 | r:  -504.000000 | e:   1.000000 | Q:        nan | won: False 
#  228 | steps:  2442 | steps_t:     0 | t: 0.823105 | r:  -513.000000 | e:   1.000000 | Q:        nan | won: False 
#  229 | steps:  2455 | steps_t:     0 | t: 0.827107 | r:  -512.000000 | e:   1.000000 | Q:        nan | won: False 
#  230 | steps:  2473 | steps_t:     0 | t: 0.832080 | r:  -517.000000 | e:   1.000000 | Q:        nan | won: False 
#  231 | steps:  2481 | steps_t:     0 | t: 0.835015 | r:  -507.000000 | e:   1.000000 | Q:        nan | won: False 
#  232 | steps:  2490 | steps_t:     0 | t: 0.838048 | r:  -508.000000 | e:   1.000000 | Q:        nan | won: False 
#  233 | steps:  2502 | steps_t:     0 | t: 0.842056 | r:  -511.000000 | e:   1.000000 | Q:        nan | won: False 
#  234 | steps:  2509 | steps_t:     0 | t: 0.844041 | r:  -506.000000 | e:   1.000000 | Q:        nan | won: False 
#  235 | steps:  2520 | steps_t:     0 | t: 0.847021 | r:  -510.000000 | e:   1.000000 | Q:        nan | won: False 
#  236 | steps:  2526 | steps_t:     0 | t: 0.849013 | r:  -505.000000 | e:   1.000000 | Q:        nan | won: False 
#  237 | steps:  2532 | steps_t:     0 | t: 0.852003 | r:  -505.000000 | e:   1.000000 | Q:        nan | won: False 
#  238 | steps:  2540 | steps_t:     0 | t: 0.854007 | r:  -507.000000 | e:   1.000000 | Q:        nan | won: False 
#  239 | steps:  2547 | steps_t:     0 | t: 0.855948 | r:  -506.000000 | e:   1.000000 | Q:        nan | won: False 
#  240 | steps:  2561 | steps_t:     0 | t: 0.859998 | r:  -513.000000 | e:   1.000000 | Q:        nan | won: False 
#  241 | steps:  2568 | steps_t:     0 | t: 0.863114 | r:  -506.000000 | e:   1.000000 | Q:        nan | won: False 
#  242 | steps:  2577 | steps_t:     0 | t: 0.865109 | r:  -508.000000 | e:   1.000000 | Q:        nan | won: False 
#  243 | steps:  2587 | steps_t:     0 | t: 0.869108 | r:  -509.000000 | e:   1.000000 | Q:        nan | won: False 
#  244 | steps:  2596 | steps_t:     0 | t: 0.872033 | r:  -508.000000 | e:   1.000000 | Q:        nan | won: False 
#  245 | steps:  2621 | steps_t:     0 | t: 0.878013 | r:  -524.000000 | e:   1.000000 | Q:        nan | won: False 
#  246 | steps:  2627 | steps_t:     0 | t: 0.880006 | r:  -505.000000 | e:   1.000000 | Q:        nan | won: False 
#  247 | steps:  2637 | steps_t:     0 | t: 0.883721 | r:  -509.000000 | e:   1.000000 | Q:        nan | won: False 
#  248 | steps:  2645 | steps_t:     0 | t: 0.886704 | r:  -507.000000 | e:   1.000000 | Q:        nan | won: False 
#  249 | steps:  2655 | steps_t:     0 | t: 0.889753 | r:  -509.000000 | e:   1.000000 | Q:        nan | won: False 
#  250 | steps:  2666 | steps_t:     0 | t: 0.892709 | r:  -510.000000 | e:   1.000000 | Q:        nan | won: False 
#  251 | steps:  2673 | steps_t:     0 | t: 0.894705 | r:  -506.000000 | e:   1.000000 | Q:        nan | won: False 
#  252 | steps:  2679 | steps_t:     0 | t: 0.896704 | r:  -505.000000 | e:   1.000000 | Q:        nan | won: False 
#  253 | steps:  2685 | steps_t:     0 | t: 0.899723 | r:  -505.000000 | e:   1.000000 | Q:        nan | won: False 
#  254 | steps:  2695 | steps_t:     0 | t: 0.902613 | r:  -509.000000 | e:   1.000000 | Q:        nan | won: False 
#  255 | steps:  2700 | steps_t:     0 | t: 0.904605 | r:  -504.000000 | e:   1.000000 | Q:        nan | won: False 
#  256 | steps:  2711 | steps_t:     0 | t: 0.907647 | r:  -510.000000 | e:   1.000000 | Q:        nan | won: False 
#  257 | steps:  2725 | steps_t:     0 | t: 0.911631 | r:  -513.000000 | e:   1.000000 | Q:        nan | won: False 
#  258 | steps:  2736 | steps_t:     0 | t: 0.914620 | r:  -510.000000 | e:   1.000000 | Q:        nan | won: False 
#  259 | steps:  2750 | steps_t:     0 | t: 0.919561 | r:  -502.000000 | e:   1.000000 | Q:        nan | won: False 
#  260 | steps:  2762 | steps_t:     0 | t: 0.922609 | r:  -511.000000 | e:   1.000000 | Q:        nan | won: False 
#  261 | steps:  2768 | steps_t:     0 | t: 0.924605 | r:  -505.000000 | e:   1.000000 | Q:        nan | won: False 
#  262 | steps:  2774 | steps_t:     0 | t: 0.926596 | r:  -505.000000 | e:   1.000000 | Q:        nan | won: False 
#  263 | steps:  2786 | steps_t:     0 | t: 0.930590 | r:  -511.000000 | e:   1.000000 | Q:        nan | won: False 
#  264 | steps:  2796 | steps_t:     0 | t: 0.933524 | r:  -509.000000 | e:   1.000000 | Q:        nan | won: False 
#  265 | steps:  2810 | steps_t:     0 | t: 0.937568 | r:  -513.000000 | e:   1.000000 | Q:        nan | won: False 
#  266 | steps:  2824 | steps_t:     0 | t: 0.941560 | r:  -513.000000 | e:   1.000000 | Q:        nan | won: False 
#  267 | steps:  2831 | steps_t:     0 | t: 0.943540 | r:  -506.000000 | e:   1.000000 | Q:        nan | won: False 
#  268 | steps:  2847 | steps_t:     0 | t: 0.948534 | r:  -515.000000 | e:   1.000000 | Q:        nan | won: False 
#  269 | steps:  2857 | steps_t:     0 | t: 0.951451 | r:  -509.000000 | e:   1.000000 | Q:        nan | won: False 
#  270 | steps:  2867 | steps_t:     0 | t: 0.954503 | r:  -509.000000 | e:   1.000000 | Q:        nan | won: False 
#  271 | steps:  2882 | steps_t:     0 | t: 0.959494 | r:  -514.000000 | e:   1.000000 | Q:        nan | won: False 
#  272 | steps:  2891 | steps_t:     0 | t: 0.961485 | r:  -508.000000 | e:   1.000000 | Q:        nan | won: False 
#  273 | steps:  2907 | steps_t:     0 | t: 0.966454 | r:  -515.000000 | e:   1.000000 | Q:        nan | won: False 
#  274 | steps:  2919 | steps_t:     0 | t: 0.970465 | r:  -511.000000 | e:   1.000000 | Q:        nan | won: False 
#  275 | steps:  2928 | steps_t:     0 | t: 0.973446 | r:  -508.000000 | e:   1.000000 | Q:        nan | won: False 
#  276 | steps:  2947 | steps_t:     0 | t: 0.978430 | r:  -518.000000 | e:   1.000000 | Q:        nan | won: False 
#  277 | steps:  2962 | steps_t:     0 | t: 0.984329 | r:  -514.000000 | e:   1.000000 | Q:        nan | won: False 
#  278 | steps:  2971 | steps_t:     0 | t: 0.986368 | r:  -508.000000 | e:   1.000000 | Q:        nan | won: False 
#  279 | steps:  2984 | steps_t:     0 | t: 0.990359 | r:  -512.000000 | e:   1.000000 | Q:        nan | won: False 
#  280 | steps:  2991 | steps_t:     0 | t: 0.992365 | r:  -506.000000 | e:   1.000000 | Q:        nan | won: False 
#  281 | steps:  2998 | steps_t:     0 | t: 0.994339 | r:  -506.000000 | e:   1.000000 | Q:        nan | won: False 
#  282 | steps:  3007 | steps_t:     0 | t: 0.997346 | r:  -508.000000 | e:   1.000000 | Q:        nan | won: False 
#  283 | steps:  3016 | steps_t:     0 | t: 1.000277 | r:  -508.000000 | e:   1.000000 | Q:        nan | won: False 
#  284 | steps:  3037 | steps_t:     0 | t: 1.005307 | r:  -520.000000 | e:   1.000000 | Q:        nan | won: False 
#  285 | steps:  3044 | steps_t:     0 | t: 1.008300 | r:  -506.000000 | e:   1.000000 | Q:        nan | won: False 
#  286 | steps:  3055 | steps_t:     0 | t: 1.011286 | r:  -510.000000 | e:   1.000000 | Q:        nan | won: False 
#  287 | steps:  3071 | steps_t:     0 | t: 1.015223 | r:  -515.000000 | e:   1.000000 | Q:        nan | won: False 
#  288 | steps:  3081 | steps_t:     0 | t: 1.019279 | r:  -509.000000 | e:   1.000000 | Q:        nan | won: False 
#  289 | steps:  3091 | steps_t:     0 | t: 1.022278 | r:  -509.000000 | e:   1.000000 | Q:        nan | won: False 
#  290 | steps:  3106 | steps_t:     0 | t: 1.026263 | r:  -503.000000 | e:   1.000000 | Q:        nan | won: False 
#  291 | steps:  3114 | steps_t:     0 | t: 1.028245 | r:  -507.000000 | e:   1.000000 | Q:        nan | won: False 
#  292 | steps:  3120 | steps_t:     0 | t: 1.030238 | r:  -505.000000 | e:   1.000000 | Q:        nan | won: False 
#  293 | steps:  3128 | steps_t:     0 | t: 1.033208 | r:  -507.000000 | e:   1.000000 | Q:        nan | won: False 
#  294 | steps:  3136 | steps_t:     0 | t: 1.036223 | r:  -507.000000 | e:   1.000000 | Q:        nan | won: False 
#  295 | steps:  3142 | steps_t:     0 | t: 1.038213 | r:  -505.000000 | e:   1.000000 | Q:        nan | won: False 
#  296 | steps:  3151 | steps_t:     0 | t: 1.040210 | r:  -508.000000 | e:   1.000000 | Q:        nan | won: False 
#  297 | steps:  3158 | steps_t:     0 | t: 1.042197 | r:  -506.000000 | e:   1.000000 | Q:        nan | won: False 
#  298 | steps:  3170 | steps_t:     0 | t: 1.046125 | r:  -511.000000 | e:   1.000000 | Q:        nan | won: False 
#  299 | steps:  3178 | steps_t:     0 | t: 1.049159 | r:  -507.000000 | e:   1.000000 | Q:        nan | won: False 
#  300 | steps:  3194 | steps_t:     0 | t: 1.054171 | r:  -515.000000 | e:   1.000000 | Q:        nan | won: False 
#  301 | steps:  3204 | steps_t:     0 | t: 1.057155 | r:  -509.000000 | e:   1.000000 | Q:        nan | won: False 
#  302 | steps:  3211 | steps_t:     0 | t: 1.059141 | r:  -506.000000 | e:   1.000000 | Q:        nan | won: False 
#  303 | steps:  3217 | steps_t:     0 | t: 1.061136 | r:  -505.000000 | e:   1.000000 | Q:        nan | won: False 
#  304 | steps:  3224 | steps_t:     0 | t: 1.063136 | r:  -506.000000 | e:   1.000000 | Q:        nan | won: False 
#  305 | steps:  3234 | steps_t:     0 | t: 1.067101 | r:  -509.000000 | e:   1.000000 | Q:        nan | won: False 
#  306 | steps:  3243 | steps_t:     0 | t: 1.070118 | r:  -508.000000 | e:   1.000000 | Q:        nan | won: False 
#  307 | steps:  3255 | steps_t:     0 | t: 1.073107 | r:  -511.000000 | e:   1.000000 | Q:        nan | won: False 
#  308 | steps:  3264 | steps_t:     0 | t: 1.076085 | r:  -508.000000 | e:   1.000000 | Q:        nan | won: False 
#  309 | steps:  3270 | steps_t:     0 | t: 1.078072 | r:  -505.000000 | e:   1.000000 | Q:        nan | won: False 
#  310 | steps:  3277 | steps_t:     0 | t: 1.081068 | r:  -506.000000 | e:   1.000000 | Q:        nan | won: False 
#  311 | steps:  3293 | steps_t:     0 | t: 1.086059 | r:  -504.000000 | e:   1.000000 | Q:        nan | won: False 
#  312 | steps:  3303 | steps_t:     0 | t: 1.089048 | r:  -509.000000 | e:   1.000000 | Q:        nan | won: False 
#  313 | steps:  3312 | steps_t:     0 | t: 1.092049 | r:  -508.000000 | e:   1.000000 | Q:        nan | won: False 
#  314 | steps:  3317 | steps_t:     0 | t: 1.094034 | r:  -504.000000 | e:   1.000000 | Q:        nan | won: False 
#  315 | steps:  3336 | steps_t:     0 | t: 1.099018 | r:  -507.000000 | e:   1.000000 | Q:        nan | won: False 
#  316 | steps:  3343 | steps_t:     0 | t: 1.101996 | r:  -506.000000 | e:   1.000000 | Q:        nan | won: False 
#  317 | steps:  3351 | steps_t:     0 | t: 1.103977 | r:  -507.000000 | e:   1.000000 | Q:        nan | won: False 
#  318 | steps:  3359 | steps_t:     0 | t: 1.106966 | r:  -507.000000 | e:   1.000000 | Q:        nan | won: False 
#  319 | steps:  3401 | steps_t:     0 | t: 1.116904 | r:  -530.000000 | e:   1.000000 | Q:        nan | won: False 
#  320 | steps:  3407 | steps_t:     0 | t: 1.118924 | r:  -505.000000 | e:   1.000000 | Q:        nan | won: False 
#  321 | steps:  3413 | steps_t:     0 | t: 1.120955 | r:  -505.000000 | e:   1.000000 | Q:        nan | won: False 
#  322 | steps:  3425 | steps_t:     0 | t: 1.123912 | r:  -511.000000 | e:   1.000000 | Q:        nan | won: False 
#  323 | steps:  3440 | steps_t:     0 | t: 1.128913 | r:  -514.000000 | e:   1.000000 | Q:        nan | won: False 
#  324 | steps:  3450 | steps_t:     0 | t: 1.131882 | r:  -509.000000 | e:   1.000000 | Q:        nan | won: False 
#  325 | steps:  3459 | steps_t:     0 | t: 1.134880 | r:  -508.000000 | e:   1.000000 | Q:        nan | won: False 
#  326 | steps:  3471 | steps_t:     0 | t: 1.137862 | r:  -500.000000 | e:   1.000000 | Q:        nan | won: False 
#  327 | steps:  3480 | steps_t:     0 | t: 1.140847 | r:  -508.000000 | e:   1.000000 | Q:        nan | won: False 
#  328 | steps:  3496 | steps_t:     0 | t: 1.144847 | r:  -515.000000 | e:   1.000000 | Q:        nan | won: False 
#  329 | steps:  3504 | steps_t:     0 | t: 1.147834 | r:  -507.000000 | e:   1.000000 | Q:        nan | won: False 
#  330 | steps:  3520 | steps_t:     0 | t: 1.152817 | r:  -515.000000 | e:   1.000000 | Q:        nan | won: False 
#  331 | steps:  3530 | steps_t:     0 | t: 1.155805 | r:  -509.000000 | e:   1.000000 | Q:        nan | won: False 
#  332 | steps:  3540 | steps_t:     0 | t: 1.158795 | r:  -509.000000 | e:   1.000000 | Q:        nan | won: False 
#  333 | steps:  3550 | steps_t:     0 | t: 1.160788 | r:  -509.000000 | e:   1.000000 | Q:        nan | won: False 
#  334 | steps:  3557 | steps_t:     0 | t: 1.163779 | r:  -506.000000 | e:   1.000000 | Q:        nan | won: False 
#  335 | steps:  3564 | steps_t:     0 | t: 1.165781 | r:  -506.000000 | e:   1.000000 | Q:        nan | won: False 
#  336 | steps:  3571 | steps_t:     0 | t: 1.167757 | r:  -506.000000 | e:   1.000000 | Q:        nan | won: False 
#  337 | steps:  3579 | steps_t:     0 | t: 1.170754 | r:  -507.000000 | e:   1.000000 | Q:        nan | won: False 
#  338 | steps:  3586 | steps_t:     0 | t: 1.172803 | r:  -506.000000 | e:   1.000000 | Q:        nan | won: False 
#  339 | steps:  3594 | steps_t:     0 | t: 1.174751 | r:  -507.000000 | e:   1.000000 | Q:        nan | won: False 
#  340 | steps:  3609 | steps_t:     0 | t: 1.178719 | r:  -514.000000 | e:   1.000000 | Q:        nan | won: False 
#  341 | steps:  3615 | steps_t:     0 | t: 1.180722 | r:  -505.000000 | e:   1.000000 | Q:        nan | won: False 
#  342 | steps:  3621 | steps_t:     0 | t: 1.183707 | r:  -505.000000 | e:   1.000000 | Q:        nan | won: False 
#  343 | steps:  3628 | steps_t:     0 | t: 1.185697 | r:  -506.000000 | e:   1.000000 | Q:        nan | won: False 
#  344 | steps:  3636 | steps_t:     0 | t: 1.187690 | r:  -507.000000 | e:   1.000000 | Q:        nan | won: False 
#  345 | steps:  3647 | steps_t:     0 | t: 1.190688 | r:  -510.000000 | e:   1.000000 | Q:        nan | won: False 
#  346 | steps:  3655 | steps_t:     0 | t: 1.193678 | r:  -507.000000 | e:   1.000000 | Q:        nan | won: False 
#  347 | steps:  3662 | steps_t:     0 | t: 1.195674 | r:  -506.000000 | e:   1.000000 | Q:        nan | won: False 
#  348 | steps:  3670 | steps_t:     0 | t: 1.197673 | r:  -507.000000 | e:   1.000000 | Q:        nan | won: False 
#  349 | steps:  3679 | steps_t:     0 | t: 1.200608 | r:  -508.000000 | e:   1.000000 | Q:        nan | won: False 
#  350 | steps:  3687 | steps_t:     0 | t: 1.203648 | r:  -507.000000 | e:   1.000000 | Q:        nan | won: False 
#  351 | steps:  3693 | steps_t:     0 | t: 1.205645 | r:  -505.000000 | e:   1.000000 | Q:        nan | won: False 
#  352 | steps:  3704 | steps_t:     0 | t: 1.208627 | r:  -510.000000 | e:   1.000000 | Q:        nan | won: False 
#  353 | steps:  3715 | steps_t:     0 | t: 1.211621 | r:  -510.000000 | e:   1.000000 | Q:        nan | won: False 
#  354 | steps:  3724 | steps_t:     0 | t: 1.214614 | r:  -508.000000 | e:   1.000000 | Q:        nan | won: False 
#  355 | steps:  3731 | steps_t:     0 | t: 1.216554 | r:  -506.000000 | e:   1.000000 | Q:        nan | won: False 
#  356 | steps:  3739 | steps_t:     0 | t: 1.219591 | r:  -507.000000 | e:   1.000000 | Q:        nan | won: False 
#  357 | steps:  3761 | steps_t:     0 | t: 1.224575 | r:  -510.000000 | e:   1.000000 | Q:        nan | won: False 
#  358 | steps:  3780 | steps_t:     0 | t: 1.229564 | r:  -518.000000 | e:   1.000000 | Q:        nan | won: False 
#  359 | steps:  3796 | steps_t:     0 | t: 1.234533 | r:  -515.000000 | e:   1.000000 | Q:        nan | won: False 
#  360 | steps:  3803 | steps_t:     0 | t: 1.236541 | r:  -506.000000 | e:   1.000000 | Q:        nan | won: False 
#  361 | steps:  3813 | steps_t:     0 | t: 1.239518 | r:  -509.000000 | e:   1.000000 | Q:        nan | won: False 
#  362 | steps:  3818 | steps_t:     0 | t: 1.241675 | r:  -504.000000 | e:   1.000000 | Q:        nan | won: False 
#  363 | steps:  3825 | steps_t:     0 | t: 1.243668 | r:  -506.000000 | e:   1.000000 | Q:        nan | won: False 
#  364 | steps:  3833 | steps_t:     0 | t: 1.245663 | r:  -507.000000 | e:   1.000000 | Q:        nan | won: False 
#  365 | steps:  3849 | steps_t:     0 | t: 1.250645 | r:  -515.000000 | e:   1.000000 | Q:        nan | won: False 
#  366 | steps:  3870 | steps_t:     0 | t: 1.256657 | r:  -520.000000 | e:   1.000000 | Q:        nan | won: False 
#  367 | steps:  3883 | steps_t:     0 | t: 1.259620 | r:  -512.000000 | e:   1.000000 | Q:        nan | won: False 
#  368 | steps:  3889 | steps_t:     0 | t: 1.261609 | r:  -505.000000 | e:   1.000000 | Q:        nan | won: False 
#  369 | steps:  3902 | steps_t:     0 | t: 1.265606 | r:  -512.000000 | e:   1.000000 | Q:        nan | won: False 
#  370 | steps:  3917 | steps_t:     0 | t: 1.269613 | r:  -514.000000 | e:   1.000000 | Q:        nan | won: False 
#  371 | steps:  3925 | steps_t:     0 | t: 1.272589 | r:  -507.000000 | e:   1.000000 | Q:        nan | won: False 
#  372 | steps:  3940 | steps_t:     0 | t: 1.276570 | r:  -503.000000 | e:   1.000000 | Q:        nan | won: False 
#  373 | steps:  3945 | steps_t:     0 | t: 1.278565 | r:  -504.000000 | e:   1.000000 | Q:        nan | won: False 
#  374 | steps:  3960 | steps_t:     0 | t: 1.282679 | r:  -514.000000 | e:   1.000000 | Q:        nan | won: False 
#  375 | steps:  3976 | steps_t:     0 | t: 1.288283 | r:  -504.000000 | e:   1.000000 | Q:        nan | won: False 
#  376 | steps:  3984 | steps_t:     0 | t: 1.290265 | r:  -507.000000 | e:   1.000000 | Q:        nan | won: False 
#  377 | steps:  3994 | steps_t:     0 | t: 1.294266 | r:  -509.000000 | e:   1.000000 | Q:        nan | won: False 
#  378 | steps:  4002 | steps_t:     0 | t: 1.296245 | r:  -507.000000 | e:   1.000000 | Q:        nan | won: False 
#  379 | steps:  4008 | steps_t:     0 | t: 1.299185 | r:  -505.000000 | e:   1.000000 | Q:        nan | won: False 
#  380 | steps:  4016 | steps_t:     0 | t: 1.302222 | r:  -507.000000 | e:   1.000000 | Q:        nan | won: False 
#  381 | steps:  4024 | steps_t:     0 | t: 1.305228 | r:  -507.000000 | e:   1.000000 | Q:        nan | won: False 
#  382 | steps:  4049 | steps_t:     0 | t: 1.311185 | r:  -513.000000 | e:   1.000000 | Q:        nan | won: False 
#  383 | steps:  4061 | steps_t:     0 | t: 1.314178 | r:  -511.000000 | e:   1.000000 | Q:        nan | won: False 
#  384 | steps:  4073 | steps_t:     0 | t: 1.319109 | r:  -511.000000 | e:   1.000000 | Q:        nan | won: False 
#  385 | steps:  4081 | steps_t:     0 | t: 1.322147 | r:  -507.000000 | e:   1.000000 | Q:        nan | won: False 
#  386 | steps:  4090 | steps_t:     0 | t: 1.324141 | r:  -508.000000 | e:   1.000000 | Q:        nan | won: False 
#  387 | steps:  4100 | steps_t:     0 | t: 1.327131 | r:  -509.000000 | e:   1.000000 | Q:        nan | won: False 
#  388 | steps:  4115 | steps_t:     0 | t: 1.331133 | r:  -514.000000 | e:   1.000000 | Q:        nan | won: False 
#  389 | steps:  4126 | steps_t:     0 | t: 1.335096 | r:  -510.000000 | e:   1.000000 | Q:        nan | won: False 
#  390 | steps:  4144 | steps_t:     0 | t: 1.340091 | r:  -517.000000 | e:   1.000000 | Q:        nan | won: False 
#  391 | steps:  4149 | steps_t:     0 | t: 1.342078 | r:  -504.000000 | e:   1.000000 | Q:        nan | won: False 
#  392 | steps:  4157 | steps_t:     0 | t: 1.344073 | r:  -507.000000 | e:   1.000000 | Q:        nan | won: False 
#  393 | steps:  4166 | steps_t:     0 | t: 1.347058 | r:  -508.000000 | e:   1.000000 | Q:        nan | won: False 
#  394 | steps:  4180 | steps_t:     0 | t: 1.351070 | r:  -513.000000 | e:   1.000000 | Q:        nan | won: False 
#  395 | steps:  4192 | steps_t:     0 | t: 1.355043 | r:  -511.000000 | e:   1.000000 | Q:        nan | won: False 
#  396 | steps:  4199 | steps_t:     0 | t: 1.357037 | r:  -506.000000 | e:   1.000000 | Q:        nan | won: False 
#  397 | steps:  4208 | steps_t:     0 | t: 1.360028 | r:  -508.000000 | e:   1.000000 | Q:        nan | won: False 
#  398 | steps:  4221 | steps_t:     0 | t: 1.363021 | r:  -512.000000 | e:   1.000000 | Q:        nan | won: False 
#  399 | steps:  4232 | steps_t:     0 | t: 1.366988 | r:  -510.000000 | e:   1.000000 | Q:        nan | won: False 
#  400 | steps:  4239 | steps_t:     0 | t: 1.368985 | r:  -506.000000 | e:   1.000000 | Q:        nan | won: False 
#  401 | steps:  4256 | steps_t:     0 | t: 1.373973 | r:  -516.000000 | e:   1.000000 | Q:        nan | won: False 
#  402 | steps:  4265 | steps_t:     0 | t: 1.375958 | r:  -508.000000 | e:   1.000000 | Q:        nan | won: False 
#  403 | steps:  4275 | steps_t:     0 | t: 1.379975 | r:  -509.000000 | e:   1.000000 | Q:        nan | won: False 
#  404 | steps:  4287 | steps_t:     0 | t: 1.383955 | r:  -511.000000 | e:   1.000000 | Q:        nan | won: False 
#  405 | steps:  4295 | steps_t:     0 | t: 1.385926 | r:  -507.000000 | e:   1.000000 | Q:        nan | won: False 
#  406 | steps:  4308 | steps_t:     0 | t: 1.389920 | r:  -512.000000 | e:   1.000000 | Q:        nan | won: False 
#  407 | steps:  4316 | steps_t:     0 | t: 1.391910 | r:  -507.000000 | e:   1.000000 | Q:        nan | won: False 
#  408 | steps:  4324 | steps_t:     0 | t: 1.393916 | r:  -507.000000 | e:   1.000000 | Q:        nan | won: False 
#  409 | steps:  4332 | steps_t:     0 | t: 1.396926 | r:  -507.000000 | e:   1.000000 | Q:        nan | won: False 
#  410 | steps:  4344 | steps_t:     0 | t: 1.400882 | r:  -511.000000 | e:   1.000000 | Q:        nan | won: False 
#  411 | steps:  4363 | steps_t:     0 | t: 1.405860 | r:  -518.000000 | e:   1.000000 | Q:        nan | won: False 
#  412 | steps:  4369 | steps_t:     0 | t: 1.407852 | r:  -505.000000 | e:   1.000000 | Q:        nan | won: False 
#  413 | steps:  4379 | steps_t:     0 | t: 1.410853 | r:  -509.000000 | e:   1.000000 | Q:        nan | won: False 
#  414 | steps:  4389 | steps_t:     0 | t: 1.413853 | r:  -509.000000 | e:   1.000000 | Q:        nan | won: False 
#  415 | steps:  4412 | steps_t:     0 | t: 1.419830 | r:  -522.000000 | e:   1.000000 | Q:        nan | won: False 
#  416 | steps:  4420 | steps_t:     0 | t: 1.422811 | r:  -507.000000 | e:   1.000000 | Q:        nan | won: False 
#  417 | steps:  4437 | steps_t:     0 | t: 1.428405 | r:  -516.000000 | e:   1.000000 | Q:        nan | won: False 
#  418 | steps:  4444 | steps_t:     0 | t: 1.430765 | r:  -506.000000 | e:   1.000000 | Q:        nan | won: False 
#  419 | steps:  4458 | steps_t:     0 | t: 1.434747 | r:  -513.000000 | e:   1.000000 | Q:        nan | won: False 
#  420 | steps:  4465 | steps_t:     0 | t: 1.437737 | r:  -506.000000 | e:   1.000000 | Q:        nan | won: False 
#  421 | steps:  4484 | steps_t:     0 | t: 1.442721 | r:  -507.000000 | e:   1.000000 | Q:        nan | won: False 
#  422 | steps:  4489 | steps_t:     0 | t: 1.444714 | r:  -504.000000 | e:   1.000000 | Q:        nan | won: False 
#  423 | steps:  4495 | steps_t:     0 | t: 1.446707 | r:  -505.000000 | e:   1.000000 | Q:        nan | won: False 
#  424 | steps:  4502 | steps_t:     0 | t: 1.448701 | r:  -506.000000 | e:   1.000000 | Q:        nan | won: False 
#  425 | steps:  4509 | steps_t:     0 | t: 1.451691 | r:  -506.000000 | e:   1.000000 | Q:        nan | won: False 
#  426 | steps:  4517 | steps_t:     0 | t: 1.453684 | r:  -507.000000 | e:   1.000000 | Q:        nan | won: False 
#  427 | steps:  4525 | steps_t:     0 | t: 1.455678 | r:  -507.000000 | e:   1.000000 | Q:        nan | won: False 
#  428 | steps:  4533 | steps_t:     0 | t: 1.458668 | r:  -507.000000 | e:   1.000000 | Q:        nan | won: False 
#  429 | steps:  4540 | steps_t:     0 | t: 1.460661 | r:  -506.000000 | e:   1.000000 | Q:        nan | won: False 
#  430 | steps:  4563 | steps_t:     0 | t: 1.466648 | r:  -522.000000 | e:   1.000000 | Q:        nan | won: False 
#  431 | steps:  4579 | steps_t:     0 | t: 1.471624 | r:  -515.000000 | e:   1.000000 | Q:        nan | won: False 
#  432 | steps:  4586 | steps_t:     0 | t: 1.473669 | r:  -506.000000 | e:   1.000000 | Q:        nan | won: False 
#  433 | steps:  4596 | steps_t:     0 | t: 1.476654 | r:  -509.000000 | e:   1.000000 | Q:        nan | won: False 
#  434 | steps:  4612 | steps_t:     0 | t: 1.480649 | r:  -515.000000 | e:   1.000000 | Q:        nan | won: False 
#  435 | steps:  4622 | steps_t:     0 | t: 1.483627 | r:  -509.000000 | e:   1.000000 | Q:        nan | won: False 
#  436 | steps:  4629 | steps_t:     0 | t: 1.486619 | r:  -506.000000 | e:   1.000000 | Q:        nan | won: False 
#  437 | steps:  4636 | steps_t:     0 | t: 1.488632 | r:  -506.000000 | e:   1.000000 | Q:        nan | won: False 
#  438 | steps:  4647 | steps_t:     0 | t: 1.491621 | r:  -510.000000 | e:   1.000000 | Q:        nan | won: False 
#  439 | steps:  4663 | steps_t:     0 | t: 1.496596 | r:  -515.000000 | e:   1.000000 | Q:        nan | won: False 
#  440 | steps:  4677 | steps_t:     0 | t: 1.500573 | r:  -502.000000 | e:   1.000000 | Q:        nan | won: False 
#  441 | steps:  4683 | steps_t:     0 | t: 1.502569 | r:  -505.000000 | e:   1.000000 | Q:        nan | won: False 
#  442 | steps:  4690 | steps_t:     0 | t: 1.504522 | r:  -506.000000 | e:   1.000000 | Q:        nan | won: False 
#  443 | steps:  4703 | steps_t:     0 | t: 1.508506 | r:  -501.000000 | e:   1.000000 | Q:        nan | won: False 
#  444 | steps:  4725 | steps_t:     0 | t: 1.513489 | r:  -521.000000 | e:   1.000000 | Q:        nan | won: False 
#  445 | steps:  4734 | steps_t:     0 | t: 1.516476 | r:  -508.000000 | e:   1.000000 | Q:        nan | won: False 
#  446 | steps:  4743 | steps_t:     0 | t: 1.519465 | r:  -508.000000 | e:   1.000000 | Q:        nan | won: False 
#  447 | steps:  4763 | steps_t:     0 | t: 1.524453 | r:  -508.000000 | e:   1.000000 | Q:        nan | won: False 
#  448 | steps:  4779 | steps_t:     0 | t: 1.528440 | r:  -504.000000 | e:   1.000000 | Q:        nan | won: False 
#  449 | steps:  4792 | steps_t:     0 | t: 1.532431 | r:  -512.000000 | e:   1.000000 | Q:        nan | won: False 
#  450 | steps:  4801 | steps_t:     0 | t: 1.535422 | r:  -508.000000 | e:   1.000000 | Q:        nan | won: False 
#  451 | steps:  4811 | steps_t:     0 | t: 1.538406 | r:  -509.000000 | e:   1.000000 | Q:        nan | won: False 
#  452 | steps:  4833 | steps_t:     0 | t: 1.543389 | r:  -521.000000 | e:   1.000000 | Q:        nan | won: False 
#  453 | steps:  4841 | steps_t:     0 | t: 1.545382 | r:  -507.000000 | e:   1.000000 | Q:        nan | won: False 
#  454 | steps:  4850 | steps_t:     0 | t: 1.548373 | r:  -508.000000 | e:   1.000000 | Q:        nan | won: False 
#  455 | steps:  4891 | steps_t:     0 | t: 1.558384 | r:  -529.000000 | e:   1.000000 | Q:        nan | won: False 
#  456 | steps:  4899 | steps_t:     0 | t: 1.561380 | r:  -507.000000 | e:   1.000000 | Q:        nan | won: False 
#  457 | steps:  4909 | steps_t:     0 | t: 1.563382 | r:  -509.000000 | e:   1.000000 | Q:        nan | won: False 
#  458 | steps:  4920 | steps_t:     0 | t: 1.567349 | r:  -510.000000 | e:   1.000000 | Q:        nan | won: False 
#  459 | steps:  4926 | steps_t:     0 | t: 1.569339 | r:  -505.000000 | e:   1.000000 | Q:        nan | won: False 
#  460 | steps:  4936 | steps_t:     0 | t: 1.572333 | r:  -509.000000 | e:   1.000000 | Q:        nan | won: False 
#  461 | steps:  4946 | steps_t:     0 | t: 1.575323 | r:  -509.000000 | e:   1.000000 | Q:        nan | won: False 
#  462 | steps:  4955 | steps_t:     0 | t: 1.577315 | r:  -508.000000 | e:   1.000000 | Q:        nan | won: False 
#  463 | steps:  4961 | steps_t:     0 | t: 1.579310 | r:  -505.000000 | e:   1.000000 | Q:        nan | won: False 
#  464 | steps:  4967 | steps_t:     0 | t: 1.581306 | r:  -505.000000 | e:   1.000000 | Q:        nan | won: False 
#  465 | steps:  4976 | steps_t:     0 | t: 1.584519 | r:  -508.000000 | e:   1.000000 | Q:        nan | won: False 
#  466 | steps:  4987 | steps_t:     0 | t: 1.588485 | r:  -510.000000 | e:   1.000000 | Q:        nan | won: False 
#  467 | steps:  4994 | steps_t:     0 | t: 1.590474 | r:  -506.000000 | e:   1.000000 | Q:        nan | won: False 
#  468 | steps:  5004 | steps_t:     0 | t: 1.593475 | r:  -509.000000 | e:   1.000000 | Q:        nan | won: False 
#  469 | steps:  5011 | steps_t:     0 | t: 1.594461 | r:  -506.000000 | e:   1.000000 | Q:        nan | won: False 
#  470 | steps:  5017 | steps_t:     0 | t: 1.596454 | r:  -505.000000 | e:   1.000000 | Q:        nan | won: False 
#  471 | steps:  5028 | steps_t:     0 | t: 1.600442 | r:  -510.000000 | e:   1.000000 | Q:        nan | won: False 
#  472 | steps:  5036 | steps_t:     0 | t: 1.602434 | r:  -507.000000 | e:   1.000000 | Q:        nan | won: False 
#  473 | steps:  5045 | steps_t:     0 | t: 1.605436 | r:  -508.000000 | e:   1.000000 | Q:        nan | won: False 
#  474 | steps:  5053 | steps_t:     0 | t: 1.607419 | r:  -507.000000 | e:   1.000000 | Q:        nan | won: False 
#  475 | steps:  5059 | steps_t:     0 | t: 1.609433 | r:  -505.000000 | e:   1.000000 | Q:        nan | won: False 
#  476 | steps:  5064 | steps_t:     0 | t: 1.611406 | r:  -504.000000 | e:   1.000000 | Q:        nan | won: False 
#  477 | steps:  5072 | steps_t:     0 | t: 1.613408 | r:  -507.000000 | e:   1.000000 | Q:        nan | won: False 
#  478 | steps:  5084 | steps_t:     0 | t: 1.617345 | r:  -511.000000 | e:   1.000000 | Q:        nan | won: False 
#  479 | steps:  5091 | steps_t:     0 | t: 1.619386 | r:  -506.000000 | e:   1.000000 | Q:        nan | won: False 
#  480 | steps:  5098 | steps_t:     0 | t: 1.621372 | r:  -506.000000 | e:   1.000000 | Q:        nan | won: False 
#  481 | steps:  5112 | steps_t:     0 | t: 1.625365 | r:  -513.000000 | e:   1.000000 | Q:        nan | won: False 
#  482 | steps:  5151 | steps_t:     0 | t: 1.635340 | r:  -538.000000 | e:   1.000000 | Q:        nan | won: False 
#  483 | steps:  5156 | steps_t:     0 | t: 1.637332 | r:  -504.000000 | e:   1.000000 | Q:        nan | won: False 
#  484 | steps:  5162 | steps_t:     0 | t: 1.639317 | r:  -505.000000 | e:   1.000000 | Q:        nan | won: False 
#  485 | steps:  5178 | steps_t:     0 | t: 1.643309 | r:  -504.000000 | e:   1.000000 | Q:        nan | won: False 
#  486 | steps:  5186 | steps_t:     0 | t: 1.646291 | r:  -507.000000 | e:   1.000000 | Q:        nan | won: False 
#  487 | steps:  5199 | steps_t:     0 | t: 1.651231 | r:  -512.000000 | e:   1.000000 | Q:        nan | won: False 
#  488 | steps:  5206 | steps_t:     0 | t: 1.653224 | r:  -506.000000 | e:   1.000000 | Q:        nan | won: False 
#  489 | steps:  5219 | steps_t:     0 | t: 1.657260 | r:  -512.000000 | e:   1.000000 | Q:        nan | won: False 
#  490 | steps:  5233 | steps_t:     0 | t: 1.660249 | r:  -513.000000 | e:   1.000000 | Q:        nan | won: False 
#  491 | steps:  5243 | steps_t:     0 | t: 1.663235 | r:  -509.000000 | e:   1.000000 | Q:        nan | won: False 
#  492 | steps:  5257 | steps_t:     0 | t: 1.668218 | r:  -513.000000 | e:   1.000000 | Q:        nan | won: False 
#  493 | steps:  5278 | steps_t:     0 | t: 1.673207 | r:  -520.000000 | e:   1.000000 | Q:        nan | won: False 
#  494 | steps:  5285 | steps_t:     0 | t: 1.675192 | r:  -506.000000 | e:   1.000000 | Q:        nan | won: False 
#  495 | steps:  5293 | steps_t:     0 | t: 1.677189 | r:  -507.000000 | e:   1.000000 | Q:        nan | won: False 
#  496 | steps:  5298 | steps_t:     0 | t: 1.682127 | r:  -504.000000 | e:   1.000000 | Q:        nan | won: False 
#  497 | steps:  5307 | steps_t:     0 | t: 1.685183 | r:  -508.000000 | e:   1.000000 | Q:        nan | won: False 
#  498 | steps:  5316 | steps_t:     0 | t: 1.688171 | r:  -508.000000 | e:   1.000000 | Q:        nan | won: False 
#  499 | steps:  5325 | steps_t:     0 | t: 1.691144 | r:  -508.000000 | e:   1.000000 | Q:        nan | won: False 
#  500 | steps:  5333 | steps_t:     0 | t: 1.693135 | r:  -507.000000 | e:   1.000000 | Q:        nan | won: False 
#  501 | steps:  5339 | steps_t:     0 | t: 2.534041 | r:  -505.000000 | e:   1.000000 | Q:        nan | won: False 
#  502 | steps:  5359 | steps_t:     0 | t: 6.411289 | r:  -519.000000 | e:   1.000000 | Q:        nan | won: False 
#  503 | steps:  5369 | steps_t:     0 | t: 8.769376 | r:  -509.000000 | e:   1.000000 | Q:        nan | won: False 
#  504 | steps:  5376 | steps_t:     0 | t: 10.698069 | r:  -506.000000 | e:   1.000000 | Q:        nan | won: False 
#  505 | steps:  5395 | steps_t:     0 | t: 14.452420 | r:  -518.000000 | e:   1.000000 | Q:        nan | won: False 
#  506 | steps:  5403 | steps_t:     0 | t: 16.557833 | r:  -507.000000 | e:   1.000000 | Q:        nan | won: False 
#  507 | steps:  5411 | steps_t:     0 | t: 18.623274 | r:  -507.000000 | e:   1.000000 | Q:        nan | won: False 
#  508 | steps:  5418 | steps_t:     0 | t: 20.556748 | r:  -506.000000 | e:   1.000000 | Q:        nan | won: False 
#  509 | steps:  5425 | steps_t:     0 | t: 22.493136 | r:  -506.000000 | e:   1.000000 | Q:        nan | won: False 
#  510 | steps:  5432 | steps_t:     0 | t: 24.438061 | r:  -506.000000 | e:   1.000000 | Q:        nan | won: False 
