#    1 | steps:    10 | steps_t:     0 | t: 0.015746 | r:  -509.000000 | e:   1.000000 | Q:        nan | won: False 
#    2 | steps:    31 | steps_t:     0 | t: 0.020729 | r:  -520.000000 | e:   1.000000 | Q:        nan | won: False 
#    3 | steps:    40 | steps_t:     0 | t: 0.023719 | r:  -508.000000 | e:   1.000000 | Q:        nan | won: False 
#    4 | steps:    48 | steps_t:     0 | t: 0.025712 | r:  -507.000000 | e:   1.000000 | Q:        nan | won: False 
#    5 | steps:    59 | steps_t:     0 | t: 0.028702 | r:  -510.000000 | e:   1.000000 | Q:        nan | won: False 
#    6 | steps:    66 | steps_t:     0 | t: 0.031695 | r:  -506.000000 | e:   1.000000 | Q:        nan | won: False 
#    7 | steps:    74 | steps_t:     0 | t: 0.033688 | r:  -507.000000 | e:   1.000000 | Q:        nan | won: False 
#    8 | steps:    84 | steps_t:     0 | t: 0.036678 | r:  -509.000000 | e:   1.000000 | Q:        nan | won: False 
#    9 | steps:    98 | steps_t:     0 | t: 0.039668 | r:  -513.000000 | e:   1.000000 | Q:        nan | won: False 
#   10 | steps:   104 | steps_t:     0 | t: 0.040665 | r:  -505.000000 | e:   1.000000 | Q:        nan | won: False 
#   11 | steps:   115 | steps_t:     0 | t: 0.044652 | r:  -510.000000 | e:   1.000000 | Q:        nan | won: False 
#   12 | steps:   121 | steps_t:     0 | t: 0.045648 | r:  -505.000000 | e:   1.000000 | Q:        nan | won: False 
#   13 | steps:   141 | steps_t:     0 | t: 0.050631 | r:  -519.000000 | e:   1.000000 | Q:        nan | won: False 
#   14 | steps:   154 | steps_t:     0 | t: 0.054618 | r:  -512.000000 | e:   1.000000 | Q:        nan | won: False 
#   15 | steps:   168 | steps_t:     0 | t: 0.058605 | r:  -513.000000 | e:   1.000000 | Q:        nan | won: False 
#   16 | steps:   175 | steps_t:     0 | t: 0.060598 | r:  -506.000000 | e:   1.000000 | Q:        nan | won: False 
#   17 | steps:   194 | steps_t:     0 | t: 0.064584 | r:  -518.000000 | e:   1.000000 | Q:        nan | won: False 
#   18 | steps:   215 | steps_t:     0 | t: 0.070565 | r:  -520.000000 | e:   1.000000 | Q:        nan | won: False 
#   19 | steps:   222 | steps_t:     0 | t: 0.072558 | r:  -506.000000 | e:   1.000000 | Q:        nan | won: False 
#   20 | steps:   230 | steps_t:     0 | t: 0.074551 | r:  -507.000000 | e:   1.000000 | Q:        nan | won: False 
#   21 | steps:   242 | steps_t:     0 | t: 0.077541 | r:  -511.000000 | e:   1.000000 | Q:        nan | won: False 
#   22 | steps:   252 | steps_t:     0 | t: 0.079535 | r:  -509.000000 | e:   1.000000 | Q:        nan | won: False 
#   23 | steps:   268 | steps_t:     0 | t: 0.083521 | r:  -504.000000 | e:   1.000000 | Q:        nan | won: False 
#   24 | steps:   293 | steps_t:     0 | t: 0.089501 | r:  -524.000000 | e:   1.000000 | Q:        nan | won: False 
#   25 | steps:   305 | steps_t:     0 | t: 0.092491 | r:  -511.000000 | e:   1.000000 | Q:        nan | won: False 
#   26 | steps:   316 | steps_t:     0 | t: 0.095481 | r:  -510.000000 | e:   1.000000 | Q:        nan | won: False 
#   27 | steps:   324 | steps_t:     0 | t: 0.098471 | r:  -507.000000 | e:   1.000000 | Q:        nan | won: False 
#   28 | steps:   335 | steps_t:     0 | t: 0.100465 | r:  -510.000000 | e:   1.000000 | Q:        nan | won: False 
#   29 | steps:   345 | steps_t:     0 | t: 0.103455 | r:  -509.000000 | e:   1.000000 | Q:        nan | won: False 
#   30 | steps:   357 | steps_t:     0 | t: 0.106445 | r:  -511.000000 | e:   1.000000 | Q:        nan | won: False 
#   31 | steps:   366 | steps_t:     0 | t: 0.109435 | r:  -508.000000 | e:   1.000000 | Q:        nan | won: False 
#   32 | steps:   376 | steps_t:     0 | t: 0.111428 | r:  -509.000000 | e:   1.000000 | Q:        nan | won: False 
#   33 | steps:   382 | steps_t:     0 | t: 0.113422 | r:  -505.000000 | e:   1.000000 | Q:        nan | won: False 
#   34 | steps:   390 | steps_t:     0 | t: 0.115415 | r:  -507.000000 | e:   1.000000 | Q:        nan | won: False 
#   35 | steps:   401 | steps_t:     0 | t: 0.118405 | r:  -510.000000 | e:   1.000000 | Q:        nan | won: False 
#   36 | steps:   417 | steps_t:     0 | t: 0.122391 | r:  -515.000000 | e:   1.000000 | Q:        nan | won: False 
#   37 | steps:   424 | steps_t:     0 | t: 0.124385 | r:  -506.000000 | e:   1.000000 | Q:        nan | won: False 
#   38 | steps:   430 | steps_t:     0 | t: 0.126378 | r:  -505.000000 | e:   1.000000 | Q:        nan | won: False 
#   39 | steps:   442 | steps_t:     0 | t: 0.129368 | r:  -511.000000 | e:   1.000000 | Q:        nan | won: False 
#   40 | steps:   448 | steps_t:     0 | t: 0.131362 | r:  -505.000000 | e:   1.000000 | Q:        nan | won: False 
#   41 | steps:   459 | steps_t:     0 | t: 0.134351 | r:  -510.000000 | e:   1.000000 | Q:        nan | won: False 
#   42 | steps:   475 | steps_t:     0 | t: 0.138338 | r:  -515.000000 | e:   1.000000 | Q:        nan | won: False 
#   43 | steps:   485 | steps_t:     0 | t: 0.141328 | r:  -509.000000 | e:   1.000000 | Q:        nan | won: False 
#   44 | steps:   492 | steps_t:     0 | t: 0.143322 | r:  -506.000000 | e:   1.000000 | Q:        nan | won: False 
#   45 | steps:   501 | steps_t:     0 | t: 0.145315 | r:  -508.000000 | e:   1.000000 | Q:        nan | won: False 
#   46 | steps:   510 | steps_t:     0 | t: 0.148305 | r:  -508.000000 | e:   1.000000 | Q:        nan | won: False 
#   47 | steps:   520 | steps_t:     0 | t: 0.151295 | r:  -509.000000 | e:   1.000000 | Q:        nan | won: False 
#   48 | steps:   529 | steps_t:     0 | t: 0.153288 | r:  -508.000000 | e:   1.000000 | Q:        nan | won: False 
#   49 | steps:   539 | steps_t:     0 | t: 0.156278 | r:  -509.000000 | e:   1.000000 | Q:        nan | won: False 
#   50 | steps:   562 | steps_t:     0 | t: 0.161262 | r:  -522.000000 | e:   1.000000 | Q:        nan | won: False 
#   51 | steps:   572 | steps_t:     0 | t: 0.164251 | r:  -509.000000 | e:   1.000000 | Q:        nan | won: False 
#   52 | steps:   582 | steps_t:     0 | t: 0.167241 | r:  -509.000000 | e:   1.000000 | Q:        nan | won: False 
#   53 | steps:   593 | steps_t:     0 | t: 0.170231 | r:  -510.000000 | e:   1.000000 | Q:        nan | won: False 
#   54 | steps:   598 | steps_t:     0 | t: 0.172225 | r:  -504.000000 | e:   1.000000 | Q:        nan | won: False 
#   55 | steps:   606 | steps_t:     0 | t: 0.174218 | r:  -507.000000 | e:   1.000000 | Q:        nan | won: False 
#   56 | steps:   614 | steps_t:     0 | t: 0.176211 | r:  -507.000000 | e:   1.000000 | Q:        nan | won: False 
#   57 | steps:   622 | steps_t:     0 | t: 0.178205 | r:  -507.000000 | e:   1.000000 | Q:        nan | won: False 
#   58 | steps:   631 | steps_t:     0 | t: 0.181195 | r:  -508.000000 | e:   1.000000 | Q:        nan | won: False 
#   59 | steps:   652 | steps_t:     0 | t: 0.186178 | r:  -520.000000 | e:   1.000000 | Q:        nan | won: False 
#   60 | steps:   659 | steps_t:     0 | t: 0.188172 | r:  -506.000000 | e:   1.000000 | Q:        nan | won: False 
#   61 | steps:   673 | steps_t:     0 | t: 0.192159 | r:  -513.000000 | e:   1.000000 | Q:        nan | won: False 
#   62 | steps:   683 | steps_t:     0 | t: 0.195148 | r:  -509.000000 | e:   1.000000 | Q:        nan | won: False 
#   63 | steps:   693 | steps_t:     0 | t: 0.198138 | r:  -509.000000 | e:   1.000000 | Q:        nan | won: False 
#   64 | steps:   703 | steps_t:     0 | t: 0.201129 | r:  -509.000000 | e:   1.000000 | Q:        nan | won: False 
#   65 | steps:   724 | steps_t:     0 | t: 0.207108 | r:  -520.000000 | e:   1.000000 | Q:        nan | won: False 
#   66 | steps:   734 | steps_t:     0 | t: 0.210098 | r:  -509.000000 | e:   1.000000 | Q:        nan | won: False 
#   67 | steps:   743 | steps_t:     0 | t: 0.212091 | r:  -508.000000 | e:   1.000000 | Q:        nan | won: False 
#   68 | steps:   751 | steps_t:     0 | t: 0.215082 | r:  -507.000000 | e:   1.000000 | Q:        nan | won: False 
#   69 | steps:   761 | steps_t:     0 | t: 0.217075 | r:  -509.000000 | e:   1.000000 | Q:        nan | won: False 
#   70 | steps:   772 | steps_t:     0 | t: 0.222221 | r:  -510.000000 | e:   1.000000 | Q:        nan | won: False 
#   71 | steps:   782 | steps_t:     0 | t: 0.224221 | r:  -509.000000 | e:   1.000000 | Q:        nan | won: False 
#   72 | steps:   790 | steps_t:     0 | t: 0.227210 | r:  -507.000000 | e:   1.000000 | Q:        nan | won: False 
#   73 | steps:   799 | steps_t:     0 | t: 0.229206 | r:  -508.000000 | e:   1.000000 | Q:        nan | won: False 
#   74 | steps:   807 | steps_t:     0 | t: 0.232193 | r:  -507.000000 | e:   1.000000 | Q:        nan | won: False 
#   75 | steps:   827 | steps_t:     0 | t: 0.236991 | r:  -519.000000 | e:   1.000000 | Q:        nan | won: False 
#   76 | steps:   832 | steps_t:     0 | t: 0.238986 | r:  -504.000000 | e:   1.000000 | Q:        nan | won: False 
#   77 | steps:   837 | steps_t:     0 | t: 0.239977 | r:  -504.000000 | e:   1.000000 | Q:        nan | won: False 
#   78 | steps:   846 | steps_t:     0 | t: 0.242974 | r:  -508.000000 | e:   1.000000 | Q:        nan | won: False 
#   79 | steps:   854 | steps_t:     0 | t: 0.244965 | r:  -507.000000 | e:   1.000000 | Q:        nan | won: False 
#   80 | steps:   871 | steps_t:     0 | t: 0.249896 | r:  -516.000000 | e:   1.000000 | Q:        nan | won: False 
#   81 | steps:   889 | steps_t:     0 | t: 0.254879 | r:  -517.000000 | e:   1.000000 | Q:        nan | won: False 
#   82 | steps:   898 | steps_t:     0 | t: 0.256872 | r:  -508.000000 | e:   1.000000 | Q:        nan | won: False 
#   83 | steps:   904 | steps_t:     0 | t: 0.258866 | r:  -505.000000 | e:   1.000000 | Q:        nan | won: False 
#   84 | steps:   918 | steps_t:     0 | t: 0.261855 | r:  -513.000000 | e:   1.000000 | Q:        nan | won: False 
#   85 | steps:   926 | steps_t:     0 | t: 0.264845 | r:  -507.000000 | e:   1.000000 | Q:        nan | won: False 
#   86 | steps:   942 | steps_t:     0 | t: 0.267835 | r:  -504.000000 | e:   1.000000 | Q:        nan | won: False 
#   87 | steps:   951 | steps_t:     0 | t: 0.270825 | r:  -508.000000 | e:   1.000000 | Q:        nan | won: False 
#   88 | steps:   960 | steps_t:     0 | t: 0.272819 | r:  -508.000000 | e:   1.000000 | Q:        nan | won: False 
#   89 | steps:   966 | steps_t:     0 | t: 0.274812 | r:  -505.000000 | e:   1.000000 | Q:        nan | won: False 
#   90 | steps:   983 | steps_t:     0 | t: 0.279795 | r:  -516.000000 | e:   1.000000 | Q:        nan | won: False 
#   91 | steps:   992 | steps_t:     0 | t: 0.281789 | r:  -508.000000 | e:   1.000000 | Q:        nan | won: False 
#   92 | steps:  1008 | steps_t:     0 | t: 0.285775 | r:  -515.000000 | e:   1.000000 | Q:        nan | won: False 
#   93 | steps:  1016 | steps_t:     0 | t: 0.287769 | r:  -507.000000 | e:   1.000000 | Q:        nan | won: False 
#   94 | steps:  1024 | steps_t:     0 | t: 0.289762 | r:  -507.000000 | e:   1.000000 | Q:        nan | won: False 
#   95 | steps:  1032 | steps_t:     0 | t: 0.291756 | r:  -507.000000 | e:   1.000000 | Q:        nan | won: False 
#   96 | steps:  1049 | steps_t:     0 | t: 0.296739 | r:  -516.000000 | e:   1.000000 | Q:        nan | won: False 
#   97 | steps:  1055 | steps_t:     0 | t: 0.298732 | r:  -505.000000 | e:   1.000000 | Q:        nan | won: False 
#   98 | steps:  1072 | steps_t:     0 | t: 0.302719 | r:  -516.000000 | e:   1.000000 | Q:        nan | won: False 
#   99 | steps:  1080 | steps_t:     0 | t: 0.304712 | r:  -507.000000 | e:   1.000000 | Q:        nan | won: False 
#  100 | steps:  1092 | steps_t:     0 | t: 0.309725 | r:  -511.000000 | e:   1.000000 | Q:        nan | won: False 
#  101 | steps:  1113 | steps_t:     0 | t: 0.314679 | r:  -520.000000 | e:   1.000000 | Q:        nan | won: False 
#  102 | steps:  1124 | steps_t:     0 | t: 0.317669 | r:  -510.000000 | e:   1.000000 | Q:        nan | won: False 
#  103 | steps:  1133 | steps_t:     0 | t: 0.319662 | r:  -508.000000 | e:   1.000000 | Q:        nan | won: False 
#  104 | steps:  1140 | steps_t:     0 | t: 0.321656 | r:  -506.000000 | e:   1.000000 | Q:        nan | won: False 
#  105 | steps:  1145 | steps_t:     0 | t: 0.323649 | r:  -504.000000 | e:   1.000000 | Q:        nan | won: False 
#  106 | steps:  1160 | steps_t:     0 | t: 0.327642 | r:  -514.000000 | e:   1.000000 | Q:        nan | won: False 
#  107 | steps:  1168 | steps_t:     0 | t: 0.329638 | r:  -507.000000 | e:   1.000000 | Q:        nan | won: False 
#  108 | steps:  1175 | steps_t:     0 | t: 0.331622 | r:  -506.000000 | e:   1.000000 | Q:        nan | won: False 
#  109 | steps:  1185 | steps_t:     0 | t: 0.334612 | r:  -509.000000 | e:   1.000000 | Q:        nan | won: False 
#  110 | steps:  1196 | steps_t:     0 | t: 0.337602 | r:  -510.000000 | e:   1.000000 | Q:        nan | won: False 
#  111 | steps:  1203 | steps_t:     0 | t: 0.339595 | r:  -506.000000 | e:   1.000000 | Q:        nan | won: False 
#  112 | steps:  1216 | steps_t:     0 | t: 0.342878 | r:  -512.000000 | e:   1.000000 | Q:        nan | won: False 
#  113 | steps:  1225 | steps_t:     0 | t: 0.348107 | r:  -508.000000 | e:   1.000000 | Q:        nan | won: False 
#  114 | steps:  1234 | steps_t:     0 | t: 0.350109 | r:  -508.000000 | e:   1.000000 | Q:        nan | won: False 
#  115 | steps:  1261 | steps_t:     0 | t: 0.357081 | r:  -515.000000 | e:   1.000000 | Q:        nan | won: False 
#  116 | steps:  1272 | steps_t:     0 | t: 0.360069 | r:  -510.000000 | e:   1.000000 | Q:        nan | won: False 
#  117 | steps:  1278 | steps_t:     0 | t: 0.362055 | r:  -505.000000 | e:   1.000000 | Q:        nan | won: False 
#  118 | steps:  1288 | steps_t:     0 | t: 0.365046 | r:  -509.000000 | e:   1.000000 | Q:        nan | won: False 
#  119 | steps:  1297 | steps_t:     0 | t: 0.367048 | r:  -508.000000 | e:   1.000000 | Q:        nan | won: False 
#  120 | steps:  1306 | steps_t:     0 | t: 0.370036 | r:  -508.000000 | e:   1.000000 | Q:        nan | won: False 
#  121 | steps:  1326 | steps_t:     0 | t: 0.375014 | r:  -519.000000 | e:   1.000000 | Q:        nan | won: False 
#  122 | steps:  1346 | steps_t:     0 | t: 0.379984 | r:  -519.000000 | e:   1.000000 | Q:        nan | won: False 
#  123 | steps:  1354 | steps_t:     0 | t: 0.381990 | r:  -507.000000 | e:   1.000000 | Q:        nan | won: False 
#  124 | steps:  1378 | steps_t:     0 | t: 0.387973 | r:  -523.000000 | e:   1.000000 | Q:        nan | won: False 
#  125 | steps:  1383 | steps_t:     0 | t: 0.389959 | r:  -504.000000 | e:   1.000000 | Q:        nan | won: False 
#  126 | steps:  1394 | steps_t:     0 | t: 0.392953 | r:  -510.000000 | e:   1.000000 | Q:        nan | won: False 
#  127 | steps:  1399 | steps_t:     0 | t: 0.393944 | r:  -504.000000 | e:   1.000000 | Q:        nan | won: False 
#  128 | steps:  1410 | steps_t:     0 | t: 0.396950 | r:  -510.000000 | e:   1.000000 | Q:        nan | won: False 
#  129 | steps:  1417 | steps_t:     0 | t: 0.398934 | r:  -506.000000 | e:   1.000000 | Q:        nan | won: False 
#  130 | steps:  1425 | steps_t:     0 | t: 0.400922 | r:  -507.000000 | e:   1.000000 | Q:        nan | won: False 
#  131 | steps:  1444 | steps_t:     0 | t: 0.405906 | r:  -518.000000 | e:   1.000000 | Q:        nan | won: False 
#  132 | steps:  1456 | steps_t:     0 | t: 0.408896 | r:  -511.000000 | e:   1.000000 | Q:        nan | won: False 
#  133 | steps:  1464 | steps_t:     0 | t: 0.410890 | r:  -507.000000 | e:   1.000000 | Q:        nan | won: False 
#  134 | steps:  1470 | steps_t:     0 | t: 0.412850 | r:  -505.000000 | e:   1.000000 | Q:        nan | won: False 
#  135 | steps:  1479 | steps_t:     0 | t: 0.415872 | r:  -508.000000 | e:   1.000000 | Q:        nan | won: False 
#  136 | steps:  1487 | steps_t:     0 | t: 0.417866 | r:  -507.000000 | e:   1.000000 | Q:        nan | won: False 
#  137 | steps:  1496 | steps_t:     0 | t: 0.419858 | r:  -508.000000 | e:   1.000000 | Q:        nan | won: False 
#  138 | steps:  1512 | steps_t:     0 | t: 0.423856 | r:  -515.000000 | e:   1.000000 | Q:        nan | won: False 
#  139 | steps:  1518 | steps_t:     0 | t: 0.425839 | r:  -505.000000 | e:   1.000000 | Q:        nan | won: False 
#  140 | steps:  1529 | steps_t:     0 | t: 0.429783 | r:  -510.000000 | e:   1.000000 | Q:        nan | won: False 
#  141 | steps:  1534 | steps_t:     0 | t: 0.430829 | r:  -504.000000 | e:   1.000000 | Q:        nan | won: False 
#  142 | steps:  1540 | steps_t:     0 | t: 0.432822 | r:  -505.000000 | e:   1.000000 | Q:        nan | won: False 
#  143 | steps:  1561 | steps_t:     0 | t: 0.437805 | r:  -520.000000 | e:   1.000000 | Q:        nan | won: False 
#  144 | steps:  1570 | steps_t:     0 | t: 0.440796 | r:  -508.000000 | e:   1.000000 | Q:        nan | won: False 
#  145 | steps:  1583 | steps_t:     0 | t: 0.443791 | r:  -512.000000 | e:   1.000000 | Q:        nan | won: False 
#  146 | steps:  1591 | steps_t:     0 | t: 0.446776 | r:  -507.000000 | e:   1.000000 | Q:        nan | won: False 
#  147 | steps:  1602 | steps_t:     0 | t: 0.449765 | r:  -510.000000 | e:   1.000000 | Q:        nan | won: False 
#  148 | steps:  1613 | steps_t:     0 | t: 0.452755 | r:  -510.000000 | e:   1.000000 | Q:        nan | won: False 
#  149 | steps:  1625 | steps_t:     0 | t: 0.455746 | r:  -511.000000 | e:   1.000000 | Q:        nan | won: False 
#  150 | steps:  1635 | steps_t:     0 | t: 0.458738 | r:  -509.000000 | e:   1.000000 | Q:        nan | won: False 
#  151 | steps:  1643 | steps_t:     0 | t: 0.460738 | r:  -507.000000 | e:   1.000000 | Q:        nan | won: False 
#  152 | steps:  1662 | steps_t:     0 | t: 0.465712 | r:  -518.000000 | e:   1.000000 | Q:        nan | won: False 
#  153 | steps:  1676 | steps_t:     0 | t: 0.468710 | r:  -513.000000 | e:   1.000000 | Q:        nan | won: False 
#  154 | steps:  1681 | steps_t:     0 | t: 0.470699 | r:  -504.000000 | e:   1.000000 | Q:        nan | won: False 
#  155 | steps:  1689 | steps_t:     0 | t: 0.472680 | r:  -507.000000 | e:   1.000000 | Q:        nan | won: False 
#  156 | steps:  1697 | steps_t:     0 | t: 0.475674 | r:  -507.000000 | e:   1.000000 | Q:        nan | won: False 
#  157 | steps:  1709 | steps_t:     0 | t: 0.478671 | r:  -511.000000 | e:   1.000000 | Q:        nan | won: False 
#  158 | steps:  1719 | steps_t:     0 | t: 0.481672 | r:  -509.000000 | e:   1.000000 | Q:        nan | won: False 
#  159 | steps:  1737 | steps_t:     0 | t: 0.487695 | r:  -517.000000 | e:   1.000000 | Q:        nan | won: False 
#  160 | steps:  1750 | steps_t:     0 | t: 0.490623 | r:  -512.000000 | e:   1.000000 | Q:        nan | won: False 
#  161 | steps:  1758 | steps_t:     0 | t: 0.492615 | r:  -507.000000 | e:   1.000000 | Q:        nan | won: False 
#  162 | steps:  1766 | steps_t:     0 | t: 0.495611 | r:  -507.000000 | e:   1.000000 | Q:        nan | won: False 
#  163 | steps:  1780 | steps_t:     0 | t: 0.498605 | r:  -513.000000 | e:   1.000000 | Q:        nan | won: False 
#  164 | steps:  1790 | steps_t:     0 | t: 0.501595 | r:  -509.000000 | e:   1.000000 | Q:        nan | won: False 
#  165 | steps:  1797 | steps_t:     0 | t: 0.503585 | r:  -506.000000 | e:   1.000000 | Q:        nan | won: False 
#  166 | steps:  1809 | steps_t:     0 | t: 0.506578 | r:  -511.000000 | e:   1.000000 | Q:        nan | won: False 
#  167 | steps:  1817 | steps_t:     0 | t: 0.509561 | r:  -507.000000 | e:   1.000000 | Q:        nan | won: False 
#  168 | steps:  1828 | steps_t:     0 | t: 0.511558 | r:  -510.000000 | e:   1.000000 | Q:        nan | won: False 
#  169 | steps:  1838 | steps_t:     0 | t: 0.514555 | r:  -509.000000 | e:   1.000000 | Q:        nan | won: False 
#  170 | steps:  1851 | steps_t:     0 | t: 0.517542 | r:  -512.000000 | e:   1.000000 | Q:        nan | won: False 
#  171 | steps:  1858 | steps_t:     0 | t: 0.520547 | r:  -506.000000 | e:   1.000000 | Q:        nan | won: False 
#  172 | steps:  1871 | steps_t:     0 | t: 0.523525 | r:  -501.000000 | e:   1.000000 | Q:        nan | won: False 
#  173 | steps:  1884 | steps_t:     0 | t: 0.526524 | r:  -512.000000 | e:   1.000000 | Q:        nan | won: False 
#  174 | steps:  1904 | steps_t:     0 | t: 0.532502 | r:  -519.000000 | e:   1.000000 | Q:        nan | won: False 
#  175 | steps:  1912 | steps_t:     0 | t: 0.534484 | r:  -507.000000 | e:   1.000000 | Q:        nan | won: False 
#  176 | steps:  1924 | steps_t:     0 | t: 0.537476 | r:  -511.000000 | e:   1.000000 | Q:        nan | won: False 
#  177 | steps:  1937 | steps_t:     0 | t: 0.540475 | r:  -512.000000 | e:   1.000000 | Q:        nan | won: False 
#  178 | steps:  1947 | steps_t:     0 | t: 0.543477 | r:  -509.000000 | e:   1.000000 | Q:        nan | won: False 
#  179 | steps:  1953 | steps_t:     0 | t: 0.545441 | r:  -505.000000 | e:   1.000000 | Q:        nan | won: False 
#  180 | steps:  1961 | steps_t:     0 | t: 0.547478 | r:  -507.000000 | e:   1.000000 | Q:        nan | won: False 
#  181 | steps:  1978 | steps_t:     0 | t: 0.552426 | r:  -516.000000 | e:   1.000000 | Q:        nan | won: False 
#  182 | steps:  1986 | steps_t:     0 | t: 0.554416 | r:  -507.000000 | e:   1.000000 | Q:        nan | won: False 
#  183 | steps:  2007 | steps_t:     0 | t: 0.621207 | r:  -520.000000 | e:   1.000000 | Q:        nan | won: False 
#  184 | steps:  2014 | steps_t:     0 | t: 0.623191 | r:  -506.000000 | e:   1.000000 | Q:        nan | won: False 
#  185 | steps:  2037 | steps_t:     0 | t: 0.628167 | r:  -522.000000 | e:   1.000000 | Q:        nan | won: False 
#  186 | steps:  2055 | steps_t:     0 | t: 0.633172 | r:  -517.000000 | e:   1.000000 | Q:        nan | won: False 
#  187 | steps:  2103 | steps_t:     0 | t: 0.644115 | r:  -536.000000 | e:   1.000000 | Q:        nan | won: False 
#  188 | steps:  2113 | steps_t:     0 | t: 0.647099 | r:  -509.000000 | e:   1.000000 | Q:        nan | won: False 
#  189 | steps:  2122 | steps_t:     0 | t: 0.649100 | r:  -508.000000 | e:   1.000000 | Q:        nan | won: False 
#  190 | steps:  2132 | steps_t:     0 | t: 0.652094 | r:  -509.000000 | e:   1.000000 | Q:        nan | won: False 
#  191 | steps:  2139 | steps_t:     0 | t: 0.654086 | r:  -506.000000 | e:   1.000000 | Q:        nan | won: False 
#  192 | steps:  2181 | steps_t:     0 | t: 0.664042 | r:  -530.000000 | e:   1.000000 | Q:        nan | won: False 
#  193 | steps:  2204 | steps_t:     0 | t: 0.670036 | r:  -522.000000 | e:   1.000000 | Q:        nan | won: False 
#  194 | steps:  2213 | steps_t:     0 | t: 0.673012 | r:  -508.000000 | e:   1.000000 | Q:        nan | won: False 
#  195 | steps:  2225 | steps_t:     0 | t: 0.676008 | r:  -511.000000 | e:   1.000000 | Q:        nan | won: False 
#  196 | steps:  2231 | steps_t:     0 | t: 0.677997 | r:  -505.000000 | e:   1.000000 | Q:        nan | won: False 
#  197 | steps:  2246 | steps_t:     0 | t: 0.681989 | r:  -514.000000 | e:   1.000000 | Q:        nan | won: False 
#  198 | steps:  2254 | steps_t:     0 | t: 0.683976 | r:  -507.000000 | e:   1.000000 | Q:        nan | won: False 
#  199 | steps:  2265 | steps_t:     0 | t: 0.686973 | r:  -510.000000 | e:   1.000000 | Q:        nan | won: False 
#  200 | steps:  2276 | steps_t:     0 | t: 0.689962 | r:  -510.000000 | e:   1.000000 | Q:        nan | won: False 
#  201 | steps:  2285 | steps_t:     0 | t: 0.691965 | r:  -508.000000 | e:   1.000000 | Q:        nan | won: False 
#  202 | steps:  2292 | steps_t:     0 | t: 0.693899 | r:  -506.000000 | e:   1.000000 | Q:        nan | won: False 
#  203 | steps:  2302 | steps_t:     0 | t: 0.696889 | r:  -509.000000 | e:   1.000000 | Q:        nan | won: False 
#  204 | steps:  2309 | steps_t:     0 | t: 0.699879 | r:  -506.000000 | e:   1.000000 | Q:        nan | won: False 
#  205 | steps:  2320 | steps_t:     0 | t: 0.702869 | r:  -510.000000 | e:   1.000000 | Q:        nan | won: False 
#  206 | steps:  2352 | steps_t:     0 | t: 0.710842 | r:  -520.000000 | e:   1.000000 | Q:        nan | won: False 
#  207 | steps:  2361 | steps_t:     0 | t: 0.713888 | r:  -508.000000 | e:   1.000000 | Q:        nan | won: False 
#  208 | steps:  2367 | steps_t:     0 | t: 0.714878 | r:  -505.000000 | e:   1.000000 | Q:        nan | won: False 
#  209 | steps:  2375 | steps_t:     0 | t: 0.717878 | r:  -507.000000 | e:   1.000000 | Q:        nan | won: False 
#  210 | steps:  2385 | steps_t:     0 | t: 0.719866 | r:  -509.000000 | e:   1.000000 | Q:        nan | won: False 
#  211 | steps:  2394 | steps_t:     0 | t: 0.722852 | r:  -508.000000 | e:   1.000000 | Q:        nan | won: False 
#  212 | steps:  2401 | steps_t:     0 | t: 0.724848 | r:  -506.000000 | e:   1.000000 | Q:        nan | won: False 
#  213 | steps:  2419 | steps_t:     0 | t: 0.730792 | r:  -517.000000 | e:   1.000000 | Q:        nan | won: False 
#  214 | steps:  2437 | steps_t:     0 | t: 0.734764 | r:  -506.000000 | e:   1.000000 | Q:        nan | won: False 
#  215 | steps:  2450 | steps_t:     0 | t: 0.737755 | r:  -512.000000 | e:   1.000000 | Q:        nan | won: False 
#  216 | steps:  2472 | steps_t:     0 | t: 0.742738 | r:  -521.000000 | e:   1.000000 | Q:        nan | won: False 
#  217 | steps:  2478 | steps_t:     0 | t: 0.744731 | r:  -505.000000 | e:   1.000000 | Q:        nan | won: False 
#  218 | steps:  2486 | steps_t:     0 | t: 0.747721 | r:  -507.000000 | e:   1.000000 | Q:        nan | won: False 
#  219 | steps:  2495 | steps_t:     0 | t: 0.749715 | r:  -508.000000 | e:   1.000000 | Q:        nan | won: False 
#  220 | steps:  2511 | steps_t:     0 | t: 0.753701 | r:  -515.000000 | e:   1.000000 | Q:        nan | won: False 
#  221 | steps:  2519 | steps_t:     0 | t: 0.755694 | r:  -507.000000 | e:   1.000000 | Q:        nan | won: False 
#  222 | steps:  2525 | steps_t:     0 | t: 0.758214 | r:  -505.000000 | e:   1.000000 | Q:        nan | won: False 
#  223 | steps:  2537 | steps_t:     0 | t: 0.760751 | r:  -511.000000 | e:   1.000000 | Q:        nan | won: False 
#  224 | steps:  2552 | steps_t:     0 | t: 0.764701 | r:  -503.000000 | e:   1.000000 | Q:        nan | won: False 
#  225 | steps:  2563 | steps_t:     0 | t: 0.767692 | r:  -510.000000 | e:   1.000000 | Q:        nan | won: False 
#  226 | steps:  2574 | steps_t:     0 | t: 0.770682 | r:  -510.000000 | e:   1.000000 | Q:        nan | won: False 
#  227 | steps:  2589 | steps_t:     0 | t: 0.773672 | r:  -514.000000 | e:   1.000000 | Q:        nan | won: False 
#  228 | steps:  2597 | steps_t:     0 | t: 0.775665 | r:  -507.000000 | e:   1.000000 | Q:        nan | won: False 
#  229 | steps:  2610 | steps_t:     0 | t: 0.779651 | r:  -512.000000 | e:   1.000000 | Q:        nan | won: False 
#  230 | steps:  2625 | steps_t:     0 | t: 0.782642 | r:  -514.000000 | e:   1.000000 | Q:        nan | won: False 
#  231 | steps:  2636 | steps_t:     0 | t: 0.785631 | r:  -510.000000 | e:   1.000000 | Q:        nan | won: False 
#  232 | steps:  2643 | steps_t:     0 | t: 0.787625 | r:  -506.000000 | e:   1.000000 | Q:        nan | won: False 
#  233 | steps:  2653 | steps_t:     0 | t: 0.789618 | r:  -509.000000 | e:   1.000000 | Q:        nan | won: False 
#  234 | steps:  2663 | steps_t:     0 | t: 0.792608 | r:  -509.000000 | e:   1.000000 | Q:        nan | won: False 
#  235 | steps:  2674 | steps_t:     0 | t: 0.795598 | r:  -510.000000 | e:   1.000000 | Q:        nan | won: False 
#  236 | steps:  2684 | steps_t:     0 | t: 0.797592 | r:  -509.000000 | e:   1.000000 | Q:        nan | won: False 
#  237 | steps:  2702 | steps_t:     0 | t: 0.802576 | r:  -517.000000 | e:   1.000000 | Q:        nan | won: False 
#  238 | steps:  2718 | steps_t:     0 | t: 0.806562 | r:  -515.000000 | e:   1.000000 | Q:        nan | won: False 
#  239 | steps:  2729 | steps_t:     0 | t: 0.809552 | r:  -510.000000 | e:   1.000000 | Q:        nan | won: False 
#  240 | steps:  2737 | steps_t:     0 | t: 0.811545 | r:  -507.000000 | e:   1.000000 | Q:        nan | won: False 
#  241 | steps:  2746 | steps_t:     0 | t: 0.813539 | r:  -508.000000 | e:   1.000000 | Q:        nan | won: False 
#  242 | steps:  2753 | steps_t:     0 | t: 0.815532 | r:  -506.000000 | e:   1.000000 | Q:        nan | won: False 
#  243 | steps:  2775 | steps_t:     0 | t: 0.820515 | r:  -521.000000 | e:   1.000000 | Q:        nan | won: False 
#  244 | steps:  2782 | steps_t:     0 | t: 0.822508 | r:  -506.000000 | e:   1.000000 | Q:        nan | won: False 
#  245 | steps:  2799 | steps_t:     0 | t: 0.826495 | r:  -516.000000 | e:   1.000000 | Q:        nan | won: False 
#  246 | steps:  2808 | steps_t:     0 | t: 0.829517 | r:  -508.000000 | e:   1.000000 | Q:        nan | won: False 
#  247 | steps:  2816 | steps_t:     0 | t: 0.831478 | r:  -507.000000 | e:   1.000000 | Q:        nan | won: False 
#  248 | steps:  2826 | steps_t:     0 | t: 0.834469 | r:  -509.000000 | e:   1.000000 | Q:        nan | won: False 
#  249 | steps:  2845 | steps_t:     0 | t: 0.838455 | r:  -518.000000 | e:   1.000000 | Q:        nan | won: False 
#  250 | steps:  2855 | steps_t:     0 | t: 0.841445 | r:  -509.000000 | e:   1.000000 | Q:        nan | won: False 
#  251 | steps:  2873 | steps_t:     0 | t: 0.846442 | r:  -517.000000 | e:   1.000000 | Q:        nan | won: False 
#  252 | steps:  2899 | steps_t:     0 | t: 0.852408 | r:  -525.000000 | e:   1.000000 | Q:        nan | won: False 
#  253 | steps:  2909 | steps_t:     0 | t: 0.854401 | r:  -509.000000 | e:   1.000000 | Q:        nan | won: False 
#  254 | steps:  2920 | steps_t:     0 | t: 0.857392 | r:  -510.000000 | e:   1.000000 | Q:        nan | won: False 
#  255 | steps:  2928 | steps_t:     0 | t: 0.859385 | r:  -507.000000 | e:   1.000000 | Q:        nan | won: False 
#  256 | steps:  2941 | steps_t:     0 | t: 0.863372 | r:  -512.000000 | e:   1.000000 | Q:        nan | won: False 
#  257 | steps:  2948 | steps_t:     0 | t: 0.865365 | r:  -506.000000 | e:   1.000000 | Q:        nan | won: False 
#  258 | steps:  2959 | steps_t:     0 | t: 0.868355 | r:  -510.000000 | e:   1.000000 | Q:        nan | won: False 
#  259 | steps:  2967 | steps_t:     0 | t: 0.870349 | r:  -507.000000 | e:   1.000000 | Q:        nan | won: False 
#  260 | steps:  2975 | steps_t:     0 | t: 0.872342 | r:  -507.000000 | e:   1.000000 | Q:        nan | won: False 
#  261 | steps:  2982 | steps_t:     0 | t: 0.874336 | r:  -506.000000 | e:   1.000000 | Q:        nan | won: False 
#  262 | steps:  2992 | steps_t:     0 | t: 0.877326 | r:  -509.000000 | e:   1.000000 | Q:        nan | won: False 
#  263 | steps:  3010 | steps_t:     0 | t: 0.884422 | r:  -517.000000 | e:   1.000000 | Q:        nan | won: False 
#  264 | steps:  3018 | steps_t:     0 | t: 0.889436 | r:  -507.000000 | e:   1.000000 | Q:        nan | won: False 
#  265 | steps:  3036 | steps_t:     0 | t: 0.896027 | r:  -517.000000 | e:   1.000000 | Q:        nan | won: False 
#  266 | steps:  3046 | steps_t:     0 | t: 0.899996 | r:  -509.000000 | e:   1.000000 | Q:        nan | won: False 
#  267 | steps:  3053 | steps_t:     0 | t: 0.903755 | r:  -506.000000 | e:   1.000000 | Q:        nan | won: False 
#  268 | steps:  3061 | steps_t:     0 | t: 0.907530 | r:  -507.000000 | e:   1.000000 | Q:        nan | won: False 
#  269 | steps:  3069 | steps_t:     0 | t: 0.911444 | r:  -507.000000 | e:   1.000000 | Q:        nan | won: False 
#  270 | steps:  3078 | steps_t:     0 | t: 0.915765 | r:  -508.000000 | e:   1.000000 | Q:        nan | won: False 
#  271 | steps:  3098 | steps_t:     0 | t: 0.925731 | r:  -519.000000 | e:   1.000000 | Q:        nan | won: False 
#  272 | steps:  3108 | steps_t:     0 | t: 0.931056 | r:  -509.000000 | e:   1.000000 | Q:        nan | won: False 
#  273 | steps:  3122 | steps_t:     0 | t: 0.936129 | r:  -513.000000 | e:   1.000000 | Q:        nan | won: False 
#  274 | steps:  3132 | steps_t:     0 | t: 0.940119 | r:  -509.000000 | e:   1.000000 | Q:        nan | won: False 
#  275 | steps:  3155 | steps_t:     0 | t: 0.946335 | r:  -522.000000 | e:   1.000000 | Q:        nan | won: False 
#  276 | steps:  3166 | steps_t:     0 | t: 0.951827 | r:  -510.000000 | e:   1.000000 | Q:        nan | won: False 
#  277 | steps:  3174 | steps_t:     0 | t: 0.953818 | r:  -507.000000 | e:   1.000000 | Q:        nan | won: False 
#  278 | steps:  3186 | steps_t:     0 | t: 0.957805 | r:  -511.000000 | e:   1.000000 | Q:        nan | won: False 
#  279 | steps:  3193 | steps_t:     0 | t: 0.959809 | r:  -506.000000 | e:   1.000000 | Q:        nan | won: False 
#  280 | steps:  3201 | steps_t:     0 | t: 0.961802 | r:  -507.000000 | e:   1.000000 | Q:        nan | won: False 
#  281 | steps:  3208 | steps_t:     0 | t: 0.963794 | r:  -506.000000 | e:   1.000000 | Q:        nan | won: False 
#  282 | steps:  3217 | steps_t:     0 | t: 0.965788 | r:  -508.000000 | e:   1.000000 | Q:        nan | won: False 
#  283 | steps:  3223 | steps_t:     0 | t: 0.967779 | r:  -505.000000 | e:   1.000000 | Q:        nan | won: False 
#  284 | steps:  3232 | steps_t:     0 | t: 0.970766 | r:  -508.000000 | e:   1.000000 | Q:        nan | won: False 
#  285 | steps:  3244 | steps_t:     0 | t: 0.973756 | r:  -511.000000 | e:   1.000000 | Q:        nan | won: False 
#  286 | steps:  3252 | steps_t:     0 | t: 0.975749 | r:  -507.000000 | e:   1.000000 | Q:        nan | won: False 
#  287 | steps:  3263 | steps_t:     0 | t: 0.978744 | r:  -510.000000 | e:   1.000000 | Q:        nan | won: False 
#  288 | steps:  3273 | steps_t:     0 | t: 0.981730 | r:  -509.000000 | e:   1.000000 | Q:        nan | won: False 
#  289 | steps:  3285 | steps_t:     0 | t: 0.984719 | r:  -511.000000 | e:   1.000000 | Q:        nan | won: False 
#  290 | steps:  3295 | steps_t:     0 | t: 0.986712 | r:  -509.000000 | e:   1.000000 | Q:        nan | won: False 
#  291 | steps:  3301 | steps_t:     0 | t: 0.988708 | r:  -505.000000 | e:   1.000000 | Q:        nan | won: False 
#  292 | steps:  3314 | steps_t:     0 | t: 0.991696 | r:  -512.000000 | e:   1.000000 | Q:        nan | won: False 
#  293 | steps:  3324 | steps_t:     0 | t: 0.994690 | r:  -509.000000 | e:   1.000000 | Q:        nan | won: False 
#  294 | steps:  3333 | steps_t:     0 | t: 0.996683 | r:  -508.000000 | e:   1.000000 | Q:        nan | won: False 
#  295 | steps:  3342 | steps_t:     0 | t: 0.999671 | r:  -508.000000 | e:   1.000000 | Q:        nan | won: False 
#  296 | steps:  3350 | steps_t:     0 | t: 1.001664 | r:  -507.000000 | e:   1.000000 | Q:        nan | won: False 
#  297 | steps:  3367 | steps_t:     0 | t: 1.005649 | r:  -516.000000 | e:   1.000000 | Q:        nan | won: False 
#  298 | steps:  3379 | steps_t:     0 | t: 1.008639 | r:  -511.000000 | e:   1.000000 | Q:        nan | won: False 
#  299 | steps:  3388 | steps_t:     0 | t: 1.011631 | r:  -508.000000 | e:   1.000000 | Q:        nan | won: False 
#  300 | steps:  3395 | steps_t:     0 | t: 1.013624 | r:  -506.000000 | e:   1.000000 | Q:        nan | won: False 
#  301 | steps:  3402 | steps_t:     0 | t: 1.015616 | r:  -506.000000 | e:   1.000000 | Q:        nan | won: False 
#  302 | steps:  3411 | steps_t:     0 | t: 1.017609 | r:  -508.000000 | e:   1.000000 | Q:        nan | won: False 
#  303 | steps:  3422 | steps_t:     0 | t: 1.020604 | r:  -510.000000 | e:   1.000000 | Q:        nan | won: False 
#  304 | steps:  3428 | steps_t:     0 | t: 1.021605 | r:  -505.000000 | e:   1.000000 | Q:        nan | won: False 
#  305 | steps:  3437 | steps_t:     0 | t: 1.024591 | r:  -508.000000 | e:   1.000000 | Q:        nan | won: False 
#  306 | steps:  3446 | steps_t:     0 | t: 1.027591 | r:  -508.000000 | e:   1.000000 | Q:        nan | won: False 
#  307 | steps:  3457 | steps_t:     0 | t: 1.030592 | r:  -510.000000 | e:   1.000000 | Q:        nan | won: False 
#  308 | steps:  3466 | steps_t:     0 | t: 1.033561 | r:  -508.000000 | e:   1.000000 | Q:        nan | won: False 
#  309 | steps:  3475 | steps_t:     0 | t: 1.035554 | r:  -508.000000 | e:   1.000000 | Q:        nan | won: False 
#  310 | steps:  3482 | steps_t:     0 | t: 1.037551 | r:  -506.000000 | e:   1.000000 | Q:        nan | won: False 
#  311 | steps:  3491 | steps_t:     0 | t: 1.040538 | r:  -508.000000 | e:   1.000000 | Q:        nan | won: False 
#  312 | steps:  3499 | steps_t:     0 | t: 1.042534 | r:  -507.000000 | e:   1.000000 | Q:        nan | won: False 
#  313 | steps:  3517 | steps_t:     0 | t: 1.047519 | r:  -517.000000 | e:   1.000000 | Q:        nan | won: False 
#  314 | steps:  3535 | steps_t:     0 | t: 1.052498 | r:  -517.000000 | e:   1.000000 | Q:        nan | won: False 
#  315 | steps:  3544 | steps_t:     0 | t: 1.055488 | r:  -508.000000 | e:   1.000000 | Q:        nan | won: False 
#  316 | steps:  3550 | steps_t:     0 | t: 1.056487 | r:  -505.000000 | e:   1.000000 | Q:        nan | won: False 
#  317 | steps:  3558 | steps_t:     0 | t: 1.059507 | r:  -507.000000 | e:   1.000000 | Q:        nan | won: False 
#  318 | steps:  3572 | steps_t:     0 | t: 1.062535 | r:  -513.000000 | e:   1.000000 | Q:        nan | won: False 
#  319 | steps:  3585 | steps_t:     0 | t: 1.066490 | r:  -501.000000 | e:   1.000000 | Q:        nan | won: False 
#  320 | steps:  3594 | steps_t:     0 | t: 1.068478 | r:  -508.000000 | e:   1.000000 | Q:        nan | won: False 
#  321 | steps:  3600 | steps_t:     0 | t: 1.070472 | r:  -505.000000 | e:   1.000000 | Q:        nan | won: False 
#  322 | steps:  3612 | steps_t:     0 | t: 1.073463 | r:  -511.000000 | e:   1.000000 | Q:        nan | won: False 
#  323 | steps:  3619 | steps_t:     0 | t: 1.075453 | r:  -506.000000 | e:   1.000000 | Q:        nan | won: False 
#  324 | steps:  3626 | steps_t:     0 | t: 1.077447 | r:  -506.000000 | e:   1.000000 | Q:        nan | won: False 
#  325 | steps:  3635 | steps_t:     0 | t: 1.080438 | r:  -508.000000 | e:   1.000000 | Q:        nan | won: False 
#  326 | steps:  3642 | steps_t:     0 | t: 1.082431 | r:  -506.000000 | e:   1.000000 | Q:        nan | won: False 
#  327 | steps:  3651 | steps_t:     0 | t: 1.084422 | r:  -508.000000 | e:   1.000000 | Q:        nan | won: False 
#  328 | steps:  3659 | steps_t:     0 | t: 1.086415 | r:  -507.000000 | e:   1.000000 | Q:        nan | won: False 
#  329 | steps:  3668 | steps_t:     0 | t: 1.089411 | r:  -508.000000 | e:   1.000000 | Q:        nan | won: False 
#  330 | steps:  3675 | steps_t:     0 | t: 1.091402 | r:  -506.000000 | e:   1.000000 | Q:        nan | won: False 
#  331 | steps:  3681 | steps_t:     0 | t: 1.092398 | r:  -505.000000 | e:   1.000000 | Q:        nan | won: False 
#  332 | steps:  3687 | steps_t:     0 | t: 1.094397 | r:  -505.000000 | e:   1.000000 | Q:        nan | won: False 
#  333 | steps:  3697 | steps_t:     0 | t: 1.097384 | r:  -509.000000 | e:   1.000000 | Q:        nan | won: False 
#  334 | steps:  3714 | steps_t:     0 | t: 1.101372 | r:  -516.000000 | e:   1.000000 | Q:        nan | won: False 
#  335 | steps:  3721 | steps_t:     0 | t: 1.103358 | r:  -506.000000 | e:   1.000000 | Q:        nan | won: False 
#  336 | steps:  3735 | steps_t:     0 | t: 1.107349 | r:  -513.000000 | e:   1.000000 | Q:        nan | won: False 
#  337 | steps:  3748 | steps_t:     0 | t: 1.110344 | r:  -512.000000 | e:   1.000000 | Q:        nan | won: False 
#  338 | steps:  3768 | steps_t:     0 | t: 1.115324 | r:  -519.000000 | e:   1.000000 | Q:        nan | won: False 
#  339 | steps:  3775 | steps_t:     0 | t: 1.117313 | r:  -506.000000 | e:   1.000000 | Q:        nan | won: False 
#  340 | steps:  3783 | steps_t:     0 | t: 1.119311 | r:  -507.000000 | e:   1.000000 | Q:        nan | won: False 
#  341 | steps:  3790 | steps_t:     0 | t: 1.121304 | r:  -506.000000 | e:   1.000000 | Q:        nan | won: False 
#  342 | steps:  3796 | steps_t:     0 | t: 1.123292 | r:  -505.000000 | e:   1.000000 | Q:        nan | won: False 
#  343 | steps:  3803 | steps_t:     0 | t: 1.125286 | r:  -506.000000 | e:   1.000000 | Q:        nan | won: False 
#  344 | steps:  3811 | steps_t:     0 | t: 1.127279 | r:  -507.000000 | e:   1.000000 | Q:        nan | won: False 
#  345 | steps:  3823 | steps_t:     0 | t: 1.130272 | r:  -511.000000 | e:   1.000000 | Q:        nan | won: False 
#  346 | steps:  3829 | steps_t:     0 | t: 1.132264 | r:  -505.000000 | e:   1.000000 | Q:        nan | won: False 
#  347 | steps:  3836 | steps_t:     0 | t: 1.134256 | r:  -506.000000 | e:   1.000000 | Q:        nan | won: False 
#  348 | steps:  3845 | steps_t:     0 | t: 1.136249 | r:  -508.000000 | e:   1.000000 | Q:        nan | won: False 
#  349 | steps:  3865 | steps_t:     0 | t: 1.142265 | r:  -508.000000 | e:   1.000000 | Q:        nan | won: False 
#  350 | steps:  3871 | steps_t:     0 | t: 1.144241 | r:  -505.000000 | e:   1.000000 | Q:        nan | won: False 
#  351 | steps:  3880 | steps_t:     0 | t: 1.146176 | r:  -508.000000 | e:   1.000000 | Q:        nan | won: False 
#  352 | steps:  3889 | steps_t:     0 | t: 1.149264 | r:  -508.000000 | e:   1.000000 | Q:        nan | won: False 
#  353 | steps:  3899 | steps_t:     0 | t: 1.151199 | r:  -509.000000 | e:   1.000000 | Q:        nan | won: False 
#  354 | steps:  3910 | steps_t:     0 | t: 1.155186 | r:  -510.000000 | e:   1.000000 | Q:        nan | won: False 
#  355 | steps:  3920 | steps_t:     0 | t: 1.157180 | r:  -509.000000 | e:   1.000000 | Q:        nan | won: False 
#  356 | steps:  3929 | steps_t:     0 | t: 1.160171 | r:  -508.000000 | e:   1.000000 | Q:        nan | won: False 
#  357 | steps:  3939 | steps_t:     0 | t: 1.163160 | r:  -509.000000 | e:   1.000000 | Q:        nan | won: False 
#  358 | steps:  3953 | steps_t:     0 | t: 1.166164 | r:  -502.000000 | e:   1.000000 | Q:        nan | won: False 
#  359 | steps:  3964 | steps_t:     0 | t: 1.169141 | r:  -510.000000 | e:   1.000000 | Q:        nan | won: False 
#  360 | steps:  3970 | steps_t:     0 | t: 1.171132 | r:  -505.000000 | e:   1.000000 | Q:        nan | won: False 
#  361 | steps:  3982 | steps_t:     0 | t: 1.174124 | r:  -511.000000 | e:   1.000000 | Q:        nan | won: False 
#  362 | steps:  3990 | steps_t:     0 | t: 1.176116 | r:  -507.000000 | e:   1.000000 | Q:        nan | won: False 
#  363 | steps:  4001 | steps_t:     0 | t: 1.179136 | r:  -510.000000 | e:   1.000000 | Q:        nan | won: False 
#  364 | steps:  4019 | steps_t:     0 | t: 1.184090 | r:  -517.000000 | e:   1.000000 | Q:        nan | won: False 
#  365 | steps:  4046 | steps_t:     0 | t: 1.190079 | r:  -504.000000 | e:   1.000000 | Q:        nan | won: False 
#  366 | steps:  4055 | steps_t:     0 | t: 1.193067 | r:  -508.000000 | e:   1.000000 | Q:        nan | won: False 
#  367 | steps:  4064 | steps_t:     0 | t: 1.195052 | r:  -508.000000 | e:   1.000000 | Q:        nan | won: False 
#  368 | steps:  4072 | steps_t:     0 | t: 1.198042 | r:  -507.000000 | e:   1.000000 | Q:        nan | won: False 
#  369 | steps:  4090 | steps_t:     0 | t: 1.201989 | r:  -517.000000 | e:   1.000000 | Q:        nan | won: False 
#  370 | steps:  4097 | steps_t:     0 | t: 1.204978 | r:  -506.000000 | e:   1.000000 | Q:        nan | won: False 
#  371 | steps:  4105 | steps_t:     0 | t: 1.206971 | r:  -507.000000 | e:   1.000000 | Q:        nan | won: False 
#  372 | steps:  4116 | steps_t:     0 | t: 1.209961 | r:  -510.000000 | e:   1.000000 | Q:        nan | won: False 
#  373 | steps:  4125 | steps_t:     0 | t: 1.212951 | r:  -508.000000 | e:   1.000000 | Q:        nan | won: False 
#  374 | steps:  4137 | steps_t:     0 | t: 1.215941 | r:  -511.000000 | e:   1.000000 | Q:        nan | won: False 
#  375 | steps:  4152 | steps_t:     0 | t: 1.220953 | r:  -514.000000 | e:   1.000000 | Q:        nan | won: False 
#  376 | steps:  4159 | steps_t:     0 | t: 1.222981 | r:  -506.000000 | e:   1.000000 | Q:        nan | won: False 
#  377 | steps:  4166 | steps_t:     0 | t: 1.224963 | r:  -506.000000 | e:   1.000000 | Q:        nan | won: False 
#  378 | steps:  4176 | steps_t:     0 | t: 1.226959 | r:  -509.000000 | e:   1.000000 | Q:        nan | won: False 
#  379 | steps:  4182 | steps_t:     0 | t: 1.228945 | r:  -505.000000 | e:   1.000000 | Q:        nan | won: False 
#  380 | steps:  4202 | steps_t:     0 | t: 1.236919 | r:  -519.000000 | e:   1.000000 | Q:        nan | won: False 
#  381 | steps:  4210 | steps_t:     0 | t: 1.238918 | r:  -507.000000 | e:   1.000000 | Q:        nan | won: False 
#  382 | steps:  4219 | steps_t:     0 | t: 1.240906 | r:  -508.000000 | e:   1.000000 | Q:        nan | won: False 
#  383 | steps:  4228 | steps_t:     0 | t: 1.243896 | r:  -508.000000 | e:   1.000000 | Q:        nan | won: False 
#  384 | steps:  4241 | steps_t:     0 | t: 1.247894 | r:  -512.000000 | e:   1.000000 | Q:        nan | won: False 
#  385 | steps:  4251 | steps_t:     0 | t: 1.249899 | r:  -509.000000 | e:   1.000000 | Q:        nan | won: False 
#  386 | steps:  4261 | steps_t:     0 | t: 1.252867 | r:  -509.000000 | e:   1.000000 | Q:        nan | won: False 
#  387 | steps:  4270 | steps_t:     0 | t: 1.254871 | r:  -508.000000 | e:   1.000000 | Q:        nan | won: False 
#  388 | steps:  4279 | steps_t:     0 | t: 1.257850 | r:  -508.000000 | e:   1.000000 | Q:        nan | won: False 
#  389 | steps:  4290 | steps_t:     0 | t: 1.259847 | r:  -510.000000 | e:   1.000000 | Q:        nan | won: False 
#  390 | steps:  4295 | steps_t:     0 | t: 1.261830 | r:  -504.000000 | e:   1.000000 | Q:        nan | won: False 
#  391 | steps:  4303 | steps_t:     0 | t: 1.263833 | r:  -507.000000 | e:   1.000000 | Q:        nan | won: False 
#  392 | steps:  4313 | steps_t:     0 | t: 1.266816 | r:  -509.000000 | e:   1.000000 | Q:        nan | won: False 
#  393 | steps:  4320 | steps_t:     0 | t: 1.268815 | r:  -506.000000 | e:   1.000000 | Q:        nan | won: False 
#  394 | steps:  4337 | steps_t:     0 | t: 1.272780 | r:  -516.000000 | e:   1.000000 | Q:        nan | won: False 
#  395 | steps:  4348 | steps_t:     0 | t: 1.275792 | r:  -510.000000 | e:   1.000000 | Q:        nan | won: False 
#  396 | steps:  4358 | steps_t:     0 | t: 1.278775 | r:  -509.000000 | e:   1.000000 | Q:        nan | won: False 
#  397 | steps:  4367 | steps_t:     0 | t: 1.280773 | r:  -508.000000 | e:   1.000000 | Q:        nan | won: False 
#  398 | steps:  4376 | steps_t:     0 | t: 1.283759 | r:  -508.000000 | e:   1.000000 | Q:        nan | won: False 
#  399 | steps:  4383 | steps_t:     0 | t: 1.285750 | r:  -506.000000 | e:   1.000000 | Q:        nan | won: False 
#  400 | steps:  4401 | steps_t:     0 | t: 1.289745 | r:  -517.000000 | e:   1.000000 | Q:        nan | won: False 
#  401 | steps:  4430 | steps_t:     0 | t: 1.296724 | r:  -528.000000 | e:   1.000000 | Q:        nan | won: False 
#  402 | steps:  4437 | steps_t:     0 | t: 1.298706 | r:  -506.000000 | e:   1.000000 | Q:        nan | won: False 
#  403 | steps:  4448 | steps_t:     0 | t: 1.301700 | r:  -510.000000 | e:   1.000000 | Q:        nan | won: False 
#  404 | steps:  4454 | steps_t:     0 | t: 1.302715 | r:  -505.000000 | e:   1.000000 | Q:        nan | won: False 
#  405 | steps:  4469 | steps_t:     0 | t: 1.306684 | r:  -514.000000 | e:   1.000000 | Q:        nan | won: False 
#  406 | steps:  4481 | steps_t:     0 | t: 1.309686 | r:  -511.000000 | e:   1.000000 | Q:        nan | won: False 
#  407 | steps:  4492 | steps_t:     0 | t: 1.312632 | r:  -510.000000 | e:   1.000000 | Q:        nan | won: False 
#  408 | steps:  4499 | steps_t:     0 | t: 1.314659 | r:  -506.000000 | e:   1.000000 | Q:        nan | won: False 
#  409 | steps:  4519 | steps_t:     0 | t: 1.319645 | r:  -519.000000 | e:   1.000000 | Q:        nan | won: False 
#  410 | steps:  4534 | steps_t:     0 | t: 1.323633 | r:  -492.000000 | e:   1.000000 | Q:        nan | won: False 
#  411 | steps:  4542 | steps_t:     0 | t: 1.325624 | r:  -507.000000 | e:   1.000000 | Q:        nan | won: False 
#  412 | steps:  4556 | steps_t:     0 | t: 1.329568 | r:  -502.000000 | e:   1.000000 | Q:        nan | won: False 
#  413 | steps:  4568 | steps_t:     0 | t: 1.332604 | r:  -511.000000 | e:   1.000000 | Q:        nan | won: False 
#  414 | steps:  4577 | steps_t:     0 | t: 1.335618 | r:  -508.000000 | e:   1.000000 | Q:        nan | won: False 
#  415 | steps:  4586 | steps_t:     0 | t: 1.337592 | r:  -508.000000 | e:   1.000000 | Q:        nan | won: False 
#  416 | steps:  4592 | steps_t:     0 | t: 1.338585 | r:  -505.000000 | e:   1.000000 | Q:        nan | won: False 
#  417 | steps:  4600 | steps_t:     0 | t: 1.341578 | r:  -507.000000 | e:   1.000000 | Q:        nan | won: False 
#  418 | steps:  4611 | steps_t:     0 | t: 1.344584 | r:  -510.000000 | e:   1.000000 | Q:        nan | won: False 
#  419 | steps:  4627 | steps_t:     0 | t: 1.348548 | r:  -515.000000 | e:   1.000000 | Q:        nan | won: False 
#  420 | steps:  4638 | steps_t:     0 | t: 1.351542 | r:  -510.000000 | e:   1.000000 | Q:        nan | won: False 
#  421 | steps:  4655 | steps_t:     0 | t: 1.355526 | r:  -505.000000 | e:   1.000000 | Q:        nan | won: False 
#  422 | steps:  4661 | steps_t:     0 | t: 1.356516 | r:  -505.000000 | e:   1.000000 | Q:        nan | won: False 
#  423 | steps:  4671 | steps_t:     0 | t: 1.359521 | r:  -509.000000 | e:   1.000000 | Q:        nan | won: False 
#  424 | steps:  4691 | steps_t:     0 | t: 1.364503 | r:  -519.000000 | e:   1.000000 | Q:        nan | won: False 
#  425 | steps:  4698 | steps_t:     0 | t: 1.366483 | r:  -506.000000 | e:   1.000000 | Q:        nan | won: False 
#  426 | steps:  4706 | steps_t:     0 | t: 1.368481 | r:  -507.000000 | e:   1.000000 | Q:        nan | won: False 
#  427 | steps:  4714 | steps_t:     0 | t: 1.370481 | r:  -507.000000 | e:   1.000000 | Q:        nan | won: False 
#  428 | steps:  4722 | steps_t:     0 | t: 1.373493 | r:  -507.000000 | e:   1.000000 | Q:        nan | won: False 
#  429 | steps:  4729 | steps_t:     0 | t: 1.375409 | r:  -506.000000 | e:   1.000000 | Q:        nan | won: False 
#  430 | steps:  4748 | steps_t:     0 | t: 1.380438 | r:  -518.000000 | e:   1.000000 | Q:        nan | won: False 
#  431 | steps:  4754 | steps_t:     0 | t: 1.382426 | r:  -505.000000 | e:   1.000000 | Q:        nan | won: False 
#  432 | steps:  4761 | steps_t:     0 | t: 1.384425 | r:  -506.000000 | e:   1.000000 | Q:        nan | won: False 
#  433 | steps:  4793 | steps_t:     0 | t: 1.392404 | r:  -520.000000 | e:   1.000000 | Q:        nan | won: False 
#  434 | steps:  4802 | steps_t:     0 | t: 1.394395 | r:  -508.000000 | e:   1.000000 | Q:        nan | won: False 
#  435 | steps:  4820 | steps_t:     0 | t: 1.399382 | r:  -517.000000 | e:   1.000000 | Q:        nan | won: False 
#  436 | steps:  4832 | steps_t:     0 | t: 1.402367 | r:  -511.000000 | e:   1.000000 | Q:        nan | won: False 
#  437 | steps:  4858 | steps_t:     0 | t: 1.408353 | r:  -525.000000 | e:   1.000000 | Q:        nan | won: False 
#  438 | steps:  4867 | steps_t:     0 | t: 1.411340 | r:  -508.000000 | e:   1.000000 | Q:        nan | won: False 
#  439 | steps:  4873 | steps_t:     0 | t: 1.413332 | r:  -505.000000 | e:   1.000000 | Q:        nan | won: False 
#  440 | steps:  4885 | steps_t:     0 | t: 1.416320 | r:  -511.000000 | e:   1.000000 | Q:        nan | won: False 
#  441 | steps:  4894 | steps_t:     0 | t: 1.418308 | r:  -508.000000 | e:   1.000000 | Q:        nan | won: False 
#  442 | steps:  4903 | steps_t:     0 | t: 1.421304 | r:  -508.000000 | e:   1.000000 | Q:        nan | won: False 
#  443 | steps:  4927 | steps_t:     0 | t: 1.426287 | r:  -523.000000 | e:   1.000000 | Q:        nan | won: False 
#  444 | steps:  4938 | steps_t:     0 | t: 1.429229 | r:  -510.000000 | e:   1.000000 | Q:        nan | won: False 
#  445 | steps:  4950 | steps_t:     0 | t: 1.432274 | r:  -511.000000 | e:   1.000000 | Q:        nan | won: False 
#  446 | steps:  4959 | steps_t:     0 | t: 1.435266 | r:  -508.000000 | e:   1.000000 | Q:        nan | won: False 
#  447 | steps:  4972 | steps_t:     0 | t: 1.438245 | r:  -512.000000 | e:   1.000000 | Q:        nan | won: False 
#  448 | steps:  4980 | steps_t:     0 | t: 1.441238 | r:  -507.000000 | e:   1.000000 | Q:        nan | won: False 
