#    1 | steps:     7 | steps_t:     0 | t: 0.015894 | r:  -506.000000 | e:   1.000000 | Q:        nan | won: False 
#    2 | steps:    21 | steps_t:     0 | t: 0.019881 | r:  -513.000000 | e:   1.000000 | Q:        nan | won: False 
#    3 | steps:    35 | steps_t:     0 | t: 0.022871 | r:  -513.000000 | e:   1.000000 | Q:        nan | won: False 
#    4 | steps:    54 | steps_t:     0 | t: 0.028851 | r:  -507.000000 | e:   1.000000 | Q:        nan | won: False 
#    5 | steps:    61 | steps_t:     0 | t: 0.029847 | r:  -506.000000 | e:   1.000000 | Q:        nan | won: False 
#    6 | steps:    69 | steps_t:     0 | t: 0.032840 | r:  -507.000000 | e:   1.000000 | Q:        nan | won: False 
#    7 | steps:    86 | steps_t:     0 | t: 0.036826 | r:  -516.000000 | e:   1.000000 | Q:        nan | won: False 
#    8 | steps:    94 | steps_t:     0 | t: 0.038819 | r:  -507.000000 | e:   1.000000 | Q:        nan | won: False 
#    9 | steps:   101 | steps_t:     0 | t: 0.040813 | r:  -506.000000 | e:   1.000000 | Q:        nan | won: False 
#   10 | steps:   118 | steps_t:     0 | t: 0.044800 | r:  -505.000000 | e:   1.000000 | Q:        nan | won: False 
#   11 | steps:   124 | steps_t:     0 | t: 0.046793 | r:  -505.000000 | e:   1.000000 | Q:        nan | won: False 
#   12 | steps:   131 | steps_t:     0 | t: 0.048786 | r:  -506.000000 | e:   1.000000 | Q:        nan | won: False 
#   13 | steps:   138 | steps_t:     0 | t: 0.050779 | r:  -506.000000 | e:   1.000000 | Q:        nan | won: False 
#   14 | steps:   147 | steps_t:     0 | t: 0.052773 | r:  -508.000000 | e:   1.000000 | Q:        nan | won: False 
#   15 | steps:   155 | steps_t:     0 | t: 0.054766 | r:  -507.000000 | e:   1.000000 | Q:        nan | won: False 
#   16 | steps:   163 | steps_t:     0 | t: 0.056760 | r:  -507.000000 | e:   1.000000 | Q:        nan | won: False 
#   17 | steps:   175 | steps_t:     0 | t: 0.059749 | r:  -511.000000 | e:   1.000000 | Q:        nan | won: False 
#   18 | steps:   188 | steps_t:     0 | t: 0.063736 | r:  -512.000000 | e:   1.000000 | Q:        nan | won: False 
#   19 | steps:   198 | steps_t:     0 | t: 0.066726 | r:  -509.000000 | e:   1.000000 | Q:        nan | won: False 
#   20 | steps:   206 | steps_t:     0 | t: 0.068719 | r:  -507.000000 | e:   1.000000 | Q:        nan | won: False 
#   21 | steps:   214 | steps_t:     0 | t: 0.070713 | r:  -507.000000 | e:   1.000000 | Q:        nan | won: False 
#   22 | steps:   228 | steps_t:     0 | t: 0.073703 | r:  -513.000000 | e:   1.000000 | Q:        nan | won: False 
#   23 | steps:   240 | steps_t:     0 | t: 0.077690 | r:  -511.000000 | e:   1.000000 | Q:        nan | won: False 
#   24 | steps:   245 | steps_t:     0 | t: 0.078686 | r:  -504.000000 | e:   1.000000 | Q:        nan | won: False 
#   25 | steps:   256 | steps_t:     0 | t: 0.081676 | r:  -510.000000 | e:   1.000000 | Q:        nan | won: False 
#   26 | steps:   274 | steps_t:     0 | t: 0.085663 | r:  -517.000000 | e:   1.000000 | Q:        nan | won: False 
#   27 | steps:   287 | steps_t:     0 | t: 0.089649 | r:  -512.000000 | e:   1.000000 | Q:        nan | won: False 
#   28 | steps:   298 | steps_t:     0 | t: 0.092639 | r:  -510.000000 | e:   1.000000 | Q:        nan | won: False 
#   29 | steps:   304 | steps_t:     0 | t: 0.094633 | r:  -505.000000 | e:   1.000000 | Q:        nan | won: False 
#   30 | steps:   311 | steps_t:     0 | t: 0.096626 | r:  -506.000000 | e:   1.000000 | Q:        nan | won: False 
#   31 | steps:   331 | steps_t:     0 | t: 0.100613 | r:  -519.000000 | e:   1.000000 | Q:        nan | won: False 
#   32 | steps:   337 | steps_t:     0 | t: 0.102606 | r:  -505.000000 | e:   1.000000 | Q:        nan | won: False 
#   33 | steps:   343 | steps_t:     0 | t: 0.104599 | r:  -505.000000 | e:   1.000000 | Q:        nan | won: False 
#   34 | steps:   354 | steps_t:     0 | t: 0.107590 | r:  -510.000000 | e:   1.000000 | Q:        nan | won: False 
#   35 | steps:   364 | steps_t:     0 | t: 0.109583 | r:  -509.000000 | e:   1.000000 | Q:        nan | won: False 
#   36 | steps:   383 | steps_t:     0 | t: 0.114566 | r:  -507.000000 | e:   1.000000 | Q:        nan | won: False 
#   37 | steps:   393 | steps_t:     0 | t: 0.117556 | r:  -509.000000 | e:   1.000000 | Q:        nan | won: False 
#   38 | steps:   401 | steps_t:     0 | t: 0.119550 | r:  -507.000000 | e:   1.000000 | Q:        nan | won: False 
#   39 | steps:   415 | steps_t:     0 | t: 0.123536 | r:  -513.000000 | e:   1.000000 | Q:        nan | won: False 
#   40 | steps:   420 | steps_t:     0 | t: 0.124533 | r:  -504.000000 | e:   1.000000 | Q:        nan | won: False 
#   41 | steps:   429 | steps_t:     0 | t: 0.127523 | r:  -508.000000 | e:   1.000000 | Q:        nan | won: False 
#   42 | steps:   453 | steps_t:     0 | t: 0.132506 | r:  -523.000000 | e:   1.000000 | Q:        nan | won: False 
#   43 | steps:   461 | steps_t:     0 | t: 0.135496 | r:  -507.000000 | e:   1.000000 | Q:        nan | won: False 
#   44 | steps:   468 | steps_t:     0 | t: 0.137490 | r:  -506.000000 | e:   1.000000 | Q:        nan | won: False 
#   45 | steps:   476 | steps_t:     0 | t: 0.139483 | r:  -507.000000 | e:   1.000000 | Q:        nan | won: False 
#   46 | steps:   498 | steps_t:     0 | t: 0.145463 | r:  -521.000000 | e:   1.000000 | Q:        nan | won: False 
#   47 | steps:   507 | steps_t:     0 | t: 0.147457 | r:  -508.000000 | e:   1.000000 | Q:        nan | won: False 
#   48 | steps:   514 | steps_t:     0 | t: 0.150447 | r:  -506.000000 | e:   1.000000 | Q:        nan | won: False 
#   49 | steps:   522 | steps_t:     0 | t: 0.152441 | r:  -507.000000 | e:   1.000000 | Q:        nan | won: False 
#   50 | steps:   529 | steps_t:     0 | t: 0.154433 | r:  -506.000000 | e:   1.000000 | Q:        nan | won: False 
#   51 | steps:   538 | steps_t:     0 | t: 0.157423 | r:  -508.000000 | e:   1.000000 | Q:        nan | won: False 
#   52 | steps:   546 | steps_t:     0 | t: 0.159416 | r:  -507.000000 | e:   1.000000 | Q:        nan | won: False 
#   53 | steps:   567 | steps_t:     0 | t: 0.164399 | r:  -520.000000 | e:   1.000000 | Q:        nan | won: False 
#   54 | steps:   577 | steps_t:     0 | t: 0.168018 | r:  -509.000000 | e:   1.000000 | Q:        nan | won: False 
#   55 | steps:   594 | steps_t:     0 | t: 0.173903 | r:  -516.000000 | e:   1.000000 | Q:        nan | won: False 
#   56 | steps:   613 | steps_t:     0 | t: 0.178886 | r:  -518.000000 | e:   1.000000 | Q:        nan | won: False 
#   57 | steps:   620 | steps_t:     0 | t: 0.180879 | r:  -506.000000 | e:   1.000000 | Q:        nan | won: False 
#   58 | steps:   632 | steps_t:     0 | t: 0.183869 | r:  -511.000000 | e:   1.000000 | Q:        nan | won: False 
#   59 | steps:   640 | steps_t:     0 | t: 0.185862 | r:  -507.000000 | e:   1.000000 | Q:        nan | won: False 
#   60 | steps:   647 | steps_t:     0 | t: 0.187856 | r:  -506.000000 | e:   1.000000 | Q:        nan | won: False 
#   61 | steps:   655 | steps_t:     0 | t: 0.189849 | r:  -507.000000 | e:   1.000000 | Q:        nan | won: False 
#   62 | steps:   664 | steps_t:     0 | t: 0.192839 | r:  -508.000000 | e:   1.000000 | Q:        nan | won: False 
#   63 | steps:   684 | steps_t:     0 | t: 0.197823 | r:  -519.000000 | e:   1.000000 | Q:        nan | won: False 
#   64 | steps:   694 | steps_t:     0 | t: 0.200812 | r:  -509.000000 | e:   1.000000 | Q:        nan | won: False 
#   65 | steps:   734 | steps_t:     0 | t: 0.209782 | r:  -528.000000 | e:   1.000000 | Q:        nan | won: False 
#   66 | steps:   742 | steps_t:     0 | t: 0.212772 | r:  -507.000000 | e:   1.000000 | Q:        nan | won: False 
#   67 | steps:   754 | steps_t:     0 | t: 0.215762 | r:  -511.000000 | e:   1.000000 | Q:        nan | won: False 
#   68 | steps:   764 | steps_t:     0 | t: 0.217756 | r:  -509.000000 | e:   1.000000 | Q:        nan | won: False 
#   69 | steps:   782 | steps_t:     0 | t: 0.222744 | r:  -517.000000 | e:   1.000000 | Q:        nan | won: False 
#   70 | steps:   796 | steps_t:     0 | t: 0.226726 | r:  -502.000000 | e:   1.000000 | Q:        nan | won: False 
#   71 | steps:   804 | steps_t:     0 | t: 0.228720 | r:  -507.000000 | e:   1.000000 | Q:        nan | won: False 
#   72 | steps:   813 | steps_t:     0 | t: 0.231709 | r:  -508.000000 | e:   1.000000 | Q:        nan | won: False 
#   73 | steps:   824 | steps_t:     0 | t: 0.234699 | r:  -510.000000 | e:   1.000000 | Q:        nan | won: False 
#   74 | steps:   837 | steps_t:     0 | t: 0.237689 | r:  -512.000000 | e:   1.000000 | Q:        nan | won: False 
#   75 | steps:   849 | steps_t:     0 | t: 0.240679 | r:  -511.000000 | e:   1.000000 | Q:        nan | won: False 
#   76 | steps:   859 | steps_t:     0 | t: 0.243669 | r:  -509.000000 | e:   1.000000 | Q:        nan | won: False 
#   77 | steps:   879 | steps_t:     0 | t: 0.248652 | r:  -519.000000 | e:   1.000000 | Q:        nan | won: False 
#   78 | steps:   885 | steps_t:     0 | t: 0.250646 | r:  -505.000000 | e:   1.000000 | Q:        nan | won: False 
#   79 | steps:   894 | steps_t:     0 | t: 0.252639 | r:  -508.000000 | e:   1.000000 | Q:        nan | won: False 
#   80 | steps:   917 | steps_t:     0 | t: 0.258619 | r:  -522.000000 | e:   1.000000 | Q:        nan | won: False 
#   81 | steps:   928 | steps_t:     0 | t: 0.261609 | r:  -510.000000 | e:   1.000000 | Q:        nan | won: False 
#   82 | steps:   937 | steps_t:     0 | t: 0.264599 | r:  -508.000000 | e:   1.000000 | Q:        nan | won: False 
#   83 | steps:   944 | steps_t:     0 | t: 0.266592 | r:  -506.000000 | e:   1.000000 | Q:        nan | won: False 
#   84 | steps:   952 | steps_t:     0 | t: 0.268586 | r:  -507.000000 | e:   1.000000 | Q:        nan | won: False 
#   85 | steps:   963 | steps_t:     0 | t: 0.271576 | r:  -510.000000 | e:   1.000000 | Q:        nan | won: False 
#   86 | steps:   980 | steps_t:     0 | t: 0.275563 | r:  -516.000000 | e:   1.000000 | Q:        nan | won: False 
#   87 | steps:   990 | steps_t:     0 | t: 0.278553 | r:  -509.000000 | e:   1.000000 | Q:        nan | won: False 
#   88 | steps:  1004 | steps_t:     0 | t: 0.281542 | r:  -513.000000 | e:   1.000000 | Q:        nan | won: False 
#   89 | steps:  1012 | steps_t:     0 | t: 0.283536 | r:  -507.000000 | e:   1.000000 | Q:        nan | won: False 
#   90 | steps:  1021 | steps_t:     0 | t: 0.286526 | r:  -508.000000 | e:   1.000000 | Q:        nan | won: False 
#   91 | steps:  1032 | steps_t:     0 | t: 0.289516 | r:  -510.000000 | e:   1.000000 | Q:        nan | won: False 
#   92 | steps:  1049 | steps_t:     0 | t: 0.293503 | r:  -516.000000 | e:   1.000000 | Q:        nan | won: False 
#   93 | steps:  1060 | steps_t:     0 | t: 0.296493 | r:  -510.000000 | e:   1.000000 | Q:        nan | won: False 
#   94 | steps:  1068 | steps_t:     0 | t: 0.298486 | r:  -507.000000 | e:   1.000000 | Q:        nan | won: False 
#   95 | steps:  1076 | steps_t:     0 | t: 0.301476 | r:  -507.000000 | e:   1.000000 | Q:        nan | won: False 
#   96 | steps:  1085 | steps_t:     0 | t: 0.303469 | r:  -508.000000 | e:   1.000000 | Q:        nan | won: False 
#   97 | steps:  1105 | steps_t:     0 | t: 0.308453 | r:  -519.000000 | e:   1.000000 | Q:        nan | won: False 
#   98 | steps:  1113 | steps_t:     0 | t: 0.311442 | r:  -507.000000 | e:   1.000000 | Q:        nan | won: False 
#   99 | steps:  1131 | steps_t:     0 | t: 0.315429 | r:  -517.000000 | e:   1.000000 | Q:        nan | won: False 
#  100 | steps:  1140 | steps_t:     0 | t: 0.317423 | r:  -508.000000 | e:   1.000000 | Q:        nan | won: False 
#  101 | steps:  1158 | steps_t:     0 | t: 2.813113 | r:  -517.000000 | e:   1.000000 | Q:        nan | won: False 
#  102 | steps:  1168 | steps_t:     0 | t: 5.304542 | r:  -509.000000 | e:   1.000000 | Q:        nan | won: False 
#  103 | steps:  1174 | steps_t:     0 | t: 7.099690 | r:  -505.000000 | e:   1.000000 | Q:        nan | won: False 
#  104 | steps:  1182 | steps_t:     0 | t: 9.165032 | r:  -507.000000 | e:   1.000000 | Q:        nan | won: False 
#  105 | steps:  1190 | steps_t:     0 | t: 11.241848 | r:  -507.000000 | e:   1.000000 | Q:        nan | won: False 
#  106 | steps:  1199 | steps_t:     0 | t: 13.480042 | r:  -508.000000 | e:   1.000000 | Q:        nan | won: False 
#  107 | steps:  1213 | steps_t:     0 | t: 16.479633 | r:  -513.000000 | e:   1.000000 | Q:        nan | won: False 
#  108 | steps:  1221 | steps_t:     0 | t: 18.567819 | r:  -507.000000 | e:   1.000000 | Q:        nan | won: False 
#  109 | steps:  1233 | steps_t:     0 | t: 21.194140 | r:  -511.000000 | e:   1.000000 | Q:        nan | won: False 
#  110 | steps:  1245 | steps_t:     0 | t: 23.886143 | r:  -511.000000 | e:   1.000000 | Q:        nan | won: False 
