#    1 | steps:    14 | steps_t:     0 | t: 0.017962 | r:  -513.000000 | e:   1.000000 | Q:        nan | won: False 
#    2 | steps:    20 | steps_t:     0 | t: 0.019888 | r:  -505.000000 | e:   1.000000 | Q:        nan | won: False 
#    3 | steps:    27 | steps_t:     0 | t: 0.021943 | r:  -506.000000 | e:   1.000000 | Q:        nan | won: False 
#    4 | steps:    36 | steps_t:     0 | t: 0.024944 | r:  -508.000000 | e:   1.000000 | Q:        nan | won: False 
#    5 | steps:    48 | steps_t:     0 | t: 0.027924 | r:  -511.000000 | e:   1.000000 | Q:        nan | won: False 
#    6 | steps:    61 | steps_t:     0 | t: 0.031921 | r:  -512.000000 | e:   1.000000 | Q:        nan | won: False 
#    7 | steps:    68 | steps_t:     0 | t: 0.033909 | r:  -506.000000 | e:   1.000000 | Q:        nan | won: False 
#    8 | steps:    82 | steps_t:     0 | t: 0.037895 | r:  -513.000000 | e:   1.000000 | Q:        nan | won: False 
#    9 | steps:    89 | steps_t:     0 | t: 0.039898 | r:  -506.000000 | e:   1.000000 | Q:        nan | won: False 
#   10 | steps:    96 | steps_t:     0 | t: 0.041892 | r:  -506.000000 | e:   1.000000 | Q:        nan | won: False 
#   11 | steps:   115 | steps_t:     0 | t: 0.046881 | r:  -518.000000 | e:   1.000000 | Q:        nan | won: False 
#   12 | steps:   127 | steps_t:     0 | t: 0.050855 | r:  -511.000000 | e:   1.000000 | Q:        nan | won: False 
#   13 | steps:   136 | steps_t:     0 | t: 0.052858 | r:  -508.000000 | e:   1.000000 | Q:        nan | won: False 
#   14 | steps:   160 | steps_t:     0 | t: 0.059813 | r:  -523.000000 | e:   1.000000 | Q:        nan | won: False 
#   15 | steps:   168 | steps_t:     0 | t: 0.061809 | r:  -507.000000 | e:   1.000000 | Q:        nan | won: False 
#   16 | steps:   175 | steps_t:     0 | t: 0.063787 | r:  -506.000000 | e:   1.000000 | Q:        nan | won: False 
#   17 | steps:   184 | steps_t:     0 | t: 0.065782 | r:  -508.000000 | e:   1.000000 | Q:        nan | won: False 
#   18 | steps:   192 | steps_t:     0 | t: 0.068769 | r:  -507.000000 | e:   1.000000 | Q:        nan | won: False 
#   19 | steps:   200 | steps_t:     0 | t: 0.070763 | r:  -507.000000 | e:   1.000000 | Q:        nan | won: False 
#   20 | steps:   211 | steps_t:     0 | t: 0.073754 | r:  -510.000000 | e:   1.000000 | Q:        nan | won: False 
#   21 | steps:   220 | steps_t:     0 | t: 0.076743 | r:  -508.000000 | e:   1.000000 | Q:        nan | won: False 
#   22 | steps:   227 | steps_t:     0 | t: 0.078736 | r:  -506.000000 | e:   1.000000 | Q:        nan | won: False 
#   23 | steps:   243 | steps_t:     0 | t: 0.082721 | r:  -515.000000 | e:   1.000000 | Q:        nan | won: False 
#   24 | steps:   254 | steps_t:     0 | t: 0.085711 | r:  -510.000000 | e:   1.000000 | Q:        nan | won: False 
#   25 | steps:   262 | steps_t:     0 | t: 0.087704 | r:  -507.000000 | e:   1.000000 | Q:        nan | won: False 
#   26 | steps:   274 | steps_t:     0 | t: 0.090705 | r:  -511.000000 | e:   1.000000 | Q:        nan | won: False 
#   27 | steps:   283 | steps_t:     0 | t: 0.092692 | r:  -508.000000 | e:   1.000000 | Q:        nan | won: False 
#   28 | steps:   291 | steps_t:     0 | t: 0.095677 | r:  -507.000000 | e:   1.000000 | Q:        nan | won: False 
#   29 | steps:   312 | steps_t:     0 | t: 0.100668 | r:  -520.000000 | e:   1.000000 | Q:        nan | won: False 
#   30 | steps:   321 | steps_t:     0 | t: 0.102654 | r:  -508.000000 | e:   1.000000 | Q:        nan | won: False 
#   31 | steps:   330 | steps_t:     0 | t: 0.105644 | r:  -508.000000 | e:   1.000000 | Q:        nan | won: False 
#   32 | steps:   338 | steps_t:     0 | t: 0.107641 | r:  -507.000000 | e:   1.000000 | Q:        nan | won: False 
#   33 | steps:   345 | steps_t:     0 | t: 0.109635 | r:  -506.000000 | e:   1.000000 | Q:        nan | won: False 
#   34 | steps:   353 | steps_t:     0 | t: 0.112621 | r:  -507.000000 | e:   1.000000 | Q:        nan | won: False 
#   35 | steps:   362 | steps_t:     0 | t: 0.114617 | r:  -508.000000 | e:   1.000000 | Q:        nan | won: False 
#   36 | steps:   376 | steps_t:     0 | t: 0.117610 | r:  -513.000000 | e:   1.000000 | Q:        nan | won: False 
#   37 | steps:   382 | steps_t:     0 | t: 0.119604 | r:  -505.000000 | e:   1.000000 | Q:        nan | won: False 
#   38 | steps:   401 | steps_t:     0 | t: 0.124588 | r:  -518.000000 | e:   1.000000 | Q:        nan | won: False 
#   39 | steps:   411 | steps_t:     0 | t: 0.127575 | r:  -509.000000 | e:   1.000000 | Q:        nan | won: False 
#   40 | steps:   424 | steps_t:     0 | t: 0.132034 | r:  -512.000000 | e:   1.000000 | Q:        nan | won: False 
#   41 | steps:   433 | steps_t:     0 | t: 0.134959 | r:  -508.000000 | e:   1.000000 | Q:        nan | won: False 
#   42 | steps:   441 | steps_t:     0 | t: 0.136998 | r:  -507.000000 | e:   1.000000 | Q:        nan | won: False 
#   43 | steps:   447 | steps_t:     0 | t: 0.141003 | r:  -505.000000 | e:   1.000000 | Q:        nan | won: False 
#   44 | steps:   456 | steps_t:     0 | t: 0.144978 | r:  -508.000000 | e:   1.000000 | Q:        nan | won: False 
#   45 | steps:   467 | steps_t:     0 | t: 0.147963 | r:  -510.000000 | e:   1.000000 | Q:        nan | won: False 
#   46 | steps:   481 | steps_t:     0 | t: 0.150950 | r:  -513.000000 | e:   1.000000 | Q:        nan | won: False 
#   47 | steps:   488 | steps_t:     0 | t: 0.153943 | r:  -506.000000 | e:   1.000000 | Q:        nan | won: False 
#   48 | steps:   495 | steps_t:     0 | t: 0.155933 | r:  -506.000000 | e:   1.000000 | Q:        nan | won: False 
#   49 | steps:   505 | steps_t:     0 | t: 0.157924 | r:  -509.000000 | e:   1.000000 | Q:        nan | won: False 
#   50 | steps:   513 | steps_t:     0 | t: 0.160914 | r:  -507.000000 | e:   1.000000 | Q:        nan | won: False 
#   51 | steps:   525 | steps_t:     0 | t: 0.163912 | r:  -511.000000 | e:   1.000000 | Q:        nan | won: False 
#   52 | steps:   534 | steps_t:     0 | t: 0.165897 | r:  -508.000000 | e:   1.000000 | Q:        nan | won: False 
#   53 | steps:   545 | steps_t:     0 | t: 0.168896 | r:  -510.000000 | e:   1.000000 | Q:        nan | won: False 
#   54 | steps:   557 | steps_t:     0 | t: 0.171883 | r:  -511.000000 | e:   1.000000 | Q:        nan | won: False 
#   55 | steps:   566 | steps_t:     0 | t: 0.173876 | r:  -508.000000 | e:   1.000000 | Q:        nan | won: False 
#   56 | steps:   575 | steps_t:     0 | t: 0.176873 | r:  -508.000000 | e:   1.000000 | Q:        nan | won: False 
#   57 | steps:   585 | steps_t:     0 | t: 0.179854 | r:  -509.000000 | e:   1.000000 | Q:        nan | won: False 
#   58 | steps:   595 | steps_t:     0 | t: 0.181855 | r:  -509.000000 | e:   1.000000 | Q:        nan | won: False 
#   59 | steps:   604 | steps_t:     0 | t: 0.184834 | r:  -508.000000 | e:   1.000000 | Q:        nan | won: False 
#   60 | steps:   617 | steps_t:     0 | t: 0.187832 | r:  -512.000000 | e:   1.000000 | Q:        nan | won: False 
#   61 | steps:   622 | steps_t:     0 | t: 0.189818 | r:  -504.000000 | e:   1.000000 | Q:        nan | won: False 
#   62 | steps:   633 | steps_t:     0 | t: 0.192808 | r:  -510.000000 | e:   1.000000 | Q:        nan | won: False 
#   63 | steps:   642 | steps_t:     0 | t: 0.194803 | r:  -508.000000 | e:   1.000000 | Q:        nan | won: False 
#   64 | steps:   648 | steps_t:     0 | t: 0.196794 | r:  -505.000000 | e:   1.000000 | Q:        nan | won: False 
#   65 | steps:   655 | steps_t:     0 | t: 0.198789 | r:  -506.000000 | e:   1.000000 | Q:        nan | won: False 
#   66 | steps:   665 | steps_t:     0 | t: 0.201785 | r:  -509.000000 | e:   1.000000 | Q:        nan | won: False 
#   67 | steps:   678 | steps_t:     0 | t: 0.204783 | r:  -512.000000 | e:   1.000000 | Q:        nan | won: False 
#   68 | steps:   687 | steps_t:     0 | t: 0.207716 | r:  -508.000000 | e:   1.000000 | Q:        nan | won: False 
#   69 | steps:   693 | steps_t:     0 | t: 0.209771 | r:  -505.000000 | e:   1.000000 | Q:        nan | won: False 
#   70 | steps:   705 | steps_t:     0 | t: 0.212765 | r:  -511.000000 | e:   1.000000 | Q:        nan | won: False 
#   71 | steps:   714 | steps_t:     0 | t: 0.214760 | r:  -508.000000 | e:   1.000000 | Q:        nan | won: False 
#   72 | steps:   726 | steps_t:     0 | t: 0.218723 | r:  -511.000000 | e:   1.000000 | Q:        nan | won: False 
#   73 | steps:   742 | steps_t:     0 | t: 0.221732 | r:  -504.000000 | e:   1.000000 | Q:        nan | won: False 
#   74 | steps:   750 | steps_t:     0 | t: 0.224708 | r:  -507.000000 | e:   1.000000 | Q:        nan | won: False 
#   75 | steps:   759 | steps_t:     0 | t: 0.226704 | r:  -508.000000 | e:   1.000000 | Q:        nan | won: False 
#   76 | steps:   766 | steps_t:     0 | t: 0.228688 | r:  -506.000000 | e:   1.000000 | Q:        nan | won: False 
#   77 | steps:   775 | steps_t:     0 | t: 0.231678 | r:  -508.000000 | e:   1.000000 | Q:        nan | won: False 
#   78 | steps:   781 | steps_t:     0 | t: 0.232698 | r:  -505.000000 | e:   1.000000 | Q:        nan | won: False 
#   79 | steps:   792 | steps_t:     0 | t: 0.235668 | r:  -510.000000 | e:   1.000000 | Q:        nan | won: False 
#   80 | steps:   801 | steps_t:     0 | t: 0.238662 | r:  -508.000000 | e:   1.000000 | Q:        nan | won: False 
#   81 | steps:   812 | steps_t:     0 | t: 0.241646 | r:  -510.000000 | e:   1.000000 | Q:        nan | won: False 
#   82 | steps:   826 | steps_t:     0 | t: 0.244649 | r:  -513.000000 | e:   1.000000 | Q:        nan | won: False 
#   83 | steps:   839 | steps_t:     0 | t: 0.248628 | r:  -512.000000 | e:   1.000000 | Q:        nan | won: False 
#   84 | steps:   852 | steps_t:     0 | t: 0.251618 | r:  -512.000000 | e:   1.000000 | Q:        nan | won: False 
#   85 | steps:   862 | steps_t:     0 | t: 0.254614 | r:  -509.000000 | e:   1.000000 | Q:        nan | won: False 
#   86 | steps:   882 | steps_t:     0 | t: 0.259585 | r:  -519.000000 | e:   1.000000 | Q:        nan | won: False 
#   87 | steps:   894 | steps_t:     0 | t: 0.262585 | r:  -511.000000 | e:   1.000000 | Q:        nan | won: False 
#   88 | steps:   908 | steps_t:     0 | t: 0.265579 | r:  -513.000000 | e:   1.000000 | Q:        nan | won: False 
#   89 | steps:   926 | steps_t:     0 | t: 0.270555 | r:  -517.000000 | e:   1.000000 | Q:        nan | won: False 
#   90 | steps:   940 | steps_t:     0 | t: 0.273554 | r:  -513.000000 | e:   1.000000 | Q:        nan | won: False 
#   91 | steps:   949 | steps_t:     0 | t: 0.276527 | r:  -508.000000 | e:   1.000000 | Q:        nan | won: False 
#   92 | steps:   960 | steps_t:     0 | t: 0.279542 | r:  -510.000000 | e:   1.000000 | Q:        nan | won: False 
#   93 | steps:   968 | steps_t:     0 | t: 0.281513 | r:  -507.000000 | e:   1.000000 | Q:        nan | won: False 
#   94 | steps:   978 | steps_t:     0 | t: 0.284508 | r:  -509.000000 | e:   1.000000 | Q:        nan | won: False 
#   95 | steps:   995 | steps_t:     0 | t: 0.288497 | r:  -516.000000 | e:   1.000000 | Q:        nan | won: False 
#   96 | steps:  1005 | steps_t:     0 | t: 0.291487 | r:  -509.000000 | e:   1.000000 | Q:        nan | won: False 
#   97 | steps:  1011 | steps_t:     0 | t: 0.293505 | r:  -505.000000 | e:   1.000000 | Q:        nan | won: False 
#   98 | steps:  1019 | steps_t:     0 | t: 0.295476 | r:  -507.000000 | e:   1.000000 | Q:        nan | won: False 
#   99 | steps:  1033 | steps_t:     0 | t: 0.298469 | r:  -513.000000 | e:   1.000000 | Q:        nan | won: False 
#  100 | steps:  1039 | steps_t:     0 | t: 0.300458 | r:  -505.000000 | e:   1.000000 | Q:        nan | won: False 
#  101 | steps:  1053 | steps_t:     0 | t: 0.304449 | r:  -513.000000 | e:   1.000000 | Q:        nan | won: False 
#  102 | steps:  1061 | steps_t:     0 | t: 0.306431 | r:  -507.000000 | e:   1.000000 | Q:        nan | won: False 
#  103 | steps:  1070 | steps_t:     0 | t: 0.309421 | r:  -508.000000 | e:   1.000000 | Q:        nan | won: False 
#  104 | steps:  1076 | steps_t:     0 | t: 0.311414 | r:  -505.000000 | e:   1.000000 | Q:        nan | won: False 
#  105 | steps:  1082 | steps_t:     0 | t: 0.312410 | r:  -505.000000 | e:   1.000000 | Q:        nan | won: False 
#  106 | steps:  1091 | steps_t:     0 | t: 0.315423 | r:  -508.000000 | e:   1.000000 | Q:        nan | won: False 
#  107 | steps:  1102 | steps_t:     0 | t: 0.318391 | r:  -510.000000 | e:   1.000000 | Q:        nan | won: False 
#  108 | steps:  1109 | steps_t:     0 | t: 0.320390 | r:  -506.000000 | e:   1.000000 | Q:        nan | won: False 
#  109 | steps:  1128 | steps_t:     0 | t: 0.325339 | r:  -507.000000 | e:   1.000000 | Q:        nan | won: False 
#  110 | steps:  1134 | steps_t:     0 | t: 0.326388 | r:  -505.000000 | e:   1.000000 | Q:        nan | won: False 
#  111 | steps:  1151 | steps_t:     0 | t: 0.331355 | r:  -516.000000 | e:   1.000000 | Q:        nan | won: False 
#  112 | steps:  1175 | steps_t:     0 | t: 0.336336 | r:  -523.000000 | e:   1.000000 | Q:        nan | won: False 
#  113 | steps:  1192 | steps_t:     0 | t: 0.341319 | r:  -516.000000 | e:   1.000000 | Q:        nan | won: False 
#  114 | steps:  1197 | steps_t:     0 | t: 0.343305 | r:  -504.000000 | e:   1.000000 | Q:        nan | won: False 
#  115 | steps:  1205 | steps_t:     0 | t: 0.345300 | r:  -507.000000 | e:   1.000000 | Q:        nan | won: False 
#  116 | steps:  1229 | steps_t:     0 | t: 0.351987 | r:  -523.000000 | e:   1.000000 | Q:        nan | won: False 
#  117 | steps:  1234 | steps_t:     0 | t: 0.353037 | r:  -504.000000 | e:   1.000000 | Q:        nan | won: False 
#  118 | steps:  1242 | steps_t:     0 | t: 0.356017 | r:  -507.000000 | e:   1.000000 | Q:        nan | won: False 
#  119 | steps:  1250 | steps_t:     0 | t: 0.358019 | r:  -507.000000 | e:   1.000000 | Q:        nan | won: False 
#  120 | steps:  1260 | steps_t:     0 | t: 0.361016 | r:  -509.000000 | e:   1.000000 | Q:        nan | won: False 
#  121 | steps:  1280 | steps_t:     0 | t: 0.366987 | r:  -519.000000 | e:   1.000000 | Q:        nan | won: False 
#  122 | steps:  1290 | steps_t:     0 | t: 0.369987 | r:  -509.000000 | e:   1.000000 | Q:        nan | won: False 
#  123 | steps:  1299 | steps_t:     0 | t: 0.373909 | r:  -508.000000 | e:   1.000000 | Q:        nan | won: False 
#  124 | steps:  1305 | steps_t:     0 | t: 0.376941 | r:  -505.000000 | e:   1.000000 | Q:        nan | won: False 
#  125 | steps:  1314 | steps_t:     0 | t: 0.379946 | r:  -508.000000 | e:   1.000000 | Q:        nan | won: False 
#  126 | steps:  1321 | steps_t:     0 | t: 0.381928 | r:  -506.000000 | e:   1.000000 | Q:        nan | won: False 
#  127 | steps:  1336 | steps_t:     0 | t: 0.385911 | r:  -514.000000 | e:   1.000000 | Q:        nan | won: False 
#  128 | steps:  1346 | steps_t:     0 | t: 0.388900 | r:  -509.000000 | e:   1.000000 | Q:        nan | won: False 
#  129 | steps:  1361 | steps_t:     0 | t: 0.392932 | r:  -514.000000 | e:   1.000000 | Q:        nan | won: False 
#  130 | steps:  1367 | steps_t:     0 | t: 0.394881 | r:  -505.000000 | e:   1.000000 | Q:        nan | won: False 
#  131 | steps:  1393 | steps_t:     0 | t: 0.400869 | r:  -525.000000 | e:   1.000000 | Q:        nan | won: False 
#  132 | steps:  1399 | steps_t:     0 | t: 0.402859 | r:  -505.000000 | e:   1.000000 | Q:        nan | won: False 
#  133 | steps:  1410 | steps_t:     0 | t: 0.405851 | r:  -510.000000 | e:   1.000000 | Q:        nan | won: False 
#  134 | steps:  1420 | steps_t:     0 | t: 0.408789 | r:  -509.000000 | e:   1.000000 | Q:        nan | won: False 
#  135 | steps:  1438 | steps_t:     0 | t: 0.412826 | r:  -517.000000 | e:   1.000000 | Q:        nan | won: False 
#  136 | steps:  1449 | steps_t:     0 | t: 0.415816 | r:  -510.000000 | e:   1.000000 | Q:        nan | won: False 
#  137 | steps:  1462 | steps_t:     0 | t: 0.419797 | r:  -512.000000 | e:   1.000000 | Q:        nan | won: False 
#  138 | steps:  1471 | steps_t:     0 | t: 0.421794 | r:  -508.000000 | e:   1.000000 | Q:        nan | won: False 
#  139 | steps:  1479 | steps_t:     0 | t: 0.423794 | r:  -507.000000 | e:   1.000000 | Q:        nan | won: False 
#  140 | steps:  1490 | steps_t:     0 | t: 0.427774 | r:  -510.000000 | e:   1.000000 | Q:        nan | won: False 
#  141 | steps:  1497 | steps_t:     0 | t: 0.429761 | r:  -506.000000 | e:   1.000000 | Q:        nan | won: False 
#  142 | steps:  1517 | steps_t:     0 | t: 0.433756 | r:  -519.000000 | e:   1.000000 | Q:        nan | won: False 
#  143 | steps:  1525 | steps_t:     0 | t: 0.436742 | r:  -507.000000 | e:   1.000000 | Q:        nan | won: False 
#  144 | steps:  1539 | steps_t:     0 | t: 0.439736 | r:  -513.000000 | e:   1.000000 | Q:        nan | won: False 
#  145 | steps:  1562 | steps_t:     0 | t: 0.445716 | r:  -522.000000 | e:   1.000000 | Q:        nan | won: False 
#  146 | steps:  1571 | steps_t:     0 | t: 0.448701 | r:  -508.000000 | e:   1.000000 | Q:        nan | won: False 
#  147 | steps:  1579 | steps_t:     0 | t: 0.450703 | r:  -507.000000 | e:   1.000000 | Q:        nan | won: False 
#  148 | steps:  1603 | steps_t:     0 | t: 0.456689 | r:  -523.000000 | e:   1.000000 | Q:        nan | won: False 
#  149 | steps:  1610 | steps_t:     0 | t: 0.458629 | r:  -506.000000 | e:   1.000000 | Q:        nan | won: False 
#  150 | steps:  1618 | steps_t:     0 | t: 0.460661 | r:  -507.000000 | e:   1.000000 | Q:        nan | won: False 
#  151 | steps:  1629 | steps_t:     0 | t: 0.463649 | r:  -510.000000 | e:   1.000000 | Q:        nan | won: False 
#  152 | steps:  1641 | steps_t:     0 | t: 0.466652 | r:  -511.000000 | e:   1.000000 | Q:        nan | won: False 
#  153 | steps:  1660 | steps_t:     0 | t: 0.471629 | r:  -518.000000 | e:   1.000000 | Q:        nan | won: False 
#  154 | steps:  1674 | steps_t:     0 | t: 0.475631 | r:  -491.000000 | e:   1.000000 | Q:        nan | won: False 
#  155 | steps:  1680 | steps_t:     0 | t: 0.477607 | r:  -505.000000 | e:   1.000000 | Q:        nan | won: False 
#  156 | steps:  1689 | steps_t:     0 | t: 0.480600 | r:  -508.000000 | e:   1.000000 | Q:        nan | won: False 
#  157 | steps:  1699 | steps_t:     0 | t: 0.482598 | r:  -509.000000 | e:   1.000000 | Q:        nan | won: False 
#  158 | steps:  1705 | steps_t:     0 | t: 0.484580 | r:  -505.000000 | e:   1.000000 | Q:        nan | won: False 
#  159 | steps:  1712 | steps_t:     0 | t: 0.486572 | r:  -506.000000 | e:   1.000000 | Q:        nan | won: False 
#  160 | steps:  1718 | steps_t:     0 | t: 0.488566 | r:  -505.000000 | e:   1.000000 | Q:        nan | won: False 
#  161 | steps:  1729 | steps_t:     0 | t: 0.491563 | r:  -510.000000 | e:   1.000000 | Q:        nan | won: False 
#  162 | steps:  1749 | steps_t:     0 | t: 0.496542 | r:  -519.000000 | e:   1.000000 | Q:        nan | won: False 
#  163 | steps:  1756 | steps_t:     0 | t: 0.498535 | r:  -506.000000 | e:   1.000000 | Q:        nan | won: False 
#  164 | steps:  1762 | steps_t:     0 | t: 0.500559 | r:  -505.000000 | e:   1.000000 | Q:        nan | won: False 
#  165 | steps:  1769 | steps_t:     0 | t: 0.502536 | r:  -506.000000 | e:   1.000000 | Q:        nan | won: False 
#  166 | steps:  1774 | steps_t:     0 | t: 0.503474 | r:  -504.000000 | e:   1.000000 | Q:        nan | won: False 
#  167 | steps:  1782 | steps_t:     0 | t: 0.506506 | r:  -507.000000 | e:   1.000000 | Q:        nan | won: False 
#  168 | steps:  1789 | steps_t:     0 | t: 0.508496 | r:  -506.000000 | e:   1.000000 | Q:        nan | won: False 
#  169 | steps:  1806 | steps_t:     0 | t: 0.513491 | r:  -505.000000 | e:   1.000000 | Q:        nan | won: False 
#  170 | steps:  1816 | steps_t:     0 | t: 0.515482 | r:  -509.000000 | e:   1.000000 | Q:        nan | won: False 
#  171 | steps:  1823 | steps_t:     0 | t: 0.517468 | r:  -506.000000 | e:   1.000000 | Q:        nan | won: False 
#  172 | steps:  1834 | steps_t:     0 | t: 0.520469 | r:  -510.000000 | e:   1.000000 | Q:        nan | won: False 
#  173 | steps:  1842 | steps_t:     0 | t: 0.522455 | r:  -507.000000 | e:   1.000000 | Q:        nan | won: False 
#  174 | steps:  1849 | steps_t:     0 | t: 0.524450 | r:  -506.000000 | e:   1.000000 | Q:        nan | won: False 
#  175 | steps:  1855 | steps_t:     0 | t: 0.526463 | r:  -505.000000 | e:   1.000000 | Q:        nan | won: False 
#  176 | steps:  1861 | steps_t:     0 | t: 0.528436 | r:  -505.000000 | e:   1.000000 | Q:        nan | won: False 
#  177 | steps:  1871 | steps_t:     0 | t: 0.530441 | r:  -509.000000 | e:   1.000000 | Q:        nan | won: False 
#  178 | steps:  1884 | steps_t:     0 | t: 0.533429 | r:  -512.000000 | e:   1.000000 | Q:        nan | won: False 
#  179 | steps:  1903 | steps_t:     0 | t: 0.538410 | r:  -518.000000 | e:   1.000000 | Q:        nan | won: False 
#  180 | steps:  1911 | steps_t:     0 | t: 0.541388 | r:  -507.000000 | e:   1.000000 | Q:        nan | won: False 
#  181 | steps:  1918 | steps_t:     0 | t: 0.543384 | r:  -506.000000 | e:   1.000000 | Q:        nan | won: False 
#  182 | steps:  1925 | steps_t:     0 | t: 0.545381 | r:  -506.000000 | e:   1.000000 | Q:        nan | won: False 
#  183 | steps:  1936 | steps_t:     0 | t: 0.548369 | r:  -510.000000 | e:   1.000000 | Q:        nan | won: False 
#  184 | steps:  1944 | steps_t:     0 | t: 0.550363 | r:  -507.000000 | e:   1.000000 | Q:        nan | won: False 
#  185 | steps:  1959 | steps_t:     0 | t: 0.554357 | r:  -514.000000 | e:   1.000000 | Q:        nan | won: False 
#  186 | steps:  1973 | steps_t:     0 | t: 0.557663 | r:  -502.000000 | e:   1.000000 | Q:        nan | won: False 
#  187 | steps:  1980 | steps_t:     0 | t: 0.560656 | r:  -506.000000 | e:   1.000000 | Q:        nan | won: False 
#  188 | steps:  1986 | steps_t:     0 | t: 0.562653 | r:  -505.000000 | e:   1.000000 | Q:        nan | won: False 
#  189 | steps:  1995 | steps_t:     0 | t: 0.626440 | r:  -508.000000 | e:   1.000000 | Q:        nan | won: False 
#  190 | steps:  2017 | steps_t:     0 | t: 0.631425 | r:  -521.000000 | e:   1.000000 | Q:        nan | won: False 
#  191 | steps:  2026 | steps_t:     0 | t: 0.634409 | r:  -508.000000 | e:   1.000000 | Q:        nan | won: False 
#  192 | steps:  2032 | steps_t:     0 | t: 0.636406 | r:  -505.000000 | e:   1.000000 | Q:        nan | won: False 
#  193 | steps:  2037 | steps_t:     0 | t: 0.637401 | r:  -504.000000 | e:   1.000000 | Q:        nan | won: False 
#  194 | steps:  2044 | steps_t:     0 | t: 0.639395 | r:  -506.000000 | e:   1.000000 | Q:        nan | won: False 
#  195 | steps:  2052 | steps_t:     0 | t: 0.642384 | r:  -507.000000 | e:   1.000000 | Q:        nan | won: False 
#  196 | steps:  2060 | steps_t:     0 | t: 0.644375 | r:  -507.000000 | e:   1.000000 | Q:        nan | won: False 
#  197 | steps:  2066 | steps_t:     0 | t: 0.646392 | r:  -505.000000 | e:   1.000000 | Q:        nan | won: False 
#  198 | steps:  2080 | steps_t:     0 | t: 0.649360 | r:  -513.000000 | e:   1.000000 | Q:        nan | won: False 
#  199 | steps:  2087 | steps_t:     0 | t: 0.651351 | r:  -506.000000 | e:   1.000000 | Q:        nan | won: False 
#  200 | steps:  2101 | steps_t:     0 | t: 0.655339 | r:  -513.000000 | e:   1.000000 | Q:        nan | won: False 
#  201 | steps:  2109 | steps_t:     0 | t: 0.657330 | r:  -507.000000 | e:   1.000000 | Q:        nan | won: False 
#  202 | steps:  2118 | steps_t:     0 | t: 0.660318 | r:  -508.000000 | e:   1.000000 | Q:        nan | won: False 
#  203 | steps:  2130 | steps_t:     0 | t: 0.663317 | r:  -511.000000 | e:   1.000000 | Q:        nan | won: False 
#  204 | steps:  2139 | steps_t:     0 | t: 0.665302 | r:  -508.000000 | e:   1.000000 | Q:        nan | won: False 
#  205 | steps:  2149 | steps_t:     0 | t: 0.668293 | r:  -509.000000 | e:   1.000000 | Q:        nan | won: False 
#  206 | steps:  2156 | steps_t:     0 | t: 0.670287 | r:  -506.000000 | e:   1.000000 | Q:        nan | won: False 
#  207 | steps:  2165 | steps_t:     0 | t: 0.672280 | r:  -508.000000 | e:   1.000000 | Q:        nan | won: False 
#  208 | steps:  2181 | steps_t:     0 | t: 0.676264 | r:  -515.000000 | e:   1.000000 | Q:        nan | won: False 
#  209 | steps:  2192 | steps_t:     0 | t: 0.679255 | r:  -510.000000 | e:   1.000000 | Q:        nan | won: False 
#  210 | steps:  2201 | steps_t:     0 | t: 0.681259 | r:  -508.000000 | e:   1.000000 | Q:        nan | won: False 
#  211 | steps:  2220 | steps_t:     0 | t: 0.686239 | r:  -518.000000 | e:   1.000000 | Q:        nan | won: False 
#  212 | steps:  2230 | steps_t:     0 | t: 0.689178 | r:  -509.000000 | e:   1.000000 | Q:        nan | won: False 
#  213 | steps:  2238 | steps_t:     0 | t: 0.691171 | r:  -507.000000 | e:   1.000000 | Q:        nan | won: False 
#  214 | steps:  2246 | steps_t:     0 | t: 0.693165 | r:  -507.000000 | e:   1.000000 | Q:        nan | won: False 
#  215 | steps:  2265 | steps_t:     0 | t: 0.698472 | r:  -507.000000 | e:   1.000000 | Q:        nan | won: False 
#  216 | steps:  2274 | steps_t:     0 | t: 0.700471 | r:  -508.000000 | e:   1.000000 | Q:        nan | won: False 
#  217 | steps:  2292 | steps_t:     0 | t: 0.704445 | r:  -517.000000 | e:   1.000000 | Q:        nan | won: False 
#  218 | steps:  2302 | steps_t:     0 | t: 0.707430 | r:  -509.000000 | e:   1.000000 | Q:        nan | won: False 
#  219 | steps:  2314 | steps_t:     0 | t: 0.711445 | r:  -511.000000 | e:   1.000000 | Q:        nan | won: False 
#  220 | steps:  2322 | steps_t:     0 | t: 0.713408 | r:  -507.000000 | e:   1.000000 | Q:        nan | won: False 
#  221 | steps:  2328 | steps_t:     0 | t: 0.715420 | r:  -505.000000 | e:   1.000000 | Q:        nan | won: False 
#  222 | steps:  2337 | steps_t:     0 | t: 0.717424 | r:  -508.000000 | e:   1.000000 | Q:        nan | won: False 
#  223 | steps:  2356 | steps_t:     0 | t: 0.722387 | r:  -518.000000 | e:   1.000000 | Q:        nan | won: False 
#  224 | steps:  2364 | steps_t:     0 | t: 0.724367 | r:  -507.000000 | e:   1.000000 | Q:        nan | won: False 
#  225 | steps:  2380 | steps_t:     0 | t: 0.728354 | r:  -515.000000 | e:   1.000000 | Q:        nan | won: False 
#  226 | steps:  2395 | steps_t:     0 | t: 0.732341 | r:  -514.000000 | e:   1.000000 | Q:        nan | won: False 
#  227 | steps:  2402 | steps_t:     0 | t: 0.734335 | r:  -506.000000 | e:   1.000000 | Q:        nan | won: False 
#  228 | steps:  2414 | steps_t:     0 | t: 0.737322 | r:  -511.000000 | e:   1.000000 | Q:        nan | won: False 
#  229 | steps:  2419 | steps_t:     0 | t: 0.738318 | r:  -504.000000 | e:   1.000000 | Q:        nan | won: False 
#  230 | steps:  2427 | steps_t:     0 | t: 0.740313 | r:  -507.000000 | e:   1.000000 | Q:        nan | won: False 
#  231 | steps:  2434 | steps_t:     0 | t: 0.742269 | r:  -506.000000 | e:   1.000000 | Q:        nan | won: False 
#  232 | steps:  2446 | steps_t:     0 | t: 0.746292 | r:  -511.000000 | e:   1.000000 | Q:        nan | won: False 
#  233 | steps:  2454 | steps_t:     0 | t: 0.748293 | r:  -507.000000 | e:   1.000000 | Q:        nan | won: False 
#  234 | steps:  2468 | steps_t:     0 | t: 0.751282 | r:  -513.000000 | e:   1.000000 | Q:        nan | won: False 
#  235 | steps:  2477 | steps_t:     0 | t: 0.753270 | r:  -508.000000 | e:   1.000000 | Q:        nan | won: False 
#  236 | steps:  2490 | steps_t:     0 | t: 0.756260 | r:  -512.000000 | e:   1.000000 | Q:        nan | won: False 
#  237 | steps:  2499 | steps_t:     0 | t: 0.759259 | r:  -508.000000 | e:   1.000000 | Q:        nan | won: False 
#  238 | steps:  2509 | steps_t:     0 | t: 0.762247 | r:  -509.000000 | e:   1.000000 | Q:        nan | won: False 
#  239 | steps:  2516 | steps_t:     0 | t: 0.764246 | r:  -506.000000 | e:   1.000000 | Q:        nan | won: False 
#  240 | steps:  2521 | steps_t:     0 | t: 0.765236 | r:  -504.000000 | e:   1.000000 | Q:        nan | won: False 
#  241 | steps:  2539 | steps_t:     0 | t: 0.769223 | r:  -506.000000 | e:   1.000000 | Q:        nan | won: False 
#  242 | steps:  2551 | steps_t:     0 | t: 0.772213 | r:  -511.000000 | e:   1.000000 | Q:        nan | won: False 
#  243 | steps:  2569 | steps_t:     0 | t: 0.777189 | r:  -517.000000 | e:   1.000000 | Q:        nan | won: False 
#  244 | steps:  2577 | steps_t:     0 | t: 0.779195 | r:  -507.000000 | e:   1.000000 | Q:        nan | won: False 
#  245 | steps:  2598 | steps_t:     0 | t: 0.784173 | r:  -520.000000 | e:   1.000000 | Q:        nan | won: False 
#  246 | steps:  2608 | steps_t:     0 | t: 0.787156 | r:  -509.000000 | e:   1.000000 | Q:        nan | won: False 
#  247 | steps:  2618 | steps_t:     0 | t: 0.789147 | r:  -509.000000 | e:   1.000000 | Q:        nan | won: False 
#  248 | steps:  2639 | steps_t:     0 | t: 0.794906 | r:  -520.000000 | e:   1.000000 | Q:        nan | won: False 
#  249 | steps:  2645 | steps_t:     0 | t: 0.796903 | r:  -505.000000 | e:   1.000000 | Q:        nan | won: False 
#  250 | steps:  2653 | steps_t:     0 | t: 0.798903 | r:  -507.000000 | e:   1.000000 | Q:        nan | won: False 
#  251 | steps:  2659 | steps_t:     0 | t: 0.800888 | r:  -505.000000 | e:   1.000000 | Q:        nan | won: False 
#  252 | steps:  2666 | steps_t:     0 | t: 0.802881 | r:  -506.000000 | e:   1.000000 | Q:        nan | won: False 
#  253 | steps:  2690 | steps_t:     0 | t: 0.808857 | r:  -523.000000 | e:   1.000000 | Q:        nan | won: False 
#  254 | steps:  2697 | steps_t:     0 | t: 0.810851 | r:  -506.000000 | e:   1.000000 | Q:        nan | won: False 
#  255 | steps:  2704 | steps_t:     0 | t: 0.812850 | r:  -506.000000 | e:   1.000000 | Q:        nan | won: False 
#  256 | steps:  2711 | steps_t:     0 | t: 0.813845 | r:  -506.000000 | e:   1.000000 | Q:        nan | won: False 
#  257 | steps:  2722 | steps_t:     0 | t: 0.816831 | r:  -510.000000 | e:   1.000000 | Q:        nan | won: False 
#  258 | steps:  2728 | steps_t:     0 | t: 0.818824 | r:  -505.000000 | e:   1.000000 | Q:        nan | won: False 
#  259 | steps:  2739 | steps_t:     0 | t: 0.821823 | r:  -510.000000 | e:   1.000000 | Q:        nan | won: False 
#  260 | steps:  2747 | steps_t:     0 | t: 0.823808 | r:  -507.000000 | e:   1.000000 | Q:        nan | won: False 
#  261 | steps:  2754 | steps_t:     0 | t: 0.825828 | r:  -506.000000 | e:   1.000000 | Q:        nan | won: False 
#  262 | steps:  2778 | steps_t:     0 | t: 0.831781 | r:  -523.000000 | e:   1.000000 | Q:        nan | won: False 
#  263 | steps:  2786 | steps_t:     0 | t: 0.833774 | r:  -507.000000 | e:   1.000000 | Q:        nan | won: False 
#  264 | steps:  2809 | steps_t:     0 | t: 0.839756 | r:  -522.000000 | e:   1.000000 | Q:        nan | won: False 
#  265 | steps:  2818 | steps_t:     0 | t: 0.842745 | r:  -508.000000 | e:   1.000000 | Q:        nan | won: False 
#  266 | steps:  2837 | steps_t:     0 | t: 0.846736 | r:  -518.000000 | e:   1.000000 | Q:        nan | won: False 
#  267 | steps:  2846 | steps_t:     0 | t: 0.849741 | r:  -508.000000 | e:   1.000000 | Q:        nan | won: False 
#  268 | steps:  2852 | steps_t:     0 | t: 0.850718 | r:  -505.000000 | e:   1.000000 | Q:        nan | won: False 
#  269 | steps:  2862 | steps_t:     0 | t: 0.853711 | r:  -509.000000 | e:   1.000000 | Q:        nan | won: False 
#  270 | steps:  2875 | steps_t:     0 | t: 0.857712 | r:  -512.000000 | e:   1.000000 | Q:        nan | won: False 
#  271 | steps:  2884 | steps_t:     0 | t: 0.859706 | r:  -508.000000 | e:   1.000000 | Q:        nan | won: False 
#  272 | steps:  2891 | steps_t:     0 | t: 0.862693 | r:  -506.000000 | e:   1.000000 | Q:        nan | won: False 
#  273 | steps:  2915 | steps_t:     0 | t: 0.868682 | r:  -523.000000 | e:   1.000000 | Q:        nan | won: False 
#  274 | steps:  2924 | steps_t:     0 | t: 0.871673 | r:  -508.000000 | e:   1.000000 | Q:        nan | won: False 
#  275 | steps:  2940 | steps_t:     0 | t: 0.876648 | r:  -515.000000 | e:   1.000000 | Q:        nan | won: False 
#  276 | steps:  2950 | steps_t:     0 | t: 0.879626 | r:  -509.000000 | e:   1.000000 | Q:        nan | won: False 
#  277 | steps:  2973 | steps_t:     0 | t: 0.884613 | r:  -522.000000 | e:   1.000000 | Q:        nan | won: False 
#  278 | steps:  3008 | steps_t:     0 | t: 0.894615 | r:  -534.000000 | e:   1.000000 | Q:        nan | won: False 
#  279 | steps:  3018 | steps_t:     0 | t: 0.897571 | r:  -509.000000 | e:   1.000000 | Q:        nan | won: False 
#  280 | steps:  3025 | steps_t:     0 | t: 0.899568 | r:  -506.000000 | e:   1.000000 | Q:        nan | won: False 
#  281 | steps:  3035 | steps_t:     0 | t: 0.901554 | r:  -509.000000 | e:   1.000000 | Q:        nan | won: False 
#  282 | steps:  3056 | steps_t:     0 | t: 0.906532 | r:  -520.000000 | e:   1.000000 | Q:        nan | won: False 
#  283 | steps:  3062 | steps_t:     0 | t: 0.909517 | r:  -505.000000 | e:   1.000000 | Q:        nan | won: False 
#  284 | steps:  3072 | steps_t:     0 | t: 0.911522 | r:  -509.000000 | e:   1.000000 | Q:        nan | won: False 
#  285 | steps:  3095 | steps_t:     0 | t: 0.917524 | r:  -522.000000 | e:   1.000000 | Q:        nan | won: False 
#  286 | steps:  3104 | steps_t:     0 | t: 0.920505 | r:  -508.000000 | e:   1.000000 | Q:        nan | won: False 
#  287 | steps:  3111 | steps_t:     0 | t: 0.922491 | r:  -506.000000 | e:   1.000000 | Q:        nan | won: False 
#  288 | steps:  3118 | steps_t:     0 | t: 0.924479 | r:  -506.000000 | e:   1.000000 | Q:        nan | won: False 
#  289 | steps:  3125 | steps_t:     0 | t: 0.926467 | r:  -506.000000 | e:   1.000000 | Q:        nan | won: False 
#  290 | steps:  3133 | steps_t:     0 | t: 0.928472 | r:  -507.000000 | e:   1.000000 | Q:        nan | won: False 
#  291 | steps:  3151 | steps_t:     0 | t: 0.932462 | r:  -517.000000 | e:   1.000000 | Q:        nan | won: False 
#  292 | steps:  3159 | steps_t:     0 | t: 0.934443 | r:  -507.000000 | e:   1.000000 | Q:        nan | won: False 
#  293 | steps:  3170 | steps_t:     0 | t: 0.937433 | r:  -510.000000 | e:   1.000000 | Q:        nan | won: False 
#  294 | steps:  3193 | steps_t:     0 | t: 0.943422 | r:  -522.000000 | e:   1.000000 | Q:        nan | won: False 
#  295 | steps:  3201 | steps_t:     0 | t: 0.946417 | r:  -507.000000 | e:   1.000000 | Q:        nan | won: False 
#  296 | steps:  3208 | steps_t:     0 | t: 0.948414 | r:  -506.000000 | e:   1.000000 | Q:        nan | won: False 
#  297 | steps:  3215 | steps_t:     0 | t: 0.950418 | r:  -506.000000 | e:   1.000000 | Q:        nan | won: False 
#  298 | steps:  3224 | steps_t:     0 | t: 0.952381 | r:  -508.000000 | e:   1.000000 | Q:        nan | won: False 
#  299 | steps:  3238 | steps_t:     0 | t: 0.956376 | r:  -513.000000 | e:   1.000000 | Q:        nan | won: False 
#  300 | steps:  3245 | steps_t:     0 | t: 0.958346 | r:  -506.000000 | e:   1.000000 | Q:        nan | won: False 
#  301 | steps:  3251 | steps_t:     0 | t: 0.960357 | r:  -505.000000 | e:   1.000000 | Q:        nan | won: False 
#  302 | steps:  3267 | steps_t:     0 | t: 0.964349 | r:  -515.000000 | e:   1.000000 | Q:        nan | won: False 
#  303 | steps:  3276 | steps_t:     0 | t: 0.966343 | r:  -508.000000 | e:   1.000000 | Q:        nan | won: False 
#  304 | steps:  3296 | steps_t:     0 | t: 0.971334 | r:  -508.000000 | e:   1.000000 | Q:        nan | won: False 
#  305 | steps:  3307 | steps_t:     0 | t: 0.974316 | r:  -510.000000 | e:   1.000000 | Q:        nan | won: False 
#  306 | steps:  3316 | steps_t:     0 | t: 0.977299 | r:  -508.000000 | e:   1.000000 | Q:        nan | won: False 
#  307 | steps:  3328 | steps_t:     0 | t: 0.980292 | r:  -511.000000 | e:   1.000000 | Q:        nan | won: False 
#  308 | steps:  3336 | steps_t:     0 | t: 0.982286 | r:  -507.000000 | e:   1.000000 | Q:        nan | won: False 
#  309 | steps:  3355 | steps_t:     0 | t: 0.987262 | r:  -518.000000 | e:   1.000000 | Q:        nan | won: False 
#  310 | steps:  3364 | steps_t:     0 | t: 0.989255 | r:  -508.000000 | e:   1.000000 | Q:        nan | won: False 
#  311 | steps:  3372 | steps_t:     0 | t: 0.992228 | r:  -507.000000 | e:   1.000000 | Q:        nan | won: False 
#  312 | steps:  3379 | steps_t:     0 | t: 0.994239 | r:  -506.000000 | e:   1.000000 | Q:        nan | won: False 
#  313 | steps:  3385 | steps_t:     0 | t: 0.995236 | r:  -505.000000 | e:   1.000000 | Q:        nan | won: False 
#  314 | steps:  3392 | steps_t:     0 | t: 0.997228 | r:  -506.000000 | e:   1.000000 | Q:        nan | won: False 
#  315 | steps:  3401 | steps_t:     0 | t: 1.000221 | r:  -508.000000 | e:   1.000000 | Q:        nan | won: False 
#  316 | steps:  3416 | steps_t:     0 | t: 1.003216 | r:  -514.000000 | e:   1.000000 | Q:        nan | won: False 
#  317 | steps:  3423 | steps_t:     0 | t: 1.005201 | r:  -506.000000 | e:   1.000000 | Q:        nan | won: False 
#  318 | steps:  3430 | steps_t:     0 | t: 1.007195 | r:  -506.000000 | e:   1.000000 | Q:        nan | won: False 
#  319 | steps:  3438 | steps_t:     0 | t: 1.010184 | r:  -507.000000 | e:   1.000000 | Q:        nan | won: False 
#  320 | steps:  3444 | steps_t:     0 | t: 1.011188 | r:  -505.000000 | e:   1.000000 | Q:        nan | won: False 
#  321 | steps:  3458 | steps_t:     0 | t: 1.015182 | r:  -513.000000 | e:   1.000000 | Q:        nan | won: False 
#  322 | steps:  3480 | steps_t:     0 | t: 1.020161 | r:  -521.000000 | e:   1.000000 | Q:        nan | won: False 
#  323 | steps:  3503 | steps_t:     0 | t: 1.026132 | r:  -522.000000 | e:   1.000000 | Q:        nan | won: False 
#  324 | steps:  3524 | steps_t:     0 | t: 1.031123 | r:  -520.000000 | e:   1.000000 | Q:        nan | won: False 
#  325 | steps:  3534 | steps_t:     0 | t: 1.034063 | r:  -509.000000 | e:   1.000000 | Q:        nan | won: False 
#  326 | steps:  3548 | steps_t:     0 | t: 1.038103 | r:  -513.000000 | e:   1.000000 | Q:        nan | won: False 
#  327 | steps:  3558 | steps_t:     0 | t: 1.041091 | r:  -509.000000 | e:   1.000000 | Q:        nan | won: False 
#  328 | steps:  3564 | steps_t:     0 | t: 1.043082 | r:  -505.000000 | e:   1.000000 | Q:        nan | won: False 
#  329 | steps:  3570 | steps_t:     0 | t: 1.045072 | r:  -505.000000 | e:   1.000000 | Q:        nan | won: False 
#  330 | steps:  3581 | steps_t:     0 | t: 1.048060 | r:  -510.000000 | e:   1.000000 | Q:        nan | won: False 
#  331 | steps:  3594 | steps_t:     0 | t: 1.051057 | r:  -512.000000 | e:   1.000000 | Q:        nan | won: False 
#  332 | steps:  3606 | steps_t:     0 | t: 1.054054 | r:  -511.000000 | e:   1.000000 | Q:        nan | won: False 
#  333 | steps:  3615 | steps_t:     0 | t: 1.056031 | r:  -508.000000 | e:   1.000000 | Q:        nan | won: False 
#  334 | steps:  3636 | steps_t:     0 | t: 1.062022 | r:  -520.000000 | e:   1.000000 | Q:        nan | won: False 
#  335 | steps:  3646 | steps_t:     0 | t: 1.065009 | r:  -509.000000 | e:   1.000000 | Q:        nan | won: False 
#  336 | steps:  3652 | steps_t:     0 | t: 1.067003 | r:  -505.000000 | e:   1.000000 | Q:        nan | won: False 
#  337 | steps:  3661 | steps_t:     0 | t: 1.069004 | r:  -508.000000 | e:   1.000000 | Q:        nan | won: False 
#  338 | steps:  3674 | steps_t:     0 | t: 1.072984 | r:  -512.000000 | e:   1.000000 | Q:        nan | won: False 
#  339 | steps:  3683 | steps_t:     0 | t: 1.074977 | r:  -508.000000 | e:   1.000000 | Q:        nan | won: False 
#  340 | steps:  3695 | steps_t:     0 | t: 1.078956 | r:  -511.000000 | e:   1.000000 | Q:        nan | won: False 
#  341 | steps:  3709 | steps_t:     0 | t: 1.081955 | r:  -513.000000 | e:   1.000000 | Q:        nan | won: False 
#  342 | steps:  3716 | steps_t:     0 | t: 1.083937 | r:  -506.000000 | e:   1.000000 | Q:        nan | won: False 
#  343 | steps:  3730 | steps_t:     0 | t: 1.087929 | r:  -513.000000 | e:   1.000000 | Q:        nan | won: False 
#  344 | steps:  3738 | steps_t:     0 | t: 1.089918 | r:  -507.000000 | e:   1.000000 | Q:        nan | won: False 
#  345 | steps:  3746 | steps_t:     0 | t: 1.091902 | r:  -507.000000 | e:   1.000000 | Q:        nan | won: False 
#  346 | steps:  3755 | steps_t:     0 | t: 1.094901 | r:  -508.000000 | e:   1.000000 | Q:        nan | won: False 
#  347 | steps:  3766 | steps_t:     0 | t: 1.097901 | r:  -510.000000 | e:   1.000000 | Q:        nan | won: False 
#  348 | steps:  3777 | steps_t:     0 | t: 1.099885 | r:  -510.000000 | e:   1.000000 | Q:        nan | won: False 
#  349 | steps:  3790 | steps_t:     0 | t: 1.103880 | r:  -512.000000 | e:   1.000000 | Q:        nan | won: False 
#  350 | steps:  3806 | steps_t:     0 | t: 1.108861 | r:  -515.000000 | e:   1.000000 | Q:        nan | won: False 
#  351 | steps:  3813 | steps_t:     0 | t: 1.110853 | r:  -506.000000 | e:   1.000000 | Q:        nan | won: False 
#  352 | steps:  3822 | steps_t:     0 | t: 1.112844 | r:  -508.000000 | e:   1.000000 | Q:        nan | won: False 
#  353 | steps:  3830 | steps_t:     0 | t: 1.114840 | r:  -507.000000 | e:   1.000000 | Q:        nan | won: False 
#  354 | steps:  3836 | steps_t:     0 | t: 1.116842 | r:  -505.000000 | e:   1.000000 | Q:        nan | won: False 
#  355 | steps:  3843 | steps_t:     0 | t: 1.118822 | r:  -506.000000 | e:   1.000000 | Q:        nan | won: False 
#  356 | steps:  3857 | steps_t:     0 | t: 1.121816 | r:  -513.000000 | e:   1.000000 | Q:        nan | won: False 
#  357 | steps:  3869 | steps_t:     0 | t: 1.125801 | r:  -511.000000 | e:   1.000000 | Q:        nan | won: False 
#  358 | steps:  3877 | steps_t:     0 | t: 1.128843 | r:  -507.000000 | e:   1.000000 | Q:        nan | won: False 
#  359 | steps:  3888 | steps_t:     0 | t: 1.131733 | r:  -510.000000 | e:   1.000000 | Q:        nan | won: False 
#  360 | steps:  3894 | steps_t:     0 | t: 1.132722 | r:  -505.000000 | e:   1.000000 | Q:        nan | won: False 
#  361 | steps:  3902 | steps_t:     0 | t: 1.135716 | r:  -507.000000 | e:   1.000000 | Q:        nan | won: False 
#  362 | steps:  3908 | steps_t:     0 | t: 1.136710 | r:  -505.000000 | e:   1.000000 | Q:        nan | won: False 
#  363 | steps:  3918 | steps_t:     0 | t: 1.139706 | r:  -509.000000 | e:   1.000000 | Q:        nan | won: False 
#  364 | steps:  3939 | steps_t:     0 | t: 1.145712 | r:  -520.000000 | e:   1.000000 | Q:        nan | won: False 
#  365 | steps:  3946 | steps_t:     0 | t: 1.147675 | r:  -506.000000 | e:   1.000000 | Q:        nan | won: False 
#  366 | steps:  3963 | steps_t:     0 | t: 1.151668 | r:  -516.000000 | e:   1.000000 | Q:        nan | won: False 
#  367 | steps:  3972 | steps_t:     0 | t: 1.153652 | r:  -508.000000 | e:   1.000000 | Q:        nan | won: False 
#  368 | steps:  3982 | steps_t:     0 | t: 1.156644 | r:  -509.000000 | e:   1.000000 | Q:        nan | won: False 
#  369 | steps:  3989 | steps_t:     0 | t: 1.159636 | r:  -506.000000 | e:   1.000000 | Q:        nan | won: False 
#  370 | steps:  3996 | steps_t:     0 | t: 1.160638 | r:  -506.000000 | e:   1.000000 | Q:        nan | won: False 
#  371 | steps:  4006 | steps_t:     0 | t: 1.163619 | r:  -509.000000 | e:   1.000000 | Q:        nan | won: False 
#  372 | steps:  4014 | steps_t:     0 | t: 1.165621 | r:  -507.000000 | e:   1.000000 | Q:        nan | won: False 
#  373 | steps:  4024 | steps_t:     0 | t: 1.168602 | r:  -509.000000 | e:   1.000000 | Q:        nan | won: False 
#  374 | steps:  4031 | steps_t:     0 | t: 1.170601 | r:  -506.000000 | e:   1.000000 | Q:        nan | won: False 
#  375 | steps:  4042 | steps_t:     0 | t: 1.173596 | r:  -510.000000 | e:   1.000000 | Q:        nan | won: False 
#  376 | steps:  4050 | steps_t:     0 | t: 1.175582 | r:  -507.000000 | e:   1.000000 | Q:        nan | won: False 
#  377 | steps:  4062 | steps_t:     0 | t: 1.178577 | r:  -511.000000 | e:   1.000000 | Q:        nan | won: False 
#  378 | steps:  4068 | steps_t:     0 | t: 1.180570 | r:  -505.000000 | e:   1.000000 | Q:        nan | won: False 
#  379 | steps:  4090 | steps_t:     0 | t: 1.186544 | r:  -521.000000 | e:   1.000000 | Q:        nan | won: False 
#  380 | steps:  4115 | steps_t:     0 | t: 1.192526 | r:  -524.000000 | e:   1.000000 | Q:        nan | won: False 
#  381 | steps:  4127 | steps_t:     0 | t: 1.195544 | r:  -511.000000 | e:   1.000000 | Q:        nan | won: False 
#  382 | steps:  4134 | steps_t:     0 | t: 1.197510 | r:  -506.000000 | e:   1.000000 | Q:        nan | won: False 
#  383 | steps:  4142 | steps_t:     0 | t: 1.200503 | r:  -507.000000 | e:   1.000000 | Q:        nan | won: False 
#  384 | steps:  4153 | steps_t:     0 | t: 1.202462 | r:  -510.000000 | e:   1.000000 | Q:        nan | won: False 
#  385 | steps:  4172 | steps_t:     0 | t: 1.207503 | r:  -518.000000 | e:   1.000000 | Q:        nan | won: False 
#  386 | steps:  4179 | steps_t:     0 | t: 1.209472 | r:  -506.000000 | e:   1.000000 | Q:        nan | won: False 
#  387 | steps:  4207 | steps_t:     0 | t: 1.216444 | r:  -516.000000 | e:   1.000000 | Q:        nan | won: False 
#  388 | steps:  4213 | steps_t:     0 | t: 1.218441 | r:  -505.000000 | e:   1.000000 | Q:        nan | won: False 
#  389 | steps:  4223 | steps_t:     0 | t: 1.221455 | r:  -509.000000 | e:   1.000000 | Q:        nan | won: False 
#  390 | steps:  4233 | steps_t:     0 | t: 1.223420 | r:  -509.000000 | e:   1.000000 | Q:        nan | won: False 
#  391 | steps:  4253 | steps_t:     0 | t: 1.228403 | r:  -519.000000 | e:   1.000000 | Q:        nan | won: False 
#  392 | steps:  4268 | steps_t:     0 | t: 1.232393 | r:  -514.000000 | e:   1.000000 | Q:        nan | won: False 
#  393 | steps:  4274 | steps_t:     0 | t: 1.234388 | r:  -505.000000 | e:   1.000000 | Q:        nan | won: False 
#  394 | steps:  4292 | steps_t:     0 | t: 1.239392 | r:  -517.000000 | e:   1.000000 | Q:        nan | won: False 
#  395 | steps:  4300 | steps_t:     0 | t: 1.241361 | r:  -507.000000 | e:   1.000000 | Q:        nan | won: False 
#  396 | steps:  4306 | steps_t:     0 | t: 1.243352 | r:  -505.000000 | e:   1.000000 | Q:        nan | won: False 
#  397 | steps:  4326 | steps_t:     0 | t: 1.248336 | r:  -508.000000 | e:   1.000000 | Q:        nan | won: False 
#  398 | steps:  4342 | steps_t:     0 | t: 1.252329 | r:  -504.000000 | e:   1.000000 | Q:        nan | won: False 
#  399 | steps:  4355 | steps_t:     0 | t: 1.256313 | r:  -512.000000 | e:   1.000000 | Q:        nan | won: False 
#  400 | steps:  4370 | steps_t:     0 | t: 1.260295 | r:  -514.000000 | e:   1.000000 | Q:        nan | won: False 
#  401 | steps:  4382 | steps_t:     0 | t: 1.263289 | r:  -511.000000 | e:   1.000000 | Q:        nan | won: False 
#  402 | steps:  4400 | steps_t:     0 | t: 1.267279 | r:  -517.000000 | e:   1.000000 | Q:        nan | won: False 
#  403 | steps:  4414 | steps_t:     0 | t: 1.271263 | r:  -513.000000 | e:   1.000000 | Q:        nan | won: False 
#  404 | steps:  4422 | steps_t:     0 | t: 1.273256 | r:  -507.000000 | e:   1.000000 | Q:        nan | won: False 
#  405 | steps:  4434 | steps_t:     0 | t: 1.277243 | r:  -511.000000 | e:   1.000000 | Q:        nan | won: False 
#  406 | steps:  4443 | steps_t:     0 | t: 1.279231 | r:  -508.000000 | e:   1.000000 | Q:        nan | won: False 
#  407 | steps:  4452 | steps_t:     0 | t: 1.281225 | r:  -508.000000 | e:   1.000000 | Q:        nan | won: False 
#  408 | steps:  4465 | steps_t:     0 | t: 1.285213 | r:  -512.000000 | e:   1.000000 | Q:        nan | won: False 
#  409 | steps:  4479 | steps_t:     0 | t: 1.289210 | r:  -513.000000 | e:   1.000000 | Q:        nan | won: False 
#  410 | steps:  4486 | steps_t:     0 | t: 1.291191 | r:  -506.000000 | e:   1.000000 | Q:        nan | won: False 
#  411 | steps:  4495 | steps_t:     0 | t: 1.293186 | r:  -508.000000 | e:   1.000000 | Q:        nan | won: False 
#  412 | steps:  4503 | steps_t:     0 | t: 1.296177 | r:  -507.000000 | e:   1.000000 | Q:        nan | won: False 
#  413 | steps:  4516 | steps_t:     0 | t: 1.299173 | r:  -512.000000 | e:   1.000000 | Q:        nan | won: False 
#  414 | steps:  4534 | steps_t:     0 | t: 1.303156 | r:  -506.000000 | e:   1.000000 | Q:        nan | won: False 
#  415 | steps:  4544 | steps_t:     0 | t: 1.306143 | r:  -509.000000 | e:   1.000000 | Q:        nan | won: False 
#  416 | steps:  4562 | steps_t:     0 | t: 1.311133 | r:  -495.000000 | e:   1.000000 | Q:        nan | won: False 
#  417 | steps:  4574 | steps_t:     0 | t: 1.314133 | r:  -511.000000 | e:   1.000000 | Q:        nan | won: False 
#  418 | steps:  4581 | steps_t:     0 | t: 1.316115 | r:  -506.000000 | e:   1.000000 | Q:        nan | won: False 
#  419 | steps:  4591 | steps_t:     0 | t: 1.319107 | r:  -509.000000 | e:   1.000000 | Q:        nan | won: False 
#  420 | steps:  4602 | steps_t:     0 | t: 1.322096 | r:  -510.000000 | e:   1.000000 | Q:        nan | won: False 
#  421 | steps:  4614 | steps_t:     0 | t: 1.325038 | r:  -511.000000 | e:   1.000000 | Q:        nan | won: False 
#  422 | steps:  4625 | steps_t:     0 | t: 1.328068 | r:  -510.000000 | e:   1.000000 | Q:        nan | won: False 
#  423 | steps:  4638 | steps_t:     0 | t: 1.331062 | r:  -501.000000 | e:   1.000000 | Q:        nan | won: False 
#  424 | steps:  4647 | steps_t:     0 | t: 1.334056 | r:  -508.000000 | e:   1.000000 | Q:        nan | won: False 
#  425 | steps:  4664 | steps_t:     0 | t: 1.338041 | r:  -516.000000 | e:   1.000000 | Q:        nan | won: False 
#  426 | steps:  4681 | steps_t:     0 | t: 1.342026 | r:  -516.000000 | e:   1.000000 | Q:        nan | won: False 
#  427 | steps:  4690 | steps_t:     0 | t: 1.345013 | r:  -508.000000 | e:   1.000000 | Q:        nan | won: False 
#  428 | steps:  4705 | steps_t:     0 | t: 1.349007 | r:  -492.000000 | e:   1.000000 | Q:        nan | won: False 
#  429 | steps:  4713 | steps_t:     0 | t: 1.350678 | r:  -507.000000 | e:   1.000000 | Q:        nan | won: False 
#  430 | steps:  4729 | steps_t:     0 | t: 1.356659 | r:  -515.000000 | e:   1.000000 | Q:        nan | won: False 
#  431 | steps:  4754 | steps_t:     0 | t: 1.362689 | r:  -524.000000 | e:   1.000000 | Q:        nan | won: False 
#  432 | steps:  4768 | steps_t:     0 | t: 1.368667 | r:  -513.000000 | e:   1.000000 | Q:        nan | won: False 
#  433 | steps:  4788 | steps_t:     0 | t: 1.375642 | r:  -519.000000 | e:   1.000000 | Q:        nan | won: False 
#  434 | steps:  4801 | steps_t:     0 | t: 1.381636 | r:  -512.000000 | e:   1.000000 | Q:        nan | won: False 
#  435 | steps:  4810 | steps_t:     0 | t: 1.383627 | r:  -508.000000 | e:   1.000000 | Q:        nan | won: False 
#  436 | steps:  4816 | steps_t:     0 | t: 1.385622 | r:  -505.000000 | e:   1.000000 | Q:        nan | won: False 
#  437 | steps:  4825 | steps_t:     0 | t: 1.388609 | r:  -508.000000 | e:   1.000000 | Q:        nan | won: False 
#  438 | steps:  4834 | steps_t:     0 | t: 1.391541 | r:  -508.000000 | e:   1.000000 | Q:        nan | won: False 
#  439 | steps:  4843 | steps_t:     0 | t: 1.393584 | r:  -508.000000 | e:   1.000000 | Q:        nan | won: False 
#  440 | steps:  4855 | steps_t:     0 | t: 1.397523 | r:  -511.000000 | e:   1.000000 | Q:        nan | won: False 
#  441 | steps:  4881 | steps_t:     0 | t: 1.403566 | r:  -525.000000 | e:   1.000000 | Q:        nan | won: False 
#  442 | steps:  4890 | steps_t:     0 | t: 1.406540 | r:  -508.000000 | e:   1.000000 | Q:        nan | won: False 
#  443 | steps:  4904 | steps_t:     0 | t: 1.410524 | r:  -502.000000 | e:   1.000000 | Q:        nan | won: False 
#  444 | steps:  4917 | steps_t:     0 | t: 1.414517 | r:  -512.000000 | e:   1.000000 | Q:        nan | won: False 
#  445 | steps:  4924 | steps_t:     0 | t: 1.416508 | r:  -506.000000 | e:   1.000000 | Q:        nan | won: False 
#  446 | steps:  4936 | steps_t:     0 | t: 1.419497 | r:  -511.000000 | e:   1.000000 | Q:        nan | won: False 
#  447 | steps:  4942 | steps_t:     0 | t: 1.421489 | r:  -505.000000 | e:   1.000000 | Q:        nan | won: False 
#  448 | steps:  4950 | steps_t:     0 | t: 1.423485 | r:  -507.000000 | e:   1.000000 | Q:        nan | won: False 
#  449 | steps:  4959 | steps_t:     0 | t: 1.425477 | r:  -508.000000 | e:   1.000000 | Q:        nan | won: False 
#  450 | steps:  4969 | steps_t:     0 | t: 1.428479 | r:  -509.000000 | e:   1.000000 | Q:        nan | won: False 
#  451 | steps:  4978 | steps_t:     0 | t: 1.431454 | r:  -508.000000 | e:   1.000000 | Q:        nan | won: False 
#  452 | steps:  4988 | steps_t:     0 | t: 1.433448 | r:  -509.000000 | e:   1.000000 | Q:        nan | won: False 
#  453 | steps:  4997 | steps_t:     0 | t: 1.435438 | r:  -508.000000 | e:   1.000000 | Q:        nan | won: False 
