#    1 | steps:    10 | steps_t:     0 | t: 0.016941 | r:  -509.000000 | e:   1.000000 | Q:        nan | won: False 
#    2 | steps:    19 | steps_t:     0 | t: 0.019581 | r:  -508.000000 | e:   1.000000 | Q:        nan | won: False 
#    3 | steps:    38 | steps_t:     0 | t: 0.025756 | r:  -518.000000 | e:   1.000000 | Q:        nan | won: False 
#    4 | steps:    62 | steps_t:     0 | t: 0.032667 | r:  -523.000000 | e:   1.000000 | Q:        nan | won: False 
#    5 | steps:    69 | steps_t:     0 | t: 0.035715 | r:  -506.000000 | e:   1.000000 | Q:        nan | won: False 
#    6 | steps:    78 | steps_t:     0 | t: 0.039700 | r:  -508.000000 | e:   1.000000 | Q:        nan | won: False 
#    7 | steps:    85 | steps_t:     0 | t: 0.041696 | r:  -506.000000 | e:   1.000000 | Q:        nan | won: False 
#    8 | steps:    94 | steps_t:     0 | t: 0.044695 | r:  -508.000000 | e:   1.000000 | Q:        nan | won: False 
#    9 | steps:   101 | steps_t:     0 | t: 0.047664 | r:  -506.000000 | e:   1.000000 | Q:        nan | won: False 
#   10 | steps:   119 | steps_t:     0 | t: 0.052648 | r:  -517.000000 | e:   1.000000 | Q:        nan | won: False 
#   11 | steps:   127 | steps_t:     0 | t: 0.055590 | r:  -507.000000 | e:   1.000000 | Q:        nan | won: False 
#   12 | steps:   141 | steps_t:     0 | t: 0.060619 | r:  -513.000000 | e:   1.000000 | Q:        nan | won: False 
#   13 | steps:   148 | steps_t:     0 | t: 0.063650 | r:  -506.000000 | e:   1.000000 | Q:        nan | won: False 
#   14 | steps:   165 | steps_t:     0 | t: 0.069609 | r:  -516.000000 | e:   1.000000 | Q:        nan | won: False 
#   15 | steps:   183 | steps_t:     0 | t: 0.074573 | r:  -506.000000 | e:   1.000000 | Q:        nan | won: False 
#   16 | steps:   196 | steps_t:     0 | t: 0.077567 | r:  -512.000000 | e:   1.000000 | Q:        nan | won: False 
#   17 | steps:   213 | steps_t:     0 | t: 0.082548 | r:  -516.000000 | e:   1.000000 | Q:        nan | won: False 
#   18 | steps:   221 | steps_t:     0 | t: 0.085537 | r:  -507.000000 | e:   1.000000 | Q:        nan | won: False 
#   19 | steps:   230 | steps_t:     0 | t: 0.088526 | r:  -508.000000 | e:   1.000000 | Q:        nan | won: False 
#   20 | steps:   253 | steps_t:     0 | t: 0.093511 | r:  -522.000000 | e:   1.000000 | Q:        nan | won: False 
#   21 | steps:   266 | steps_t:     0 | t: 0.097497 | r:  -512.000000 | e:   1.000000 | Q:        nan | won: False 
#   22 | steps:   278 | steps_t:     0 | t: 0.102497 | r:  -511.000000 | e:   1.000000 | Q:        nan | won: False 
#   23 | steps:   288 | steps_t:     0 | t: 0.105472 | r:  -509.000000 | e:   1.000000 | Q:        nan | won: False 
#   24 | steps:   294 | steps_t:     0 | t: 0.107465 | r:  -505.000000 | e:   1.000000 | Q:        nan | won: False 
#   25 | steps:   306 | steps_t:     0 | t: 0.110453 | r:  -511.000000 | e:   1.000000 | Q:        nan | won: False 
#   26 | steps:   315 | steps_t:     0 | t: 0.113443 | r:  -508.000000 | e:   1.000000 | Q:        nan | won: False 
#   27 | steps:   324 | steps_t:     0 | t: 0.116389 | r:  -508.000000 | e:   1.000000 | Q:        nan | won: False 
#   28 | steps:   337 | steps_t:     0 | t: 0.120421 | r:  -512.000000 | e:   1.000000 | Q:        nan | won: False 
#   29 | steps:   342 | steps_t:     0 | t: 0.122413 | r:  -504.000000 | e:   1.000000 | Q:        nan | won: False 
#   30 | steps:   350 | steps_t:     0 | t: 0.124407 | r:  -507.000000 | e:   1.000000 | Q:        nan | won: False 
#   31 | steps:   357 | steps_t:     0 | t: 0.126403 | r:  -506.000000 | e:   1.000000 | Q:        nan | won: False 
#   32 | steps:   367 | steps_t:     0 | t: 0.129391 | r:  -509.000000 | e:   1.000000 | Q:        nan | won: False 
#   33 | steps:   377 | steps_t:     0 | t: 0.132381 | r:  -509.000000 | e:   1.000000 | Q:        nan | won: False 
#   34 | steps:   387 | steps_t:     0 | t: 0.136411 | r:  -509.000000 | e:   1.000000 | Q:        nan | won: False 
#   35 | steps:   395 | steps_t:     0 | t: 0.138378 | r:  -507.000000 | e:   1.000000 | Q:        nan | won: False 
#   36 | steps:   403 | steps_t:     0 | t: 0.141371 | r:  -507.000000 | e:   1.000000 | Q:        nan | won: False 
#   37 | steps:   421 | steps_t:     0 | t: 0.146371 | r:  -517.000000 | e:   1.000000 | Q:        nan | won: False 
#   38 | steps:   445 | steps_t:     0 | t: 0.154035 | r:  -523.000000 | e:   1.000000 | Q:        nan | won: False 
#   39 | steps:   461 | steps_t:     0 | t: 0.158023 | r:  -515.000000 | e:   1.000000 | Q:        nan | won: False 
#   40 | steps:   468 | steps_t:     0 | t: 0.160012 | r:  -506.000000 | e:   1.000000 | Q:        nan | won: False 
#   41 | steps:   476 | steps_t:     0 | t: 0.163006 | r:  -507.000000 | e:   1.000000 | Q:        nan | won: False 
#   42 | steps:   490 | steps_t:     0 | t: 0.166921 | r:  -513.000000 | e:   1.000000 | Q:        nan | won: False 
#   43 | steps:   501 | steps_t:     0 | t: 0.170980 | r:  -510.000000 | e:   1.000000 | Q:        nan | won: False 
#   44 | steps:   535 | steps_t:     0 | t: 0.178930 | r:  -533.000000 | e:   1.000000 | Q:        nan | won: False 
#   45 | steps:   541 | steps_t:     0 | t: 0.180920 | r:  -505.000000 | e:   1.000000 | Q:        nan | won: False 
#   46 | steps:   552 | steps_t:     0 | t: 0.183918 | r:  -510.000000 | e:   1.000000 | Q:        nan | won: False 
#   47 | steps:   561 | steps_t:     0 | t: 0.186905 | r:  -508.000000 | e:   1.000000 | Q:        nan | won: False 
#   48 | steps:   572 | steps_t:     0 | t: 0.189891 | r:  -510.000000 | e:   1.000000 | Q:        nan | won: False 
#   49 | steps:   585 | steps_t:     0 | t: 0.193881 | r:  -512.000000 | e:   1.000000 | Q:        nan | won: False 
#   50 | steps:   594 | steps_t:     0 | t: 0.195870 | r:  -508.000000 | e:   1.000000 | Q:        nan | won: False 
#   51 | steps:   605 | steps_t:     0 | t: 0.200808 | r:  -510.000000 | e:   1.000000 | Q:        nan | won: False 
#   52 | steps:   622 | steps_t:     0 | t: 0.204865 | r:  -516.000000 | e:   1.000000 | Q:        nan | won: False 
#   53 | steps:   630 | steps_t:     0 | t: 0.207845 | r:  -507.000000 | e:   1.000000 | Q:        nan | won: False 
#   54 | steps:   650 | steps_t:     0 | t: 0.212839 | r:  -508.000000 | e:   1.000000 | Q:        nan | won: False 
#   55 | steps:   660 | steps_t:     0 | t: 0.216801 | r:  -509.000000 | e:   1.000000 | Q:        nan | won: False 
#   56 | steps:   678 | steps_t:     0 | t: 0.221810 | r:  -506.000000 | e:   1.000000 | Q:        nan | won: False 
#   57 | steps:   685 | steps_t:     0 | t: 0.223796 | r:  -506.000000 | e:   1.000000 | Q:        nan | won: False 
#   58 | steps:   691 | steps_t:     0 | t: 0.225791 | r:  -505.000000 | e:   1.000000 | Q:        nan | won: False 
#   59 | steps:   698 | steps_t:     0 | t: 0.227782 | r:  -506.000000 | e:   1.000000 | Q:        nan | won: False 
#   60 | steps:   706 | steps_t:     0 | t: 0.230765 | r:  -507.000000 | e:   1.000000 | Q:        nan | won: False 
#   61 | steps:   712 | steps_t:     0 | t: 0.232702 | r:  -505.000000 | e:   1.000000 | Q:        nan | won: False 
#   62 | steps:   734 | steps_t:     0 | t: 0.238749 | r:  -521.000000 | e:   1.000000 | Q:        nan | won: False 
#   63 | steps:   747 | steps_t:     0 | t: 0.242744 | r:  -512.000000 | e:   1.000000 | Q:        nan | won: False 
#   64 | steps:   757 | steps_t:     0 | t: 0.245721 | r:  -509.000000 | e:   1.000000 | Q:        nan | won: False 
#   65 | steps:   772 | steps_t:     0 | t: 0.250660 | r:  -503.000000 | e:   1.000000 | Q:        nan | won: False 
#   66 | steps:   783 | steps_t:     0 | t: 0.253681 | r:  -510.000000 | e:   1.000000 | Q:        nan | won: False 
#   67 | steps:   792 | steps_t:     0 | t: 0.256675 | r:  -508.000000 | e:   1.000000 | Q:        nan | won: False 
#   68 | steps:   814 | steps_t:     0 | t: 0.261677 | r:  -521.000000 | e:   1.000000 | Q:        nan | won: False 
#   69 | steps:   822 | steps_t:     0 | t: 0.264636 | r:  -507.000000 | e:   1.000000 | Q:        nan | won: False 
#   70 | steps:   829 | steps_t:     0 | t: 0.267628 | r:  -506.000000 | e:   1.000000 | Q:        nan | won: False 
#   71 | steps:   840 | steps_t:     0 | t: 0.270620 | r:  -510.000000 | e:   1.000000 | Q:        nan | won: False 
#   72 | steps:   851 | steps_t:     0 | t: 0.273606 | r:  -510.000000 | e:   1.000000 | Q:        nan | won: False 
#   73 | steps:   856 | steps_t:     0 | t: 0.275599 | r:  -504.000000 | e:   1.000000 | Q:        nan | won: False 
#   74 | steps:   865 | steps_t:     0 | t: 0.278605 | r:  -508.000000 | e:   1.000000 | Q:        nan | won: False 
#   75 | steps:   871 | steps_t:     0 | t: 0.280540 | r:  -505.000000 | e:   1.000000 | Q:        nan | won: False 
#   76 | steps:   881 | steps_t:     0 | t: 0.284578 | r:  -509.000000 | e:   1.000000 | Q:        nan | won: False 
#   77 | steps:   889 | steps_t:     0 | t: 0.286566 | r:  -507.000000 | e:   1.000000 | Q:        nan | won: False 
#   78 | steps:   908 | steps_t:     0 | t: 0.291558 | r:  -518.000000 | e:   1.000000 | Q:        nan | won: False 
#   79 | steps:   928 | steps_t:     0 | t: 0.297537 | r:  -519.000000 | e:   1.000000 | Q:        nan | won: False 
#   80 | steps:   936 | steps_t:     0 | t: 0.300481 | r:  -507.000000 | e:   1.000000 | Q:        nan | won: False 
#   81 | steps:   946 | steps_t:     0 | t: 0.303530 | r:  -509.000000 | e:   1.000000 | Q:        nan | won: False 
#   82 | steps:   951 | steps_t:     0 | t: 0.304460 | r:  -504.000000 | e:   1.000000 | Q:        nan | won: False 
#   83 | steps:   958 | steps_t:     0 | t: 0.306592 | r:  -506.000000 | e:   1.000000 | Q:        nan | won: False 
#   84 | steps:   970 | steps_t:     0 | t: 0.310582 | r:  -511.000000 | e:   1.000000 | Q:        nan | won: False 
#   85 | steps:   976 | steps_t:     0 | t: 0.312578 | r:  -505.000000 | e:   1.000000 | Q:        nan | won: False 
#   86 | steps:   989 | steps_t:     0 | t: 0.315561 | r:  -512.000000 | e:   1.000000 | Q:        nan | won: False 
#   87 | steps:  1005 | steps_t:     0 | t: 0.320548 | r:  -515.000000 | e:   1.000000 | Q:        nan | won: False 
#   88 | steps:  1030 | steps_t:     0 | t: 0.326541 | r:  -524.000000 | e:   1.000000 | Q:        nan | won: False 
#   89 | steps:  1039 | steps_t:     0 | t: 0.329516 | r:  -508.000000 | e:   1.000000 | Q:        nan | won: False 
#   90 | steps:  1055 | steps_t:     0 | t: 0.334496 | r:  -515.000000 | e:   1.000000 | Q:        nan | won: False 
#   91 | steps:  1065 | steps_t:     0 | t: 0.337492 | r:  -509.000000 | e:   1.000000 | Q:        nan | won: False 
#   92 | steps:  1075 | steps_t:     0 | t: 0.339486 | r:  -509.000000 | e:   1.000000 | Q:        nan | won: False 
#   93 | steps:  1081 | steps_t:     0 | t: 0.342490 | r:  -505.000000 | e:   1.000000 | Q:        nan | won: False 
#   94 | steps:  1088 | steps_t:     0 | t: 0.344465 | r:  -506.000000 | e:   1.000000 | Q:        nan | won: False 
#   95 | steps:  1099 | steps_t:     0 | t: 0.347457 | r:  -510.000000 | e:   1.000000 | Q:        nan | won: False 
#   96 | steps:  1107 | steps_t:     0 | t: 0.350442 | r:  -507.000000 | e:   1.000000 | Q:        nan | won: False 
#   97 | steps:  1115 | steps_t:     0 | t: 0.352436 | r:  -507.000000 | e:   1.000000 | Q:        nan | won: False 
#   98 | steps:  1133 | steps_t:     0 | t: 0.358119 | r:  -517.000000 | e:   1.000000 | Q:        nan | won: False 
#   99 | steps:  1144 | steps_t:     0 | t: 0.361157 | r:  -510.000000 | e:   1.000000 | Q:        nan | won: False 
#  100 | steps:  1152 | steps_t:     0 | t: 0.364143 | r:  -507.000000 | e:   1.000000 | Q:        nan | won: False 
#  101 | steps:  1161 | steps_t:     0 | t: 1.626835 | r:  -508.000000 | e:   1.000000 | Q:        nan | won: False 
#  102 | steps:  1171 | steps_t:     0 | t: 4.018151 | r:  -509.000000 | e:   1.000000 | Q:        nan | won: False 
#  103 | steps:  1180 | steps_t:     0 | t: 6.224305 | r:  -508.000000 | e:   1.000000 | Q:        nan | won: False 
#  104 | steps:  1191 | steps_t:     0 | t: 8.722264 | r:  -510.000000 | e:   1.000000 | Q:        nan | won: False 
#  105 | steps:  1209 | steps_t:     0 | t: 12.276463 | r:  -517.000000 | e:   1.000000 | Q:        nan | won: False 
#  106 | steps:  1220 | steps_t:     0 | t: 14.782852 | r:  -510.000000 | e:   1.000000 | Q:        nan | won: False 
#  107 | steps:  1232 | steps_t:     0 | t: 17.431345 | r:  -511.000000 | e:   1.000000 | Q:        nan | won: False 
#  108 | steps:  1238 | steps_t:     0 | t: 19.224224 | r:  -505.000000 | e:   1.000000 | Q:        nan | won: False 
#  109 | steps:  1257 | steps_t:     0 | t: 22.821501 | r:  -518.000000 | e:   1.000000 | Q:        nan | won: False 
#  110 | steps:  1262 | steps_t:     0 | t: 24.481810 | r:  -504.000000 | e:   1.000000 | Q:        nan | won: False 
