#    1 | steps:    20 | steps_t:     0 | t: 0.017885 | r:  -519.000000 | e:   1.000000 | Q:        nan | won: False 
#    2 | steps:    27 | steps_t:     0 | t: 0.019878 | r:  -506.000000 | e:   1.000000 | Q:        nan | won: False 
#    3 | steps:    37 | steps_t:     0 | t: 0.021871 | r:  -509.000000 | e:   1.000000 | Q:        nan | won: False 
#    4 | steps:    48 | steps_t:     0 | t: 0.024861 | r:  -510.000000 | e:   1.000000 | Q:        nan | won: False 
#    5 | steps:    56 | steps_t:     0 | t: 0.026855 | r:  -507.000000 | e:   1.000000 | Q:        nan | won: False 
#    6 | steps:    64 | steps_t:     0 | t: 0.030886 | r:  -507.000000 | e:   1.000000 | Q:        nan | won: False 
#    7 | steps:    71 | steps_t:     0 | t: 0.032895 | r:  -506.000000 | e:   1.000000 | Q:        nan | won: False 
#    8 | steps:    92 | steps_t:     0 | t: 0.037880 | r:  -520.000000 | e:   1.000000 | Q:        nan | won: False 
#    9 | steps:   101 | steps_t:     0 | t: 0.040866 | r:  -508.000000 | e:   1.000000 | Q:        nan | won: False 
#   10 | steps:   109 | steps_t:     0 | t: 0.042807 | r:  -507.000000 | e:   1.000000 | Q:        nan | won: False 
#   11 | steps:   117 | steps_t:     0 | t: 0.044800 | r:  -507.000000 | e:   1.000000 | Q:        nan | won: False 
#   12 | steps:   131 | steps_t:     0 | t: 0.048786 | r:  -502.000000 | e:   1.000000 | Q:        nan | won: False 
#   13 | steps:   139 | steps_t:     0 | t: 0.050780 | r:  -507.000000 | e:   1.000000 | Q:        nan | won: False 
#   14 | steps:   146 | steps_t:     0 | t: 0.052773 | r:  -506.000000 | e:   1.000000 | Q:        nan | won: False 
#   15 | steps:   159 | steps_t:     0 | t: 0.056761 | r:  -512.000000 | e:   1.000000 | Q:        nan | won: False 
#   16 | steps:   179 | steps_t:     0 | t: 0.061743 | r:  -519.000000 | e:   1.000000 | Q:        nan | won: False 
#   17 | steps:   198 | steps_t:     0 | t: 0.066726 | r:  -518.000000 | e:   1.000000 | Q:        nan | won: False 
#   18 | steps:   213 | steps_t:     0 | t: 0.069716 | r:  -514.000000 | e:   1.000000 | Q:        nan | won: False 
#   19 | steps:   223 | steps_t:     0 | t: 0.072707 | r:  -509.000000 | e:   1.000000 | Q:        nan | won: False 
#   20 | steps:   244 | steps_t:     0 | t: 0.077690 | r:  -520.000000 | e:   1.000000 | Q:        nan | won: False 
#   21 | steps:   265 | steps_t:     0 | t: 0.082674 | r:  -520.000000 | e:   1.000000 | Q:        nan | won: False 
#   22 | steps:   280 | steps_t:     0 | t: 0.086660 | r:  -514.000000 | e:   1.000000 | Q:        nan | won: False 
#   23 | steps:   286 | steps_t:     0 | t: 0.088653 | r:  -505.000000 | e:   1.000000 | Q:        nan | won: False 
#   24 | steps:   293 | steps_t:     0 | t: 0.090647 | r:  -506.000000 | e:   1.000000 | Q:        nan | won: False 
#   25 | steps:   311 | steps_t:     0 | t: 0.095667 | r:  -495.000000 | e:   1.000000 | Q:        nan | won: False 
#   26 | steps:   321 | steps_t:     0 | t: 0.098676 | r:  -509.000000 | e:   1.000000 | Q:        nan | won: False 
#   27 | steps:   329 | steps_t:     0 | t: 0.100658 | r:  -507.000000 | e:   1.000000 | Q:        nan | won: False 
#   28 | steps:   338 | steps_t:     0 | t: 0.103651 | r:  -508.000000 | e:   1.000000 | Q:        nan | won: False 
#   29 | steps:   380 | steps_t:     0 | t: 0.113606 | r:  -530.000000 | e:   1.000000 | Q:        nan | won: False 
#   30 | steps:   387 | steps_t:     0 | t: 0.116597 | r:  -506.000000 | e:   1.000000 | Q:        nan | won: False 
#   31 | steps:   393 | steps_t:     0 | t: 0.118597 | r:  -505.000000 | e:   1.000000 | Q:        nan | won: False 
#   32 | steps:   407 | steps_t:     0 | t: 0.121580 | r:  -513.000000 | e:   1.000000 | Q:        nan | won: False 
#   33 | steps:   418 | steps_t:     0 | t: 0.124580 | r:  -510.000000 | e:   1.000000 | Q:        nan | won: False 
#   34 | steps:   425 | steps_t:     0 | t: 0.126562 | r:  -506.000000 | e:   1.000000 | Q:        nan | won: False 
#   35 | steps:   437 | steps_t:     0 | t: 0.130549 | r:  -511.000000 | e:   1.000000 | Q:        nan | won: False 
#   36 | steps:   446 | steps_t:     0 | t: 0.133539 | r:  -508.000000 | e:   1.000000 | Q:        nan | won: False 
#   37 | steps:   468 | steps_t:     0 | t: 0.138526 | r:  -521.000000 | e:   1.000000 | Q:        nan | won: False 
#   38 | steps:   478 | steps_t:     0 | t: 0.141528 | r:  -509.000000 | e:   1.000000 | Q:        nan | won: False 
#   39 | steps:   491 | steps_t:     0 | t: 0.144511 | r:  -512.000000 | e:   1.000000 | Q:        nan | won: False 
#   40 | steps:   503 | steps_t:     0 | t: 0.147508 | r:  -511.000000 | e:   1.000000 | Q:        nan | won: False 
#   41 | steps:   511 | steps_t:     0 | t: 0.150491 | r:  -507.000000 | e:   1.000000 | Q:        nan | won: False 
#   42 | steps:   520 | steps_t:     0 | t: 0.152484 | r:  -508.000000 | e:   1.000000 | Q:        nan | won: False 
#   43 | steps:   532 | steps_t:     0 | t: 0.156471 | r:  -511.000000 | e:   1.000000 | Q:        nan | won: False 
#   44 | steps:   556 | steps_t:     0 | t: 0.162403 | r:  -523.000000 | e:   1.000000 | Q:        nan | won: False 
#   45 | steps:   566 | steps_t:     0 | t: 0.164445 | r:  -509.000000 | e:   1.000000 | Q:        nan | won: False 
#   46 | steps:   573 | steps_t:     0 | t: 0.166431 | r:  -506.000000 | e:   1.000000 | Q:        nan | won: False 
#   47 | steps:   581 | steps_t:     0 | t: 0.169429 | r:  -507.000000 | e:   1.000000 | Q:        nan | won: False 
#   48 | steps:   595 | steps_t:     0 | t: 0.172417 | r:  -513.000000 | e:   1.000000 | Q:        nan | won: False 
#   49 | steps:   607 | steps_t:     0 | t: 0.175410 | r:  -511.000000 | e:   1.000000 | Q:        nan | won: False 
#   50 | steps:   617 | steps_t:     0 | t: 0.178395 | r:  -509.000000 | e:   1.000000 | Q:        nan | won: False 
#   51 | steps:   627 | steps_t:     0 | t: 0.181388 | r:  -509.000000 | e:   1.000000 | Q:        nan | won: False 
#   52 | steps:   634 | steps_t:     0 | t: 0.183379 | r:  -506.000000 | e:   1.000000 | Q:        nan | won: False 
#   53 | steps:   655 | steps_t:     0 | t: 0.188364 | r:  -520.000000 | e:   1.000000 | Q:        nan | won: False 
#   54 | steps:   670 | steps_t:     0 | t: 0.192355 | r:  -514.000000 | e:   1.000000 | Q:        nan | won: False 
#   55 | steps:   682 | steps_t:     0 | t: 0.196330 | r:  -511.000000 | e:   1.000000 | Q:        nan | won: False 
#   56 | steps:   698 | steps_t:     0 | t: 0.200328 | r:  -515.000000 | e:   1.000000 | Q:        nan | won: False 
#   57 | steps:   711 | steps_t:     0 | t: 0.203318 | r:  -512.000000 | e:   1.000000 | Q:        nan | won: False 
#   58 | steps:   720 | steps_t:     0 | t: 0.206302 | r:  -508.000000 | e:   1.000000 | Q:        nan | won: False 
#   59 | steps:   742 | steps_t:     0 | t: 0.211289 | r:  -521.000000 | e:   1.000000 | Q:        nan | won: False 
#   60 | steps:   751 | steps_t:     0 | t: 0.214278 | r:  -508.000000 | e:   1.000000 | Q:        nan | won: False 
#   61 | steps:   761 | steps_t:     0 | t: 0.217260 | r:  -509.000000 | e:   1.000000 | Q:        nan | won: False 
#   62 | steps:   771 | steps_t:     0 | t: 0.219262 | r:  -509.000000 | e:   1.000000 | Q:        nan | won: False 
#   63 | steps:   783 | steps_t:     0 | t: 0.223250 | r:  -511.000000 | e:   1.000000 | Q:        nan | won: False 
#   64 | steps:   795 | steps_t:     0 | t: 0.226238 | r:  -511.000000 | e:   1.000000 | Q:        nan | won: False 
#   65 | steps:   802 | steps_t:     0 | t: 0.228225 | r:  -506.000000 | e:   1.000000 | Q:        nan | won: False 
#   66 | steps:   808 | steps_t:     0 | t: 0.230217 | r:  -505.000000 | e:   1.000000 | Q:        nan | won: False 
#   67 | steps:   815 | steps_t:     0 | t: 0.232212 | r:  -506.000000 | e:   1.000000 | Q:        nan | won: False 
#   68 | steps:   827 | steps_t:     0 | t: 0.235183 | r:  -511.000000 | e:   1.000000 | Q:        nan | won: False 
#   69 | steps:   836 | steps_t:     0 | t: 0.238225 | r:  -508.000000 | e:   1.000000 | Q:        nan | won: False 
#   70 | steps:   850 | steps_t:     0 | t: 0.242208 | r:  -513.000000 | e:   1.000000 | Q:        nan | won: False 
#   71 | steps:   859 | steps_t:     0 | t: 0.244198 | r:  -508.000000 | e:   1.000000 | Q:        nan | won: False 
#   72 | steps:   867 | steps_t:     0 | t: 0.247191 | r:  -507.000000 | e:   1.000000 | Q:        nan | won: False 
#   73 | steps:   874 | steps_t:     0 | t: 0.249178 | r:  -506.000000 | e:   1.000000 | Q:        nan | won: False 
#   74 | steps:   884 | steps_t:     0 | t: 0.252172 | r:  -509.000000 | e:   1.000000 | Q:        nan | won: False 
#   75 | steps:   890 | steps_t:     0 | t: 0.253164 | r:  -505.000000 | e:   1.000000 | Q:        nan | won: False 
#   76 | steps:   898 | steps_t:     0 | t: 0.256162 | r:  -507.000000 | e:   1.000000 | Q:        nan | won: False 
#   77 | steps:   910 | steps_t:     0 | t: 0.259152 | r:  -511.000000 | e:   1.000000 | Q:        nan | won: False 
#   78 | steps:   917 | steps_t:     0 | t: 0.261140 | r:  -506.000000 | e:   1.000000 | Q:        nan | won: False 
#   79 | steps:   924 | steps_t:     0 | t: 0.263132 | r:  -506.000000 | e:   1.000000 | Q:        nan | won: False 
#   80 | steps:   932 | steps_t:     0 | t: 0.266081 | r:  -507.000000 | e:   1.000000 | Q:        nan | won: False 
#   81 | steps:   940 | steps_t:     0 | t: 0.268074 | r:  -507.000000 | e:   1.000000 | Q:        nan | won: False 
#   82 | steps:   948 | steps_t:     0 | t: 0.271064 | r:  -507.000000 | e:   1.000000 | Q:        nan | won: False 
#   83 | steps:   959 | steps_t:     0 | t: 0.274054 | r:  -510.000000 | e:   1.000000 | Q:        nan | won: False 
#   84 | steps:   969 | steps_t:     0 | t: 0.277044 | r:  -509.000000 | e:   1.000000 | Q:        nan | won: False 
#   85 | steps:   977 | steps_t:     0 | t: 0.280035 | r:  -507.000000 | e:   1.000000 | Q:        nan | won: False 
#   86 | steps:   994 | steps_t:     0 | t: 0.285018 | r:  -516.000000 | e:   1.000000 | Q:        nan | won: False 
#   87 | steps:  1005 | steps_t:     0 | t: 0.288062 | r:  -510.000000 | e:   1.000000 | Q:        nan | won: False 
#   88 | steps:  1017 | steps_t:     0 | t: 0.292042 | r:  -511.000000 | e:   1.000000 | Q:        nan | won: False 
#   89 | steps:  1030 | steps_t:     0 | t: 0.295027 | r:  -512.000000 | e:   1.000000 | Q:        nan | won: False 
#   90 | steps:  1037 | steps_t:     0 | t: 0.299014 | r:  -506.000000 | e:   1.000000 | Q:        nan | won: False 
#   91 | steps:  1047 | steps_t:     0 | t: 0.302014 | r:  -509.000000 | e:   1.000000 | Q:        nan | won: False 
#   92 | steps:  1053 | steps_t:     0 | t: 0.303023 | r:  -505.000000 | e:   1.000000 | Q:        nan | won: False 
#   93 | steps:  1063 | steps_t:     0 | t: 0.306005 | r:  -509.000000 | e:   1.000000 | Q:        nan | won: False 
#   94 | steps:  1076 | steps_t:     0 | t: 0.308989 | r:  -512.000000 | e:   1.000000 | Q:        nan | won: False 
#   95 | steps:  1086 | steps_t:     0 | t: 0.312065 | r:  -509.000000 | e:   1.000000 | Q:        nan | won: False 
#   96 | steps:  1098 | steps_t:     0 | t: 0.315145 | r:  -511.000000 | e:   1.000000 | Q:        nan | won: False 
#   97 | steps:  1111 | steps_t:     0 | t: 0.319141 | r:  -512.000000 | e:   1.000000 | Q:        nan | won: False 
#   98 | steps:  1125 | steps_t:     0 | t: 0.322130 | r:  -513.000000 | e:   1.000000 | Q:        nan | won: False 
#   99 | steps:  1138 | steps_t:     0 | t: 0.325113 | r:  -512.000000 | e:   1.000000 | Q:        nan | won: False 
#  100 | steps:  1147 | steps_t:     0 | t: 0.328103 | r:  -508.000000 | e:   1.000000 | Q:        nan | won: False 
#  101 | steps:  1155 | steps_t:     0 | t: 1.445546 | r:  -507.000000 | e:   1.000000 | Q:        nan | won: False 
#  102 | steps:  1164 | steps_t:     0 | t: 3.765612 | r:  -508.000000 | e:   1.000000 | Q:        nan | won: False 
#  103 | steps:  1175 | steps_t:     0 | t: 6.318804 | r:  -510.000000 | e:   1.000000 | Q:        nan | won: False 
#  104 | steps:  1183 | steps_t:     0 | t: 8.378057 | r:  -507.000000 | e:   1.000000 | Q:        nan | won: False 
#  105 | steps:  1198 | steps_t:     0 | t: 11.443585 | r:  -514.000000 | e:   1.000000 | Q:        nan | won: False 
#  106 | steps:  1215 | steps_t:     0 | t: 14.816276 | r:  -516.000000 | e:   1.000000 | Q:        nan | won: False 
#  107 | steps:  1221 | steps_t:     0 | t: 16.664810 | r:  -505.000000 | e:   1.000000 | Q:        nan | won: False 
#  108 | steps:  1241 | steps_t:     0 | t: 20.422679 | r:  -519.000000 | e:   1.000000 | Q:        nan | won: False 
#  109 | steps:  1259 | steps_t:     0 | t: 23.972430 | r:  -517.000000 | e:   1.000000 | Q:        nan | won: False 
#  110 | steps:  1275 | steps_t:     0 | t: 27.147174 | r:  -515.000000 | e:   1.000000 | Q:        nan | won: False 
