#    1 | steps:     6 | steps_t:     0 | t: 0.015947 | r:  -505.000000 | e:   1.000000 | Q:        nan | won: False 
#    2 | steps:    19 | steps_t:     0 | t: 0.019238 | r:  -512.000000 | e:   1.000000 | Q:        nan | won: False 
#    3 | steps:    27 | steps_t:     0 | t: 0.022177 | r:  -507.000000 | e:   1.000000 | Q:        nan | won: False 
#    4 | steps:    36 | steps_t:     0 | t: 0.025216 | r:  -508.000000 | e:   1.000000 | Q:        nan | won: False 
#    5 | steps:    44 | steps_t:     0 | t: 0.028207 | r:  -507.000000 | e:   1.000000 | Q:        nan | won: False 
#    6 | steps:    52 | steps_t:     0 | t: 0.032191 | r:  -507.000000 | e:   1.000000 | Q:        nan | won: False 
#    7 | steps:    61 | steps_t:     0 | t: 0.035179 | r:  -508.000000 | e:   1.000000 | Q:        nan | won: False 
#    8 | steps:    70 | steps_t:     0 | t: 0.038123 | r:  -508.000000 | e:   1.000000 | Q:        nan | won: False 
#    9 | steps:    77 | steps_t:     0 | t: 0.041114 | r:  -506.000000 | e:   1.000000 | Q:        nan | won: False 
#   10 | steps:    91 | steps_t:     0 | t: 0.046141 | r:  -491.000000 | e:   1.000000 | Q:        nan | won: False 
#   11 | steps:   104 | steps_t:     0 | t: 0.050133 | r:  -512.000000 | e:   1.000000 | Q:        nan | won: False 
#   12 | steps:   111 | steps_t:     0 | t: 0.052123 | r:  -506.000000 | e:   1.000000 | Q:        nan | won: False 
#   13 | steps:   117 | steps_t:     0 | t: 0.054130 | r:  -505.000000 | e:   1.000000 | Q:        nan | won: False 
#   14 | steps:   124 | steps_t:     0 | t: 0.057107 | r:  -506.000000 | e:   1.000000 | Q:        nan | won: False 
#   15 | steps:   132 | steps_t:     0 | t: 0.060067 | r:  -507.000000 | e:   1.000000 | Q:        nan | won: False 
#   16 | steps:   141 | steps_t:     0 | t: 0.063092 | r:  -508.000000 | e:   1.000000 | Q:        nan | won: False 
#   17 | steps:   149 | steps_t:     0 | t: 0.065083 | r:  -507.000000 | e:   1.000000 | Q:        nan | won: False 
#   18 | steps:   158 | steps_t:     0 | t: 0.068085 | r:  -508.000000 | e:   1.000000 | Q:        nan | won: False 
#   19 | steps:   175 | steps_t:     0 | t: 0.072068 | r:  -516.000000 | e:   1.000000 | Q:        nan | won: False 
#   20 | steps:   181 | steps_t:     0 | t: 0.074049 | r:  -505.000000 | e:   1.000000 | Q:        nan | won: False 
#   21 | steps:   188 | steps_t:     0 | t: 0.077059 | r:  -506.000000 | e:   1.000000 | Q:        nan | won: False 
#   22 | steps:   198 | steps_t:     0 | t: 0.081043 | r:  -509.000000 | e:   1.000000 | Q:        nan | won: False 
#   23 | steps:   206 | steps_t:     0 | t: 0.084032 | r:  -507.000000 | e:   1.000000 | Q:        nan | won: False 
#   24 | steps:   213 | steps_t:     0 | t: 0.085966 | r:  -506.000000 | e:   1.000000 | Q:        nan | won: False 
#   25 | steps:   226 | steps_t:     0 | t: 0.089999 | r:  -512.000000 | e:   1.000000 | Q:        nan | won: False 
#   26 | steps:   235 | steps_t:     0 | t: 0.092997 | r:  -508.000000 | e:   1.000000 | Q:        nan | won: False 
#   27 | steps:   244 | steps_t:     0 | t: 0.095978 | r:  -508.000000 | e:   1.000000 | Q:        nan | won: False 
#   28 | steps:   256 | steps_t:     0 | t: 0.099964 | r:  -511.000000 | e:   1.000000 | Q:        nan | won: False 
#   29 | steps:   272 | steps_t:     0 | t: 0.103951 | r:  -515.000000 | e:   1.000000 | Q:        nan | won: False 
#   30 | steps:   283 | steps_t:     0 | t: 0.106940 | r:  -510.000000 | e:   1.000000 | Q:        nan | won: False 
#   31 | steps:   303 | steps_t:     0 | t: 0.112916 | r:  -519.000000 | e:   1.000000 | Q:        nan | won: False 
#   32 | steps:   312 | steps_t:     0 | t: 0.115918 | r:  -508.000000 | e:   1.000000 | Q:        nan | won: False 
#   33 | steps:   326 | steps_t:     0 | t: 0.119901 | r:  -513.000000 | e:   1.000000 | Q:        nan | won: False 
#   34 | steps:   349 | steps_t:     0 | t: 0.125898 | r:  -511.000000 | e:   1.000000 | Q:        nan | won: False 
#   35 | steps:   359 | steps_t:     0 | t: 0.128884 | r:  -509.000000 | e:   1.000000 | Q:        nan | won: False 
#   36 | steps:   369 | steps_t:     0 | t: 0.132880 | r:  -509.000000 | e:   1.000000 | Q:        nan | won: False 
#   37 | steps:   377 | steps_t:     0 | t: 0.134866 | r:  -507.000000 | e:   1.000000 | Q:        nan | won: False 
#   38 | steps:   386 | steps_t:     0 | t: 0.137856 | r:  -508.000000 | e:   1.000000 | Q:        nan | won: False 
#   39 | steps:   392 | steps_t:     0 | t: 0.139848 | r:  -505.000000 | e:   1.000000 | Q:        nan | won: False 
#   40 | steps:   400 | steps_t:     0 | t: 0.142847 | r:  -507.000000 | e:   1.000000 | Q:        nan | won: False 
#   41 | steps:   409 | steps_t:     0 | t: 0.145809 | r:  -508.000000 | e:   1.000000 | Q:        nan | won: False 
#   42 | steps:   420 | steps_t:     0 | t: 0.148807 | r:  -510.000000 | e:   1.000000 | Q:        nan | won: False 
#   43 | steps:   427 | steps_t:     0 | t: 0.151804 | r:  -506.000000 | e:   1.000000 | Q:        nan | won: False 
#   44 | steps:   437 | steps_t:     0 | t: 0.154782 | r:  -509.000000 | e:   1.000000 | Q:        nan | won: False 
#   45 | steps:   444 | steps_t:     0 | t: 0.156773 | r:  -506.000000 | e:   1.000000 | Q:        nan | won: False 
#   46 | steps:   458 | steps_t:     0 | t: 0.160751 | r:  -513.000000 | e:   1.000000 | Q:        nan | won: False 
#   47 | steps:   468 | steps_t:     0 | t: 0.163754 | r:  -509.000000 | e:   1.000000 | Q:        nan | won: False 
#   48 | steps:   476 | steps_t:     0 | t: 0.166814 | r:  -507.000000 | e:   1.000000 | Q:        nan | won: False 
#   49 | steps:   500 | steps_t:     0 | t: 0.172803 | r:  -523.000000 | e:   1.000000 | Q:        nan | won: False 
#   50 | steps:   509 | steps_t:     0 | t: 0.175793 | r:  -508.000000 | e:   1.000000 | Q:        nan | won: False 
#   51 | steps:   520 | steps_t:     0 | t: 0.178777 | r:  -510.000000 | e:   1.000000 | Q:        nan | won: False 
#   52 | steps:   527 | steps_t:     0 | t: 0.181753 | r:  -506.000000 | e:   1.000000 | Q:        nan | won: False 
#   53 | steps:   538 | steps_t:     0 | t: 0.184747 | r:  -510.000000 | e:   1.000000 | Q:        nan | won: False 
#   54 | steps:   557 | steps_t:     0 | t: 0.189732 | r:  -518.000000 | e:   1.000000 | Q:        nan | won: False 
#   55 | steps:   567 | steps_t:     0 | t: 0.193710 | r:  -509.000000 | e:   1.000000 | Q:        nan | won: False 
#   56 | steps:   579 | steps_t:     0 | t: 0.196705 | r:  -511.000000 | e:   1.000000 | Q:        nan | won: False 
#   57 | steps:   590 | steps_t:     0 | t: 0.199687 | r:  -510.000000 | e:   1.000000 | Q:        nan | won: False 
#   58 | steps:   608 | steps_t:     0 | t: 0.204677 | r:  -517.000000 | e:   1.000000 | Q:        nan | won: False 
#   59 | steps:   617 | steps_t:     0 | t: 0.207664 | r:  -508.000000 | e:   1.000000 | Q:        nan | won: False 
#   60 | steps:   626 | steps_t:     0 | t: 0.210683 | r:  -508.000000 | e:   1.000000 | Q:        nan | won: False 
#   61 | steps:   633 | steps_t:     0 | t: 0.214647 | r:  -506.000000 | e:   1.000000 | Q:        nan | won: False 
#   62 | steps:   640 | steps_t:     0 | t: 0.217647 | r:  -506.000000 | e:   1.000000 | Q:        nan | won: False 
#   63 | steps:   653 | steps_t:     0 | t: 0.220642 | r:  -512.000000 | e:   1.000000 | Q:        nan | won: False 
#   64 | steps:   659 | steps_t:     0 | t: 0.222626 | r:  -505.000000 | e:   1.000000 | Q:        nan | won: False 
#   65 | steps:   672 | steps_t:     0 | t: 0.227546 | r:  -512.000000 | e:   1.000000 | Q:        nan | won: False 
#   66 | steps:   678 | steps_t:     0 | t: 0.229697 | r:  -505.000000 | e:   1.000000 | Q:        nan | won: False 
#   67 | steps:   697 | steps_t:     0 | t: 0.234669 | r:  -518.000000 | e:   1.000000 | Q:        nan | won: False 
#   68 | steps:   707 | steps_t:     0 | t: 0.236660 | r:  -509.000000 | e:   1.000000 | Q:        nan | won: False 
#   69 | steps:   714 | steps_t:     0 | t: 0.239665 | r:  -506.000000 | e:   1.000000 | Q:        nan | won: False 
#   70 | steps:   723 | steps_t:     0 | t: 0.241644 | r:  -508.000000 | e:   1.000000 | Q:        nan | won: False 
#   71 | steps:   742 | steps_t:     0 | t: 0.247626 | r:  -518.000000 | e:   1.000000 | Q:        nan | won: False 
#   72 | steps:   758 | steps_t:     0 | t: 0.251608 | r:  -504.000000 | e:   1.000000 | Q:        nan | won: False 
#   73 | steps:   766 | steps_t:     0 | t: 0.254752 | r:  -507.000000 | e:   1.000000 | Q:        nan | won: False 
#   74 | steps:   778 | steps_t:     0 | t: 0.257747 | r:  -511.000000 | e:   1.000000 | Q:        nan | won: False 
#   75 | steps:   786 | steps_t:     0 | t: 0.260288 | r:  -507.000000 | e:   1.000000 | Q:        nan | won: False 
#   76 | steps:   795 | steps_t:     0 | t: 0.263574 | r:  -508.000000 | e:   1.000000 | Q:        nan | won: False 
#   77 | steps:   808 | steps_t:     0 | t: 0.267541 | r:  -512.000000 | e:   1.000000 | Q:        nan | won: False 
#   78 | steps:   822 | steps_t:     0 | t: 0.271523 | r:  -502.000000 | e:   1.000000 | Q:        nan | won: False 
#   79 | steps:   835 | steps_t:     0 | t: 0.274504 | r:  -512.000000 | e:   1.000000 | Q:        nan | won: False 
#   80 | steps:   846 | steps_t:     0 | t: 0.278503 | r:  -510.000000 | e:   1.000000 | Q:        nan | won: False 
#   81 | steps:   854 | steps_t:     0 | t: 0.280481 | r:  -507.000000 | e:   1.000000 | Q:        nan | won: False 
#   82 | steps:   862 | steps_t:     0 | t: 0.283480 | r:  -507.000000 | e:   1.000000 | Q:        nan | won: False 
#   83 | steps:   876 | steps_t:     0 | t: 0.286461 | r:  -513.000000 | e:   1.000000 | Q:        nan | won: False 
#   84 | steps:   884 | steps_t:     0 | t: 0.288456 | r:  -507.000000 | e:   1.000000 | Q:        nan | won: False 
#   85 | steps:   894 | steps_t:     0 | t: 0.291454 | r:  -509.000000 | e:   1.000000 | Q:        nan | won: False 
#   86 | steps:   902 | steps_t:     0 | t: 0.294434 | r:  -507.000000 | e:   1.000000 | Q:        nan | won: False 
#   87 | steps:   912 | steps_t:     0 | t: 0.297425 | r:  -509.000000 | e:   1.000000 | Q:        nan | won: False 
#   88 | steps:   921 | steps_t:     0 | t: 0.300424 | r:  -508.000000 | e:   1.000000 | Q:        nan | won: False 
#   89 | steps:   929 | steps_t:     0 | t: 0.302407 | r:  -507.000000 | e:   1.000000 | Q:        nan | won: False 
#   90 | steps:   940 | steps_t:     0 | t: 0.305408 | r:  -510.000000 | e:   1.000000 | Q:        nan | won: False 
#   91 | steps:   961 | steps_t:     0 | t: 0.313508 | r:  -509.000000 | e:   1.000000 | Q:        nan | won: False 
#   92 | steps:   987 | steps_t:     0 | t: 0.322991 | r:  -525.000000 | e:   1.000000 | Q:        nan | won: False 
#   93 | steps:  1001 | steps_t:     0 | t: 0.327821 | r:  -513.000000 | e:   1.000000 | Q:        nan | won: False 
#   94 | steps:  1010 | steps_t:     0 | t: 0.330851 | r:  -508.000000 | e:   1.000000 | Q:        nan | won: False 
#   95 | steps:  1020 | steps_t:     0 | t: 0.333841 | r:  -509.000000 | e:   1.000000 | Q:        nan | won: False 
#   96 | steps:  1025 | steps_t:     0 | t: 0.334839 | r:  -504.000000 | e:   1.000000 | Q:        nan | won: False 
#   97 | steps:  1033 | steps_t:     0 | t: 0.337828 | r:  -507.000000 | e:   1.000000 | Q:        nan | won: False 
#   98 | steps:  1047 | steps_t:     0 | t: 0.340819 | r:  -513.000000 | e:   1.000000 | Q:        nan | won: False 
#   99 | steps:  1057 | steps_t:     0 | t: 0.344798 | r:  -509.000000 | e:   1.000000 | Q:        nan | won: False 
#  100 | steps:  1069 | steps_t:     0 | t: 0.347795 | r:  -511.000000 | e:   1.000000 | Q:        nan | won: False 
#  101 | steps:  1075 | steps_t:     0 | t: 0.349788 | r:  -505.000000 | e:   1.000000 | Q:        nan | won: False 
#  102 | steps:  1090 | steps_t:     0 | t: 0.353820 | r:  -514.000000 | e:   1.000000 | Q:        nan | won: False 
#  103 | steps:  1112 | steps_t:     0 | t: 0.360788 | r:  -521.000000 | e:   1.000000 | Q:        nan | won: False 
#  104 | steps:  1123 | steps_t:     0 | t: 0.363806 | r:  -510.000000 | e:   1.000000 | Q:        nan | won: False 
#  105 | steps:  1131 | steps_t:     0 | t: 0.366782 | r:  -507.000000 | e:   1.000000 | Q:        nan | won: False 
#  106 | steps:  1140 | steps_t:     0 | t: 0.369776 | r:  -508.000000 | e:   1.000000 | Q:        nan | won: False 
#  107 | steps:  1151 | steps_t:     0 | t: 0.373765 | r:  -510.000000 | e:   1.000000 | Q:        nan | won: False 
#  108 | steps:  1162 | steps_t:     0 | t: 0.376692 | r:  -510.000000 | e:   1.000000 | Q:        nan | won: False 
#  109 | steps:  1170 | steps_t:     0 | t: 0.379735 | r:  -507.000000 | e:   1.000000 | Q:        nan | won: False 
#  110 | steps:  1186 | steps_t:     0 | t: 0.383729 | r:  -515.000000 | e:   1.000000 | Q:        nan | won: False 
#  111 | steps:  1196 | steps_t:     0 | t: 0.386724 | r:  -509.000000 | e:   1.000000 | Q:        nan | won: False 
#  112 | steps:  1203 | steps_t:     0 | t: 0.389646 | r:  -506.000000 | e:   1.000000 | Q:        nan | won: False 
#  113 | steps:  1211 | steps_t:     0 | t: 0.392689 | r:  -507.000000 | e:   1.000000 | Q:        nan | won: False 
#  114 | steps:  1220 | steps_t:     0 | t: 0.395669 | r:  -508.000000 | e:   1.000000 | Q:        nan | won: False 
#  115 | steps:  1228 | steps_t:     0 | t: 0.397667 | r:  -507.000000 | e:   1.000000 | Q:        nan | won: False 
#  116 | steps:  1234 | steps_t:     0 | t: 0.399660 | r:  -505.000000 | e:   1.000000 | Q:        nan | won: False 
#  117 | steps:  1246 | steps_t:     0 | t: 0.403600 | r:  -511.000000 | e:   1.000000 | Q:        nan | won: False 
#  118 | steps:  1259 | steps_t:     0 | t: 0.407623 | r:  -512.000000 | e:   1.000000 | Q:        nan | won: False 
#  119 | steps:  1268 | steps_t:     0 | t: 0.410580 | r:  -508.000000 | e:   1.000000 | Q:        nan | won: False 
#  120 | steps:  1275 | steps_t:     0 | t: 0.413632 | r:  -506.000000 | e:   1.000000 | Q:        nan | won: False 
#  121 | steps:  1283 | steps_t:     0 | t: 0.415622 | r:  -507.000000 | e:   1.000000 | Q:        nan | won: False 
#  122 | steps:  1300 | steps_t:     0 | t: 0.420606 | r:  -516.000000 | e:   1.000000 | Q:        nan | won: False 
#  123 | steps:  1310 | steps_t:     0 | t: 0.423595 | r:  -509.000000 | e:   1.000000 | Q:        nan | won: False 
#  124 | steps:  1319 | steps_t:     0 | t: 0.425589 | r:  -508.000000 | e:   1.000000 | Q:        nan | won: False 
#  125 | steps:  1326 | steps_t:     0 | t: 0.428519 | r:  -506.000000 | e:   1.000000 | Q:        nan | won: False 
#  126 | steps:  1333 | steps_t:     0 | t: 0.430512 | r:  -506.000000 | e:   1.000000 | Q:        nan | won: False 
#  127 | steps:  1350 | steps_t:     0 | t: 0.435495 | r:  -516.000000 | e:   1.000000 | Q:        nan | won: False 
#  128 | steps:  1358 | steps_t:     0 | t: 0.438485 | r:  -507.000000 | e:   1.000000 | Q:        nan | won: False 
#  129 | steps:  1394 | steps_t:     0 | t: 0.447455 | r:  -524.000000 | e:   1.000000 | Q:        nan | won: False 
#  130 | steps:  1404 | steps_t:     0 | t: 0.450446 | r:  -509.000000 | e:   1.000000 | Q:        nan | won: False 
#  131 | steps:  1413 | steps_t:     0 | t: 0.453498 | r:  -508.000000 | e:   1.000000 | Q:        nan | won: False 
#  132 | steps:  1421 | steps_t:     0 | t: 0.456488 | r:  -507.000000 | e:   1.000000 | Q:        nan | won: False 
#  133 | steps:  1431 | steps_t:     0 | t: 0.459482 | r:  -509.000000 | e:   1.000000 | Q:        nan | won: False 
#  134 | steps:  1440 | steps_t:     0 | t: 0.462465 | r:  -508.000000 | e:   1.000000 | Q:        nan | won: False 
#  135 | steps:  1462 | steps_t:     0 | t: 0.468433 | r:  -521.000000 | e:   1.000000 | Q:        nan | won: False 
#  136 | steps:  1471 | steps_t:     0 | t: 0.471426 | r:  -508.000000 | e:   1.000000 | Q:        nan | won: False 
#  137 | steps:  1479 | steps_t:     0 | t: 0.473420 | r:  -507.000000 | e:   1.000000 | Q:        nan | won: False 
#  138 | steps:  1492 | steps_t:     0 | t: 0.477363 | r:  -512.000000 | e:   1.000000 | Q:        nan | won: False 
#  139 | steps:  1502 | steps_t:     0 | t: 0.480395 | r:  -509.000000 | e:   1.000000 | Q:        nan | won: False 
#  140 | steps:  1519 | steps_t:     0 | t: 0.485384 | r:  -516.000000 | e:   1.000000 | Q:        nan | won: False 
#  141 | steps:  1528 | steps_t:     0 | t: 0.487370 | r:  -508.000000 | e:   1.000000 | Q:        nan | won: False 
#  142 | steps:  1535 | steps_t:     0 | t: 0.489364 | r:  -506.000000 | e:   1.000000 | Q:        nan | won: False 
#  143 | steps:  1551 | steps_t:     0 | t: 0.494340 | r:  -515.000000 | e:   1.000000 | Q:        nan | won: False 
#  144 | steps:  1560 | steps_t:     0 | t: 0.497180 | r:  -508.000000 | e:   1.000000 | Q:        nan | won: False 
#  145 | steps:  1567 | steps_t:     0 | t: 0.500182 | r:  -506.000000 | e:   1.000000 | Q:        nan | won: False 
#  146 | steps:  1572 | steps_t:     0 | t: 0.502178 | r:  -504.000000 | e:   1.000000 | Q:        nan | won: False 
#  147 | steps:  1584 | steps_t:     0 | t: 0.505167 | r:  -511.000000 | e:   1.000000 | Q:        nan | won: False 
#  148 | steps:  1591 | steps_t:     0 | t: 0.507161 | r:  -506.000000 | e:   1.000000 | Q:        nan | won: False 
#  149 | steps:  1602 | steps_t:     0 | t: 0.511148 | r:  -510.000000 | e:   1.000000 | Q:        nan | won: False 
#  150 | steps:  1610 | steps_t:     0 | t: 0.514138 | r:  -507.000000 | e:   1.000000 | Q:        nan | won: False 
#  151 | steps:  1620 | steps_t:     0 | t: 0.516401 | r:  -509.000000 | e:   1.000000 | Q:        nan | won: False 
#  152 | steps:  1627 | steps_t:     0 | t: 0.518390 | r:  -506.000000 | e:   1.000000 | Q:        nan | won: False 
#  153 | steps:  1633 | steps_t:     0 | t: 0.521386 | r:  -505.000000 | e:   1.000000 | Q:        nan | won: False 
#  154 | steps:  1640 | steps_t:     0 | t: 0.523378 | r:  -506.000000 | e:   1.000000 | Q:        nan | won: False 
#  155 | steps:  1649 | steps_t:     0 | t: 0.526300 | r:  -508.000000 | e:   1.000000 | Q:        nan | won: False 
#  156 | steps:  1662 | steps_t:     0 | t: 0.531133 | r:  -512.000000 | e:   1.000000 | Q:        nan | won: False 
#  157 | steps:  1671 | steps_t:     0 | t: 0.533874 | r:  -508.000000 | e:   1.000000 | Q:        nan | won: False 
#  158 | steps:  1678 | steps_t:     0 | t: 0.535860 | r:  -506.000000 | e:   1.000000 | Q:        nan | won: False 
#  159 | steps:  1700 | steps_t:     0 | t: 0.541846 | r:  -521.000000 | e:   1.000000 | Q:        nan | won: False 
#  160 | steps:  1709 | steps_t:     0 | t: 0.544794 | r:  -508.000000 | e:   1.000000 | Q:        nan | won: False 
#  161 | steps:  1729 | steps_t:     0 | t: 0.549776 | r:  -519.000000 | e:   1.000000 | Q:        nan | won: False 
#  162 | steps:  1736 | steps_t:     0 | t: 0.552767 | r:  -506.000000 | e:   1.000000 | Q:        nan | won: False 
#  163 | steps:  1745 | steps_t:     0 | t: 0.554759 | r:  -508.000000 | e:   1.000000 | Q:        nan | won: False 
#  164 | steps:  1751 | steps_t:     0 | t: 0.556752 | r:  -505.000000 | e:   1.000000 | Q:        nan | won: False 
#  165 | steps:  1759 | steps_t:     0 | t: 0.558746 | r:  -507.000000 | e:   1.000000 | Q:        nan | won: False 
#  166 | steps:  1769 | steps_t:     0 | t: 0.562736 | r:  -509.000000 | e:   1.000000 | Q:        nan | won: False 
#  167 | steps:  1775 | steps_t:     0 | t: 0.564726 | r:  -505.000000 | e:   1.000000 | Q:        nan | won: False 
#  168 | steps:  1785 | steps_t:     0 | t: 0.566719 | r:  -509.000000 | e:   1.000000 | Q:        nan | won: False 
#  169 | steps:  1793 | steps_t:     0 | t: 0.569709 | r:  -507.000000 | e:   1.000000 | Q:        nan | won: False 
#  170 | steps:  1806 | steps_t:     0 | t: 0.572699 | r:  -512.000000 | e:   1.000000 | Q:        nan | won: False 
#  171 | steps:  1817 | steps_t:     0 | t: 0.575701 | r:  -510.000000 | e:   1.000000 | Q:        nan | won: False 
#  172 | steps:  1828 | steps_t:     0 | t: 0.578679 | r:  -510.000000 | e:   1.000000 | Q:        nan | won: False 
#  173 | steps:  1838 | steps_t:     0 | t: 0.581669 | r:  -509.000000 | e:   1.000000 | Q:        nan | won: False 
#  174 | steps:  1848 | steps_t:     0 | t: 0.584659 | r:  -509.000000 | e:   1.000000 | Q:        nan | won: False 
#  175 | steps:  1857 | steps_t:     0 | t: 0.586653 | r:  -508.000000 | e:   1.000000 | Q:        nan | won: False 
#  176 | steps:  1865 | steps_t:     0 | t: 0.588646 | r:  -507.000000 | e:   1.000000 | Q:        nan | won: False 
#  177 | steps:  1871 | steps_t:     0 | t: 0.590639 | r:  -505.000000 | e:   1.000000 | Q:        nan | won: False 
#  178 | steps:  1887 | steps_t:     0 | t: 0.595675 | r:  -515.000000 | e:   1.000000 | Q:        nan | won: False 
#  179 | steps:  1896 | steps_t:     0 | t: 0.598653 | r:  -508.000000 | e:   1.000000 | Q:        nan | won: False 
#  180 | steps:  1906 | steps_t:     0 | t: 0.601639 | r:  -509.000000 | e:   1.000000 | Q:        nan | won: False 
#  181 | steps:  1924 | steps_t:     0 | t: 0.671098 | r:  -506.000000 | e:   1.000000 | Q:        nan | won: False 
#  182 | steps:  1940 | steps_t:     0 | t: 0.676099 | r:  -515.000000 | e:   1.000000 | Q:        nan | won: False 
#  183 | steps:  1950 | steps_t:     0 | t: 0.679018 | r:  -509.000000 | e:   1.000000 | Q:        nan | won: False 
#  184 | steps:  1956 | steps_t:     0 | t: 0.681012 | r:  -505.000000 | e:   1.000000 | Q:        nan | won: False 
#  185 | steps:  1965 | steps_t:     0 | t: 0.683005 | r:  -508.000000 | e:   1.000000 | Q:        nan | won: False 
#  186 | steps:  1975 | steps_t:     0 | t: 0.685995 | r:  -509.000000 | e:   1.000000 | Q:        nan | won: False 
#  187 | steps:  1994 | steps_t:     0 | t: 0.692044 | r:  -518.000000 | e:   1.000000 | Q:        nan | won: False 
#  188 | steps:  2013 | steps_t:     0 | t: 0.697009 | r:  -518.000000 | e:   1.000000 | Q:        nan | won: False 
#  189 | steps:  2025 | steps_t:     0 | t: 0.700999 | r:  -511.000000 | e:   1.000000 | Q:        nan | won: False 
#  190 | steps:  2033 | steps_t:     0 | t: 0.702988 | r:  -507.000000 | e:   1.000000 | Q:        nan | won: False 
#  191 | steps:  2046 | steps_t:     0 | t: 0.706988 | r:  -512.000000 | e:   1.000000 | Q:        nan | won: False 
#  192 | steps:  2055 | steps_t:     0 | t: 0.708973 | r:  -508.000000 | e:   1.000000 | Q:        nan | won: False 
#  193 | steps:  2064 | steps_t:     0 | t: 0.711957 | r:  -508.000000 | e:   1.000000 | Q:        nan | won: False 
#  194 | steps:  2073 | steps_t:     0 | t: 0.714946 | r:  -508.000000 | e:   1.000000 | Q:        nan | won: False 
#  195 | steps:  2081 | steps_t:     0 | t: 0.716949 | r:  -507.000000 | e:   1.000000 | Q:        nan | won: False 
#  196 | steps:  2090 | steps_t:     0 | t: 0.719942 | r:  -508.000000 | e:   1.000000 | Q:        nan | won: False 
#  197 | steps:  2095 | steps_t:     0 | t: 0.721929 | r:  -504.000000 | e:   1.000000 | Q:        nan | won: False 
#  198 | steps:  2105 | steps_t:     0 | t: 0.723916 | r:  -509.000000 | e:   1.000000 | Q:        nan | won: False 
#  199 | steps:  2114 | steps_t:     0 | t: 0.727900 | r:  -508.000000 | e:   1.000000 | Q:        nan | won: False 
#  200 | steps:  2128 | steps_t:     0 | t: 0.730896 | r:  -513.000000 | e:   1.000000 | Q:        nan | won: False 
#  201 | steps:  2136 | steps_t:     0 | t: 0.733881 | r:  -507.000000 | e:   1.000000 | Q:        nan | won: False 
#  202 | steps:  2145 | steps_t:     0 | t: 0.735872 | r:  -508.000000 | e:   1.000000 | Q:        nan | won: False 
#  203 | steps:  2154 | steps_t:     0 | t: 0.738871 | r:  -508.000000 | e:   1.000000 | Q:        nan | won: False 
#  204 | steps:  2166 | steps_t:     0 | t: 0.741859 | r:  -511.000000 | e:   1.000000 | Q:        nan | won: False 
#  205 | steps:  2176 | steps_t:     0 | t: 0.744840 | r:  -509.000000 | e:   1.000000 | Q:        nan | won: False 
#  206 | steps:  2184 | steps_t:     0 | t: 0.747831 | r:  -507.000000 | e:   1.000000 | Q:        nan | won: False 
#  207 | steps:  2198 | steps_t:     0 | t: 0.751846 | r:  -513.000000 | e:   1.000000 | Q:        nan | won: False 
#  208 | steps:  2206 | steps_t:     0 | t: 0.753813 | r:  -507.000000 | e:   1.000000 | Q:        nan | won: False 
#  209 | steps:  2212 | steps_t:     0 | t: 0.755804 | r:  -505.000000 | e:   1.000000 | Q:        nan | won: False 
#  210 | steps:  2224 | steps_t:     0 | t: 0.759749 | r:  -511.000000 | e:   1.000000 | Q:        nan | won: False 
#  211 | steps:  2232 | steps_t:     0 | t: 0.761794 | r:  -507.000000 | e:   1.000000 | Q:        nan | won: False 
#  212 | steps:  2240 | steps_t:     0 | t: 0.764776 | r:  -507.000000 | e:   1.000000 | Q:        nan | won: False 
#  213 | steps:  2254 | steps_t:     0 | t: 0.768771 | r:  -513.000000 | e:   1.000000 | Q:        nan | won: False 
#  214 | steps:  2264 | steps_t:     0 | t: 0.770773 | r:  -509.000000 | e:   1.000000 | Q:        nan | won: False 
#  215 | steps:  2271 | steps_t:     0 | t: 0.772751 | r:  -506.000000 | e:   1.000000 | Q:        nan | won: False 
#  216 | steps:  2291 | steps_t:     0 | t: 0.778733 | r:  -519.000000 | e:   1.000000 | Q:        nan | won: False 
#  217 | steps:  2303 | steps_t:     0 | t: 0.782735 | r:  -511.000000 | e:   1.000000 | Q:        nan | won: False 
#  218 | steps:  2314 | steps_t:     0 | t: 0.785706 | r:  -510.000000 | e:   1.000000 | Q:        nan | won: False 
#  219 | steps:  2320 | steps_t:     0 | t: 0.787703 | r:  -505.000000 | e:   1.000000 | Q:        nan | won: False 
#  220 | steps:  2327 | steps_t:     0 | t: 0.789701 | r:  -506.000000 | e:   1.000000 | Q:        nan | won: False 
#  221 | steps:  2337 | steps_t:     0 | t: 0.792698 | r:  -509.000000 | e:   1.000000 | Q:        nan | won: False 
#  222 | steps:  2344 | steps_t:     0 | t: 0.794635 | r:  -506.000000 | e:   1.000000 | Q:        nan | won: False 
#  223 | steps:  2352 | steps_t:     0 | t: 0.797624 | r:  -507.000000 | e:   1.000000 | Q:        nan | won: False 
#  224 | steps:  2359 | steps_t:     0 | t: 0.799617 | r:  -506.000000 | e:   1.000000 | Q:        nan | won: False 
#  225 | steps:  2367 | steps_t:     0 | t: 0.801611 | r:  -507.000000 | e:   1.000000 | Q:        nan | won: False 
#  226 | steps:  2376 | steps_t:     0 | t: 0.804601 | r:  -508.000000 | e:   1.000000 | Q:        nan | won: False 
#  227 | steps:  2384 | steps_t:     0 | t: 0.806594 | r:  -507.000000 | e:   1.000000 | Q:        nan | won: False 
#  228 | steps:  2399 | steps_t:     0 | t: 0.811578 | r:  -514.000000 | e:   1.000000 | Q:        nan | won: False 
#  229 | steps:  2406 | steps_t:     0 | t: 0.813572 | r:  -506.000000 | e:   1.000000 | Q:        nan | won: False 
#  230 | steps:  2414 | steps_t:     0 | t: 0.816561 | r:  -507.000000 | e:   1.000000 | Q:        nan | won: False 
#  231 | steps:  2424 | steps_t:     0 | t: 0.819551 | r:  -509.000000 | e:   1.000000 | Q:        nan | won: False 
#  232 | steps:  2439 | steps_t:     0 | t: 0.822878 | r:  -514.000000 | e:   1.000000 | Q:        nan | won: False 
#  233 | steps:  2446 | steps_t:     0 | t: 0.824862 | r:  -506.000000 | e:   1.000000 | Q:        nan | won: False 
#  234 | steps:  2457 | steps_t:     0 | t: 0.828846 | r:  -510.000000 | e:   1.000000 | Q:        nan | won: False 
#  235 | steps:  2464 | steps_t:     0 | t: 0.831820 | r:  -506.000000 | e:   1.000000 | Q:        nan | won: False 
#  236 | steps:  2481 | steps_t:     0 | t: 0.835811 | r:  -516.000000 | e:   1.000000 | Q:        nan | won: False 
#  237 | steps:  2493 | steps_t:     0 | t: 0.838796 | r:  -511.000000 | e:   1.000000 | Q:        nan | won: False 
#  238 | steps:  2504 | steps_t:     0 | t: 0.841793 | r:  -510.000000 | e:   1.000000 | Q:        nan | won: False 
#  239 | steps:  2512 | steps_t:     0 | t: 0.845137 | r:  -507.000000 | e:   1.000000 | Q:        nan | won: False 
#  240 | steps:  2535 | steps_t:     0 | t: 0.851157 | r:  -522.000000 | e:   1.000000 | Q:        nan | won: False 
#  241 | steps:  2546 | steps_t:     0 | t: 0.854146 | r:  -510.000000 | e:   1.000000 | Q:        nan | won: False 
#  242 | steps:  2557 | steps_t:     0 | t: 0.858124 | r:  -510.000000 | e:   1.000000 | Q:        nan | won: False 
#  243 | steps:  2566 | steps_t:     0 | t: 0.861084 | r:  -508.000000 | e:   1.000000 | Q:        nan | won: False 
#  244 | steps:  2573 | steps_t:     0 | t: 0.863091 | r:  -506.000000 | e:   1.000000 | Q:        nan | won: False 
#  245 | steps:  2583 | steps_t:     0 | t: 0.867083 | r:  -509.000000 | e:   1.000000 | Q:        nan | won: False 
#  246 | steps:  2604 | steps_t:     0 | t: 0.872062 | r:  -520.000000 | e:   1.000000 | Q:        nan | won: False 
#  247 | steps:  2612 | steps_t:     0 | t: 0.876063 | r:  -507.000000 | e:   1.000000 | Q:        nan | won: False 
#  248 | steps:  2627 | steps_t:     0 | t: 0.881029 | r:  -514.000000 | e:   1.000000 | Q:        nan | won: False 
#  249 | steps:  2634 | steps_t:     0 | t: 0.883022 | r:  -506.000000 | e:   1.000000 | Q:        nan | won: False 
#  250 | steps:  2642 | steps_t:     0 | t: 0.885015 | r:  -507.000000 | e:   1.000000 | Q:        nan | won: False 
#  251 | steps:  2648 | steps_t:     0 | t: 0.887008 | r:  -505.000000 | e:   1.000000 | Q:        nan | won: False 
#  252 | steps:  2654 | steps_t:     0 | t: 0.889002 | r:  -505.000000 | e:   1.000000 | Q:        nan | won: False 
#  253 | steps:  2673 | steps_t:     0 | t: 0.894943 | r:  -507.000000 | e:   1.000000 | Q:        nan | won: False 
#  254 | steps:  2688 | steps_t:     0 | t: 0.898971 | r:  -514.000000 | e:   1.000000 | Q:        nan | won: False 
#  255 | steps:  2695 | steps_t:     0 | t: 0.901967 | r:  -506.000000 | e:   1.000000 | Q:        nan | won: False 
#  256 | steps:  2704 | steps_t:     0 | t: 0.903953 | r:  -508.000000 | e:   1.000000 | Q:        nan | won: False 
#  257 | steps:  2713 | steps_t:     0 | t: 0.906896 | r:  -508.000000 | e:   1.000000 | Q:        nan | won: False 
#  258 | steps:  2720 | steps_t:     0 | t: 0.909886 | r:  -506.000000 | e:   1.000000 | Q:        nan | won: False 
#  259 | steps:  2726 | steps_t:     0 | t: 0.911929 | r:  -505.000000 | e:   1.000000 | Q:        nan | won: False 
#  260 | steps:  2735 | steps_t:     0 | t: 0.914943 | r:  -508.000000 | e:   1.000000 | Q:        nan | won: False 
#  261 | steps:  2745 | steps_t:     0 | t: 0.917938 | r:  -509.000000 | e:   1.000000 | Q:        nan | won: False 
#  262 | steps:  2754 | steps_t:     0 | t: 0.919916 | r:  -508.000000 | e:   1.000000 | Q:        nan | won: False 
#  263 | steps:  2761 | steps_t:     0 | t: 0.921911 | r:  -506.000000 | e:   1.000000 | Q:        nan | won: False 
#  264 | steps:  2768 | steps_t:     0 | t: 0.923913 | r:  -506.000000 | e:   1.000000 | Q:        nan | won: False 
#  265 | steps:  2789 | steps_t:     0 | t: 0.930879 | r:  -520.000000 | e:   1.000000 | Q:        nan | won: False 
#  266 | steps:  2796 | steps_t:     0 | t: 0.932876 | r:  -506.000000 | e:   1.000000 | Q:        nan | won: False 
#  267 | steps:  2814 | steps_t:     0 | t: 0.937856 | r:  -517.000000 | e:   1.000000 | Q:        nan | won: False 
#  268 | steps:  2821 | steps_t:     0 | t: 0.940858 | r:  -506.000000 | e:   1.000000 | Q:        nan | won: False 
#  269 | steps:  2838 | steps_t:     0 | t: 0.945765 | r:  -516.000000 | e:   1.000000 | Q:        nan | won: False 
#  270 | steps:  2853 | steps_t:     0 | t: 0.949376 | r:  -514.000000 | e:   1.000000 | Q:        nan | won: False 
#  271 | steps:  2862 | steps_t:     0 | t: 0.952366 | r:  -508.000000 | e:   1.000000 | Q:        nan | won: False 
#  272 | steps:  2879 | steps_t:     0 | t: 0.956353 | r:  -516.000000 | e:   1.000000 | Q:        nan | won: False 
#  273 | steps:  2890 | steps_t:     0 | t: 0.959343 | r:  -510.000000 | e:   1.000000 | Q:        nan | won: False 
#  274 | steps:  2901 | steps_t:     0 | t: 0.963330 | r:  -510.000000 | e:   1.000000 | Q:        nan | won: False 
#  275 | steps:  2919 | steps_t:     0 | t: 0.967316 | r:  -517.000000 | e:   1.000000 | Q:        nan | won: False 
#  276 | steps:  2925 | steps_t:     0 | t: 0.969310 | r:  -505.000000 | e:   1.000000 | Q:        nan | won: False 
#  277 | steps:  2934 | steps_t:     0 | t: 0.972300 | r:  -508.000000 | e:   1.000000 | Q:        nan | won: False 
#  278 | steps:  2943 | steps_t:     0 | t: 0.974293 | r:  -508.000000 | e:   1.000000 | Q:        nan | won: False 
#  279 | steps:  2954 | steps_t:     0 | t: 0.978333 | r:  -510.000000 | e:   1.000000 | Q:        nan | won: False 
#  280 | steps:  2976 | steps_t:     0 | t: 0.983305 | r:  -521.000000 | e:   1.000000 | Q:        nan | won: False 
#  281 | steps:  2998 | steps_t:     0 | t: 0.989282 | r:  -521.000000 | e:   1.000000 | Q:        nan | won: False 
#  282 | steps:  3006 | steps_t:     0 | t: 0.991270 | r:  -507.000000 | e:   1.000000 | Q:        nan | won: False 
#  283 | steps:  3016 | steps_t:     0 | t: 0.994297 | r:  -509.000000 | e:   1.000000 | Q:        nan | won: False 
#  284 | steps:  3025 | steps_t:     0 | t: 0.997258 | r:  -508.000000 | e:   1.000000 | Q:        nan | won: False 
#  285 | steps:  3034 | steps_t:     0 | t: 0.999243 | r:  -508.000000 | e:   1.000000 | Q:        nan | won: False 
#  286 | steps:  3049 | steps_t:     0 | t: 1.004249 | r:  -514.000000 | e:   1.000000 | Q:        nan | won: False 
#  287 | steps:  3056 | steps_t:     0 | t: 1.006221 | r:  -506.000000 | e:   1.000000 | Q:        nan | won: False 
#  288 | steps:  3074 | steps_t:     0 | t: 1.011210 | r:  -517.000000 | e:   1.000000 | Q:        nan | won: False 
#  289 | steps:  3082 | steps_t:     0 | t: 1.014196 | r:  -507.000000 | e:   1.000000 | Q:        nan | won: False 
#  290 | steps:  3093 | steps_t:     0 | t: 1.017190 | r:  -510.000000 | e:   1.000000 | Q:        nan | won: False 
#  291 | steps:  3116 | steps_t:     0 | t: 1.023191 | r:  -522.000000 | e:   1.000000 | Q:        nan | won: False 
#  292 | steps:  3123 | steps_t:     0 | t: 1.025160 | r:  -506.000000 | e:   1.000000 | Q:        nan | won: False 
#  293 | steps:  3134 | steps_t:     0 | t: 1.029099 | r:  -510.000000 | e:   1.000000 | Q:        nan | won: False 
#  294 | steps:  3142 | steps_t:     0 | t: 1.031095 | r:  -507.000000 | e:   1.000000 | Q:        nan | won: False 
#  295 | steps:  3150 | steps_t:     0 | t: 1.034087 | r:  -507.000000 | e:   1.000000 | Q:        nan | won: False 
#  296 | steps:  3162 | steps_t:     0 | t: 1.038071 | r:  -511.000000 | e:   1.000000 | Q:        nan | won: False 
#  297 | steps:  3172 | steps_t:     0 | t: 1.041061 | r:  -509.000000 | e:   1.000000 | Q:        nan | won: False 
#  298 | steps:  3186 | steps_t:     0 | t: 1.045048 | r:  -513.000000 | e:   1.000000 | Q:        nan | won: False 
#  299 | steps:  3198 | steps_t:     0 | t: 1.048038 | r:  -511.000000 | e:   1.000000 | Q:        nan | won: False 
#  300 | steps:  3209 | steps_t:     0 | t: 1.051028 | r:  -510.000000 | e:   1.000000 | Q:        nan | won: False 
#  301 | steps:  3217 | steps_t:     0 | t: 1.054018 | r:  -507.000000 | e:   1.000000 | Q:        nan | won: False 
#  302 | steps:  3226 | steps_t:     0 | t: 1.056012 | r:  -508.000000 | e:   1.000000 | Q:        nan | won: False 
#  303 | steps:  3234 | steps_t:     0 | t: 1.059002 | r:  -507.000000 | e:   1.000000 | Q:        nan | won: False 
#  304 | steps:  3245 | steps_t:     0 | t: 1.062053 | r:  -510.000000 | e:   1.000000 | Q:        nan | won: False 
#  305 | steps:  3250 | steps_t:     0 | t: 1.064982 | r:  -504.000000 | e:   1.000000 | Q:        nan | won: False 
#  306 | steps:  3257 | steps_t:     0 | t: 1.067018 | r:  -506.000000 | e:   1.000000 | Q:        nan | won: False 
#  307 | steps:  3264 | steps_t:     0 | t: 1.069021 | r:  -506.000000 | e:   1.000000 | Q:        nan | won: False 
#  308 | steps:  3271 | steps_t:     0 | t: 1.071004 | r:  -506.000000 | e:   1.000000 | Q:        nan | won: False 
#  309 | steps:  3279 | steps_t:     0 | t: 1.074007 | r:  -507.000000 | e:   1.000000 | Q:        nan | won: False 
#  310 | steps:  3292 | steps_t:     0 | t: 1.077983 | r:  -512.000000 | e:   1.000000 | Q:        nan | won: False 
#  311 | steps:  3303 | steps_t:     0 | t: 1.080983 | r:  -510.000000 | e:   1.000000 | Q:        nan | won: False 
#  312 | steps:  3310 | steps_t:     0 | t: 1.082973 | r:  -506.000000 | e:   1.000000 | Q:        nan | won: False 
#  313 | steps:  3322 | steps_t:     0 | t: 1.085973 | r:  -511.000000 | e:   1.000000 | Q:        nan | won: False 
#  314 | steps:  3345 | steps_t:     0 | t: 1.091939 | r:  -522.000000 | e:   1.000000 | Q:        nan | won: False 
#  315 | steps:  3351 | steps_t:     0 | t: 1.094922 | r:  -505.000000 | e:   1.000000 | Q:        nan | won: False 
#  316 | steps:  3358 | steps_t:     0 | t: 1.096873 | r:  -506.000000 | e:   1.000000 | Q:        nan | won: False 
#  317 | steps:  3366 | steps_t:     0 | t: 1.098919 | r:  -507.000000 | e:   1.000000 | Q:        nan | won: False 
#  318 | steps:  3372 | steps_t:     0 | t: 1.100902 | r:  -505.000000 | e:   1.000000 | Q:        nan | won: False 
#  319 | steps:  3381 | steps_t:     0 | t: 1.103911 | r:  -508.000000 | e:   1.000000 | Q:        nan | won: False 
#  320 | steps:  3392 | steps_t:     0 | t: 1.106891 | r:  -510.000000 | e:   1.000000 | Q:        nan | won: False 
#  321 | steps:  3410 | steps_t:     0 | t: 1.111869 | r:  -506.000000 | e:   1.000000 | Q:        nan | won: False 
#  322 | steps:  3417 | steps_t:     0 | t: 1.113816 | r:  -506.000000 | e:   1.000000 | Q:        nan | won: False 
#  323 | steps:  3426 | steps_t:     0 | t: 1.116806 | r:  -508.000000 | e:   1.000000 | Q:        nan | won: False 
#  324 | steps:  3442 | steps_t:     0 | t: 1.120793 | r:  -515.000000 | e:   1.000000 | Q:        nan | won: False 
#  325 | steps:  3456 | steps_t:     0 | t: 1.124779 | r:  -502.000000 | e:   1.000000 | Q:        nan | won: False 
#  326 | steps:  3466 | steps_t:     0 | t: 1.128767 | r:  -509.000000 | e:   1.000000 | Q:        nan | won: False 
#  327 | steps:  3471 | steps_t:     0 | t: 1.130760 | r:  -504.000000 | e:   1.000000 | Q:        nan | won: False 
#  328 | steps:  3481 | steps_t:     0 | t: 1.133751 | r:  -509.000000 | e:   1.000000 | Q:        nan | won: False 
#  329 | steps:  3487 | steps_t:     0 | t: 1.135745 | r:  -505.000000 | e:   1.000000 | Q:        nan | won: False 
#  330 | steps:  3496 | steps_t:     0 | t: 1.138735 | r:  -508.000000 | e:   1.000000 | Q:        nan | won: False 
#  331 | steps:  3504 | steps_t:     0 | t: 1.140728 | r:  -507.000000 | e:   1.000000 | Q:        nan | won: False 
#  332 | steps:  3513 | steps_t:     0 | t: 1.143718 | r:  -508.000000 | e:   1.000000 | Q:        nan | won: False 
#  333 | steps:  3523 | steps_t:     0 | t: 1.146706 | r:  -509.000000 | e:   1.000000 | Q:        nan | won: False 
#  334 | steps:  3533 | steps_t:     0 | t: 1.149696 | r:  -509.000000 | e:   1.000000 | Q:        nan | won: False 
#  335 | steps:  3540 | steps_t:     0 | t: 1.151690 | r:  -506.000000 | e:   1.000000 | Q:        nan | won: False 
#  336 | steps:  3548 | steps_t:     0 | t: 1.153683 | r:  -507.000000 | e:   1.000000 | Q:        nan | won: False 
#  337 | steps:  3557 | steps_t:     0 | t: 1.156673 | r:  -508.000000 | e:   1.000000 | Q:        nan | won: False 
#  338 | steps:  3566 | steps_t:     0 | t: 1.158666 | r:  -508.000000 | e:   1.000000 | Q:        nan | won: False 
#  339 | steps:  3572 | steps_t:     0 | t: 1.161659 | r:  -505.000000 | e:   1.000000 | Q:        nan | won: False 
#  340 | steps:  3581 | steps_t:     0 | t: 1.164714 | r:  -508.000000 | e:   1.000000 | Q:        nan | won: False 
#  341 | steps:  3596 | steps_t:     0 | t: 1.168687 | r:  -514.000000 | e:   1.000000 | Q:        nan | won: False 
#  342 | steps:  3605 | steps_t:     0 | t: 1.170681 | r:  -508.000000 | e:   1.000000 | Q:        nan | won: False 
#  343 | steps:  3613 | steps_t:     0 | t: 1.173672 | r:  -507.000000 | e:   1.000000 | Q:        nan | won: False 
#  344 | steps:  3619 | steps_t:     0 | t: 1.175670 | r:  -505.000000 | e:   1.000000 | Q:        nan | won: False 
#  345 | steps:  3639 | steps_t:     0 | t: 1.180647 | r:  -508.000000 | e:   1.000000 | Q:        nan | won: False 
#  346 | steps:  3675 | steps_t:     0 | t: 1.189568 | r:  -524.000000 | e:   1.000000 | Q:        nan | won: False 
#  347 | steps:  3696 | steps_t:     0 | t: 1.195549 | r:  -520.000000 | e:   1.000000 | Q:        nan | won: False 
#  348 | steps:  3702 | steps_t:     0 | t: 1.196550 | r:  -505.000000 | e:   1.000000 | Q:        nan | won: False 
#  349 | steps:  3708 | steps_t:     0 | t: 1.198540 | r:  -505.000000 | e:   1.000000 | Q:        nan | won: False 
#  350 | steps:  3723 | steps_t:     0 | t: 1.202524 | r:  -492.000000 | e:   1.000000 | Q:        nan | won: False 
#  351 | steps:  3732 | steps_t:     0 | t: 1.205514 | r:  -508.000000 | e:   1.000000 | Q:        nan | won: False 
#  352 | steps:  3741 | steps_t:     0 | t: 1.207508 | r:  -508.000000 | e:   1.000000 | Q:        nan | won: False 
#  353 | steps:  3749 | steps_t:     0 | t: 1.210494 | r:  -507.000000 | e:   1.000000 | Q:        nan | won: False 
#  354 | steps:  3766 | steps_t:     0 | t: 1.214485 | r:  -516.000000 | e:   1.000000 | Q:        nan | won: False 
#  355 | steps:  3773 | steps_t:     0 | t: 1.216478 | r:  -506.000000 | e:   1.000000 | Q:        nan | won: False 
#  356 | steps:  3781 | steps_t:     0 | t: 1.219468 | r:  -507.000000 | e:   1.000000 | Q:        nan | won: False 
#  357 | steps:  3789 | steps_t:     0 | t: 1.221461 | r:  -507.000000 | e:   1.000000 | Q:        nan | won: False 
#  358 | steps:  3798 | steps_t:     0 | t: 1.223455 | r:  -508.000000 | e:   1.000000 | Q:        nan | won: False 
#  359 | steps:  3806 | steps_t:     0 | t: 1.227444 | r:  -507.000000 | e:   1.000000 | Q:        nan | won: False 
#  360 | steps:  3819 | steps_t:     0 | t: 1.230431 | r:  -512.000000 | e:   1.000000 | Q:        nan | won: False 
#  361 | steps:  3827 | steps_t:     0 | t: 1.233421 | r:  -507.000000 | e:   1.000000 | Q:        nan | won: False 
#  362 | steps:  3837 | steps_t:     0 | t: 1.235415 | r:  -509.000000 | e:   1.000000 | Q:        nan | won: False 
#  363 | steps:  3846 | steps_t:     0 | t: 1.237408 | r:  -508.000000 | e:   1.000000 | Q:        nan | won: False 
#  364 | steps:  3866 | steps_t:     0 | t: 1.243680 | r:  -519.000000 | e:   1.000000 | Q:        nan | won: False 
#  365 | steps:  3874 | steps_t:     0 | t: 1.246679 | r:  -507.000000 | e:   1.000000 | Q:        nan | won: False 
#  366 | steps:  3884 | steps_t:     0 | t: 1.248672 | r:  -509.000000 | e:   1.000000 | Q:        nan | won: False 
#  367 | steps:  3893 | steps_t:     0 | t: 1.251675 | r:  -508.000000 | e:   1.000000 | Q:        nan | won: False 
#  368 | steps:  3901 | steps_t:     0 | t: 1.253660 | r:  -507.000000 | e:   1.000000 | Q:        nan | won: False 
#  369 | steps:  3913 | steps_t:     0 | t: 1.257634 | r:  -511.000000 | e:   1.000000 | Q:        nan | won: False 
#  370 | steps:  3923 | steps_t:     0 | t: 1.260625 | r:  -509.000000 | e:   1.000000 | Q:        nan | won: False 
#  371 | steps:  3950 | steps_t:     0 | t: 1.267615 | r:  -515.000000 | e:   1.000000 | Q:        nan | won: False 
#  372 | steps:  3957 | steps_t:     0 | t: 1.269605 | r:  -506.000000 | e:   1.000000 | Q:        nan | won: False 
#  373 | steps:  3967 | steps_t:     0 | t: 1.272591 | r:  -509.000000 | e:   1.000000 | Q:        nan | won: False 
#  374 | steps:  3978 | steps_t:     0 | t: 1.274578 | r:  -510.000000 | e:   1.000000 | Q:        nan | won: False 
#  375 | steps:  3993 | steps_t:     0 | t: 1.279571 | r:  -514.000000 | e:   1.000000 | Q:        nan | won: False 
#  376 | steps:  4003 | steps_t:     0 | t: 1.282562 | r:  -509.000000 | e:   1.000000 | Q:        nan | won: False 
#  377 | steps:  4013 | steps_t:     0 | t: 1.285544 | r:  -509.000000 | e:   1.000000 | Q:        nan | won: False 
#  378 | steps:  4022 | steps_t:     0 | t: 1.287496 | r:  -508.000000 | e:   1.000000 | Q:        nan | won: False 
#  379 | steps:  4028 | steps_t:     0 | t: 1.289488 | r:  -505.000000 | e:   1.000000 | Q:        nan | won: False 
#  380 | steps:  4035 | steps_t:     0 | t: 1.291521 | r:  -506.000000 | e:   1.000000 | Q:        nan | won: False 
#  381 | steps:  4052 | steps_t:     0 | t: 1.296467 | r:  -516.000000 | e:   1.000000 | Q:        nan | won: False 
#  382 | steps:  4065 | steps_t:     0 | t: 1.300499 | r:  -512.000000 | e:   1.000000 | Q:        nan | won: False 
#  383 | steps:  4072 | steps_t:     0 | t: 1.302484 | r:  -506.000000 | e:   1.000000 | Q:        nan | won: False 
#  384 | steps:  4081 | steps_t:     0 | t: 1.305512 | r:  -508.000000 | e:   1.000000 | Q:        nan | won: False 
#  385 | steps:  4104 | steps_t:     0 | t: 1.312474 | r:  -522.000000 | e:   1.000000 | Q:        nan | won: False 
#  386 | steps:  4114 | steps_t:     0 | t: 1.315455 | r:  -509.000000 | e:   1.000000 | Q:        nan | won: False 
#  387 | steps:  4122 | steps_t:     0 | t: 1.317439 | r:  -507.000000 | e:   1.000000 | Q:        nan | won: False 
#  388 | steps:  4139 | steps_t:     0 | t: 1.322425 | r:  -516.000000 | e:   1.000000 | Q:        nan | won: False 
#  389 | steps:  4147 | steps_t:     0 | t: 1.324422 | r:  -507.000000 | e:   1.000000 | Q:        nan | won: False 
#  390 | steps:  4155 | steps_t:     0 | t: 1.327406 | r:  -507.000000 | e:   1.000000 | Q:        nan | won: False 
#  391 | steps:  4163 | steps_t:     0 | t: 1.329405 | r:  -507.000000 | e:   1.000000 | Q:        nan | won: False 
#  392 | steps:  4176 | steps_t:     0 | t: 1.332396 | r:  -512.000000 | e:   1.000000 | Q:        nan | won: False 
#  393 | steps:  4185 | steps_t:     0 | t: 1.335388 | r:  -508.000000 | e:   1.000000 | Q:        nan | won: False 
#  394 | steps:  4195 | steps_t:     0 | t: 1.338377 | r:  -509.000000 | e:   1.000000 | Q:        nan | won: False 
#  395 | steps:  4206 | steps_t:     0 | t: 1.341373 | r:  -510.000000 | e:   1.000000 | Q:        nan | won: False 
#  396 | steps:  4215 | steps_t:     0 | t: 1.344347 | r:  -508.000000 | e:   1.000000 | Q:        nan | won: False 
#  397 | steps:  4229 | steps_t:     0 | t: 1.348354 | r:  -513.000000 | e:   1.000000 | Q:        nan | won: False 
#  398 | steps:  4236 | steps_t:     0 | t: 1.350326 | r:  -506.000000 | e:   1.000000 | Q:        nan | won: False 
#  399 | steps:  4247 | steps_t:     0 | t: 1.353274 | r:  -510.000000 | e:   1.000000 | Q:        nan | won: False 
#  400 | steps:  4253 | steps_t:     0 | t: 1.355331 | r:  -505.000000 | e:   1.000000 | Q:        nan | won: False 
#  401 | steps:  4260 | steps_t:     0 | t: 1.357303 | r:  -506.000000 | e:   1.000000 | Q:        nan | won: False 
#  402 | steps:  4265 | steps_t:     0 | t: 1.359303 | r:  -504.000000 | e:   1.000000 | Q:        nan | won: False 
#  403 | steps:  4274 | steps_t:     0 | t: 1.362291 | r:  -508.000000 | e:   1.000000 | Q:        nan | won: False 
#  404 | steps:  4283 | steps_t:     0 | t: 1.364282 | r:  -508.000000 | e:   1.000000 | Q:        nan | won: False 
#  405 | steps:  4293 | steps_t:     0 | t: 1.369289 | r:  -509.000000 | e:   1.000000 | Q:        nan | won: False 
#  406 | steps:  4306 | steps_t:     0 | t: 1.373209 | r:  -512.000000 | e:   1.000000 | Q:        nan | won: False 
#  407 | steps:  4326 | steps_t:     0 | t: 1.379189 | r:  -519.000000 | e:   1.000000 | Q:        nan | won: False 
#  408 | steps:  4338 | steps_t:     0 | t: 1.383211 | r:  -511.000000 | e:   1.000000 | Q:        nan | won: False 
#  409 | steps:  4353 | steps_t:     0 | t: 1.388205 | r:  -514.000000 | e:   1.000000 | Q:        nan | won: False 
#  410 | steps:  4370 | steps_t:     0 | t: 1.392200 | r:  -516.000000 | e:   1.000000 | Q:        nan | won: False 
#  411 | steps:  4378 | steps_t:     0 | t: 1.395190 | r:  -507.000000 | e:   1.000000 | Q:        nan | won: False 
#  412 | steps:  4394 | steps_t:     0 | t: 1.399124 | r:  -515.000000 | e:   1.000000 | Q:        nan | won: False 
#  413 | steps:  4402 | steps_t:     0 | t: 1.402112 | r:  -507.000000 | e:   1.000000 | Q:        nan | won: False 
#  414 | steps:  4422 | steps_t:     0 | t: 1.408091 | r:  -519.000000 | e:   1.000000 | Q:        nan | won: False 
#  415 | steps:  4431 | steps_t:     0 | t: 1.411083 | r:  -508.000000 | e:   1.000000 | Q:        nan | won: False 
#  416 | steps:  4442 | steps_t:     0 | t: 1.415069 | r:  -510.000000 | e:   1.000000 | Q:        nan | won: False 
#  417 | steps:  4465 | steps_t:     0 | t: 1.421107 | r:  -522.000000 | e:   1.000000 | Q:        nan | won: False 
#  418 | steps:  4473 | steps_t:     0 | t: 1.423093 | r:  -507.000000 | e:   1.000000 | Q:        nan | won: False 
#  419 | steps:  4481 | steps_t:     0 | t: 1.426124 | r:  -507.000000 | e:   1.000000 | Q:        nan | won: False 
#  420 | steps:  4489 | steps_t:     0 | t: 1.429066 | r:  -507.000000 | e:   1.000000 | Q:        nan | won: False 
#  421 | steps:  4498 | steps_t:     0 | t: 1.432078 | r:  -508.000000 | e:   1.000000 | Q:        nan | won: False 
#  422 | steps:  4510 | steps_t:     0 | t: 1.435068 | r:  -511.000000 | e:   1.000000 | Q:        nan | won: False 
#  423 | steps:  4519 | steps_t:     0 | t: 1.438055 | r:  -508.000000 | e:   1.000000 | Q:        nan | won: False 
#  424 | steps:  4526 | steps_t:     0 | t: 1.440047 | r:  -506.000000 | e:   1.000000 | Q:        nan | won: False 
#  425 | steps:  4535 | steps_t:     0 | t: 1.444037 | r:  -508.000000 | e:   1.000000 | Q:        nan | won: False 
#  426 | steps:  4542 | steps_t:     0 | t: 1.446023 | r:  -506.000000 | e:   1.000000 | Q:        nan | won: False 
#  427 | steps:  4552 | steps_t:     0 | t: 1.450020 | r:  -509.000000 | e:   1.000000 | Q:        nan | won: False 
#  428 | steps:  4562 | steps_t:     0 | t: 1.452987 | r:  -509.000000 | e:   1.000000 | Q:        nan | won: False 
#  429 | steps:  4579 | steps_t:     0 | t: 1.456985 | r:  -516.000000 | e:   1.000000 | Q:        nan | won: False 
#  430 | steps:  4587 | steps_t:     0 | t: 1.459959 | r:  -507.000000 | e:   1.000000 | Q:        nan | won: False 
#  431 | steps:  4594 | steps_t:     0 | t: 1.461972 | r:  -506.000000 | e:   1.000000 | Q:        nan | won: False 
#  432 | steps:  4602 | steps_t:     0 | t: 1.464966 | r:  -507.000000 | e:   1.000000 | Q:        nan | won: False 
#  433 | steps:  4613 | steps_t:     0 | t: 1.467954 | r:  -510.000000 | e:   1.000000 | Q:        nan | won: False 
#  434 | steps:  4628 | steps_t:     0 | t: 1.471941 | r:  -514.000000 | e:   1.000000 | Q:        nan | won: False 
#  435 | steps:  4634 | steps_t:     0 | t: 1.473935 | r:  -505.000000 | e:   1.000000 | Q:        nan | won: False 
#  436 | steps:  4641 | steps_t:     0 | t: 1.475933 | r:  -506.000000 | e:   1.000000 | Q:        nan | won: False 
#  437 | steps:  4652 | steps_t:     0 | t: 1.479914 | r:  -510.000000 | e:   1.000000 | Q:        nan | won: False 
#  438 | steps:  4663 | steps_t:     0 | t: 1.482913 | r:  -510.000000 | e:   1.000000 | Q:        nan | won: False 
#  439 | steps:  4679 | steps_t:     0 | t: 1.486893 | r:  -515.000000 | e:   1.000000 | Q:        nan | won: False 
#  440 | steps:  4694 | steps_t:     0 | t: 1.490884 | r:  -514.000000 | e:   1.000000 | Q:        nan | won: False 
#  441 | steps:  4701 | steps_t:     0 | t: 1.493971 | r:  -506.000000 | e:   1.000000 | Q:        nan | won: False 
#  442 | steps:  4720 | steps_t:     0 | t: 1.498973 | r:  -518.000000 | e:   1.000000 | Q:        nan | won: False 
#  443 | steps:  4726 | steps_t:     0 | t: 1.500957 | r:  -505.000000 | e:   1.000000 | Q:        nan | won: False 
#  444 | steps:  4734 | steps_t:     0 | t: 1.502952 | r:  -507.000000 | e:   1.000000 | Q:        nan | won: False 
#  445 | steps:  4743 | steps_t:     0 | t: 1.505935 | r:  -508.000000 | e:   1.000000 | Q:        nan | won: False 
#  446 | steps:  4751 | steps_t:     0 | t: 1.507931 | r:  -507.000000 | e:   1.000000 | Q:        nan | won: False 
#  447 | steps:  4766 | steps_t:     0 | t: 1.513237 | r:  -503.000000 | e:   1.000000 | Q:        nan | won: False 
#  448 | steps:  4772 | steps_t:     0 | t: 1.515230 | r:  -505.000000 | e:   1.000000 | Q:        nan | won: False 
#  449 | steps:  4782 | steps_t:     0 | t: 1.518226 | r:  -509.000000 | e:   1.000000 | Q:        nan | won: False 
#  450 | steps:  4793 | steps_t:     0 | t: 1.521215 | r:  -510.000000 | e:   1.000000 | Q:        nan | won: False 
#  451 | steps:  4800 | steps_t:     0 | t: 1.523200 | r:  -506.000000 | e:   1.000000 | Q:        nan | won: False 
#  452 | steps:  4806 | steps_t:     0 | t: 1.525199 | r:  -505.000000 | e:   1.000000 | Q:        nan | won: False 
#  453 | steps:  4823 | steps_t:     0 | t: 1.530186 | r:  -516.000000 | e:   1.000000 | Q:        nan | won: False 
#  454 | steps:  4832 | steps_t:     0 | t: 1.533173 | r:  -508.000000 | e:   1.000000 | Q:        nan | won: False 
#  455 | steps:  4850 | steps_t:     0 | t: 1.538148 | r:  -517.000000 | e:   1.000000 | Q:        nan | won: False 
#  456 | steps:  4855 | steps_t:     0 | t: 1.539144 | r:  -504.000000 | e:   1.000000 | Q:        nan | won: False 
#  457 | steps:  4862 | steps_t:     0 | t: 1.542072 | r:  -506.000000 | e:   1.000000 | Q:        nan | won: False 
#  458 | steps:  4873 | steps_t:     0 | t: 1.546123 | r:  -510.000000 | e:   1.000000 | Q:        nan | won: False 
#  459 | steps:  4885 | steps_t:     0 | t: 1.549119 | r:  -511.000000 | e:   1.000000 | Q:        nan | won: False 
#  460 | steps:  4893 | steps_t:     0 | t: 1.551104 | r:  -507.000000 | e:   1.000000 | Q:        nan | won: False 
#  461 | steps:  4907 | steps_t:     0 | t: 1.555094 | r:  -513.000000 | e:   1.000000 | Q:        nan | won: False 
#  462 | steps:  4916 | steps_t:     0 | t: 1.558083 | r:  -508.000000 | e:   1.000000 | Q:        nan | won: False 
#  463 | steps:  4937 | steps_t:     0 | t: 1.564064 | r:  -520.000000 | e:   1.000000 | Q:        nan | won: False 
#  464 | steps:  4951 | steps_t:     0 | t: 1.568048 | r:  -513.000000 | e:   1.000000 | Q:        nan | won: False 
#  465 | steps:  4961 | steps_t:     0 | t: 1.571020 | r:  -509.000000 | e:   1.000000 | Q:        nan | won: False 
#  466 | steps:  4973 | steps_t:     0 | t: 1.575005 | r:  -511.000000 | e:   1.000000 | Q:        nan | won: False 
#  467 | steps:  4983 | steps_t:     0 | t: 1.577952 | r:  -509.000000 | e:   1.000000 | Q:        nan | won: False 
#  468 | steps:  4995 | steps_t:     0 | t: 1.581940 | r:  -511.000000 | e:   1.000000 | Q:        nan | won: False 
