#    1 | steps:    20 | steps_t:     0 | t: 0.018981 | r:  -508.000000 | e:   1.000000 | Q:        nan | won: False 
#    2 | steps:    36 | steps_t:     0 | t: 0.022967 | r:  -515.000000 | e:   1.000000 | Q:        nan | won: False 
#    3 | steps:    45 | steps_t:     0 | t: 0.025955 | r:  -508.000000 | e:   1.000000 | Q:        nan | won: False 
#    4 | steps:    53 | steps_t:     0 | t: 0.028919 | r:  -507.000000 | e:   1.000000 | Q:        nan | won: False 
#    5 | steps:    62 | steps_t:     0 | t: 0.031938 | r:  -508.000000 | e:   1.000000 | Q:        nan | won: False 
#    6 | steps:    76 | steps_t:     0 | t: 0.036930 | r:  -513.000000 | e:   1.000000 | Q:        nan | won: False 
#    7 | steps:    85 | steps_t:     0 | t: 0.039910 | r:  -508.000000 | e:   1.000000 | Q:        nan | won: False 
#    8 | steps:    92 | steps_t:     0 | t: 0.042854 | r:  -506.000000 | e:   1.000000 | Q:        nan | won: False 
#    9 | steps:   112 | steps_t:     0 | t: 0.048899 | r:  -519.000000 | e:   1.000000 | Q:        nan | won: False 
#   10 | steps:   129 | steps_t:     0 | t: 0.053882 | r:  -516.000000 | e:   1.000000 | Q:        nan | won: False 
#   11 | steps:   139 | steps_t:     0 | t: 0.056870 | r:  -509.000000 | e:   1.000000 | Q:        nan | won: False 
#   12 | steps:   160 | steps_t:     0 | t: 0.061857 | r:  -520.000000 | e:   1.000000 | Q:        nan | won: False 
#   13 | steps:   173 | steps_t:     0 | t: 0.066847 | r:  -512.000000 | e:   1.000000 | Q:        nan | won: False 
#   14 | steps:   183 | steps_t:     0 | t: 0.069828 | r:  -509.000000 | e:   1.000000 | Q:        nan | won: False 
#   15 | steps:   189 | steps_t:     0 | t: 0.072793 | r:  -505.000000 | e:   1.000000 | Q:        nan | won: False 
#   16 | steps:   202 | steps_t:     0 | t: 0.075744 | r:  -512.000000 | e:   1.000000 | Q:        nan | won: False 
#   17 | steps:   209 | steps_t:     0 | t: 0.078800 | r:  -506.000000 | e:   1.000000 | Q:        nan | won: False 
#   18 | steps:   216 | steps_t:     0 | t: 0.081851 | r:  -506.000000 | e:   1.000000 | Q:        nan | won: False 
#   19 | steps:   223 | steps_t:     0 | t: 0.083851 | r:  -506.000000 | e:   1.000000 | Q:        nan | won: False 
#   20 | steps:   235 | steps_t:     0 | t: 0.087831 | r:  -511.000000 | e:   1.000000 | Q:        nan | won: False 
#   21 | steps:   244 | steps_t:     0 | t: 0.090829 | r:  -508.000000 | e:   1.000000 | Q:        nan | won: False 
#   22 | steps:   255 | steps_t:     0 | t: 0.093818 | r:  -510.000000 | e:   1.000000 | Q:        nan | won: False 
#   23 | steps:   264 | steps_t:     0 | t: 0.096738 | r:  -508.000000 | e:   1.000000 | Q:        nan | won: False 
#   24 | steps:   272 | steps_t:     0 | t: 0.099803 | r:  -507.000000 | e:   1.000000 | Q:        nan | won: False 
#   25 | steps:   281 | steps_t:     0 | t: 0.102800 | r:  -508.000000 | e:   1.000000 | Q:        nan | won: False 
#   26 | steps:   287 | steps_t:     0 | t: 0.104712 | r:  -505.000000 | e:   1.000000 | Q:        nan | won: False 
#   27 | steps:   297 | steps_t:     0 | t: 0.107749 | r:  -509.000000 | e:   1.000000 | Q:        nan | won: False 
#   28 | steps:   304 | steps_t:     0 | t: 0.109761 | r:  -506.000000 | e:   1.000000 | Q:        nan | won: False 
#   29 | steps:   313 | steps_t:     0 | t: 0.113759 | r:  -508.000000 | e:   1.000000 | Q:        nan | won: False 
#   30 | steps:   320 | steps_t:     0 | t: 0.115745 | r:  -506.000000 | e:   1.000000 | Q:        nan | won: False 
#   31 | steps:   328 | steps_t:     0 | t: 0.118744 | r:  -507.000000 | e:   1.000000 | Q:        nan | won: False 
#   32 | steps:   341 | steps_t:     0 | t: 0.121727 | r:  -512.000000 | e:   1.000000 | Q:        nan | won: False 
#   33 | steps:   349 | steps_t:     0 | t: 0.124711 | r:  -507.000000 | e:   1.000000 | Q:        nan | won: False 
#   34 | steps:   359 | steps_t:     0 | t: 0.127709 | r:  -509.000000 | e:   1.000000 | Q:        nan | won: False 
#   35 | steps:   365 | steps_t:     0 | t: 0.130672 | r:  -505.000000 | e:   1.000000 | Q:        nan | won: False 
#   36 | steps:   372 | steps_t:     0 | t: 0.132665 | r:  -506.000000 | e:   1.000000 | Q:        nan | won: False 
#   37 | steps:   379 | steps_t:     0 | t: 0.135608 | r:  -506.000000 | e:   1.000000 | Q:        nan | won: False 
#   38 | steps:   386 | steps_t:     0 | t: 0.138711 | r:  -506.000000 | e:   1.000000 | Q:        nan | won: False 
#   39 | steps:   403 | steps_t:     0 | t: 0.143656 | r:  -516.000000 | e:   1.000000 | Q:        nan | won: False 
#   40 | steps:   420 | steps_t:     0 | t: 0.148640 | r:  -516.000000 | e:   1.000000 | Q:        nan | won: False 
#   41 | steps:   429 | steps_t:     0 | t: 0.151610 | r:  -508.000000 | e:   1.000000 | Q:        nan | won: False 
#   42 | steps:   439 | steps_t:     0 | t: 0.154591 | r:  -509.000000 | e:   1.000000 | Q:        nan | won: False 
#   43 | steps:   455 | steps_t:     0 | t: 0.159583 | r:  -515.000000 | e:   1.000000 | Q:        nan | won: False 
#   44 | steps:   462 | steps_t:     0 | t: 0.161581 | r:  -506.000000 | e:   1.000000 | Q:        nan | won: False 
#   45 | steps:   468 | steps_t:     0 | t: 0.163578 | r:  -505.000000 | e:   1.000000 | Q:        nan | won: False 
#   46 | steps:   481 | steps_t:     0 | t: 0.167502 | r:  -512.000000 | e:   1.000000 | Q:        nan | won: False 
#   47 | steps:   489 | steps_t:     0 | t: 0.170561 | r:  -507.000000 | e:   1.000000 | Q:        nan | won: False 
#   48 | steps:   505 | steps_t:     0 | t: 0.174533 | r:  -504.000000 | e:   1.000000 | Q:        nan | won: False 
#   49 | steps:   517 | steps_t:     0 | t: 0.177529 | r:  -511.000000 | e:   1.000000 | Q:        nan | won: False 
#   50 | steps:   527 | steps_t:     0 | t: 0.181525 | r:  -509.000000 | e:   1.000000 | Q:        nan | won: False 
#   51 | steps:   536 | steps_t:     0 | t: 0.184494 | r:  -508.000000 | e:   1.000000 | Q:        nan | won: False 
#   52 | steps:   547 | steps_t:     0 | t: 0.187483 | r:  -510.000000 | e:   1.000000 | Q:        nan | won: False 
#   53 | steps:   557 | steps_t:     0 | t: 0.190473 | r:  -509.000000 | e:   1.000000 | Q:        nan | won: False 
#   54 | steps:   575 | steps_t:     0 | t: 0.194463 | r:  -517.000000 | e:   1.000000 | Q:        nan | won: False 
#   55 | steps:   594 | steps_t:     0 | t: 0.200394 | r:  -518.000000 | e:   1.000000 | Q:        nan | won: False 
#   56 | steps:   604 | steps_t:     0 | t: 0.203455 | r:  -509.000000 | e:   1.000000 | Q:        nan | won: False 
#   57 | steps:   612 | steps_t:     0 | t: 0.206419 | r:  -507.000000 | e:   1.000000 | Q:        nan | won: False 
#   58 | steps:   620 | steps_t:     0 | t: 0.208415 | r:  -507.000000 | e:   1.000000 | Q:        nan | won: False 
#   59 | steps:   628 | steps_t:     0 | t: 0.211406 | r:  -507.000000 | e:   1.000000 | Q:        nan | won: False 
#   60 | steps:   637 | steps_t:     0 | t: 0.214406 | r:  -508.000000 | e:   1.000000 | Q:        nan | won: False 
#   61 | steps:   645 | steps_t:     0 | t: 0.217383 | r:  -507.000000 | e:   1.000000 | Q:        nan | won: False 
#   62 | steps:   657 | steps_t:     0 | t: 0.220374 | r:  -511.000000 | e:   1.000000 | Q:        nan | won: False 
#   63 | steps:   667 | steps_t:     0 | t: 0.223365 | r:  -509.000000 | e:   1.000000 | Q:        nan | won: False 
#   64 | steps:   676 | steps_t:     0 | t: 0.225358 | r:  -508.000000 | e:   1.000000 | Q:        nan | won: False 
#   65 | steps:   695 | steps_t:     0 | t: 0.231349 | r:  -518.000000 | e:   1.000000 | Q:        nan | won: False 
#   66 | steps:   701 | steps_t:     0 | t: 0.233346 | r:  -505.000000 | e:   1.000000 | Q:        nan | won: False 
#   67 | steps:   714 | steps_t:     0 | t: 0.237316 | r:  -512.000000 | e:   1.000000 | Q:        nan | won: False 
#   68 | steps:   726 | steps_t:     0 | t: 0.240312 | r:  -511.000000 | e:   1.000000 | Q:        nan | won: False 
#   69 | steps:   735 | steps_t:     0 | t: 0.243316 | r:  -508.000000 | e:   1.000000 | Q:        nan | won: False 
#   70 | steps:   746 | steps_t:     0 | t: 0.247658 | r:  -510.000000 | e:   1.000000 | Q:        nan | won: False 
#   71 | steps:   756 | steps_t:     0 | t: 0.250208 | r:  -509.000000 | e:   1.000000 | Q:        nan | won: False 
#   72 | steps:   764 | steps_t:     0 | t: 0.253197 | r:  -507.000000 | e:   1.000000 | Q:        nan | won: False 
#   73 | steps:   784 | steps_t:     0 | t: 0.258185 | r:  -519.000000 | e:   1.000000 | Q:        nan | won: False 
#   74 | steps:   795 | steps_t:     0 | t: 0.261167 | r:  -510.000000 | e:   1.000000 | Q:        nan | won: False 
#   75 | steps:   807 | steps_t:     0 | t: 0.265169 | r:  -511.000000 | e:   1.000000 | Q:        nan | won: False 
#   76 | steps:   819 | steps_t:     0 | t: 0.269141 | r:  -511.000000 | e:   1.000000 | Q:        nan | won: False 
#   77 | steps:   828 | steps_t:     0 | t: 0.271134 | r:  -508.000000 | e:   1.000000 | Q:        nan | won: False 
#   78 | steps:   840 | steps_t:     0 | t: 0.275124 | r:  -511.000000 | e:   1.000000 | Q:        nan | won: False 
#   79 | steps:   849 | steps_t:     0 | t: 0.277115 | r:  -508.000000 | e:   1.000000 | Q:        nan | won: False 
#   80 | steps:   855 | steps_t:     0 | t: 0.280110 | r:  -505.000000 | e:   1.000000 | Q:        nan | won: False 
#   81 | steps:   861 | steps_t:     0 | t: 0.282099 | r:  -505.000000 | e:   1.000000 | Q:        nan | won: False 
#   82 | steps:   871 | steps_t:     0 | t: 0.285085 | r:  -509.000000 | e:   1.000000 | Q:        nan | won: False 
#   83 | steps:   877 | steps_t:     0 | t: 0.287078 | r:  -505.000000 | e:   1.000000 | Q:        nan | won: False 
#   84 | steps:   896 | steps_t:     0 | t: 0.291075 | r:  -518.000000 | e:   1.000000 | Q:        nan | won: False 
#   85 | steps:   912 | steps_t:     0 | t: 0.297040 | r:  -504.000000 | e:   1.000000 | Q:        nan | won: False 
#   86 | steps:   922 | steps_t:     0 | t: 0.300062 | r:  -509.000000 | e:   1.000000 | Q:        nan | won: False 
#   87 | steps:   942 | steps_t:     0 | t: 0.305024 | r:  -519.000000 | e:   1.000000 | Q:        nan | won: False 
#   88 | steps:   952 | steps_t:     0 | t: 0.308012 | r:  -509.000000 | e:   1.000000 | Q:        nan | won: False 
#   89 | steps:   965 | steps_t:     0 | t: 0.311969 | r:  -501.000000 | e:   1.000000 | Q:        nan | won: False 
#   90 | steps:   976 | steps_t:     0 | t: 0.316001 | r:  -510.000000 | e:   1.000000 | Q:        nan | won: False 
#   91 | steps:   986 | steps_t:     0 | t: 0.318977 | r:  -509.000000 | e:   1.000000 | Q:        nan | won: False 
#   92 | steps:  1001 | steps_t:     0 | t: 0.322969 | r:  -514.000000 | e:   1.000000 | Q:        nan | won: False 
#   93 | steps:  1024 | steps_t:     0 | t: 0.329939 | r:  -522.000000 | e:   1.000000 | Q:        nan | won: False 
#   94 | steps:  1034 | steps_t:     0 | t: 0.332928 | r:  -509.000000 | e:   1.000000 | Q:        nan | won: False 
#   95 | steps:  1045 | steps_t:     0 | t: 0.335920 | r:  -510.000000 | e:   1.000000 | Q:        nan | won: False 
#   96 | steps:  1052 | steps_t:     0 | t: 0.338909 | r:  -506.000000 | e:   1.000000 | Q:        nan | won: False 
#   97 | steps:  1060 | steps_t:     0 | t: 0.340902 | r:  -507.000000 | e:   1.000000 | Q:        nan | won: False 
#   98 | steps:  1076 | steps_t:     0 | t: 0.345840 | r:  -515.000000 | e:   1.000000 | Q:        nan | won: False 
#   99 | steps:  1095 | steps_t:     0 | t: 0.351904 | r:  -518.000000 | e:   1.000000 | Q:        nan | won: False 
#  100 | steps:  1101 | steps_t:     0 | t: 0.353859 | r:  -505.000000 | e:   1.000000 | Q:        nan | won: False 
#  101 | steps:  1121 | steps_t:     0 | t: 0.359794 | r:  -519.000000 | e:   1.000000 | Q:        nan | won: False 
#  102 | steps:  1141 | steps_t:     0 | t: 0.365834 | r:  -519.000000 | e:   1.000000 | Q:        nan | won: False 
#  103 | steps:  1150 | steps_t:     0 | t: 0.368811 | r:  -508.000000 | e:   1.000000 | Q:        nan | won: False 
#  104 | steps:  1165 | steps_t:     0 | t: 0.372804 | r:  -503.000000 | e:   1.000000 | Q:        nan | won: False 
#  105 | steps:  1172 | steps_t:     0 | t: 0.374792 | r:  -506.000000 | e:   1.000000 | Q:        nan | won: False 
#  106 | steps:  1179 | steps_t:     0 | t: 0.376781 | r:  -506.000000 | e:   1.000000 | Q:        nan | won: False 
#  107 | steps:  1189 | steps_t:     0 | t: 0.380782 | r:  -509.000000 | e:   1.000000 | Q:        nan | won: False 
#  108 | steps:  1203 | steps_t:     0 | t: 0.384774 | r:  -502.000000 | e:   1.000000 | Q:        nan | won: False 
#  109 | steps:  1214 | steps_t:     0 | t: 0.387743 | r:  -510.000000 | e:   1.000000 | Q:        nan | won: False 
#  110 | steps:  1226 | steps_t:     0 | t: 0.390744 | r:  -511.000000 | e:   1.000000 | Q:        nan | won: False 
#  111 | steps:  1236 | steps_t:     0 | t: 0.394752 | r:  -509.000000 | e:   1.000000 | Q:        nan | won: False 
#  112 | steps:  1243 | steps_t:     0 | t: 0.397740 | r:  -506.000000 | e:   1.000000 | Q:        nan | won: False 
#  113 | steps:  1249 | steps_t:     0 | t: 0.399729 | r:  -505.000000 | e:   1.000000 | Q:        nan | won: False 
#  114 | steps:  1259 | steps_t:     0 | t: 0.402728 | r:  -509.000000 | e:   1.000000 | Q:        nan | won: False 
#  115 | steps:  1268 | steps_t:     0 | t: 0.406636 | r:  -508.000000 | e:   1.000000 | Q:        nan | won: False 
#  116 | steps:  1289 | steps_t:     0 | t: 0.412616 | r:  -520.000000 | e:   1.000000 | Q:        nan | won: False 
#  117 | steps:  1299 | steps_t:     0 | t: 0.416662 | r:  -509.000000 | e:   1.000000 | Q:        nan | won: False 
#  118 | steps:  1309 | steps_t:     0 | t: 0.419642 | r:  -509.000000 | e:   1.000000 | Q:        nan | won: False 
#  119 | steps:  1327 | steps_t:     0 | t: 0.425610 | r:  -517.000000 | e:   1.000000 | Q:        nan | won: False 
#  120 | steps:  1334 | steps_t:     0 | t: 0.427617 | r:  -506.000000 | e:   1.000000 | Q:        nan | won: False 
#  121 | steps:  1343 | steps_t:     0 | t: 0.430620 | r:  -508.000000 | e:   1.000000 | Q:        nan | won: False 
#  122 | steps:  1351 | steps_t:     0 | t: 0.433594 | r:  -507.000000 | e:   1.000000 | Q:        nan | won: False 
#  123 | steps:  1357 | steps_t:     0 | t: 0.435586 | r:  -505.000000 | e:   1.000000 | Q:        nan | won: False 
#  124 | steps:  1375 | steps_t:     0 | t: 0.441042 | r:  -517.000000 | e:   1.000000 | Q:        nan | won: False 
#  125 | steps:  1392 | steps_t:     0 | t: 0.446019 | r:  -516.000000 | e:   1.000000 | Q:        nan | won: False 
#  126 | steps:  1399 | steps_t:     0 | t: 0.449003 | r:  -506.000000 | e:   1.000000 | Q:        nan | won: False 
#  127 | steps:  1408 | steps_t:     0 | t: 0.452001 | r:  -508.000000 | e:   1.000000 | Q:        nan | won: False 
#  128 | steps:  1415 | steps_t:     0 | t: 0.453996 | r:  -506.000000 | e:   1.000000 | Q:        nan | won: False 
#  129 | steps:  1433 | steps_t:     0 | t: 0.458973 | r:  -506.000000 | e:   1.000000 | Q:        nan | won: False 
#  130 | steps:  1442 | steps_t:     0 | t: 0.461919 | r:  -508.000000 | e:   1.000000 | Q:        nan | won: False 
#  131 | steps:  1454 | steps_t:     0 | t: 0.465941 | r:  -511.000000 | e:   1.000000 | Q:        nan | won: False 
#  132 | steps:  1472 | steps_t:     0 | t: 0.470924 | r:  -517.000000 | e:   1.000000 | Q:        nan | won: False 
#  133 | steps:  1479 | steps_t:     0 | t: 0.472916 | r:  -506.000000 | e:   1.000000 | Q:        nan | won: False 
#  134 | steps:  1489 | steps_t:     0 | t: 0.475907 | r:  -509.000000 | e:   1.000000 | Q:        nan | won: False 
#  135 | steps:  1495 | steps_t:     0 | t: 0.477899 | r:  -505.000000 | e:   1.000000 | Q:        nan | won: False 
#  136 | steps:  1502 | steps_t:     0 | t: 0.480889 | r:  -506.000000 | e:   1.000000 | Q:        nan | won: False 
#  137 | steps:  1511 | steps_t:     0 | t: 0.483835 | r:  -508.000000 | e:   1.000000 | Q:        nan | won: False 
#  138 | steps:  1524 | steps_t:     0 | t: 0.487895 | r:  -512.000000 | e:   1.000000 | Q:        nan | won: False 
#  139 | steps:  1535 | steps_t:     0 | t: 0.490882 | r:  -510.000000 | e:   1.000000 | Q:        nan | won: False 
#  140 | steps:  1551 | steps_t:     0 | t: 0.495843 | r:  -515.000000 | e:   1.000000 | Q:        nan | won: False 
#  141 | steps:  1570 | steps_t:     0 | t: 0.501847 | r:  -518.000000 | e:   1.000000 | Q:        nan | won: False 
#  142 | steps:  1577 | steps_t:     0 | t: 0.503832 | r:  -506.000000 | e:   1.000000 | Q:        nan | won: False 
#  143 | steps:  1588 | steps_t:     0 | t: 0.506833 | r:  -510.000000 | e:   1.000000 | Q:        nan | won: False 
#  144 | steps:  1593 | steps_t:     0 | t: 0.508826 | r:  -504.000000 | e:   1.000000 | Q:        nan | won: False 
#  145 | steps:  1600 | steps_t:     0 | t: 0.511821 | r:  -506.000000 | e:   1.000000 | Q:        nan | won: False 
#  146 | steps:  1608 | steps_t:     0 | t: 0.515357 | r:  -507.000000 | e:   1.000000 | Q:        nan | won: False 
#  147 | steps:  1617 | steps_t:     0 | t: 0.518396 | r:  -508.000000 | e:   1.000000 | Q:        nan | won: False 
#  148 | steps:  1635 | steps_t:     0 | t: 0.522405 | r:  -517.000000 | e:   1.000000 | Q:        nan | won: False 
#  149 | steps:  1646 | steps_t:     0 | t: 0.525372 | r:  -510.000000 | e:   1.000000 | Q:        nan | won: False 
#  150 | steps:  1659 | steps_t:     0 | t: 0.530547 | r:  -512.000000 | e:   1.000000 | Q:        nan | won: False 
#  151 | steps:  1668 | steps_t:     0 | t: 0.533508 | r:  -508.000000 | e:   1.000000 | Q:        nan | won: False 
#  152 | steps:  1678 | steps_t:     0 | t: 0.536499 | r:  -509.000000 | e:   1.000000 | Q:        nan | won: False 
#  153 | steps:  1688 | steps_t:     0 | t: 0.539490 | r:  -509.000000 | e:   1.000000 | Q:        nan | won: False 
#  154 | steps:  1694 | steps_t:     0 | t: 0.541482 | r:  -505.000000 | e:   1.000000 | Q:        nan | won: False 
#  155 | steps:  1704 | steps_t:     0 | t: 0.544469 | r:  -509.000000 | e:   1.000000 | Q:        nan | won: False 
#  156 | steps:  1716 | steps_t:     0 | t: 0.549476 | r:  -511.000000 | e:   1.000000 | Q:        nan | won: False 
#  157 | steps:  1725 | steps_t:     0 | t: 0.552460 | r:  -508.000000 | e:   1.000000 | Q:        nan | won: False 
#  158 | steps:  1738 | steps_t:     0 | t: 0.555462 | r:  -512.000000 | e:   1.000000 | Q:        nan | won: False 
#  159 | steps:  1744 | steps_t:     0 | t: 0.557451 | r:  -505.000000 | e:   1.000000 | Q:        nan | won: False 
#  160 | steps:  1757 | steps_t:     0 | t: 0.561432 | r:  -512.000000 | e:   1.000000 | Q:        nan | won: False 
#  161 | steps:  1770 | steps_t:     0 | t: 0.565417 | r:  -512.000000 | e:   1.000000 | Q:        nan | won: False 
#  162 | steps:  1779 | steps_t:     0 | t: 0.568416 | r:  -508.000000 | e:   1.000000 | Q:        nan | won: False 
#  163 | steps:  1786 | steps_t:     0 | t: 0.570401 | r:  -506.000000 | e:   1.000000 | Q:        nan | won: False 
#  164 | steps:  1795 | steps_t:     0 | t: 0.573399 | r:  -508.000000 | e:   1.000000 | Q:        nan | won: False 
#  165 | steps:  1812 | steps_t:     0 | t: 0.578375 | r:  -516.000000 | e:   1.000000 | Q:        nan | won: False 
#  166 | steps:  1822 | steps_t:     0 | t: 0.581347 | r:  -509.000000 | e:   1.000000 | Q:        nan | won: False 
#  167 | steps:  1832 | steps_t:     0 | t: 0.584375 | r:  -509.000000 | e:   1.000000 | Q:        nan | won: False 
#  168 | steps:  1849 | steps_t:     0 | t: 0.589350 | r:  -516.000000 | e:   1.000000 | Q:        nan | won: False 
#  169 | steps:  1859 | steps_t:     0 | t: 0.592336 | r:  -509.000000 | e:   1.000000 | Q:        nan | won: False 
#  170 | steps:  1866 | steps_t:     0 | t: 0.594328 | r:  -506.000000 | e:   1.000000 | Q:        nan | won: False 
#  171 | steps:  1875 | steps_t:     0 | t: 0.597314 | r:  -508.000000 | e:   1.000000 | Q:        nan | won: False 
#  172 | steps:  1880 | steps_t:     0 | t: 0.599317 | r:  -504.000000 | e:   1.000000 | Q:        nan | won: False 
#  173 | steps:  1888 | steps_t:     0 | t: 0.601317 | r:  -507.000000 | e:   1.000000 | Q:        nan | won: False 
#  174 | steps:  1897 | steps_t:     0 | t: 0.604298 | r:  -508.000000 | e:   1.000000 | Q:        nan | won: False 
#  175 | steps:  1906 | steps_t:     0 | t: 0.607283 | r:  -508.000000 | e:   1.000000 | Q:        nan | won: False 
#  176 | steps:  1914 | steps_t:     0 | t: 0.610204 | r:  -507.000000 | e:   1.000000 | Q:        nan | won: False 
#  177 | steps:  1922 | steps_t:     0 | t: 0.613232 | r:  -507.000000 | e:   1.000000 | Q:        nan | won: False 
#  178 | steps:  1929 | steps_t:     0 | t: 0.615253 | r:  -506.000000 | e:   1.000000 | Q:        nan | won: False 
#  179 | steps:  1945 | steps_t:     0 | t: 0.620246 | r:  -515.000000 | e:   1.000000 | Q:        nan | won: False 
#  180 | steps:  1960 | steps_t:     0 | t: 0.624224 | r:  -514.000000 | e:   1.000000 | Q:        nan | won: False 
#  181 | steps:  1970 | steps_t:     0 | t: 0.627219 | r:  -509.000000 | e:   1.000000 | Q:        nan | won: False 
#  182 | steps:  1980 | steps_t:     0 | t: 0.630204 | r:  -509.000000 | e:   1.000000 | Q:        nan | won: False 
#  183 | steps:  1988 | steps_t:     0 | t: 0.633196 | r:  -507.000000 | e:   1.000000 | Q:        nan | won: False 
#  184 | steps:  1994 | steps_t:     0 | t: 0.635190 | r:  -505.000000 | e:   1.000000 | Q:        nan | won: False 
#  185 | steps:  2002 | steps_t:     0 | t: 0.637184 | r:  -507.000000 | e:   1.000000 | Q:        nan | won: False 
#  186 | steps:  2020 | steps_t:     0 | t: 0.642169 | r:  -517.000000 | e:   1.000000 | Q:        nan | won: False 
#  187 | steps:  2029 | steps_t:     0 | t: 0.645156 | r:  -508.000000 | e:   1.000000 | Q:        nan | won: False 
#  188 | steps:  2044 | steps_t:     0 | t: 0.649140 | r:  -514.000000 | e:   1.000000 | Q:        nan | won: False 
#  189 | steps:  2052 | steps_t:     0 | t: 0.652132 | r:  -507.000000 | e:   1.000000 | Q:        nan | won: False 
#  190 | steps:  2060 | steps_t:     0 | t: 0.654121 | r:  -507.000000 | e:   1.000000 | Q:        nan | won: False 
#  191 | steps:  2078 | steps_t:     0 | t: 0.659111 | r:  -517.000000 | e:   1.000000 | Q:        nan | won: False 
#  192 | steps:  2099 | steps_t:     0 | t: 0.729804 | r:  -520.000000 | e:   1.000000 | Q:        nan | won: False 
#  193 | steps:  2107 | steps_t:     0 | t: 0.731869 | r:  -507.000000 | e:   1.000000 | Q:        nan | won: False 
#  194 | steps:  2116 | steps_t:     0 | t: 0.735784 | r:  -508.000000 | e:   1.000000 | Q:        nan | won: False 
#  195 | steps:  2124 | steps_t:     0 | t: 0.737842 | r:  -507.000000 | e:   1.000000 | Q:        nan | won: False 
#  196 | steps:  2148 | steps_t:     0 | t: 0.744828 | r:  -523.000000 | e:   1.000000 | Q:        nan | won: False 
#  197 | steps:  2156 | steps_t:     0 | t: 0.747746 | r:  -507.000000 | e:   1.000000 | Q:        nan | won: False 
#  198 | steps:  2166 | steps_t:     0 | t: 0.750802 | r:  -509.000000 | e:   1.000000 | Q:        nan | won: False 
#  199 | steps:  2186 | steps_t:     0 | t: 0.755718 | r:  -519.000000 | e:   1.000000 | Q:        nan | won: False 
#  200 | steps:  2195 | steps_t:     0 | t: 0.758775 | r:  -508.000000 | e:   1.000000 | Q:        nan | won: False 
#  201 | steps:  2201 | steps_t:     0 | t: 0.760765 | r:  -505.000000 | e:   1.000000 | Q:        nan | won: False 
#  202 | steps:  2208 | steps_t:     0 | t: 0.763755 | r:  -506.000000 | e:   1.000000 | Q:        nan | won: False 
#  203 | steps:  2219 | steps_t:     0 | t: 0.766681 | r:  -510.000000 | e:   1.000000 | Q:        nan | won: False 
#  204 | steps:  2227 | steps_t:     0 | t: 0.769736 | r:  -507.000000 | e:   1.000000 | Q:        nan | won: False 
#  205 | steps:  2235 | steps_t:     0 | t: 0.771729 | r:  -507.000000 | e:   1.000000 | Q:        nan | won: False 
#  206 | steps:  2244 | steps_t:     0 | t: 0.774723 | r:  -508.000000 | e:   1.000000 | Q:        nan | won: False 
#  207 | steps:  2254 | steps_t:     0 | t: 0.777716 | r:  -509.000000 | e:   1.000000 | Q:        nan | won: False 
#  208 | steps:  2262 | steps_t:     0 | t: 0.779700 | r:  -507.000000 | e:   1.000000 | Q:        nan | won: False 
#  209 | steps:  2273 | steps_t:     0 | t: 0.783687 | r:  -510.000000 | e:   1.000000 | Q:        nan | won: False 
#  210 | steps:  2287 | steps_t:     0 | t: 0.786686 | r:  -513.000000 | e:   1.000000 | Q:        nan | won: False 
#  211 | steps:  2301 | steps_t:     0 | t: 0.790647 | r:  -513.000000 | e:   1.000000 | Q:        nan | won: False 
#  212 | steps:  2319 | steps_t:     0 | t: 0.795585 | r:  -517.000000 | e:   1.000000 | Q:        nan | won: False 
#  213 | steps:  2326 | steps_t:     0 | t: 0.798640 | r:  -506.000000 | e:   1.000000 | Q:        nan | won: False 
#  214 | steps:  2339 | steps_t:     0 | t: 0.801616 | r:  -512.000000 | e:   1.000000 | Q:        nan | won: False 
#  215 | steps:  2348 | steps_t:     0 | t: 0.804604 | r:  -508.000000 | e:   1.000000 | Q:        nan | won: False 
#  216 | steps:  2360 | steps_t:     0 | t: 0.807598 | r:  -511.000000 | e:   1.000000 | Q:        nan | won: False 
#  217 | steps:  2368 | steps_t:     0 | t: 0.809593 | r:  -507.000000 | e:   1.000000 | Q:        nan | won: False 
#  218 | steps:  2378 | steps_t:     0 | t: 0.813566 | r:  -509.000000 | e:   1.000000 | Q:        nan | won: False 
#  219 | steps:  2385 | steps_t:     0 | t: 0.815563 | r:  -506.000000 | e:   1.000000 | Q:        nan | won: False 
#  220 | steps:  2405 | steps_t:     0 | t: 0.820551 | r:  -508.000000 | e:   1.000000 | Q:        nan | won: False 
#  221 | steps:  2413 | steps_t:     0 | t: 0.823547 | r:  -507.000000 | e:   1.000000 | Q:        nan | won: False 
#  222 | steps:  2422 | steps_t:     0 | t: 0.825528 | r:  -508.000000 | e:   1.000000 | Q:        nan | won: False 
#  223 | steps:  2431 | steps_t:     0 | t: 0.828631 | r:  -508.000000 | e:   1.000000 | Q:        nan | won: False 
#  224 | steps:  2439 | steps_t:     0 | t: 0.831839 | r:  -507.000000 | e:   1.000000 | Q:        nan | won: False 
#  225 | steps:  2449 | steps_t:     0 | t: 0.834809 | r:  -509.000000 | e:   1.000000 | Q:        nan | won: False 
#  226 | steps:  2467 | steps_t:     0 | t: 0.838802 | r:  -506.000000 | e:   1.000000 | Q:        nan | won: False 
#  227 | steps:  2480 | steps_t:     0 | t: 0.842790 | r:  -512.000000 | e:   1.000000 | Q:        nan | won: False 
#  228 | steps:  2489 | steps_t:     0 | t: 0.845773 | r:  -508.000000 | e:   1.000000 | Q:        nan | won: False 
#  229 | steps:  2498 | steps_t:     0 | t: 0.848761 | r:  -508.000000 | e:   1.000000 | Q:        nan | won: False 
#  230 | steps:  2505 | steps_t:     0 | t: 0.850767 | r:  -506.000000 | e:   1.000000 | Q:        nan | won: False 
#  231 | steps:  2511 | steps_t:     0 | t: 0.852747 | r:  -505.000000 | e:   1.000000 | Q:        nan | won: False 
#  232 | steps:  2519 | steps_t:     0 | t: 0.854741 | r:  -507.000000 | e:   1.000000 | Q:        nan | won: False 
#  233 | steps:  2526 | steps_t:     0 | t: 0.856747 | r:  -506.000000 | e:   1.000000 | Q:        nan | won: False 
#  234 | steps:  2533 | steps_t:     0 | t: 0.858739 | r:  -506.000000 | e:   1.000000 | Q:        nan | won: False 
#  235 | steps:  2540 | steps_t:     0 | t: 0.861732 | r:  -506.000000 | e:   1.000000 | Q:        nan | won: False 
#  236 | steps:  2551 | steps_t:     0 | t: 0.865724 | r:  -510.000000 | e:   1.000000 | Q:        nan | won: False 
#  237 | steps:  2558 | steps_t:     0 | t: 0.868697 | r:  -506.000000 | e:   1.000000 | Q:        nan | won: False 
#  238 | steps:  2579 | steps_t:     0 | t: 0.873682 | r:  -520.000000 | e:   1.000000 | Q:        nan | won: False 
#  239 | steps:  2585 | steps_t:     0 | t: 0.875672 | r:  -505.000000 | e:   1.000000 | Q:        nan | won: False 
#  240 | steps:  2603 | steps_t:     0 | t: 0.880657 | r:  -517.000000 | e:   1.000000 | Q:        nan | won: False 
#  241 | steps:  2611 | steps_t:     0 | t: 0.883602 | r:  -507.000000 | e:   1.000000 | Q:        nan | won: False 
#  242 | steps:  2618 | steps_t:     0 | t: 0.885595 | r:  -506.000000 | e:   1.000000 | Q:        nan | won: False 
#  243 | steps:  2627 | steps_t:     0 | t: 0.888585 | r:  -508.000000 | e:   1.000000 | Q:        nan | won: False 
#  244 | steps:  2638 | steps_t:     0 | t: 0.891576 | r:  -510.000000 | e:   1.000000 | Q:        nan | won: False 
#  245 | steps:  2648 | steps_t:     0 | t: 0.894566 | r:  -509.000000 | e:   1.000000 | Q:        nan | won: False 
#  246 | steps:  2655 | steps_t:     0 | t: 0.897605 | r:  -506.000000 | e:   1.000000 | Q:        nan | won: False 
#  247 | steps:  2663 | steps_t:     0 | t: 0.899596 | r:  -507.000000 | e:   1.000000 | Q:        nan | won: False 
#  248 | steps:  2671 | steps_t:     0 | t: 0.901587 | r:  -507.000000 | e:   1.000000 | Q:        nan | won: False 
#  249 | steps:  2681 | steps_t:     0 | t: 0.904738 | r:  -509.000000 | e:   1.000000 | Q:        nan | won: False 
#  250 | steps:  2696 | steps_t:     0 | t: 0.909732 | r:  -503.000000 | e:   1.000000 | Q:        nan | won: False 
#  251 | steps:  2705 | steps_t:     0 | t: 0.912731 | r:  -508.000000 | e:   1.000000 | Q:        nan | won: False 
#  252 | steps:  2726 | steps_t:     0 | t: 0.918694 | r:  -520.000000 | e:   1.000000 | Q:        nan | won: False 
#  253 | steps:  2742 | steps_t:     0 | t: 0.923689 | r:  -515.000000 | e:   1.000000 | Q:        nan | won: False 
#  254 | steps:  2765 | steps_t:     0 | t: 0.929662 | r:  -522.000000 | e:   1.000000 | Q:        nan | won: False 
#  255 | steps:  2771 | steps_t:     0 | t: 0.931645 | r:  -505.000000 | e:   1.000000 | Q:        nan | won: False 
#  256 | steps:  2782 | steps_t:     0 | t: 0.934640 | r:  -510.000000 | e:   1.000000 | Q:        nan | won: False 
#  257 | steps:  2789 | steps_t:     0 | t: 0.936627 | r:  -506.000000 | e:   1.000000 | Q:        nan | won: False 
#  258 | steps:  2811 | steps_t:     0 | t: 0.943623 | r:  -521.000000 | e:   1.000000 | Q:        nan | won: False 
#  259 | steps:  2824 | steps_t:     0 | t: 0.948600 | r:  -512.000000 | e:   1.000000 | Q:        nan | won: False 
#  260 | steps:  2838 | steps_t:     0 | t: 0.951584 | r:  -513.000000 | e:   1.000000 | Q:        nan | won: False 
#  261 | steps:  2861 | steps_t:     0 | t: 0.958510 | r:  -522.000000 | e:   1.000000 | Q:        nan | won: False 
#  262 | steps:  2872 | steps_t:     0 | t: 0.961500 | r:  -510.000000 | e:   1.000000 | Q:        nan | won: False 
#  263 | steps:  2892 | steps_t:     0 | t: 0.967552 | r:  -508.000000 | e:   1.000000 | Q:        nan | won: False 
#  264 | steps:  2898 | steps_t:     0 | t: 0.970516 | r:  -505.000000 | e:   1.000000 | Q:        nan | won: False 
#  265 | steps:  2907 | steps_t:     0 | t: 0.972510 | r:  -508.000000 | e:   1.000000 | Q:        nan | won: False 
#  266 | steps:  2913 | steps_t:     0 | t: 0.974503 | r:  -505.000000 | e:   1.000000 | Q:        nan | won: False 
#  267 | steps:  2921 | steps_t:     0 | t: 0.977506 | r:  -507.000000 | e:   1.000000 | Q:        nan | won: False 
#  268 | steps:  2930 | steps_t:     0 | t: 0.980437 | r:  -508.000000 | e:   1.000000 | Q:        nan | won: False 
#  269 | steps:  2940 | steps_t:     0 | t: 0.983427 | r:  -509.000000 | e:   1.000000 | Q:        nan | won: False 
#  270 | steps:  2950 | steps_t:     0 | t: 0.986418 | r:  -509.000000 | e:   1.000000 | Q:        nan | won: False 
#  271 | steps:  2959 | steps_t:     0 | t: 0.989407 | r:  -508.000000 | e:   1.000000 | Q:        nan | won: False 
#  272 | steps:  2966 | steps_t:     0 | t: 0.990873 | r:  -506.000000 | e:   1.000000 | Q:        nan | won: False 
#  273 | steps:  2987 | steps_t:     0 | t: 0.997842 | r:  -520.000000 | e:   1.000000 | Q:        nan | won: False 
#  274 | steps:  2994 | steps_t:     0 | t: 0.999834 | r:  -506.000000 | e:   1.000000 | Q:        nan | won: False 
#  275 | steps:  3001 | steps_t:     0 | t: 1.001830 | r:  -506.000000 | e:   1.000000 | Q:        nan | won: False 
#  276 | steps:  3011 | steps_t:     0 | t: 1.004823 | r:  -509.000000 | e:   1.000000 | Q:        nan | won: False 
#  277 | steps:  3020 | steps_t:     0 | t: 1.007810 | r:  -508.000000 | e:   1.000000 | Q:        nan | won: False 
#  278 | steps:  3028 | steps_t:     0 | t: 1.010802 | r:  -507.000000 | e:   1.000000 | Q:        nan | won: False 
#  279 | steps:  3044 | steps_t:     0 | t: 1.015717 | r:  -515.000000 | e:   1.000000 | Q:        nan | won: False 
#  280 | steps:  3050 | steps_t:     0 | t: 1.018707 | r:  -505.000000 | e:   1.000000 | Q:        nan | won: False 
#  281 | steps:  3070 | steps_t:     0 | t: 1.023744 | r:  -519.000000 | e:   1.000000 | Q:        nan | won: False 
#  282 | steps:  3078 | steps_t:     0 | t: 1.025730 | r:  -507.000000 | e:   1.000000 | Q:        nan | won: False 
#  283 | steps:  3086 | steps_t:     0 | t: 1.028675 | r:  -507.000000 | e:   1.000000 | Q:        nan | won: False 
#  284 | steps:  3094 | steps_t:     0 | t: 1.031710 | r:  -507.000000 | e:   1.000000 | Q:        nan | won: False 
#  285 | steps:  3106 | steps_t:     0 | t: 1.035650 | r:  -511.000000 | e:   1.000000 | Q:        nan | won: False 
#  286 | steps:  3119 | steps_t:     0 | t: 1.038951 | r:  -512.000000 | e:   1.000000 | Q:        nan | won: False 
#  287 | steps:  3146 | steps_t:     0 | t: 1.045927 | r:  -515.000000 | e:   1.000000 | Q:        nan | won: False 
#  288 | steps:  3152 | steps_t:     0 | t: 1.048868 | r:  -505.000000 | e:   1.000000 | Q:        nan | won: False 
#  289 | steps:  3175 | steps_t:     0 | t: 1.054899 | r:  -522.000000 | e:   1.000000 | Q:        nan | won: False 
#  290 | steps:  3185 | steps_t:     0 | t: 1.057881 | r:  -509.000000 | e:   1.000000 | Q:        nan | won: False 
#  291 | steps:  3194 | steps_t:     0 | t: 1.060885 | r:  -508.000000 | e:   1.000000 | Q:        nan | won: False 
#  292 | steps:  3209 | steps_t:     0 | t: 1.065858 | r:  -514.000000 | e:   1.000000 | Q:        nan | won: False 
#  293 | steps:  3226 | steps_t:     0 | t: 1.069853 | r:  -516.000000 | e:   1.000000 | Q:        nan | won: False 
#  294 | steps:  3241 | steps_t:     0 | t: 1.073832 | r:  -492.000000 | e:   1.000000 | Q:        nan | won: False 
#  295 | steps:  3255 | steps_t:     0 | t: 1.077818 | r:  -513.000000 | e:   1.000000 | Q:        nan | won: False 
#  296 | steps:  3273 | steps_t:     0 | t: 1.083811 | r:  -517.000000 | e:   1.000000 | Q:        nan | won: False 
#  297 | steps:  3281 | steps_t:     0 | t: 1.085807 | r:  -507.000000 | e:   1.000000 | Q:        nan | won: False 
#  298 | steps:  3297 | steps_t:     0 | t: 1.090804 | r:  -515.000000 | e:   1.000000 | Q:        nan | won: False 
#  299 | steps:  3311 | steps_t:     0 | t: 1.094774 | r:  -513.000000 | e:   1.000000 | Q:        nan | won: False 
#  300 | steps:  3320 | steps_t:     0 | t: 1.097767 | r:  -508.000000 | e:   1.000000 | Q:        nan | won: False 
#  301 | steps:  3338 | steps_t:     0 | t: 1.102763 | r:  -517.000000 | e:   1.000000 | Q:        nan | won: False 
#  302 | steps:  3347 | steps_t:     0 | t: 1.105749 | r:  -508.000000 | e:   1.000000 | Q:        nan | won: False 
#  303 | steps:  3353 | steps_t:     0 | t: 1.107745 | r:  -505.000000 | e:   1.000000 | Q:        nan | won: False 
#  304 | steps:  3363 | steps_t:     0 | t: 1.110732 | r:  -509.000000 | e:   1.000000 | Q:        nan | won: False 
#  305 | steps:  3371 | steps_t:     0 | t: 1.113706 | r:  -507.000000 | e:   1.000000 | Q:        nan | won: False 
#  306 | steps:  3377 | steps_t:     0 | t: 1.115705 | r:  -505.000000 | e:   1.000000 | Q:        nan | won: False 
#  307 | steps:  3385 | steps_t:     0 | t: 1.118705 | r:  -507.000000 | e:   1.000000 | Q:        nan | won: False 
#  308 | steps:  3399 | steps_t:     0 | t: 1.122690 | r:  -513.000000 | e:   1.000000 | Q:        nan | won: False 
#  309 | steps:  3415 | steps_t:     0 | t: 1.126686 | r:  -515.000000 | e:   1.000000 | Q:        nan | won: False 
#  310 | steps:  3426 | steps_t:     0 | t: 1.129596 | r:  -510.000000 | e:   1.000000 | Q:        nan | won: False 
#  311 | steps:  3437 | steps_t:     0 | t: 1.133634 | r:  -510.000000 | e:   1.000000 | Q:        nan | won: False 
#  312 | steps:  3445 | steps_t:     0 | t: 1.135638 | r:  -507.000000 | e:   1.000000 | Q:        nan | won: False 
#  313 | steps:  3453 | steps_t:     0 | t: 1.138700 | r:  -507.000000 | e:   1.000000 | Q:        nan | won: False 
#  314 | steps:  3464 | steps_t:     0 | t: 1.141705 | r:  -510.000000 | e:   1.000000 | Q:        nan | won: False 
#  315 | steps:  3476 | steps_t:     0 | t: 1.146714 | r:  -511.000000 | e:   1.000000 | Q:        nan | won: False 
#  316 | steps:  3486 | steps_t:     0 | t: 1.149768 | r:  -509.000000 | e:   1.000000 | Q:        nan | won: False 
#  317 | steps:  3496 | steps_t:     0 | t: 1.152694 | r:  -509.000000 | e:   1.000000 | Q:        nan | won: False 
#  318 | steps:  3507 | steps_t:     0 | t: 1.155884 | r:  -510.000000 | e:   1.000000 | Q:        nan | won: False 
#  319 | steps:  3514 | steps_t:     0 | t: 1.158867 | r:  -506.000000 | e:   1.000000 | Q:        nan | won: False 
#  320 | steps:  3524 | steps_t:     0 | t: 1.161786 | r:  -509.000000 | e:   1.000000 | Q:        nan | won: False 
#  321 | steps:  3538 | steps_t:     0 | t: 1.168287 | r:  -513.000000 | e:   1.000000 | Q:        nan | won: False 
#  322 | steps:  3547 | steps_t:     0 | t: 1.171210 | r:  -508.000000 | e:   1.000000 | Q:        nan | won: False 
#  323 | steps:  3558 | steps_t:     0 | t: 1.176193 | r:  -510.000000 | e:   1.000000 | Q:        nan | won: False 
#  324 | steps:  3566 | steps_t:     0 | t: 1.179184 | r:  -507.000000 | e:   1.000000 | Q:        nan | won: False 
#  325 | steps:  3579 | steps_t:     0 | t: 1.183171 | r:  -512.000000 | e:   1.000000 | Q:        nan | won: False 
#  326 | steps:  3586 | steps_t:     0 | t: 1.185163 | r:  -506.000000 | e:   1.000000 | Q:        nan | won: False 
#  327 | steps:  3606 | steps_t:     0 | t: 1.191188 | r:  -519.000000 | e:   1.000000 | Q:        nan | won: False 
#  328 | steps:  3616 | steps_t:     0 | t: 1.194210 | r:  -509.000000 | e:   1.000000 | Q:        nan | won: False 
#  329 | steps:  3622 | steps_t:     0 | t: 1.196172 | r:  -505.000000 | e:   1.000000 | Q:        nan | won: False 
#  330 | steps:  3629 | steps_t:     0 | t: 1.198187 | r:  -506.000000 | e:   1.000000 | Q:        nan | won: False 
#  331 | steps:  3643 | steps_t:     0 | t: 1.202180 | r:  -513.000000 | e:   1.000000 | Q:        nan | won: False 
#  332 | steps:  3653 | steps_t:     0 | t: 1.205169 | r:  -509.000000 | e:   1.000000 | Q:        nan | won: False 
#  333 | steps:  3662 | steps_t:     0 | t: 1.208144 | r:  -508.000000 | e:   1.000000 | Q:        nan | won: False 
#  334 | steps:  3684 | steps_t:     0 | t: 1.214129 | r:  -521.000000 | e:   1.000000 | Q:        nan | won: False 
#  335 | steps:  3692 | steps_t:     0 | t: 1.217124 | r:  -507.000000 | e:   1.000000 | Q:        nan | won: False 
#  336 | steps:  3699 | steps_t:     0 | t: 1.219119 | r:  -506.000000 | e:   1.000000 | Q:        nan | won: False 
#  337 | steps:  3710 | steps_t:     0 | t: 1.222112 | r:  -510.000000 | e:   1.000000 | Q:        nan | won: False 
#  338 | steps:  3716 | steps_t:     0 | t: 1.224098 | r:  -505.000000 | e:   1.000000 | Q:        nan | won: False 
#  339 | steps:  3724 | steps_t:     0 | t: 1.226093 | r:  -507.000000 | e:   1.000000 | Q:        nan | won: False 
#  340 | steps:  3733 | steps_t:     0 | t: 1.230078 | r:  -508.000000 | e:   1.000000 | Q:        nan | won: False 
#  341 | steps:  3740 | steps_t:     0 | t: 1.232074 | r:  -506.000000 | e:   1.000000 | Q:        nan | won: False 
#  342 | steps:  3748 | steps_t:     0 | t: 1.234063 | r:  -507.000000 | e:   1.000000 | Q:        nan | won: False 
#  343 | steps:  3756 | steps_t:     0 | t: 1.237056 | r:  -507.000000 | e:   1.000000 | Q:        nan | won: False 
#  344 | steps:  3763 | steps_t:     0 | t: 1.239030 | r:  -506.000000 | e:   1.000000 | Q:        nan | won: False 
#  345 | steps:  3772 | steps_t:     0 | t: 1.242022 | r:  -508.000000 | e:   1.000000 | Q:        nan | won: False 
#  346 | steps:  3780 | steps_t:     0 | t: 1.244996 | r:  -507.000000 | e:   1.000000 | Q:        nan | won: False 
#  347 | steps:  3786 | steps_t:     0 | t: 1.248020 | r:  -505.000000 | e:   1.000000 | Q:        nan | won: False 
#  348 | steps:  3796 | steps_t:     0 | t: 1.251013 | r:  -509.000000 | e:   1.000000 | Q:        nan | won: False 
#  349 | steps:  3803 | steps_t:     0 | t: 1.253002 | r:  -506.000000 | e:   1.000000 | Q:        nan | won: False 
#  350 | steps:  3811 | steps_t:     0 | t: 1.255992 | r:  -507.000000 | e:   1.000000 | Q:        nan | won: False 
#  351 | steps:  3822 | steps_t:     0 | t: 1.258993 | r:  -510.000000 | e:   1.000000 | Q:        nan | won: False 
#  352 | steps:  3828 | steps_t:     0 | t: 1.260984 | r:  -505.000000 | e:   1.000000 | Q:        nan | won: False 
#  353 | steps:  3843 | steps_t:     0 | t: 1.264953 | r:  -514.000000 | e:   1.000000 | Q:        nan | won: False 
#  354 | steps:  3855 | steps_t:     0 | t: 1.267943 | r:  -511.000000 | e:   1.000000 | Q:        nan | won: False 
#  355 | steps:  3865 | steps_t:     0 | t: 1.271930 | r:  -509.000000 | e:   1.000000 | Q:        nan | won: False 
#  356 | steps:  3873 | steps_t:     0 | t: 1.273916 | r:  -507.000000 | e:   1.000000 | Q:        nan | won: False 
#  357 | steps:  3883 | steps_t:     0 | t: 1.276904 | r:  -509.000000 | e:   1.000000 | Q:        nan | won: False 
#  358 | steps:  3902 | steps_t:     0 | t: 1.281886 | r:  -518.000000 | e:   1.000000 | Q:        nan | won: False 
#  359 | steps:  3910 | steps_t:     0 | t: 1.284873 | r:  -507.000000 | e:   1.000000 | Q:        nan | won: False 
#  360 | steps:  3918 | steps_t:     0 | t: 1.286881 | r:  -507.000000 | e:   1.000000 | Q:        nan | won: False 
#  361 | steps:  3944 | steps_t:     0 | t: 1.293856 | r:  -525.000000 | e:   1.000000 | Q:        nan | won: False 
#  362 | steps:  3955 | steps_t:     0 | t: 1.296841 | r:  -510.000000 | e:   1.000000 | Q:        nan | won: False 
#  363 | steps:  3975 | steps_t:     0 | t: 1.301833 | r:  -519.000000 | e:   1.000000 | Q:        nan | won: False 
#  364 | steps:  3983 | steps_t:     0 | t: 1.306756 | r:  -507.000000 | e:   1.000000 | Q:        nan | won: False 
#  365 | steps:  3996 | steps_t:     0 | t: 1.309746 | r:  -512.000000 | e:   1.000000 | Q:        nan | won: False 
#  366 | steps:  4013 | steps_t:     0 | t: 1.314778 | r:  -516.000000 | e:   1.000000 | Q:        nan | won: False 
#  367 | steps:  4020 | steps_t:     0 | t: 1.317951 | r:  -506.000000 | e:   1.000000 | Q:        nan | won: False 
#  368 | steps:  4029 | steps_t:     0 | t: 1.320949 | r:  -508.000000 | e:   1.000000 | Q:        nan | won: False 
#  369 | steps:  4035 | steps_t:     0 | t: 1.322959 | r:  -505.000000 | e:   1.000000 | Q:        nan | won: False 
#  370 | steps:  4043 | steps_t:     0 | t: 1.324937 | r:  -507.000000 | e:   1.000000 | Q:        nan | won: False 
#  371 | steps:  4061 | steps_t:     0 | t: 1.330911 | r:  -517.000000 | e:   1.000000 | Q:        nan | won: False 
#  372 | steps:  4070 | steps_t:     0 | t: 1.332907 | r:  -508.000000 | e:   1.000000 | Q:        nan | won: False 
#  373 | steps:  4080 | steps_t:     0 | t: 1.337840 | r:  -509.000000 | e:   1.000000 | Q:        nan | won: False 
#  374 | steps:  4085 | steps_t:     0 | t: 1.339903 | r:  -504.000000 | e:   1.000000 | Q:        nan | won: False 
#  375 | steps:  4100 | steps_t:     0 | t: 1.343869 | r:  -503.000000 | e:   1.000000 | Q:        nan | won: False 
#  376 | steps:  4111 | steps_t:     0 | t: 1.347865 | r:  -510.000000 | e:   1.000000 | Q:        nan | won: False 
#  377 | steps:  4117 | steps_t:     0 | t: 1.349863 | r:  -505.000000 | e:   1.000000 | Q:        nan | won: False 
#  378 | steps:  4129 | steps_t:     0 | t: 1.352857 | r:  -511.000000 | e:   1.000000 | Q:        nan | won: False 
#  379 | steps:  4139 | steps_t:     0 | t: 1.355836 | r:  -509.000000 | e:   1.000000 | Q:        nan | won: False 
#  380 | steps:  4151 | steps_t:     0 | t: 1.358817 | r:  -511.000000 | e:   1.000000 | Q:        nan | won: False 
#  381 | steps:  4158 | steps_t:     0 | t: 1.360811 | r:  -506.000000 | e:   1.000000 | Q:        nan | won: False 
#  382 | steps:  4174 | steps_t:     0 | t: 1.365747 | r:  -515.000000 | e:   1.000000 | Q:        nan | won: False 
#  383 | steps:  4188 | steps_t:     0 | t: 1.369776 | r:  -513.000000 | e:   1.000000 | Q:        nan | won: False 
#  384 | steps:  4201 | steps_t:     0 | t: 1.372768 | r:  -512.000000 | e:   1.000000 | Q:        nan | won: False 
#  385 | steps:  4207 | steps_t:     0 | t: 1.374762 | r:  -505.000000 | e:   1.000000 | Q:        nan | won: False 
#  386 | steps:  4216 | steps_t:     0 | t: 1.377759 | r:  -508.000000 | e:   1.000000 | Q:        nan | won: False 
#  387 | steps:  4224 | steps_t:     0 | t: 1.379748 | r:  -507.000000 | e:   1.000000 | Q:        nan | won: False 
#  388 | steps:  4229 | steps_t:     0 | t: 1.382692 | r:  -504.000000 | e:   1.000000 | Q:        nan | won: False 
#  389 | steps:  4249 | steps_t:     0 | t: 1.387675 | r:  -519.000000 | e:   1.000000 | Q:        nan | won: False 
#  390 | steps:  4257 | steps_t:     0 | t: 1.389669 | r:  -507.000000 | e:   1.000000 | Q:        nan | won: False 
#  391 | steps:  4265 | steps_t:     0 | t: 1.391662 | r:  -507.000000 | e:   1.000000 | Q:        nan | won: False 
#  392 | steps:  4273 | steps_t:     0 | t: 1.394652 | r:  -507.000000 | e:   1.000000 | Q:        nan | won: False 
#  393 | steps:  4279 | steps_t:     0 | t: 1.396706 | r:  -505.000000 | e:   1.000000 | Q:        nan | won: False 
#  394 | steps:  4297 | steps_t:     0 | t: 1.401690 | r:  -506.000000 | e:   1.000000 | Q:        nan | won: False 
#  395 | steps:  4304 | steps_t:     0 | t: 1.404671 | r:  -506.000000 | e:   1.000000 | Q:        nan | won: False 
#  396 | steps:  4313 | steps_t:     0 | t: 1.406656 | r:  -508.000000 | e:   1.000000 | Q:        nan | won: False 
#  397 | steps:  4324 | steps_t:     0 | t: 1.409646 | r:  -510.000000 | e:   1.000000 | Q:        nan | won: False 
#  398 | steps:  4332 | steps_t:     0 | t: 1.412638 | r:  -507.000000 | e:   1.000000 | Q:        nan | won: False 
#  399 | steps:  4343 | steps_t:     0 | t: 1.416624 | r:  -510.000000 | e:   1.000000 | Q:        nan | won: False 
#  400 | steps:  4353 | steps_t:     0 | t: 1.419623 | r:  -509.000000 | e:   1.000000 | Q:        nan | won: False 
#  401 | steps:  4359 | steps_t:     0 | t: 1.421596 | r:  -505.000000 | e:   1.000000 | Q:        nan | won: False 
#  402 | steps:  4368 | steps_t:     0 | t: 1.424622 | r:  -508.000000 | e:   1.000000 | Q:        nan | won: False 
#  403 | steps:  4374 | steps_t:     0 | t: 1.426602 | r:  -505.000000 | e:   1.000000 | Q:        nan | won: False 
#  404 | steps:  4381 | steps_t:     0 | t: 1.429536 | r:  -506.000000 | e:   1.000000 | Q:        nan | won: False 
#  405 | steps:  4388 | steps_t:     0 | t: 1.431529 | r:  -506.000000 | e:   1.000000 | Q:        nan | won: False 
#  406 | steps:  4408 | steps_t:     0 | t: 1.436512 | r:  -519.000000 | e:   1.000000 | Q:        nan | won: False 
#  407 | steps:  4417 | steps_t:     0 | t: 1.439502 | r:  -508.000000 | e:   1.000000 | Q:        nan | won: False 
#  408 | steps:  4427 | steps_t:     0 | t: 1.442492 | r:  -509.000000 | e:   1.000000 | Q:        nan | won: False 
#  409 | steps:  4434 | steps_t:     0 | t: 1.444485 | r:  -506.000000 | e:   1.000000 | Q:        nan | won: False 
#  410 | steps:  4461 | steps_t:     0 | t: 1.451462 | r:  -504.000000 | e:   1.000000 | Q:        nan | won: False 
#  411 | steps:  4470 | steps_t:     0 | t: 1.454452 | r:  -508.000000 | e:   1.000000 | Q:        nan | won: False 
#  412 | steps:  4491 | steps_t:     0 | t: 1.459435 | r:  -520.000000 | e:   1.000000 | Q:        nan | won: False 
#  413 | steps:  4512 | steps_t:     0 | t: 1.466487 | r:  -520.000000 | e:   1.000000 | Q:        nan | won: False 
#  414 | steps:  4518 | steps_t:     0 | t: 1.468455 | r:  -505.000000 | e:   1.000000 | Q:        nan | won: False 
#  415 | steps:  4531 | steps_t:     0 | t: 1.471454 | r:  -512.000000 | e:   1.000000 | Q:        nan | won: False 
#  416 | steps:  4540 | steps_t:     0 | t: 1.474432 | r:  -508.000000 | e:   1.000000 | Q:        nan | won: False 
#  417 | steps:  4547 | steps_t:     0 | t: 1.476423 | r:  -506.000000 | e:   1.000000 | Q:        nan | won: False 
#  418 | steps:  4555 | steps_t:     0 | t: 1.479370 | r:  -507.000000 | e:   1.000000 | Q:        nan | won: False 
#  419 | steps:  4561 | steps_t:     0 | t: 1.482405 | r:  -505.000000 | e:   1.000000 | Q:        nan | won: False 
#  420 | steps:  4575 | steps_t:     0 | t: 1.485396 | r:  -513.000000 | e:   1.000000 | Q:        nan | won: False 
#  421 | steps:  4581 | steps_t:     0 | t: 1.487388 | r:  -505.000000 | e:   1.000000 | Q:        nan | won: False 
#  422 | steps:  4588 | steps_t:     0 | t: 1.489393 | r:  -506.000000 | e:   1.000000 | Q:        nan | won: False 
#  423 | steps:  4593 | steps_t:     0 | t: 1.491377 | r:  -504.000000 | e:   1.000000 | Q:        nan | won: False 
#  424 | steps:  4604 | steps_t:     0 | t: 1.496310 | r:  -510.000000 | e:   1.000000 | Q:        nan | won: False 
#  425 | steps:  4614 | steps_t:     0 | t: 1.499307 | r:  -509.000000 | e:   1.000000 | Q:        nan | won: False 
#  426 | steps:  4625 | steps_t:     0 | t: 1.502292 | r:  -510.000000 | e:   1.000000 | Q:        nan | won: False 
#  427 | steps:  4636 | steps_t:     0 | t: 1.505282 | r:  -510.000000 | e:   1.000000 | Q:        nan | won: False 
#  428 | steps:  4657 | steps_t:     0 | t: 1.510266 | r:  -520.000000 | e:   1.000000 | Q:        nan | won: False 
#  429 | steps:  4665 | steps_t:     0 | t: 1.513256 | r:  -507.000000 | e:   1.000000 | Q:        nan | won: False 
#  430 | steps:  4674 | steps_t:     0 | t: 1.516246 | r:  -508.000000 | e:   1.000000 | Q:        nan | won: False 
#  431 | steps:  4682 | steps_t:     0 | t: 1.519236 | r:  -507.000000 | e:   1.000000 | Q:        nan | won: False 
#  432 | steps:  4691 | steps_t:     0 | t: 1.521229 | r:  -508.000000 | e:   1.000000 | Q:        nan | won: False 
#  433 | steps:  4712 | steps_t:     0 | t: 1.527209 | r:  -520.000000 | e:   1.000000 | Q:        nan | won: False 
#  434 | steps:  4724 | steps_t:     0 | t: 1.531204 | r:  -511.000000 | e:   1.000000 | Q:        nan | won: False 
#  435 | steps:  4741 | steps_t:     0 | t: 1.535190 | r:  -516.000000 | e:   1.000000 | Q:        nan | won: False 
#  436 | steps:  4754 | steps_t:     0 | t: 1.539178 | r:  -512.000000 | e:   1.000000 | Q:        nan | won: False 
#  437 | steps:  4766 | steps_t:     0 | t: 1.542167 | r:  -511.000000 | e:   1.000000 | Q:        nan | won: False 
#  438 | steps:  4777 | steps_t:     0 | t: 1.545481 | r:  -510.000000 | e:   1.000000 | Q:        nan | won: False 
#  439 | steps:  4786 | steps_t:     0 | t: 1.548533 | r:  -508.000000 | e:   1.000000 | Q:        nan | won: False 
#  440 | steps:  4794 | steps_t:     0 | t: 1.550527 | r:  -507.000000 | e:   1.000000 | Q:        nan | won: False 
#  441 | steps:  4810 | steps_t:     0 | t: 1.554523 | r:  -515.000000 | e:   1.000000 | Q:        nan | won: False 
#  442 | steps:  4818 | steps_t:     0 | t: 1.557497 | r:  -507.000000 | e:   1.000000 | Q:        nan | won: False 
#  443 | steps:  4832 | steps_t:     0 | t: 1.561502 | r:  -513.000000 | e:   1.000000 | Q:        nan | won: False 
#  444 | steps:  4850 | steps_t:     0 | t: 1.566476 | r:  -517.000000 | e:   1.000000 | Q:        nan | won: False 
#  445 | steps:  4856 | steps_t:     0 | t: 1.568468 | r:  -505.000000 | e:   1.000000 | Q:        nan | won: False 
#  446 | steps:  4874 | steps_t:     0 | t: 1.573452 | r:  -517.000000 | e:   1.000000 | Q:        nan | won: False 
#  447 | steps:  4881 | steps_t:     0 | t: 1.575438 | r:  -506.000000 | e:   1.000000 | Q:        nan | won: False 
#  448 | steps:  4892 | steps_t:     0 | t: 1.579410 | r:  -510.000000 | e:   1.000000 | Q:        nan | won: False 
#  449 | steps:  4904 | steps_t:     0 | t: 1.582422 | r:  -511.000000 | e:   1.000000 | Q:        nan | won: False 
#  450 | steps:  4916 | steps_t:     0 | t: 1.586409 | r:  -511.000000 | e:   1.000000 | Q:        nan | won: False 
#  451 | steps:  4929 | steps_t:     0 | t: 1.590382 | r:  -512.000000 | e:   1.000000 | Q:        nan | won: False 
#  452 | steps:  4938 | steps_t:     0 | t: 1.592376 | r:  -508.000000 | e:   1.000000 | Q:        nan | won: False 
#  453 | steps:  4946 | steps_t:     0 | t: 1.596429 | r:  -507.000000 | e:   1.000000 | Q:        nan | won: False 
#  454 | steps:  4956 | steps_t:     0 | t: 1.599354 | r:  -509.000000 | e:   1.000000 | Q:        nan | won: False 
#  455 | steps:  4967 | steps_t:     0 | t: 1.602343 | r:  -510.000000 | e:   1.000000 | Q:        nan | won: False 
#  456 | steps:  4986 | steps_t:     0 | t: 1.608002 | r:  -518.000000 | e:   1.000000 | Q:        nan | won: False 
#  457 | steps:  4994 | steps_t:     0 | t: 1.609992 | r:  -507.000000 | e:   1.000000 | Q:        nan | won: False 
#  458 | steps:  5001 | steps_t:     0 | t: 1.612919 | r:  -506.000000 | e:   1.000000 | Q:        nan | won: False 
