#    1 | steps:    17 | steps_t:     0 | t: 0.017643 | r:  -516.000000 | e:   1.000000 | Q:        nan | won: False 
#    2 | steps:    31 | steps_t:     0 | t: 0.022768 | r:  -513.000000 | e:   1.000000 | Q:        nan | won: False 
#    3 | steps:    48 | steps_t:     0 | t: 0.027755 | r:  -505.000000 | e:   1.000000 | Q:        nan | won: False 
#    4 | steps:    60 | steps_t:     0 | t: 0.030745 | r:  -511.000000 | e:   1.000000 | Q:        nan | won: False 
#    5 | steps:    67 | steps_t:     0 | t: 0.033734 | r:  -506.000000 | e:   1.000000 | Q:        nan | won: False 
#    6 | steps:    80 | steps_t:     0 | t: 0.038841 | r:  -512.000000 | e:   1.000000 | Q:        nan | won: False 
#    7 | steps:    93 | steps_t:     0 | t: 0.042827 | r:  -512.000000 | e:   1.000000 | Q:        nan | won: False 
#    8 | steps:   107 | steps_t:     0 | t: 0.046618 | r:  -513.000000 | e:   1.000000 | Q:        nan | won: False 
#    9 | steps:   123 | steps_t:     0 | t: 0.050120 | r:  -515.000000 | e:   1.000000 | Q:        nan | won: False 
#   10 | steps:   131 | steps_t:     0 | t: 0.053103 | r:  -507.000000 | e:   1.000000 | Q:        nan | won: False 
#   11 | steps:   137 | steps_t:     0 | t: 0.055053 | r:  -505.000000 | e:   1.000000 | Q:        nan | won: False 
#   12 | steps:   149 | steps_t:     0 | t: 0.061097 | r:  -511.000000 | e:   1.000000 | Q:        nan | won: False 
#   13 | steps:   160 | steps_t:     0 | t: 0.065067 | r:  -510.000000 | e:   1.000000 | Q:        nan | won: False 
#   14 | steps:   175 | steps_t:     0 | t: 0.068057 | r:  -514.000000 | e:   1.000000 | Q:        nan | won: False 
#   15 | steps:   191 | steps_t:     0 | t: 0.075242 | r:  -515.000000 | e:   1.000000 | Q:        nan | won: False 
#   16 | steps:   200 | steps_t:     0 | t: 0.078294 | r:  -508.000000 | e:   1.000000 | Q:        nan | won: False 
#   17 | steps:   210 | steps_t:     0 | t: 0.081286 | r:  -509.000000 | e:   1.000000 | Q:        nan | won: False 
#   18 | steps:   220 | steps_t:     0 | t: 0.084275 | r:  -509.000000 | e:   1.000000 | Q:        nan | won: False 
#   19 | steps:   233 | steps_t:     0 | t: 0.089199 | r:  -512.000000 | e:   1.000000 | Q:        nan | won: False 
#   20 | steps:   248 | steps_t:     0 | t: 0.094234 | r:  -514.000000 | e:   1.000000 | Q:        nan | won: False 
#   21 | steps:   256 | steps_t:     0 | t: 0.097222 | r:  -507.000000 | e:   1.000000 | Q:        nan | won: False 
#   22 | steps:   263 | steps_t:     0 | t: 0.100217 | r:  -506.000000 | e:   1.000000 | Q:        nan | won: False 
#   23 | steps:   275 | steps_t:     0 | t: 0.104211 | r:  -511.000000 | e:   1.000000 | Q:        nan | won: False 
#   24 | steps:   283 | steps_t:     0 | t: 0.107197 | r:  -507.000000 | e:   1.000000 | Q:        nan | won: False 
#   25 | steps:   291 | steps_t:     0 | t: 0.110192 | r:  -507.000000 | e:   1.000000 | Q:        nan | won: False 
#   26 | steps:   299 | steps_t:     0 | t: 0.112192 | r:  -507.000000 | e:   1.000000 | Q:        nan | won: False 
#   27 | steps:   307 | steps_t:     0 | t: 0.115174 | r:  -507.000000 | e:   1.000000 | Q:        nan | won: False 
#   28 | steps:   318 | steps_t:     0 | t: 0.118166 | r:  -510.000000 | e:   1.000000 | Q:        nan | won: False 
#   29 | steps:   327 | steps_t:     0 | t: 0.122294 | r:  -508.000000 | e:   1.000000 | Q:        nan | won: False 
#   30 | steps:   339 | steps_t:     0 | t: 0.126330 | r:  -511.000000 | e:   1.000000 | Q:        nan | won: False 
#   31 | steps:   349 | steps_t:     0 | t: 0.129318 | r:  -509.000000 | e:   1.000000 | Q:        nan | won: False 
#   32 | steps:   365 | steps_t:     0 | t: 0.133315 | r:  -515.000000 | e:   1.000000 | Q:        nan | won: False 
#   33 | steps:   379 | steps_t:     0 | t: 0.136306 | r:  -513.000000 | e:   1.000000 | Q:        nan | won: False 
#   34 | steps:   398 | steps_t:     0 | t: 0.142274 | r:  -518.000000 | e:   1.000000 | Q:        nan | won: False 
#   35 | steps:   405 | steps_t:     0 | t: 0.144269 | r:  -506.000000 | e:   1.000000 | Q:        nan | won: False 
#   36 | steps:   417 | steps_t:     0 | t: 0.148284 | r:  -511.000000 | e:   1.000000 | Q:        nan | won: False 
#   37 | steps:   427 | steps_t:     0 | t: 0.151200 | r:  -509.000000 | e:   1.000000 | Q:        nan | won: False 
#   38 | steps:   436 | steps_t:     0 | t: 0.154228 | r:  -508.000000 | e:   1.000000 | Q:        nan | won: False 
#   39 | steps:   445 | steps_t:     0 | t: 0.157243 | r:  -508.000000 | e:   1.000000 | Q:        nan | won: False 
#   40 | steps:   453 | steps_t:     0 | t: 0.160230 | r:  -507.000000 | e:   1.000000 | Q:        nan | won: False 
#   41 | steps:   463 | steps_t:     0 | t: 0.163221 | r:  -509.000000 | e:   1.000000 | Q:        nan | won: False 
#   42 | steps:   475 | steps_t:     0 | t: 0.167218 | r:  -511.000000 | e:   1.000000 | Q:        nan | won: False 
#   43 | steps:   481 | steps_t:     0 | t: 0.169205 | r:  -505.000000 | e:   1.000000 | Q:        nan | won: False 
#   44 | steps:   487 | steps_t:     0 | t: 0.171204 | r:  -505.000000 | e:   1.000000 | Q:        nan | won: False 
#   45 | steps:   507 | steps_t:     0 | t: 0.176186 | r:  -519.000000 | e:   1.000000 | Q:        nan | won: False 
#   46 | steps:   517 | steps_t:     0 | t: 0.179180 | r:  -509.000000 | e:   1.000000 | Q:        nan | won: False 
#   47 | steps:   527 | steps_t:     0 | t: 0.182166 | r:  -509.000000 | e:   1.000000 | Q:        nan | won: False 
#   48 | steps:   535 | steps_t:     0 | t: 0.185157 | r:  -507.000000 | e:   1.000000 | Q:        nan | won: False 
#   49 | steps:   543 | steps_t:     0 | t: 0.187140 | r:  -507.000000 | e:   1.000000 | Q:        nan | won: False 
#   50 | steps:   561 | steps_t:     0 | t: 0.192134 | r:  -517.000000 | e:   1.000000 | Q:        nan | won: False 
#   51 | steps:   571 | steps_t:     0 | t: 0.195163 | r:  -509.000000 | e:   1.000000 | Q:        nan | won: False 
#   52 | steps:   577 | steps_t:     0 | t: 0.197157 | r:  -505.000000 | e:   1.000000 | Q:        nan | won: False 
#   53 | steps:   592 | steps_t:     0 | t: 0.201143 | r:  -503.000000 | e:   1.000000 | Q:        nan | won: False 
#   54 | steps:   599 | steps_t:     0 | t: 0.203198 | r:  -506.000000 | e:   1.000000 | Q:        nan | won: False 
#   55 | steps:   621 | steps_t:     0 | t: 0.210168 | r:  -521.000000 | e:   1.000000 | Q:        nan | won: False 
#   56 | steps:   633 | steps_t:     0 | t: 0.214156 | r:  -511.000000 | e:   1.000000 | Q:        nan | won: False 
#   57 | steps:   638 | steps_t:     0 | t: 0.216148 | r:  -504.000000 | e:   1.000000 | Q:        nan | won: False 
#   58 | steps:   646 | steps_t:     0 | t: 0.219128 | r:  -507.000000 | e:   1.000000 | Q:        nan | won: False 
#   59 | steps:   656 | steps_t:     0 | t: 0.222064 | r:  -509.000000 | e:   1.000000 | Q:        nan | won: False 
#   60 | steps:   674 | steps_t:     0 | t: 0.227103 | r:  -517.000000 | e:   1.000000 | Q:        nan | won: False 
#   61 | steps:   684 | steps_t:     0 | t: 0.230083 | r:  -509.000000 | e:   1.000000 | Q:        nan | won: False 
#   62 | steps:   689 | steps_t:     0 | t: 0.232075 | r:  -504.000000 | e:   1.000000 | Q:        nan | won: False 
#   63 | steps:   696 | steps_t:     0 | t: 0.234070 | r:  -506.000000 | e:   1.000000 | Q:        nan | won: False 
#   64 | steps:   703 | steps_t:     0 | t: 0.236062 | r:  -506.000000 | e:   1.000000 | Q:        nan | won: False 
#   65 | steps:   713 | steps_t:     0 | t: 0.240073 | r:  -509.000000 | e:   1.000000 | Q:        nan | won: False 
#   66 | steps:   720 | steps_t:     0 | t: 0.243042 | r:  -506.000000 | e:   1.000000 | Q:        nan | won: False 
#   67 | steps:   730 | steps_t:     0 | t: 0.246166 | r:  -509.000000 | e:   1.000000 | Q:        nan | won: False 
#   68 | steps:   740 | steps_t:     0 | t: 0.248717 | r:  -509.000000 | e:   1.000000 | Q:        nan | won: False 
#   69 | steps:   747 | steps_t:     0 | t: 0.251719 | r:  -506.000000 | e:   1.000000 | Q:        nan | won: False 
#   70 | steps:   757 | steps_t:     0 | t: 0.254699 | r:  -509.000000 | e:   1.000000 | Q:        nan | won: False 
#   71 | steps:   765 | steps_t:     0 | t: 0.257685 | r:  -507.000000 | e:   1.000000 | Q:        nan | won: False 
#   72 | steps:   777 | steps_t:     0 | t: 0.260675 | r:  -511.000000 | e:   1.000000 | Q:        nan | won: False 
#   73 | steps:   785 | steps_t:     0 | t: 0.262668 | r:  -507.000000 | e:   1.000000 | Q:        nan | won: False 
#   74 | steps:   791 | steps_t:     0 | t: 0.264667 | r:  -505.000000 | e:   1.000000 | Q:        nan | won: False 
#   75 | steps:   804 | steps_t:     0 | t: 0.268645 | r:  -512.000000 | e:   1.000000 | Q:        nan | won: False 
#   76 | steps:   811 | steps_t:     0 | t: 0.270642 | r:  -506.000000 | e:   1.000000 | Q:        nan | won: False 
#   77 | steps:   819 | steps_t:     0 | t: 0.273623 | r:  -507.000000 | e:   1.000000 | Q:        nan | won: False 
#   78 | steps:   826 | steps_t:     0 | t: 0.275615 | r:  -506.000000 | e:   1.000000 | Q:        nan | won: False 
#   79 | steps:   839 | steps_t:     0 | t: 0.279606 | r:  -512.000000 | e:   1.000000 | Q:        nan | won: False 
#   80 | steps:   846 | steps_t:     0 | t: 0.281607 | r:  -506.000000 | e:   1.000000 | Q:        nan | won: False 
#   81 | steps:   855 | steps_t:     0 | t: 0.284587 | r:  -508.000000 | e:   1.000000 | Q:        nan | won: False 
#   82 | steps:   862 | steps_t:     0 | t: 0.286579 | r:  -506.000000 | e:   1.000000 | Q:        nan | won: False 
#   83 | steps:   874 | steps_t:     0 | t: 0.289561 | r:  -511.000000 | e:   1.000000 | Q:        nan | won: False 
#   84 | steps:   881 | steps_t:     0 | t: 0.291563 | r:  -506.000000 | e:   1.000000 | Q:        nan | won: False 
#   85 | steps:   892 | steps_t:     0 | t: 0.295507 | r:  -510.000000 | e:   1.000000 | Q:        nan | won: False 
#   86 | steps:   899 | steps_t:     0 | t: 0.298497 | r:  -506.000000 | e:   1.000000 | Q:        nan | won: False 
#   87 | steps:   908 | steps_t:     0 | t: 0.301487 | r:  -508.000000 | e:   1.000000 | Q:        nan | won: False 
#   88 | steps:   916 | steps_t:     0 | t: 0.304477 | r:  -507.000000 | e:   1.000000 | Q:        nan | won: False 
#   89 | steps:   925 | steps_t:     0 | t: 0.307467 | r:  -508.000000 | e:   1.000000 | Q:        nan | won: False 
#   90 | steps:   934 | steps_t:     0 | t: 0.310523 | r:  -508.000000 | e:   1.000000 | Q:        nan | won: False 
#   91 | steps:   943 | steps_t:     0 | t: 0.313510 | r:  -508.000000 | e:   1.000000 | Q:        nan | won: False 
#   92 | steps:   950 | steps_t:     0 | t: 0.316491 | r:  -506.000000 | e:   1.000000 | Q:        nan | won: False 
#   93 | steps:   958 | steps_t:     0 | t: 0.318482 | r:  -507.000000 | e:   1.000000 | Q:        nan | won: False 
#   94 | steps:   970 | steps_t:     0 | t: 0.322419 | r:  -511.000000 | e:   1.000000 | Q:        nan | won: False 
#   95 | steps:   976 | steps_t:     0 | t: 0.324476 | r:  -505.000000 | e:   1.000000 | Q:        nan | won: False 
#   96 | steps:   982 | steps_t:     0 | t: 0.327402 | r:  -505.000000 | e:   1.000000 | Q:        nan | won: False 
#   97 | steps:  1002 | steps_t:     0 | t: 0.332433 | r:  -519.000000 | e:   1.000000 | Q:        nan | won: False 
#   98 | steps:  1013 | steps_t:     0 | t: 0.335423 | r:  -510.000000 | e:   1.000000 | Q:        nan | won: False 
#   99 | steps:  1025 | steps_t:     0 | t: 0.339365 | r:  -511.000000 | e:   1.000000 | Q:        nan | won: False 
#  100 | steps:  1051 | steps_t:     0 | t: 0.346339 | r:  -525.000000 | e:   1.000000 | Q:        nan | won: False 
#  101 | steps:  1060 | steps_t:     0 | t: 0.349329 | r:  -508.000000 | e:   1.000000 | Q:        nan | won: False 
#  102 | steps:  1068 | steps_t:     0 | t: 0.351323 | r:  -507.000000 | e:   1.000000 | Q:        nan | won: False 
#  103 | steps:  1074 | steps_t:     0 | t: 0.353316 | r:  -505.000000 | e:   1.000000 | Q:        nan | won: False 
#  104 | steps:  1081 | steps_t:     0 | t: 0.356322 | r:  -506.000000 | e:   1.000000 | Q:        nan | won: False 
#  105 | steps:  1091 | steps_t:     0 | t: 0.359296 | r:  -509.000000 | e:   1.000000 | Q:        nan | won: False 
#  106 | steps:  1101 | steps_t:     0 | t: 0.362286 | r:  -509.000000 | e:   1.000000 | Q:        nan | won: False 
#  107 | steps:  1107 | steps_t:     0 | t: 0.364280 | r:  -505.000000 | e:   1.000000 | Q:        nan | won: False 
#  108 | steps:  1117 | steps_t:     0 | t: 0.367269 | r:  -509.000000 | e:   1.000000 | Q:        nan | won: False 
#  109 | steps:  1123 | steps_t:     0 | t: 0.369262 | r:  -505.000000 | e:   1.000000 | Q:        nan | won: False 
#  110 | steps:  1130 | steps_t:     0 | t: 0.371954 | r:  -506.000000 | e:   1.000000 | Q:        nan | won: False 
#  111 | steps:  1137 | steps_t:     0 | t: 0.375020 | r:  -506.000000 | e:   1.000000 | Q:        nan | won: False 
#  112 | steps:  1146 | steps_t:     0 | t: 0.378003 | r:  -508.000000 | e:   1.000000 | Q:        nan | won: False 
#  113 | steps:  1156 | steps_t:     0 | t: 0.380987 | r:  -509.000000 | e:   1.000000 | Q:        nan | won: False 
#  114 | steps:  1167 | steps_t:     0 | t: 0.384004 | r:  -510.000000 | e:   1.000000 | Q:        nan | won: False 
#  115 | steps:  1174 | steps_t:     0 | t: 0.385978 | r:  -506.000000 | e:   1.000000 | Q:        nan | won: False 
#  116 | steps:  1192 | steps_t:     0 | t: 0.390970 | r:  -517.000000 | e:   1.000000 | Q:        nan | won: False 
#  117 | steps:  1204 | steps_t:     0 | t: 0.394948 | r:  -511.000000 | e:   1.000000 | Q:        nan | won: False 
#  118 | steps:  1214 | steps_t:     0 | t: 0.397928 | r:  -509.000000 | e:   1.000000 | Q:        nan | won: False 
#  119 | steps:  1222 | steps_t:     0 | t: 0.399918 | r:  -507.000000 | e:   1.000000 | Q:        nan | won: False 
#  120 | steps:  1229 | steps_t:     0 | t: 0.402913 | r:  -506.000000 | e:   1.000000 | Q:        nan | won: False 
#  121 | steps:  1238 | steps_t:     0 | t: 0.405895 | r:  -508.000000 | e:   1.000000 | Q:        nan | won: False 
#  122 | steps:  1245 | steps_t:     0 | t: 0.407911 | r:  -506.000000 | e:   1.000000 | Q:        nan | won: False 
#  123 | steps:  1259 | steps_t:     0 | t: 0.411878 | r:  -513.000000 | e:   1.000000 | Q:        nan | won: False 
#  124 | steps:  1269 | steps_t:     0 | t: 0.414888 | r:  -509.000000 | e:   1.000000 | Q:        nan | won: False 
#  125 | steps:  1275 | steps_t:     0 | t: 0.416863 | r:  -505.000000 | e:   1.000000 | Q:        nan | won: False 
#  126 | steps:  1284 | steps_t:     0 | t: 0.419850 | r:  -508.000000 | e:   1.000000 | Q:        nan | won: False 
#  127 | steps:  1293 | steps_t:     0 | t: 0.423837 | r:  -508.000000 | e:   1.000000 | Q:        nan | won: False 
#  128 | steps:  1306 | steps_t:     0 | t: 0.426841 | r:  -512.000000 | e:   1.000000 | Q:        nan | won: False 
#  129 | steps:  1319 | steps_t:     0 | t: 0.430820 | r:  -512.000000 | e:   1.000000 | Q:        nan | won: False 
#  130 | steps:  1330 | steps_t:     0 | t: 0.433811 | r:  -510.000000 | e:   1.000000 | Q:        nan | won: False 
#  131 | steps:  1339 | steps_t:     0 | t: 0.435755 | r:  -508.000000 | e:   1.000000 | Q:        nan | won: False 
#  132 | steps:  1346 | steps_t:     0 | t: 0.438756 | r:  -506.000000 | e:   1.000000 | Q:        nan | won: False 
#  133 | steps:  1356 | steps_t:     0 | t: 0.441777 | r:  -509.000000 | e:   1.000000 | Q:        nan | won: False 
#  134 | steps:  1374 | steps_t:     0 | t: 0.446764 | r:  -517.000000 | e:   1.000000 | Q:        nan | won: False 
#  135 | steps:  1381 | steps_t:     0 | t: 0.448756 | r:  -506.000000 | e:   1.000000 | Q:        nan | won: False 
#  136 | steps:  1388 | steps_t:     0 | t: 0.450744 | r:  -506.000000 | e:   1.000000 | Q:        nan | won: False 
#  137 | steps:  1400 | steps_t:     0 | t: 0.454690 | r:  -511.000000 | e:   1.000000 | Q:        nan | won: False 
#  138 | steps:  1409 | steps_t:     0 | t: 0.457679 | r:  -508.000000 | e:   1.000000 | Q:        nan | won: False 
#  139 | steps:  1418 | steps_t:     0 | t: 0.460669 | r:  -508.000000 | e:   1.000000 | Q:        nan | won: False 
#  140 | steps:  1425 | steps_t:     0 | t: 0.462663 | r:  -506.000000 | e:   1.000000 | Q:        nan | won: False 
#  141 | steps:  1435 | steps_t:     0 | t: 0.465653 | r:  -509.000000 | e:   1.000000 | Q:        nan | won: False 
#  142 | steps:  1443 | steps_t:     0 | t: 0.468643 | r:  -507.000000 | e:   1.000000 | Q:        nan | won: False 
#  143 | steps:  1453 | steps_t:     0 | t: 0.471633 | r:  -509.000000 | e:   1.000000 | Q:        nan | won: False 
#  144 | steps:  1464 | steps_t:     0 | t: 0.475627 | r:  -510.000000 | e:   1.000000 | Q:        nan | won: False 
#  145 | steps:  1475 | steps_t:     0 | t: 0.478617 | r:  -510.000000 | e:   1.000000 | Q:        nan | won: False 
#  146 | steps:  1483 | steps_t:     0 | t: 0.480611 | r:  -507.000000 | e:   1.000000 | Q:        nan | won: False 
#  147 | steps:  1492 | steps_t:     0 | t: 0.483605 | r:  -508.000000 | e:   1.000000 | Q:        nan | won: False 
#  148 | steps:  1507 | steps_t:     0 | t: 0.487587 | r:  -514.000000 | e:   1.000000 | Q:        nan | won: False 
#  149 | steps:  1515 | steps_t:     0 | t: 0.490578 | r:  -507.000000 | e:   1.000000 | Q:        nan | won: False 
#  150 | steps:  1522 | steps_t:     0 | t: 0.492571 | r:  -506.000000 | e:   1.000000 | Q:        nan | won: False 
#  151 | steps:  1534 | steps_t:     0 | t: 0.495561 | r:  -511.000000 | e:   1.000000 | Q:        nan | won: False 
#  152 | steps:  1544 | steps_t:     0 | t: 0.497554 | r:  -509.000000 | e:   1.000000 | Q:        nan | won: False 
#  153 | steps:  1555 | steps_t:     0 | t: 0.502539 | r:  -510.000000 | e:   1.000000 | Q:        nan | won: False 
#  154 | steps:  1562 | steps_t:     0 | t: 0.505544 | r:  -506.000000 | e:   1.000000 | Q:        nan | won: False 
#  155 | steps:  1572 | steps_t:     0 | t: 0.508517 | r:  -509.000000 | e:   1.000000 | Q:        nan | won: False 
#  156 | steps:  1581 | steps_t:     0 | t: 0.510511 | r:  -508.000000 | e:   1.000000 | Q:        nan | won: False 
#  157 | steps:  1594 | steps_t:     0 | t: 0.514501 | r:  -512.000000 | e:   1.000000 | Q:        nan | won: False 
#  158 | steps:  1602 | steps_t:     0 | t: 0.517488 | r:  -507.000000 | e:   1.000000 | Q:        nan | won: False 
#  159 | steps:  1617 | steps_t:     0 | t: 0.521466 | r:  -514.000000 | e:   1.000000 | Q:        nan | won: False 
#  160 | steps:  1631 | steps_t:     0 | t: 0.525453 | r:  -513.000000 | e:   1.000000 | Q:        nan | won: False 
#  161 | steps:  1641 | steps_t:     0 | t: 0.528443 | r:  -509.000000 | e:   1.000000 | Q:        nan | won: False 
#  162 | steps:  1652 | steps_t:     0 | t: 0.532430 | r:  -510.000000 | e:   1.000000 | Q:        nan | won: False 
#  163 | steps:  1659 | steps_t:     0 | t: 0.534423 | r:  -506.000000 | e:   1.000000 | Q:        nan | won: False 
#  164 | steps:  1665 | steps_t:     0 | t: 0.536416 | r:  -505.000000 | e:   1.000000 | Q:        nan | won: False 
#  165 | steps:  1676 | steps_t:     0 | t: 0.539407 | r:  -510.000000 | e:   1.000000 | Q:        nan | won: False 
#  166 | steps:  1716 | steps_t:     0 | t: 0.549373 | r:  -528.000000 | e:   1.000000 | Q:        nan | won: False 
#  167 | steps:  1728 | steps_t:     0 | t: 0.552363 | r:  -511.000000 | e:   1.000000 | Q:        nan | won: False 
#  168 | steps:  1740 | steps_t:     0 | t: 0.556350 | r:  -511.000000 | e:   1.000000 | Q:        nan | won: False 
#  169 | steps:  1749 | steps_t:     0 | t: 0.559340 | r:  -508.000000 | e:   1.000000 | Q:        nan | won: False 
#  170 | steps:  1763 | steps_t:     0 | t: 0.563326 | r:  -502.000000 | e:   1.000000 | Q:        nan | won: False 
#  171 | steps:  1773 | steps_t:     0 | t: 0.566372 | r:  -509.000000 | e:   1.000000 | Q:        nan | won: False 
#  172 | steps:  1782 | steps_t:     0 | t: 0.569373 | r:  -508.000000 | e:   1.000000 | Q:        nan | won: False 
#  173 | steps:  1802 | steps_t:     0 | t: 0.575294 | r:  -519.000000 | e:   1.000000 | Q:        nan | won: False 
#  174 | steps:  1807 | steps_t:     0 | t: 0.577288 | r:  -504.000000 | e:   1.000000 | Q:        nan | won: False 
#  175 | steps:  1819 | steps_t:     0 | t: 0.580277 | r:  -511.000000 | e:   1.000000 | Q:        nan | won: False 
#  176 | steps:  1826 | steps_t:     0 | t: 0.582273 | r:  -506.000000 | e:   1.000000 | Q:        nan | won: False 
#  177 | steps:  1836 | steps_t:     0 | t: 0.585261 | r:  -509.000000 | e:   1.000000 | Q:        nan | won: False 
#  178 | steps:  1842 | steps_t:     0 | t: 0.587257 | r:  -505.000000 | e:   1.000000 | Q:        nan | won: False 
#  179 | steps:  1854 | steps_t:     0 | t: 0.591241 | r:  -511.000000 | e:   1.000000 | Q:        nan | won: False 
#  180 | steps:  1865 | steps_t:     0 | t: 0.596214 | r:  -510.000000 | e:   1.000000 | Q:        nan | won: False 
#  181 | steps:  1875 | steps_t:     0 | t: 0.599214 | r:  -509.000000 | e:   1.000000 | Q:        nan | won: False 
#  182 | steps:  1885 | steps_t:     0 | t: 0.602204 | r:  -509.000000 | e:   1.000000 | Q:        nan | won: False 
#  183 | steps:  1892 | steps_t:     0 | t: 0.604197 | r:  -506.000000 | e:   1.000000 | Q:        nan | won: False 
#  184 | steps:  1898 | steps_t:     0 | t: 0.606184 | r:  -505.000000 | e:   1.000000 | Q:        nan | won: False 
#  185 | steps:  1908 | steps_t:     0 | t: 0.609187 | r:  -509.000000 | e:   1.000000 | Q:        nan | won: False 
#  186 | steps:  1917 | steps_t:     0 | t: 0.612171 | r:  -508.000000 | e:   1.000000 | Q:        nan | won: False 
#  187 | steps:  1937 | steps_t:     0 | t: 0.617154 | r:  -508.000000 | e:   1.000000 | Q:        nan | won: False 
#  188 | steps:  1947 | steps_t:     0 | t: 0.619148 | r:  -509.000000 | e:   1.000000 | Q:        nan | won: False 
#  189 | steps:  1954 | steps_t:     0 | t: 0.622131 | r:  -506.000000 | e:   1.000000 | Q:        nan | won: False 
#  190 | steps:  1969 | steps_t:     0 | t: 0.687976 | r:  -503.000000 | e:   1.000000 | Q:        nan | won: False 
#  191 | steps:  1980 | steps_t:     0 | t: 0.691962 | r:  -510.000000 | e:   1.000000 | Q:        nan | won: False 
#  192 | steps:  1997 | steps_t:     0 | t: 0.695937 | r:  -516.000000 | e:   1.000000 | Q:        nan | won: False 
#  193 | steps:  2018 | steps_t:     0 | t: 0.700916 | r:  -520.000000 | e:   1.000000 | Q:        nan | won: False 
#  194 | steps:  2030 | steps_t:     0 | t: 0.704938 | r:  -511.000000 | e:   1.000000 | Q:        nan | won: False 
#  195 | steps:  2051 | steps_t:     0 | t: 0.709888 | r:  -520.000000 | e:   1.000000 | Q:        nan | won: False 
#  196 | steps:  2059 | steps_t:     0 | t: 0.711875 | r:  -507.000000 | e:   1.000000 | Q:        nan | won: False 
#  197 | steps:  2068 | steps_t:     0 | t: 0.714863 | r:  -508.000000 | e:   1.000000 | Q:        nan | won: False 
#  198 | steps:  2081 | steps_t:     0 | t: 0.717854 | r:  -512.000000 | e:   1.000000 | Q:        nan | won: False 
#  199 | steps:  2093 | steps_t:     0 | t: 0.721800 | r:  -511.000000 | e:   1.000000 | Q:        nan | won: False 
#  200 | steps:  2105 | steps_t:     0 | t: 0.725783 | r:  -511.000000 | e:   1.000000 | Q:        nan | won: False 
#  201 | steps:  2114 | steps_t:     0 | t: 0.728773 | r:  -508.000000 | e:   1.000000 | Q:        nan | won: False 
#  202 | steps:  2123 | steps_t:     0 | t: 0.730766 | r:  -508.000000 | e:   1.000000 | Q:        nan | won: False 
#  203 | steps:  2130 | steps_t:     0 | t: 0.732760 | r:  -506.000000 | e:   1.000000 | Q:        nan | won: False 
#  204 | steps:  2146 | steps_t:     0 | t: 0.737743 | r:  -515.000000 | e:   1.000000 | Q:        nan | won: False 
#  205 | steps:  2158 | steps_t:     0 | t: 0.741794 | r:  -511.000000 | e:   1.000000 | Q:        nan | won: False 
#  206 | steps:  2167 | steps_t:     0 | t: 0.744779 | r:  -508.000000 | e:   1.000000 | Q:        nan | won: False 
#  207 | steps:  2181 | steps_t:     0 | t: 0.747761 | r:  -513.000000 | e:   1.000000 | Q:        nan | won: False 
#  208 | steps:  2190 | steps_t:     0 | t: 0.750751 | r:  -508.000000 | e:   1.000000 | Q:        nan | won: False 
#  209 | steps:  2201 | steps_t:     0 | t: 0.753689 | r:  -510.000000 | e:   1.000000 | Q:        nan | won: False 
#  210 | steps:  2206 | steps_t:     0 | t: 0.756677 | r:  -504.000000 | e:   1.000000 | Q:        nan | won: False 
#  211 | steps:  2226 | steps_t:     0 | t: 0.761663 | r:  -519.000000 | e:   1.000000 | Q:        nan | won: False 
#  212 | steps:  2236 | steps_t:     0 | t: 0.764653 | r:  -509.000000 | e:   1.000000 | Q:        nan | won: False 
#  213 | steps:  2253 | steps_t:     0 | t: 0.768640 | r:  -516.000000 | e:   1.000000 | Q:        nan | won: False 
#  214 | steps:  2262 | steps_t:     0 | t: 0.771630 | r:  -508.000000 | e:   1.000000 | Q:        nan | won: False 
#  215 | steps:  2269 | steps_t:     0 | t: 0.774620 | r:  -506.000000 | e:   1.000000 | Q:        nan | won: False 
#  216 | steps:  2281 | steps_t:     0 | t: 0.777609 | r:  -511.000000 | e:   1.000000 | Q:        nan | won: False 
#  217 | steps:  2290 | steps_t:     0 | t: 0.780600 | r:  -508.000000 | e:   1.000000 | Q:        nan | won: False 
#  218 | steps:  2303 | steps_t:     0 | t: 0.783590 | r:  -512.000000 | e:   1.000000 | Q:        nan | won: False 
#  219 | steps:  2310 | steps_t:     0 | t: 0.786580 | r:  -506.000000 | e:   1.000000 | Q:        nan | won: False 
#  220 | steps:  2318 | steps_t:     0 | t: 0.789606 | r:  -507.000000 | e:   1.000000 | Q:        nan | won: False 
#  221 | steps:  2326 | steps_t:     0 | t: 0.791564 | r:  -507.000000 | e:   1.000000 | Q:        nan | won: False 
#  222 | steps:  2340 | steps_t:     0 | t: 0.795550 | r:  -513.000000 | e:   1.000000 | Q:        nan | won: False 
#  223 | steps:  2359 | steps_t:     0 | t: 0.800534 | r:  -496.000000 | e:   1.000000 | Q:        nan | won: False 
#  224 | steps:  2366 | steps_t:     0 | t: 0.802527 | r:  -506.000000 | e:   1.000000 | Q:        nan | won: False 
#  225 | steps:  2375 | steps_t:     0 | t: 0.805521 | r:  -508.000000 | e:   1.000000 | Q:        nan | won: False 
#  226 | steps:  2384 | steps_t:     0 | t: 0.808507 | r:  -508.000000 | e:   1.000000 | Q:        nan | won: False 
#  227 | steps:  2395 | steps_t:     0 | t: 0.811498 | r:  -510.000000 | e:   1.000000 | Q:        nan | won: False 
#  228 | steps:  2405 | steps_t:     0 | t: 0.815693 | r:  -509.000000 | e:   1.000000 | Q:        nan | won: False 
#  229 | steps:  2417 | steps_t:     0 | t: 0.820278 | r:  -511.000000 | e:   1.000000 | Q:        nan | won: False 
#  230 | steps:  2425 | steps_t:     0 | t: 0.823266 | r:  -507.000000 | e:   1.000000 | Q:        nan | won: False 
#  231 | steps:  2431 | steps_t:     0 | t: 0.825259 | r:  -505.000000 | e:   1.000000 | Q:        nan | won: False 
#  232 | steps:  2445 | steps_t:     0 | t: 0.829058 | r:  -513.000000 | e:   1.000000 | Q:        nan | won: False 
#  233 | steps:  2451 | steps_t:     0 | t: 0.831352 | r:  -505.000000 | e:   1.000000 | Q:        nan | won: False 
#  234 | steps:  2459 | steps_t:     0 | t: 0.834343 | r:  -507.000000 | e:   1.000000 | Q:        nan | won: False 
#  235 | steps:  2467 | steps_t:     0 | t: 0.839325 | r:  -507.000000 | e:   1.000000 | Q:        nan | won: False 
#  236 | steps:  2475 | steps_t:     0 | t: 0.841361 | r:  -507.000000 | e:   1.000000 | Q:        nan | won: False 
#  237 | steps:  2494 | steps_t:     0 | t: 0.846544 | r:  -518.000000 | e:   1.000000 | Q:        nan | won: False 
#  238 | steps:  2505 | steps_t:     0 | t: 0.850509 | r:  -510.000000 | e:   1.000000 | Q:        nan | won: False 
#  239 | steps:  2514 | steps_t:     0 | t: 0.852498 | r:  -508.000000 | e:   1.000000 | Q:        nan | won: False 
#  240 | steps:  2540 | steps_t:     0 | t: 0.860478 | r:  -514.000000 | e:   1.000000 | Q:        nan | won: False 
#  241 | steps:  2553 | steps_t:     0 | t: 0.863461 | r:  -512.000000 | e:   1.000000 | Q:        nan | won: False 
#  242 | steps:  2561 | steps_t:     0 | t: 0.866467 | r:  -507.000000 | e:   1.000000 | Q:        nan | won: False 
#  243 | steps:  2571 | steps_t:     0 | t: 0.869463 | r:  -509.000000 | e:   1.000000 | Q:        nan | won: False 
#  244 | steps:  2579 | steps_t:     0 | t: 0.872459 | r:  -507.000000 | e:   1.000000 | Q:        nan | won: False 
#  245 | steps:  2601 | steps_t:     0 | t: 0.878364 | r:  -521.000000 | e:   1.000000 | Q:        nan | won: False 
#  246 | steps:  2606 | steps_t:     0 | t: 0.880426 | r:  -504.000000 | e:   1.000000 | Q:        nan | won: False 
#  247 | steps:  2617 | steps_t:     0 | t: 0.883347 | r:  -510.000000 | e:   1.000000 | Q:        nan | won: False 
#  248 | steps:  2627 | steps_t:     0 | t: 0.886482 | r:  -509.000000 | e:   1.000000 | Q:        nan | won: False 
#  249 | steps:  2634 | steps_t:     0 | t: 0.889467 | r:  -506.000000 | e:   1.000000 | Q:        nan | won: False 
#  250 | steps:  2641 | steps_t:     0 | t: 0.892461 | r:  -506.000000 | e:   1.000000 | Q:        nan | won: False 
#  251 | steps:  2653 | steps_t:     0 | t: 0.895451 | r:  -511.000000 | e:   1.000000 | Q:        nan | won: False 
#  252 | steps:  2664 | steps_t:     0 | t: 0.898449 | r:  -510.000000 | e:   1.000000 | Q:        nan | won: False 
#  253 | steps:  2670 | steps_t:     0 | t: 0.900431 | r:  -505.000000 | e:   1.000000 | Q:        nan | won: False 
#  254 | steps:  2691 | steps_t:     0 | t: 0.907343 | r:  -520.000000 | e:   1.000000 | Q:        nan | won: False 
#  255 | steps:  2698 | steps_t:     0 | t: 0.909336 | r:  -506.000000 | e:   1.000000 | Q:        nan | won: False 
#  256 | steps:  2710 | steps_t:     0 | t: 0.914320 | r:  -511.000000 | e:   1.000000 | Q:        nan | won: False 
#  257 | steps:  2718 | steps_t:     0 | t: 0.917377 | r:  -507.000000 | e:   1.000000 | Q:        nan | won: False 
#  258 | steps:  2732 | steps_t:     0 | t: 0.921362 | r:  -513.000000 | e:   1.000000 | Q:        nan | won: False 
#  259 | steps:  2740 | steps_t:     0 | t: 0.924355 | r:  -507.000000 | e:   1.000000 | Q:        nan | won: False 
#  260 | steps:  2750 | steps_t:     0 | t: 0.927438 | r:  -509.000000 | e:   1.000000 | Q:        nan | won: False 
#  261 | steps:  2764 | steps_t:     0 | t: 0.931443 | r:  -513.000000 | e:   1.000000 | Q:        nan | won: False 
#  262 | steps:  2772 | steps_t:     0 | t: 0.934418 | r:  -507.000000 | e:   1.000000 | Q:        nan | won: False 
#  263 | steps:  2779 | steps_t:     0 | t: 0.936417 | r:  -506.000000 | e:   1.000000 | Q:        nan | won: False 
#  264 | steps:  2790 | steps_t:     0 | t: 0.939377 | r:  -510.000000 | e:   1.000000 | Q:        nan | won: False 
#  265 | steps:  2804 | steps_t:     0 | t: 0.944391 | r:  -513.000000 | e:   1.000000 | Q:        nan | won: False 
#  266 | steps:  2814 | steps_t:     0 | t: 0.947377 | r:  -509.000000 | e:   1.000000 | Q:        nan | won: False 
#  267 | steps:  2820 | steps_t:     0 | t: 0.949368 | r:  -505.000000 | e:   1.000000 | Q:        nan | won: False 
#  268 | steps:  2844 | steps_t:     0 | t: 0.955332 | r:  -523.000000 | e:   1.000000 | Q:        nan | won: False 
#  269 | steps:  2853 | steps_t:     0 | t: 0.959315 | r:  -508.000000 | e:   1.000000 | Q:        nan | won: False 
#  270 | steps:  2866 | steps_t:     0 | t: 0.962304 | r:  -512.000000 | e:   1.000000 | Q:        nan | won: False 
#  271 | steps:  2876 | steps_t:     0 | t: 0.965291 | r:  -509.000000 | e:   1.000000 | Q:        nan | won: False 
#  272 | steps:  2882 | steps_t:     0 | t: 0.967286 | r:  -505.000000 | e:   1.000000 | Q:        nan | won: False 
#  273 | steps:  2888 | steps_t:     0 | t: 0.969286 | r:  -505.000000 | e:   1.000000 | Q:        nan | won: False 
#  274 | steps:  2901 | steps_t:     0 | t: 0.973372 | r:  -512.000000 | e:   1.000000 | Q:        nan | won: False 
#  275 | steps:  2910 | steps_t:     0 | t: 0.976416 | r:  -508.000000 | e:   1.000000 | Q:        nan | won: False 
#  276 | steps:  2924 | steps_t:     0 | t: 0.980400 | r:  -502.000000 | e:   1.000000 | Q:        nan | won: False 
#  277 | steps:  2931 | steps_t:     0 | t: 0.982389 | r:  -506.000000 | e:   1.000000 | Q:        nan | won: False 
#  278 | steps:  2937 | steps_t:     0 | t: 0.984385 | r:  -505.000000 | e:   1.000000 | Q:        nan | won: False 
#  279 | steps:  2960 | steps_t:     0 | t: 0.991359 | r:  -522.000000 | e:   1.000000 | Q:        nan | won: False 
#  280 | steps:  2968 | steps_t:     0 | t: 0.993359 | r:  -507.000000 | e:   1.000000 | Q:        nan | won: False 
#  281 | steps:  2982 | steps_t:     0 | t: 0.997346 | r:  -513.000000 | e:   1.000000 | Q:        nan | won: False 
#  282 | steps:  2990 | steps_t:     0 | t: 0.999347 | r:  -507.000000 | e:   1.000000 | Q:        nan | won: False 
#  283 | steps:  3000 | steps_t:     0 | t: 1.002337 | r:  -509.000000 | e:   1.000000 | Q:        nan | won: False 
#  284 | steps:  3024 | steps_t:     0 | t: 1.009308 | r:  -523.000000 | e:   1.000000 | Q:        nan | won: False 
#  285 | steps:  3037 | steps_t:     0 | t: 1.013299 | r:  -512.000000 | e:   1.000000 | Q:        nan | won: False 
#  286 | steps:  3045 | steps_t:     0 | t: 1.015287 | r:  -507.000000 | e:   1.000000 | Q:        nan | won: False 
#  287 | steps:  3059 | steps_t:     0 | t: 1.019273 | r:  -502.000000 | e:   1.000000 | Q:        nan | won: False 
#  288 | steps:  3067 | steps_t:     0 | t: 1.022368 | r:  -507.000000 | e:   1.000000 | Q:        nan | won: False 
#  289 | steps:  3075 | steps_t:     0 | t: 1.025590 | r:  -507.000000 | e:   1.000000 | Q:        nan | won: False 
#  290 | steps:  3084 | steps_t:     0 | t: 1.028659 | r:  -508.000000 | e:   1.000000 | Q:        nan | won: False 
#  291 | steps:  3101 | steps_t:     0 | t: 1.033202 | r:  -516.000000 | e:   1.000000 | Q:        nan | won: False 
#  292 | steps:  3108 | steps_t:     0 | t: 1.035190 | r:  -506.000000 | e:   1.000000 | Q:        nan | won: False 
#  293 | steps:  3114 | steps_t:     0 | t: 1.036186 | r:  -505.000000 | e:   1.000000 | Q:        nan | won: False 
#  294 | steps:  3125 | steps_t:     0 | t: 1.040189 | r:  -510.000000 | e:   1.000000 | Q:        nan | won: False 
#  295 | steps:  3136 | steps_t:     0 | t: 1.044323 | r:  -510.000000 | e:   1.000000 | Q:        nan | won: False 
#  296 | steps:  3147 | steps_t:     0 | t: 1.047318 | r:  -510.000000 | e:   1.000000 | Q:        nan | won: False 
#  297 | steps:  3162 | steps_t:     0 | t: 1.050301 | r:  -514.000000 | e:   1.000000 | Q:        nan | won: False 
#  298 | steps:  3174 | steps_t:     0 | t: 1.054283 | r:  -511.000000 | e:   1.000000 | Q:        nan | won: False 
#  299 | steps:  3184 | steps_t:     0 | t: 1.057298 | r:  -509.000000 | e:   1.000000 | Q:        nan | won: False 
#  300 | steps:  3191 | steps_t:     0 | t: 1.059618 | r:  -506.000000 | e:   1.000000 | Q:        nan | won: False 
#  301 | steps:  3204 | steps_t:     0 | t: 1.063901 | r:  -512.000000 | e:   1.000000 | Q:        nan | won: False 
#  302 | steps:  3223 | steps_t:     0 | t: 1.068890 | r:  -518.000000 | e:   1.000000 | Q:        nan | won: False 
#  303 | steps:  3232 | steps_t:     0 | t: 1.072897 | r:  -508.000000 | e:   1.000000 | Q:        nan | won: False 
#  304 | steps:  3243 | steps_t:     0 | t: 1.075850 | r:  -510.000000 | e:   1.000000 | Q:        nan | won: False 
#  305 | steps:  3248 | steps_t:     0 | t: 1.077845 | r:  -504.000000 | e:   1.000000 | Q:        nan | won: False 
#  306 | steps:  3258 | steps_t:     0 | t: 1.080842 | r:  -509.000000 | e:   1.000000 | Q:        nan | won: False 
#  307 | steps:  3269 | steps_t:     0 | t: 1.083833 | r:  -510.000000 | e:   1.000000 | Q:        nan | won: False 
#  308 | steps:  3276 | steps_t:     0 | t: 1.085827 | r:  -506.000000 | e:   1.000000 | Q:        nan | won: False 
#  309 | steps:  3284 | steps_t:     0 | t: 1.088806 | r:  -507.000000 | e:   1.000000 | Q:        nan | won: False 
#  310 | steps:  3290 | steps_t:     0 | t: 1.090798 | r:  -505.000000 | e:   1.000000 | Q:        nan | won: False 
#  311 | steps:  3300 | steps_t:     0 | t: 1.093789 | r:  -509.000000 | e:   1.000000 | Q:        nan | won: False 
#  312 | steps:  3314 | steps_t:     0 | t: 1.097787 | r:  -513.000000 | e:   1.000000 | Q:        nan | won: False 
#  313 | steps:  3325 | steps_t:     0 | t: 1.100785 | r:  -510.000000 | e:   1.000000 | Q:        nan | won: False 
#  314 | steps:  3332 | steps_t:     0 | t: 1.103760 | r:  -506.000000 | e:   1.000000 | Q:        nan | won: False 
#  315 | steps:  3340 | steps_t:     0 | t: 1.106775 | r:  -507.000000 | e:   1.000000 | Q:        nan | won: False 
#  316 | steps:  3356 | steps_t:     0 | t: 1.111753 | r:  -515.000000 | e:   1.000000 | Q:        nan | won: False 
#  317 | steps:  3369 | steps_t:     0 | t: 1.114750 | r:  -512.000000 | e:   1.000000 | Q:        nan | won: False 
#  318 | steps:  3376 | steps_t:     0 | t: 1.116868 | r:  -506.000000 | e:   1.000000 | Q:        nan | won: False 
#  319 | steps:  3384 | steps_t:     0 | t: 1.119986 | r:  -507.000000 | e:   1.000000 | Q:        nan | won: False 
#  320 | steps:  3401 | steps_t:     0 | t: 1.124959 | r:  -505.000000 | e:   1.000000 | Q:        nan | won: False 
#  321 | steps:  3413 | steps_t:     0 | t: 1.127956 | r:  -511.000000 | e:   1.000000 | Q:        nan | won: False 
#  322 | steps:  3429 | steps_t:     0 | t: 1.133945 | r:  -515.000000 | e:   1.000000 | Q:        nan | won: False 
#  323 | steps:  3440 | steps_t:     0 | t: 1.137930 | r:  -510.000000 | e:   1.000000 | Q:        nan | won: False 
#  324 | steps:  3448 | steps_t:     0 | t: 1.140923 | r:  -507.000000 | e:   1.000000 | Q:        nan | won: False 
#  325 | steps:  3457 | steps_t:     0 | t: 1.142900 | r:  -508.000000 | e:   1.000000 | Q:        nan | won: False 
#  326 | steps:  3474 | steps_t:     0 | t: 1.147881 | r:  -516.000000 | e:   1.000000 | Q:        nan | won: False 
#  327 | steps:  3492 | steps_t:     0 | t: 1.151874 | r:  -517.000000 | e:   1.000000 | Q:        nan | won: False 
#  328 | steps:  3499 | steps_t:     0 | t: 1.154825 | r:  -506.000000 | e:   1.000000 | Q:        nan | won: False 
#  329 | steps:  3506 | steps_t:     0 | t: 1.157865 | r:  -506.000000 | e:   1.000000 | Q:        nan | won: False 
#  330 | steps:  3519 | steps_t:     0 | t: 1.160839 | r:  -512.000000 | e:   1.000000 | Q:        nan | won: False 
#  331 | steps:  3532 | steps_t:     0 | t: 1.164839 | r:  -512.000000 | e:   1.000000 | Q:        nan | won: False 
#  332 | steps:  3539 | steps_t:     0 | t: 1.167822 | r:  -506.000000 | e:   1.000000 | Q:        nan | won: False 
#  333 | steps:  3547 | steps_t:     0 | t: 1.169807 | r:  -507.000000 | e:   1.000000 | Q:        nan | won: False 
#  334 | steps:  3555 | steps_t:     0 | t: 1.172796 | r:  -507.000000 | e:   1.000000 | Q:        nan | won: False 
#  335 | steps:  3566 | steps_t:     0 | t: 1.175783 | r:  -510.000000 | e:   1.000000 | Q:        nan | won: False 
#  336 | steps:  3577 | steps_t:     0 | t: 1.178775 | r:  -510.000000 | e:   1.000000 | Q:        nan | won: False 
#  337 | steps:  3584 | steps_t:     0 | t: 1.180780 | r:  -506.000000 | e:   1.000000 | Q:        nan | won: False 
#  338 | steps:  3592 | steps_t:     0 | t: 1.182760 | r:  -507.000000 | e:   1.000000 | Q:        nan | won: False 
#  339 | steps:  3602 | steps_t:     0 | t: 1.185760 | r:  -509.000000 | e:   1.000000 | Q:        nan | won: False 
#  340 | steps:  3616 | steps_t:     0 | t: 1.189780 | r:  -513.000000 | e:   1.000000 | Q:        nan | won: False 
#  341 | steps:  3622 | steps_t:     0 | t: 1.191728 | r:  -505.000000 | e:   1.000000 | Q:        nan | won: False 
#  342 | steps:  3631 | steps_t:     0 | t: 1.194726 | r:  -508.000000 | e:   1.000000 | Q:        nan | won: False 
#  343 | steps:  3647 | steps_t:     0 | t: 1.198707 | r:  -515.000000 | e:   1.000000 | Q:        nan | won: False 
#  344 | steps:  3655 | steps_t:     0 | t: 1.201708 | r:  -507.000000 | e:   1.000000 | Q:        nan | won: False 
#  345 | steps:  3662 | steps_t:     0 | t: 1.203696 | r:  -506.000000 | e:   1.000000 | Q:        nan | won: False 
#  346 | steps:  3672 | steps_t:     0 | t: 1.206680 | r:  -509.000000 | e:   1.000000 | Q:        nan | won: False 
#  347 | steps:  3680 | steps_t:     0 | t: 1.208671 | r:  -507.000000 | e:   1.000000 | Q:        nan | won: False 
#  348 | steps:  3691 | steps_t:     0 | t: 1.212619 | r:  -510.000000 | e:   1.000000 | Q:        nan | won: False 
#  349 | steps:  3705 | steps_t:     0 | t: 1.216675 | r:  -513.000000 | e:   1.000000 | Q:        nan | won: False 
#  350 | steps:  3714 | steps_t:     0 | t: 1.219661 | r:  -508.000000 | e:   1.000000 | Q:        nan | won: False 
#  351 | steps:  3723 | steps_t:     0 | t: 1.222625 | r:  -508.000000 | e:   1.000000 | Q:        nan | won: False 
#  352 | steps:  3729 | steps_t:     0 | t: 1.224636 | r:  -505.000000 | e:   1.000000 | Q:        nan | won: False 
#  353 | steps:  3737 | steps_t:     0 | t: 1.227567 | r:  -507.000000 | e:   1.000000 | Q:        nan | won: False 
#  354 | steps:  3751 | steps_t:     0 | t: 1.230611 | r:  -513.000000 | e:   1.000000 | Q:        nan | won: False 
#  355 | steps:  3761 | steps_t:     0 | t: 1.233607 | r:  -509.000000 | e:   1.000000 | Q:        nan | won: False 
#  356 | steps:  3769 | steps_t:     0 | t: 1.235586 | r:  -507.000000 | e:   1.000000 | Q:        nan | won: False 
#  357 | steps:  3780 | steps_t:     0 | t: 1.239580 | r:  -510.000000 | e:   1.000000 | Q:        nan | won: False 
#  358 | steps:  3789 | steps_t:     0 | t: 1.242573 | r:  -508.000000 | e:   1.000000 | Q:        nan | won: False 
#  359 | steps:  3798 | steps_t:     0 | t: 1.245556 | r:  -508.000000 | e:   1.000000 | Q:        nan | won: False 
#  360 | steps:  3809 | steps_t:     0 | t: 1.248568 | r:  -510.000000 | e:   1.000000 | Q:        nan | won: False 
#  361 | steps:  3820 | steps_t:     0 | t: 1.251558 | r:  -510.000000 | e:   1.000000 | Q:        nan | won: False 
#  362 | steps:  3827 | steps_t:     0 | t: 1.253552 | r:  -506.000000 | e:   1.000000 | Q:        nan | won: False 
#  363 | steps:  3839 | steps_t:     0 | t: 1.257514 | r:  -511.000000 | e:   1.000000 | Q:        nan | won: False 
#  364 | steps:  3848 | steps_t:     0 | t: 1.260501 | r:  -508.000000 | e:   1.000000 | Q:        nan | won: False 
#  365 | steps:  3859 | steps_t:     0 | t: 1.263507 | r:  -510.000000 | e:   1.000000 | Q:        nan | won: False 
#  366 | steps:  3879 | steps_t:     0 | t: 1.268479 | r:  -519.000000 | e:   1.000000 | Q:        nan | won: False 
#  367 | steps:  3890 | steps_t:     0 | t: 1.271425 | r:  -510.000000 | e:   1.000000 | Q:        nan | won: False 
#  368 | steps:  3900 | steps_t:     0 | t: 1.274457 | r:  -509.000000 | e:   1.000000 | Q:        nan | won: False 
#  369 | steps:  3912 | steps_t:     0 | t: 1.278479 | r:  -511.000000 | e:   1.000000 | Q:        nan | won: False 
#  370 | steps:  3922 | steps_t:     0 | t: 1.281453 | r:  -509.000000 | e:   1.000000 | Q:        nan | won: False 
#  371 | steps:  3932 | steps_t:     0 | t: 1.284450 | r:  -509.000000 | e:   1.000000 | Q:        nan | won: False 
#  372 | steps:  3943 | steps_t:     0 | t: 1.287440 | r:  -510.000000 | e:   1.000000 | Q:        nan | won: False 
#  373 | steps:  3957 | steps_t:     0 | t: 1.292414 | r:  -513.000000 | e:   1.000000 | Q:        nan | won: False 
#  374 | steps:  3970 | steps_t:     0 | t: 1.296383 | r:  -512.000000 | e:   1.000000 | Q:        nan | won: False 
#  375 | steps:  3982 | steps_t:     0 | t: 1.299394 | r:  -511.000000 | e:   1.000000 | Q:        nan | won: False 
#  376 | steps:  3988 | steps_t:     0 | t: 1.301369 | r:  -505.000000 | e:   1.000000 | Q:        nan | won: False 
#  377 | steps:  4007 | steps_t:     0 | t: 1.306366 | r:  -507.000000 | e:   1.000000 | Q:        nan | won: False 
#  378 | steps:  4018 | steps_t:     0 | t: 1.310359 | r:  -510.000000 | e:   1.000000 | Q:        nan | won: False 
#  379 | steps:  4033 | steps_t:     0 | t: 1.314276 | r:  -514.000000 | e:   1.000000 | Q:        nan | won: False 
#  380 | steps:  4039 | steps_t:     0 | t: 1.317267 | r:  -505.000000 | e:   1.000000 | Q:        nan | won: False 
#  381 | steps:  4046 | steps_t:     0 | t: 1.319260 | r:  -506.000000 | e:   1.000000 | Q:        nan | won: False 
#  382 | steps:  4061 | steps_t:     0 | t: 1.324421 | r:  -514.000000 | e:   1.000000 | Q:        nan | won: False 
#  383 | steps:  4071 | steps_t:     0 | t: 1.327410 | r:  -509.000000 | e:   1.000000 | Q:        nan | won: False 
#  384 | steps:  4087 | steps_t:     0 | t: 1.331397 | r:  -515.000000 | e:   1.000000 | Q:        nan | won: False 
#  385 | steps:  4109 | steps_t:     0 | t: 1.337443 | r:  -521.000000 | e:   1.000000 | Q:        nan | won: False 
#  386 | steps:  4114 | steps_t:     0 | t: 1.339369 | r:  -504.000000 | e:   1.000000 | Q:        nan | won: False 
#  387 | steps:  4126 | steps_t:     0 | t: 1.343357 | r:  -511.000000 | e:   1.000000 | Q:        nan | won: False 
#  388 | steps:  4139 | steps_t:     0 | t: 1.347342 | r:  -512.000000 | e:   1.000000 | Q:        nan | won: False 
#  389 | steps:  4149 | steps_t:     0 | t: 1.349335 | r:  -509.000000 | e:   1.000000 | Q:        nan | won: False 
#  390 | steps:  4156 | steps_t:     0 | t: 1.352452 | r:  -506.000000 | e:   1.000000 | Q:        nan | won: False 
#  391 | steps:  4166 | steps_t:     0 | t: 1.356537 | r:  -509.000000 | e:   1.000000 | Q:        nan | won: False 
#  392 | steps:  4174 | steps_t:     0 | t: 1.359520 | r:  -507.000000 | e:   1.000000 | Q:        nan | won: False 
#  393 | steps:  4182 | steps_t:     0 | t: 1.361508 | r:  -507.000000 | e:   1.000000 | Q:        nan | won: False 
#  394 | steps:  4193 | steps_t:     0 | t: 1.364498 | r:  -510.000000 | e:   1.000000 | Q:        nan | won: False 
#  395 | steps:  4199 | steps_t:     0 | t: 1.366492 | r:  -505.000000 | e:   1.000000 | Q:        nan | won: False 
#  396 | steps:  4209 | steps_t:     0 | t: 1.369489 | r:  -509.000000 | e:   1.000000 | Q:        nan | won: False 
#  397 | steps:  4218 | steps_t:     0 | t: 1.372429 | r:  -508.000000 | e:   1.000000 | Q:        nan | won: False 
#  398 | steps:  4240 | steps_t:     0 | t: 1.378456 | r:  -521.000000 | e:   1.000000 | Q:        nan | won: False 
#  399 | steps:  4248 | steps_t:     0 | t: 1.380457 | r:  -507.000000 | e:   1.000000 | Q:        nan | won: False 
#  400 | steps:  4261 | steps_t:     0 | t: 1.384387 | r:  -512.000000 | e:   1.000000 | Q:        nan | won: False 
#  401 | steps:  4270 | steps_t:     0 | t: 1.387440 | r:  -508.000000 | e:   1.000000 | Q:        nan | won: False 
#  402 | steps:  4281 | steps_t:     0 | t: 1.391423 | r:  -510.000000 | e:   1.000000 | Q:        nan | won: False 
#  403 | steps:  4294 | steps_t:     0 | t: 1.394403 | r:  -512.000000 | e:   1.000000 | Q:        nan | won: False 
#  404 | steps:  4303 | steps_t:     0 | t: 1.397390 | r:  -508.000000 | e:   1.000000 | Q:        nan | won: False 
#  405 | steps:  4311 | steps_t:     0 | t: 1.399380 | r:  -507.000000 | e:   1.000000 | Q:        nan | won: False 
#  406 | steps:  4318 | steps_t:     0 | t: 1.402369 | r:  -506.000000 | e:   1.000000 | Q:        nan | won: False 
#  407 | steps:  4330 | steps_t:     0 | t: 1.405319 | r:  -511.000000 | e:   1.000000 | Q:        nan | won: False 
#  408 | steps:  4345 | steps_t:     0 | t: 1.409348 | r:  -492.000000 | e:   1.000000 | Q:        nan | won: False 
#  409 | steps:  4363 | steps_t:     0 | t: 1.414346 | r:  -517.000000 | e:   1.000000 | Q:        nan | won: False 
#  410 | steps:  4373 | steps_t:     0 | t: 1.417276 | r:  -509.000000 | e:   1.000000 | Q:        nan | won: False 
#  411 | steps:  4385 | steps_t:     0 | t: 1.420323 | r:  -511.000000 | e:   1.000000 | Q:        nan | won: False 
#  412 | steps:  4391 | steps_t:     0 | t: 1.423306 | r:  -505.000000 | e:   1.000000 | Q:        nan | won: False 
#  413 | steps:  4403 | steps_t:     0 | t: 1.426293 | r:  -511.000000 | e:   1.000000 | Q:        nan | won: False 
#  414 | steps:  4413 | steps_t:     0 | t: 1.429285 | r:  -509.000000 | e:   1.000000 | Q:        nan | won: False 
#  415 | steps:  4420 | steps_t:     0 | t: 1.431271 | r:  -506.000000 | e:   1.000000 | Q:        nan | won: False 
#  416 | steps:  4427 | steps_t:     0 | t: 1.434284 | r:  -506.000000 | e:   1.000000 | Q:        nan | won: False 
#  417 | steps:  4441 | steps_t:     0 | t: 1.438208 | r:  -513.000000 | e:   1.000000 | Q:        nan | won: False 
#  418 | steps:  4449 | steps_t:     0 | t: 1.441260 | r:  -507.000000 | e:   1.000000 | Q:        nan | won: False 
#  419 | steps:  4460 | steps_t:     0 | t: 1.444250 | r:  -510.000000 | e:   1.000000 | Q:        nan | won: False 
#  420 | steps:  4467 | steps_t:     0 | t: 1.446225 | r:  -506.000000 | e:   1.000000 | Q:        nan | won: False 
#  421 | steps:  4476 | steps_t:     0 | t: 1.449241 | r:  -508.000000 | e:   1.000000 | Q:        nan | won: False 
#  422 | steps:  4485 | steps_t:     0 | t: 1.452205 | r:  -508.000000 | e:   1.000000 | Q:        nan | won: False 
#  423 | steps:  4506 | steps_t:     0 | t: 1.458194 | r:  -520.000000 | e:   1.000000 | Q:        nan | won: False 
#  424 | steps:  4515 | steps_t:     0 | t: 1.460181 | r:  -508.000000 | e:   1.000000 | Q:        nan | won: False 
#  425 | steps:  4523 | steps_t:     0 | t: 1.463170 | r:  -507.000000 | e:   1.000000 | Q:        nan | won: False 
#  426 | steps:  4530 | steps_t:     0 | t: 1.465178 | r:  -506.000000 | e:   1.000000 | Q:        nan | won: False 
#  427 | steps:  4541 | steps_t:     0 | t: 1.468148 | r:  -510.000000 | e:   1.000000 | Q:        nan | won: False 
#  428 | steps:  4547 | steps_t:     0 | t: 1.470142 | r:  -505.000000 | e:   1.000000 | Q:        nan | won: False 
#  429 | steps:  4555 | steps_t:     0 | t: 1.473133 | r:  -507.000000 | e:   1.000000 | Q:        nan | won: False 
#  430 | steps:  4564 | steps_t:     0 | t: 1.476123 | r:  -508.000000 | e:   1.000000 | Q:        nan | won: False 
#  431 | steps:  4574 | steps_t:     0 | t: 1.479119 | r:  -509.000000 | e:   1.000000 | Q:        nan | won: False 
#  432 | steps:  4588 | steps_t:     0 | t: 1.483056 | r:  -513.000000 | e:   1.000000 | Q:        nan | won: False 
#  433 | steps:  4595 | steps_t:     0 | t: 1.486046 | r:  -506.000000 | e:   1.000000 | Q:        nan | won: False 
#  434 | steps:  4610 | steps_t:     0 | t: 1.490033 | r:  -514.000000 | e:   1.000000 | Q:        nan | won: False 
#  435 | steps:  4617 | steps_t:     0 | t: 1.493023 | r:  -506.000000 | e:   1.000000 | Q:        nan | won: False 
#  436 | steps:  4625 | steps_t:     0 | t: 1.495016 | r:  -507.000000 | e:   1.000000 | Q:        nan | won: False 
#  437 | steps:  4631 | steps_t:     0 | t: 1.497010 | r:  -505.000000 | e:   1.000000 | Q:        nan | won: False 
#  438 | steps:  4639 | steps_t:     0 | t: 1.500000 | r:  -507.000000 | e:   1.000000 | Q:        nan | won: False 
#  439 | steps:  4652 | steps_t:     0 | t: 1.502990 | r:  -501.000000 | e:   1.000000 | Q:        nan | won: False 
#  440 | steps:  4661 | steps_t:     0 | t: 1.505980 | r:  -508.000000 | e:   1.000000 | Q:        nan | won: False 
#  441 | steps:  4673 | steps_t:     0 | t: 1.508969 | r:  -511.000000 | e:   1.000000 | Q:        nan | won: False 
#  442 | steps:  4688 | steps_t:     0 | t: 1.514018 | r:  -514.000000 | e:   1.000000 | Q:        nan | won: False 
#  443 | steps:  4694 | steps_t:     0 | t: 1.516005 | r:  -505.000000 | e:   1.000000 | Q:        nan | won: False 
#  444 | steps:  4709 | steps_t:     0 | t: 1.519991 | r:  -503.000000 | e:   1.000000 | Q:        nan | won: False 
#  445 | steps:  4723 | steps_t:     0 | t: 1.523966 | r:  -513.000000 | e:   1.000000 | Q:        nan | won: False 
#  446 | steps:  4736 | steps_t:     0 | t: 1.528212 | r:  -512.000000 | e:   1.000000 | Q:        nan | won: False 
#  447 | steps:  4750 | steps_t:     0 | t: 1.532197 | r:  -513.000000 | e:   1.000000 | Q:        nan | won: False 
#  448 | steps:  4761 | steps_t:     0 | t: 1.535186 | r:  -510.000000 | e:   1.000000 | Q:        nan | won: False 
#  449 | steps:  4775 | steps_t:     0 | t: 1.539174 | r:  -513.000000 | e:   1.000000 | Q:        nan | won: False 
#  450 | steps:  4788 | steps_t:     0 | t: 1.543229 | r:  -512.000000 | e:   1.000000 | Q:        nan | won: False 
#  451 | steps:  4796 | steps_t:     0 | t: 1.546203 | r:  -507.000000 | e:   1.000000 | Q:        nan | won: False 
#  452 | steps:  4808 | steps_t:     0 | t: 1.549193 | r:  -511.000000 | e:   1.000000 | Q:        nan | won: False 
#  453 | steps:  4822 | steps_t:     0 | t: 1.553179 | r:  -513.000000 | e:   1.000000 | Q:        nan | won: False 
#  454 | steps:  4842 | steps_t:     0 | t: 1.559160 | r:  -519.000000 | e:   1.000000 | Q:        nan | won: False 
#  455 | steps:  4849 | steps_t:     0 | t: 1.561141 | r:  -506.000000 | e:   1.000000 | Q:        nan | won: False 
#  456 | steps:  4874 | steps_t:     0 | t: 1.567127 | r:  -524.000000 | e:   1.000000 | Q:        nan | won: False 
#  457 | steps:  4883 | steps_t:     0 | t: 1.569116 | r:  -508.000000 | e:   1.000000 | Q:        nan | won: False 
#  458 | steps:  4891 | steps_t:     0 | t: 1.572370 | r:  -507.000000 | e:   1.000000 | Q:        nan | won: False 
#  459 | steps:  4900 | steps_t:     0 | t: 1.575357 | r:  -508.000000 | e:   1.000000 | Q:        nan | won: False 
#  460 | steps:  4908 | steps_t:     0 | t: 1.578467 | r:  -507.000000 | e:   1.000000 | Q:        nan | won: False 
#  461 | steps:  4914 | steps_t:     0 | t: 1.580467 | r:  -505.000000 | e:   1.000000 | Q:        nan | won: False 
#  462 | steps:  4926 | steps_t:     0 | t: 1.583451 | r:  -511.000000 | e:   1.000000 | Q:        nan | won: False 
#  463 | steps:  4938 | steps_t:     0 | t: 1.587606 | r:  -511.000000 | e:   1.000000 | Q:        nan | won: False 
#  464 | steps:  4945 | steps_t:     0 | t: 1.590581 | r:  -506.000000 | e:   1.000000 | Q:        nan | won: False 
#  465 | steps:  4955 | steps_t:     0 | t: 1.593588 | r:  -509.000000 | e:   1.000000 | Q:        nan | won: False 
#  466 | steps:  4965 | steps_t:     0 | t: 1.596563 | r:  -509.000000 | e:   1.000000 | Q:        nan | won: False 
#  467 | steps:  4972 | steps_t:     0 | t: 1.598568 | r:  -506.000000 | e:   1.000000 | Q:        nan | won: False 
#  468 | steps:  4994 | steps_t:     0 | t: 1.605539 | r:  -521.000000 | e:   1.000000 | Q:        nan | won: False 
