#    1 | steps:     7 | steps_t:     0 | t: 0.017898 | r:  -506.000000 | e:   1.000000 | Q:        nan | won: False 
#    2 | steps:    13 | steps_t:     0 | t: 0.020952 | r:  -505.000000 | e:   1.000000 | Q:        nan | won: False 
#    3 | steps:    20 | steps_t:     0 | t: 0.023938 | r:  -506.000000 | e:   1.000000 | Q:        nan | won: False 
#    4 | steps:    32 | steps_t:     0 | t: 0.027931 | r:  -511.000000 | e:   1.000000 | Q:        nan | won: False 
#    5 | steps:    39 | steps_t:     0 | t: 0.030924 | r:  -506.000000 | e:   1.000000 | Q:        nan | won: False 
#    6 | steps:    50 | steps_t:     0 | t: 0.034839 | r:  -510.000000 | e:   1.000000 | Q:        nan | won: False 
#    7 | steps:    63 | steps_t:     0 | t: 0.038899 | r:  -512.000000 | e:   1.000000 | Q:        nan | won: False 
#    8 | steps:    87 | steps_t:     0 | t: 0.045849 | r:  -523.000000 | e:   1.000000 | Q:        nan | won: False 
#    9 | steps:    93 | steps_t:     0 | t: 0.047842 | r:  -505.000000 | e:   1.000000 | Q:        nan | won: False 
#   10 | steps:   106 | steps_t:     0 | t: 0.051843 | r:  -512.000000 | e:   1.000000 | Q:        nan | won: False 
#   11 | steps:   123 | steps_t:     0 | t: 0.057810 | r:  -505.000000 | e:   1.000000 | Q:        nan | won: False 
#   12 | steps:   153 | steps_t:     0 | t: 0.067735 | r:  -529.000000 | e:   1.000000 | Q:        nan | won: False 
#   13 | steps:   165 | steps_t:     0 | t: 0.070794 | r:  -511.000000 | e:   1.000000 | Q:        nan | won: False 
#   14 | steps:   172 | steps_t:     0 | t: 0.073764 | r:  -506.000000 | e:   1.000000 | Q:        nan | won: False 
#   15 | steps:   181 | steps_t:     0 | t: 0.076756 | r:  -508.000000 | e:   1.000000 | Q:        nan | won: False 
#   16 | steps:   190 | steps_t:     0 | t: 0.079733 | r:  -508.000000 | e:   1.000000 | Q:        nan | won: False 
#   17 | steps:   211 | steps_t:     0 | t: 0.085715 | r:  -520.000000 | e:   1.000000 | Q:        nan | won: False 
#   18 | steps:   228 | steps_t:     0 | t: 0.090738 | r:  -516.000000 | e:   1.000000 | Q:        nan | won: False 
#   19 | steps:   237 | steps_t:     0 | t: 0.092704 | r:  -508.000000 | e:   1.000000 | Q:        nan | won: False 
#   20 | steps:   244 | steps_t:     0 | t: 0.095684 | r:  -506.000000 | e:   1.000000 | Q:        nan | won: False 
#   21 | steps:   255 | steps_t:     0 | t: 0.099863 | r:  -510.000000 | e:   1.000000 | Q:        nan | won: False 
#   22 | steps:   273 | steps_t:     0 | t: 0.104903 | r:  -517.000000 | e:   1.000000 | Q:        nan | won: False 
#   23 | steps:   284 | steps_t:     0 | t: 0.107884 | r:  -510.000000 | e:   1.000000 | Q:        nan | won: False 
#   24 | steps:   302 | steps_t:     0 | t: 0.112866 | r:  -517.000000 | e:   1.000000 | Q:        nan | won: False 
#   25 | steps:   315 | steps_t:     0 | t: 0.116809 | r:  -512.000000 | e:   1.000000 | Q:        nan | won: False 
#   26 | steps:   323 | steps_t:     0 | t: 0.119861 | r:  -507.000000 | e:   1.000000 | Q:        nan | won: False 
#   27 | steps:   336 | steps_t:     0 | t: 0.123849 | r:  -512.000000 | e:   1.000000 | Q:        nan | won: False 
#   28 | steps:   344 | steps_t:     0 | t: 0.125839 | r:  -507.000000 | e:   1.000000 | Q:        nan | won: False 
#   29 | steps:   354 | steps_t:     0 | t: 0.129829 | r:  -509.000000 | e:   1.000000 | Q:        nan | won: False 
#   30 | steps:   367 | steps_t:     0 | t: 0.134889 | r:  -512.000000 | e:   1.000000 | Q:        nan | won: False 
#   31 | steps:   377 | steps_t:     0 | t: 0.137896 | r:  -509.000000 | e:   1.000000 | Q:        nan | won: False 
#   32 | steps:   383 | steps_t:     0 | t: 0.140830 | r:  -505.000000 | e:   1.000000 | Q:        nan | won: False 
#   33 | steps:   396 | steps_t:     0 | t: 0.144875 | r:  -512.000000 | e:   1.000000 | Q:        nan | won: False 
#   34 | steps:   403 | steps_t:     0 | t: 0.147813 | r:  -506.000000 | e:   1.000000 | Q:        nan | won: False 
#   35 | steps:   416 | steps_t:     0 | t: 0.151809 | r:  -512.000000 | e:   1.000000 | Q:        nan | won: False 
#   36 | steps:   432 | steps_t:     0 | t: 0.156846 | r:  -504.000000 | e:   1.000000 | Q:        nan | won: False 
#   37 | steps:   441 | steps_t:     0 | t: 0.158843 | r:  -508.000000 | e:   1.000000 | Q:        nan | won: False 
#   38 | steps:   453 | steps_t:     0 | t: 0.162756 | r:  -511.000000 | e:   1.000000 | Q:        nan | won: False 
#   39 | steps:   462 | steps_t:     0 | t: 0.165817 | r:  -508.000000 | e:   1.000000 | Q:        nan | won: False 
#   40 | steps:   483 | steps_t:     0 | t: 0.171796 | r:  -520.000000 | e:   1.000000 | Q:        nan | won: False 
#   41 | steps:   490 | steps_t:     0 | t: 0.174788 | r:  -506.000000 | e:   1.000000 | Q:        nan | won: False 
#   42 | steps:   511 | steps_t:     0 | t: 0.180573 | r:  -520.000000 | e:   1.000000 | Q:        nan | won: False 
#   43 | steps:   521 | steps_t:     0 | t: 0.184737 | r:  -509.000000 | e:   1.000000 | Q:        nan | won: False 
#   44 | steps:   528 | steps_t:     0 | t: 0.186774 | r:  -506.000000 | e:   1.000000 | Q:        nan | won: False 
#   45 | steps:   535 | steps_t:     0 | t: 0.189771 | r:  -506.000000 | e:   1.000000 | Q:        nan | won: False 
#   46 | steps:   555 | steps_t:     0 | t: 0.194747 | r:  -519.000000 | e:   1.000000 | Q:        nan | won: False 
#   47 | steps:   562 | steps_t:     0 | t: 0.196737 | r:  -506.000000 | e:   1.000000 | Q:        nan | won: False 
#   48 | steps:   569 | steps_t:     0 | t: 0.199743 | r:  -506.000000 | e:   1.000000 | Q:        nan | won: False 
#   49 | steps:   583 | steps_t:     0 | t: 0.203741 | r:  -513.000000 | e:   1.000000 | Q:        nan | won: False 
#   50 | steps:   591 | steps_t:     0 | t: 0.206736 | r:  -507.000000 | e:   1.000000 | Q:        nan | won: False 
#   51 | steps:   601 | steps_t:     0 | t: 0.209723 | r:  -509.000000 | e:   1.000000 | Q:        nan | won: False 
#   52 | steps:   613 | steps_t:     0 | t: 0.212716 | r:  -511.000000 | e:   1.000000 | Q:        nan | won: False 
#   53 | steps:   621 | steps_t:     0 | t: 0.215704 | r:  -507.000000 | e:   1.000000 | Q:        nan | won: False 
#   54 | steps:   631 | steps_t:     0 | t: 0.218693 | r:  -509.000000 | e:   1.000000 | Q:        nan | won: False 
#   55 | steps:   644 | steps_t:     0 | t: 0.222610 | r:  -512.000000 | e:   1.000000 | Q:        nan | won: False 
#   56 | steps:   650 | steps_t:     0 | t: 0.225666 | r:  -505.000000 | e:   1.000000 | Q:        nan | won: False 
#   57 | steps:   660 | steps_t:     0 | t: 0.228667 | r:  -509.000000 | e:   1.000000 | Q:        nan | won: False 
#   58 | steps:   668 | steps_t:     0 | t: 0.230650 | r:  -507.000000 | e:   1.000000 | Q:        nan | won: False 
#   59 | steps:   679 | steps_t:     0 | t: 0.234627 | r:  -510.000000 | e:   1.000000 | Q:        nan | won: False 
#   60 | steps:   688 | steps_t:     0 | t: 0.237629 | r:  -508.000000 | e:   1.000000 | Q:        nan | won: False 
#   61 | steps:   697 | steps_t:     0 | t: 0.239623 | r:  -508.000000 | e:   1.000000 | Q:        nan | won: False 
#   62 | steps:   704 | steps_t:     0 | t: 0.242611 | r:  -506.000000 | e:   1.000000 | Q:        nan | won: False 
#   63 | steps:   721 | steps_t:     0 | t: 0.246603 | r:  -516.000000 | e:   1.000000 | Q:        nan | won: False 
#   64 | steps:   744 | steps_t:     0 | t: 0.253567 | r:  -522.000000 | e:   1.000000 | Q:        nan | won: False 
#   65 | steps:   751 | steps_t:     0 | t: 0.256562 | r:  -506.000000 | e:   1.000000 | Q:        nan | won: False 
#   66 | steps:   768 | steps_t:     0 | t: 0.260556 | r:  -516.000000 | e:   1.000000 | Q:        nan | won: False 
#   67 | steps:   777 | steps_t:     0 | t: 0.263544 | r:  -508.000000 | e:   1.000000 | Q:        nan | won: False 
#   68 | steps:   789 | steps_t:     0 | t: 0.267463 | r:  -511.000000 | e:   1.000000 | Q:        nan | won: False 
#   69 | steps:   803 | steps_t:     0 | t: 0.271444 | r:  -513.000000 | e:   1.000000 | Q:        nan | won: False 
#   70 | steps:   817 | steps_t:     0 | t: 0.275467 | r:  -513.000000 | e:   1.000000 | Q:        nan | won: False 
#   71 | steps:   828 | steps_t:     0 | t: 0.279494 | r:  -510.000000 | e:   1.000000 | Q:        nan | won: False 
#   72 | steps:   842 | steps_t:     0 | t: 0.283406 | r:  -513.000000 | e:   1.000000 | Q:        nan | won: False 
#   73 | steps:   849 | steps_t:     0 | t: 0.286431 | r:  -506.000000 | e:   1.000000 | Q:        nan | won: False 
#   74 | steps:   878 | steps_t:     0 | t: 0.293452 | r:  -517.000000 | e:   1.000000 | Q:        nan | won: False 
#   75 | steps:   885 | steps_t:     0 | t: 0.296427 | r:  -506.000000 | e:   1.000000 | Q:        nan | won: False 
#   76 | steps:   938 | steps_t:     0 | t: 0.309391 | r:  -541.000000 | e:   1.000000 | Q:        nan | won: False 
#   77 | steps:   948 | steps_t:     0 | t: 0.312373 | r:  -509.000000 | e:   1.000000 | Q:        nan | won: False 
#   78 | steps:   954 | steps_t:     0 | t: 0.314364 | r:  -505.000000 | e:   1.000000 | Q:        nan | won: False 
#   79 | steps:   962 | steps_t:     0 | t: 0.317293 | r:  -507.000000 | e:   1.000000 | Q:        nan | won: False 
#   80 | steps:   969 | steps_t:     0 | t: 0.320316 | r:  -506.000000 | e:   1.000000 | Q:        nan | won: False 
#   81 | steps:   994 | steps_t:     0 | t: 0.326314 | r:  -524.000000 | e:   1.000000 | Q:        nan | won: False 
#   82 | steps:   999 | steps_t:     0 | t: 0.328317 | r:  -504.000000 | e:   1.000000 | Q:        nan | won: False 
#   83 | steps:  1020 | steps_t:     0 | t: 0.334241 | r:  -520.000000 | e:   1.000000 | Q:        nan | won: False 
#   84 | steps:  1036 | steps_t:     0 | t: 0.338291 | r:  -515.000000 | e:   1.000000 | Q:        nan | won: False 
#   85 | steps:  1047 | steps_t:     0 | t: 0.342259 | r:  -510.000000 | e:   1.000000 | Q:        nan | won: False 
#   86 | steps:  1065 | steps_t:     0 | t: 0.346255 | r:  -517.000000 | e:   1.000000 | Q:        nan | won: False 
#   87 | steps:  1081 | steps_t:     0 | t: 0.351187 | r:  -515.000000 | e:   1.000000 | Q:        nan | won: False 
#   88 | steps:  1094 | steps_t:     0 | t: 0.355312 | r:  -512.000000 | e:   1.000000 | Q:        nan | won: False 
#   89 | steps:  1100 | steps_t:     0 | t: 0.357300 | r:  -505.000000 | e:   1.000000 | Q:        nan | won: False 
#   90 | steps:  1107 | steps_t:     0 | t: 0.359299 | r:  -506.000000 | e:   1.000000 | Q:        nan | won: False 
#   91 | steps:  1125 | steps_t:     0 | t: 0.363292 | r:  -517.000000 | e:   1.000000 | Q:        nan | won: False 
#   92 | steps:  1131 | steps_t:     0 | t: 0.365273 | r:  -505.000000 | e:   1.000000 | Q:        nan | won: False 
#   93 | steps:  1138 | steps_t:     0 | t: 0.368273 | r:  -506.000000 | e:   1.000000 | Q:        nan | won: False 
#   94 | steps:  1146 | steps_t:     0 | t: 0.371272 | r:  -507.000000 | e:   1.000000 | Q:        nan | won: False 
#   95 | steps:  1155 | steps_t:     0 | t: 0.373245 | r:  -508.000000 | e:   1.000000 | Q:        nan | won: False 
#   96 | steps:  1160 | steps_t:     0 | t: 0.375239 | r:  -504.000000 | e:   1.000000 | Q:        nan | won: False 
#   97 | steps:  1166 | steps_t:     0 | t: 0.377233 | r:  -505.000000 | e:   1.000000 | Q:        nan | won: False 
#   98 | steps:  1175 | steps_t:     0 | t: 0.379224 | r:  -508.000000 | e:   1.000000 | Q:        nan | won: False 
#   99 | steps:  1184 | steps_t:     0 | t: 0.382222 | r:  -508.000000 | e:   1.000000 | Q:        nan | won: False 
#  100 | steps:  1191 | steps_t:     0 | t: 0.386159 | r:  -506.000000 | e:   1.000000 | Q:        nan | won: False 
#  101 | steps:  1199 | steps_t:     0 | t: 1.481496 | r:  -507.000000 | e:   1.000000 | Q:        nan | won: False 
#  102 | steps:  1207 | steps_t:     0 | t: 3.712559 | r:  -507.000000 | e:   1.000000 | Q:        nan | won: False 
#  103 | steps:  1218 | steps_t:     0 | t: 6.294150 | r:  -510.000000 | e:   1.000000 | Q:        nan | won: False 
#  104 | steps:  1230 | steps_t:     0 | t: 9.007490 | r:  -511.000000 | e:   1.000000 | Q:        nan | won: False 
#  105 | steps:  1240 | steps_t:     0 | t: 11.358309 | r:  -509.000000 | e:   1.000000 | Q:        nan | won: False 
#  106 | steps:  1247 | steps_t:     0 | t: 13.295669 | r:  -506.000000 | e:   1.000000 | Q:        nan | won: False 
#  107 | steps:  1258 | steps_t:     0 | t: 15.785331 | r:  -510.000000 | e:   1.000000 | Q:        nan | won: False 
#  108 | steps:  1272 | steps_t:     0 | t: 18.761576 | r:  -513.000000 | e:   1.000000 | Q:        nan | won: False 
#  109 | steps:  1289 | steps_t:     0 | t: 22.140053 | r:  -516.000000 | e:   1.000000 | Q:        nan | won: False 
#  110 | steps:  1299 | steps_t:     0 | t: 24.497514 | r:  -509.000000 | e:   1.000000 | Q:        nan | won: False 
