#    1 | steps:     7 | steps_t:     0 | t: 0.016931 | r:  -506.000000 | e:   1.000000 | Q:        nan | won: False 
#    2 | steps:    24 | steps_t:     0 | t: 0.021914 | r:  -516.000000 | e:   1.000000 | Q:        nan | won: False 
#    3 | steps:    33 | steps_t:     0 | t: 0.024913 | r:  -508.000000 | e:   1.000000 | Q:        nan | won: False 
#    4 | steps:    42 | steps_t:     0 | t: 0.026910 | r:  -508.000000 | e:   1.000000 | Q:        nan | won: False 
#    5 | steps:    49 | steps_t:     0 | t: 0.028893 | r:  -506.000000 | e:   1.000000 | Q:        nan | won: False 
#    6 | steps:    68 | steps_t:     0 | t: 0.035824 | r:  -518.000000 | e:   1.000000 | Q:        nan | won: False 
#    7 | steps:    84 | steps_t:     0 | t: 0.039811 | r:  -515.000000 | e:   1.000000 | Q:        nan | won: False 
#    8 | steps:   101 | steps_t:     0 | t: 0.043798 | r:  -516.000000 | e:   1.000000 | Q:        nan | won: False 
#    9 | steps:   110 | steps_t:     0 | t: 0.046788 | r:  -508.000000 | e:   1.000000 | Q:        nan | won: False 
#   10 | steps:   121 | steps_t:     0 | t: 0.049778 | r:  -510.000000 | e:   1.000000 | Q:        nan | won: False 
#   11 | steps:   134 | steps_t:     0 | t: 0.054012 | r:  -512.000000 | e:   1.000000 | Q:        nan | won: False 
#   12 | steps:   142 | steps_t:     0 | t: 0.056005 | r:  -507.000000 | e:   1.000000 | Q:        nan | won: False 
#   13 | steps:   153 | steps_t:     0 | t: 0.058995 | r:  -510.000000 | e:   1.000000 | Q:        nan | won: False 
#   14 | steps:   165 | steps_t:     0 | t: 0.061985 | r:  -511.000000 | e:   1.000000 | Q:        nan | won: False 
#   15 | steps:   182 | steps_t:     0 | t: 0.066968 | r:  -505.000000 | e:   1.000000 | Q:        nan | won: False 
#   16 | steps:   191 | steps_t:     0 | t: 0.068975 | r:  -508.000000 | e:   1.000000 | Q:        nan | won: False 
#   17 | steps:   208 | steps_t:     0 | t: 0.073945 | r:  -516.000000 | e:   1.000000 | Q:        nan | won: False 
#   18 | steps:   221 | steps_t:     0 | t: 0.076935 | r:  -512.000000 | e:   1.000000 | Q:        nan | won: False 
#   19 | steps:   228 | steps_t:     0 | t: 0.078928 | r:  -506.000000 | e:   1.000000 | Q:        nan | won: False 
#   20 | steps:   236 | steps_t:     0 | t: 0.080921 | r:  -507.000000 | e:   1.000000 | Q:        nan | won: False 
#   21 | steps:   245 | steps_t:     0 | t: 0.083912 | r:  -508.000000 | e:   1.000000 | Q:        nan | won: False 
#   22 | steps:   258 | steps_t:     0 | t: 0.086902 | r:  -512.000000 | e:   1.000000 | Q:        nan | won: False 
#   23 | steps:   278 | steps_t:     0 | t: 0.091885 | r:  -519.000000 | e:   1.000000 | Q:        nan | won: False 
#   24 | steps:   283 | steps_t:     0 | t: 0.093878 | r:  -504.000000 | e:   1.000000 | Q:        nan | won: False 
#   25 | steps:   289 | steps_t:     0 | t: 0.094893 | r:  -505.000000 | e:   1.000000 | Q:        nan | won: False 
#   26 | steps:   297 | steps_t:     0 | t: 0.097865 | r:  -507.000000 | e:   1.000000 | Q:        nan | won: False 
#   27 | steps:   308 | steps_t:     0 | t: 0.100855 | r:  -510.000000 | e:   1.000000 | Q:        nan | won: False 
#   28 | steps:   318 | steps_t:     0 | t: 0.103845 | r:  -509.000000 | e:   1.000000 | Q:        nan | won: False 
#   29 | steps:   332 | steps_t:     0 | t: 0.106835 | r:  -513.000000 | e:   1.000000 | Q:        nan | won: False 
#   30 | steps:   339 | steps_t:     0 | t: 0.108828 | r:  -506.000000 | e:   1.000000 | Q:        nan | won: False 
#   31 | steps:   352 | steps_t:     0 | t: 0.111818 | r:  -512.000000 | e:   1.000000 | Q:        nan | won: False 
#   32 | steps:   361 | steps_t:     0 | t: 0.114808 | r:  -508.000000 | e:   1.000000 | Q:        nan | won: False 
#   33 | steps:   368 | steps_t:     0 | t: 0.116802 | r:  -506.000000 | e:   1.000000 | Q:        nan | won: False 
#   34 | steps:   378 | steps_t:     0 | t: 0.119792 | r:  -509.000000 | e:   1.000000 | Q:        nan | won: False 
#   35 | steps:   388 | steps_t:     0 | t: 0.121785 | r:  -509.000000 | e:   1.000000 | Q:        nan | won: False 
#   36 | steps:   401 | steps_t:     0 | t: 0.125771 | r:  -512.000000 | e:   1.000000 | Q:        nan | won: False 
#   37 | steps:   413 | steps_t:     0 | t: 0.128762 | r:  -511.000000 | e:   1.000000 | Q:        nan | won: False 
#   38 | steps:   423 | steps_t:     0 | t: 0.131752 | r:  -509.000000 | e:   1.000000 | Q:        nan | won: False 
#   39 | steps:   431 | steps_t:     0 | t: 0.133745 | r:  -507.000000 | e:   1.000000 | Q:        nan | won: False 
#   40 | steps:   452 | steps_t:     0 | t: 0.138728 | r:  -520.000000 | e:   1.000000 | Q:        nan | won: False 
#   41 | steps:   459 | steps_t:     0 | t: 0.140722 | r:  -506.000000 | e:   1.000000 | Q:        nan | won: False 
#   42 | steps:   482 | steps_t:     0 | t: 0.145705 | r:  -522.000000 | e:   1.000000 | Q:        nan | won: False 
#   43 | steps:   490 | steps_t:     0 | t: 0.148695 | r:  -507.000000 | e:   1.000000 | Q:        nan | won: False 
#   44 | steps:   500 | steps_t:     0 | t: 0.150689 | r:  -509.000000 | e:   1.000000 | Q:        nan | won: False 
#   45 | steps:   511 | steps_t:     0 | t: 0.153678 | r:  -510.000000 | e:   1.000000 | Q:        nan | won: False 
#   46 | steps:   521 | steps_t:     0 | t: 0.156668 | r:  -509.000000 | e:   1.000000 | Q:        nan | won: False 
#   47 | steps:   533 | steps_t:     0 | t: 0.159658 | r:  -511.000000 | e:   1.000000 | Q:        nan | won: False 
#   48 | steps:   545 | steps_t:     0 | t: 0.162649 | r:  -511.000000 | e:   1.000000 | Q:        nan | won: False 
#   49 | steps:   557 | steps_t:     0 | t: 0.166635 | r:  -511.000000 | e:   1.000000 | Q:        nan | won: False 
#   50 | steps:   576 | steps_t:     0 | t: 0.171618 | r:  -518.000000 | e:   1.000000 | Q:        nan | won: False 
#   51 | steps:   595 | steps_t:     0 | t: 0.175605 | r:  -518.000000 | e:   1.000000 | Q:        nan | won: False 
#   52 | steps:   606 | steps_t:     0 | t: 0.178595 | r:  -510.000000 | e:   1.000000 | Q:        nan | won: False 
#   53 | steps:   615 | steps_t:     0 | t: 0.181585 | r:  -508.000000 | e:   1.000000 | Q:        nan | won: False 
#   54 | steps:   626 | steps_t:     0 | t: 0.185572 | r:  -510.000000 | e:   1.000000 | Q:        nan | won: False 
#   55 | steps:   643 | steps_t:     0 | t: 0.189559 | r:  -516.000000 | e:   1.000000 | Q:        nan | won: False 
#   56 | steps:   656 | steps_t:     0 | t: 0.193545 | r:  -512.000000 | e:   1.000000 | Q:        nan | won: False 
#   57 | steps:   680 | steps_t:     0 | t: 0.199526 | r:  -523.000000 | e:   1.000000 | Q:        nan | won: False 
#   58 | steps:   688 | steps_t:     0 | t: 0.202516 | r:  -507.000000 | e:   1.000000 | Q:        nan | won: False 
#   59 | steps:   699 | steps_t:     0 | t: 0.205505 | r:  -510.000000 | e:   1.000000 | Q:        nan | won: False 
#   60 | steps:   708 | steps_t:     0 | t: 0.208495 | r:  -508.000000 | e:   1.000000 | Q:        nan | won: False 
#   61 | steps:   717 | steps_t:     0 | t: 0.210489 | r:  -508.000000 | e:   1.000000 | Q:        nan | won: False 
#   62 | steps:   725 | steps_t:     0 | t: 0.214475 | r:  -507.000000 | e:   1.000000 | Q:        nan | won: False 
#   63 | steps:   734 | steps_t:     0 | t: 0.216468 | r:  -508.000000 | e:   1.000000 | Q:        nan | won: False 
#   64 | steps:   763 | steps_t:     0 | t: 0.223445 | r:  -528.000000 | e:   1.000000 | Q:        nan | won: False 
#   65 | steps:   770 | steps_t:     0 | t: 0.226435 | r:  -506.000000 | e:   1.000000 | Q:        nan | won: False 
#   66 | steps:   778 | steps_t:     0 | t: 0.228428 | r:  -507.000000 | e:   1.000000 | Q:        nan | won: False 
#   67 | steps:   786 | steps_t:     0 | t: 0.230422 | r:  -507.000000 | e:   1.000000 | Q:        nan | won: False 
#   68 | steps:   795 | steps_t:     0 | t: 0.233412 | r:  -508.000000 | e:   1.000000 | Q:        nan | won: False 
#   69 | steps:   810 | steps_t:     0 | t: 0.237398 | r:  -514.000000 | e:   1.000000 | Q:        nan | won: False 
#   70 | steps:   822 | steps_t:     0 | t: 0.240389 | r:  -511.000000 | e:   1.000000 | Q:        nan | won: False 
#   71 | steps:   833 | steps_t:     0 | t: 0.243378 | r:  -510.000000 | e:   1.000000 | Q:        nan | won: False 
#   72 | steps:   844 | steps_t:     0 | t: 0.246185 | r:  -510.000000 | e:   1.000000 | Q:        nan | won: False 
#   73 | steps:   852 | steps_t:     0 | t: 0.249175 | r:  -507.000000 | e:   1.000000 | Q:        nan | won: False 
#   74 | steps:   860 | steps_t:     0 | t: 0.251169 | r:  -507.000000 | e:   1.000000 | Q:        nan | won: False 
#   75 | steps:   866 | steps_t:     0 | t: 0.253163 | r:  -505.000000 | e:   1.000000 | Q:        nan | won: False 
#   76 | steps:   876 | steps_t:     0 | t: 0.255155 | r:  -509.000000 | e:   1.000000 | Q:        nan | won: False 
#   77 | steps:   889 | steps_t:     0 | t: 0.259142 | r:  -512.000000 | e:   1.000000 | Q:        nan | won: False 
#   78 | steps:   895 | steps_t:     0 | t: 0.260139 | r:  -505.000000 | e:   1.000000 | Q:        nan | won: False 
#   79 | steps:   907 | steps_t:     0 | t: 0.264125 | r:  -511.000000 | e:   1.000000 | Q:        nan | won: False 
#   80 | steps:   916 | steps_t:     0 | t: 0.266119 | r:  -508.000000 | e:   1.000000 | Q:        nan | won: False 
#   81 | steps:   927 | steps_t:     0 | t: 0.269109 | r:  -510.000000 | e:   1.000000 | Q:        nan | won: False 
#   82 | steps:   936 | steps_t:     0 | t: 0.272099 | r:  -508.000000 | e:   1.000000 | Q:        nan | won: False 
#   83 | steps:   950 | steps_t:     0 | t: 0.275089 | r:  -513.000000 | e:   1.000000 | Q:        nan | won: False 
#   84 | steps:   960 | steps_t:     0 | t: 0.278079 | r:  -509.000000 | e:   1.000000 | Q:        nan | won: False 
#   85 | steps:   981 | steps_t:     0 | t: 0.283062 | r:  -520.000000 | e:   1.000000 | Q:        nan | won: False 
#   86 | steps:   994 | steps_t:     0 | t: 0.286052 | r:  -512.000000 | e:   1.000000 | Q:        nan | won: False 
#   87 | steps:  1013 | steps_t:     0 | t: 0.292158 | r:  -518.000000 | e:   1.000000 | Q:        nan | won: False 
#   88 | steps:  1021 | steps_t:     0 | t: 0.295526 | r:  -507.000000 | e:   1.000000 | Q:        nan | won: False 
#   89 | steps:  1031 | steps_t:     0 | t: 0.298584 | r:  -509.000000 | e:   1.000000 | Q:        nan | won: False 
#   90 | steps:  1041 | steps_t:     0 | t: 0.301577 | r:  -509.000000 | e:   1.000000 | Q:        nan | won: False 
#   91 | steps:  1049 | steps_t:     0 | t: 0.303559 | r:  -507.000000 | e:   1.000000 | Q:        nan | won: False 
#   92 | steps:  1065 | steps_t:     0 | t: 0.308541 | r:  -515.000000 | e:   1.000000 | Q:        nan | won: False 
#   93 | steps:  1074 | steps_t:     0 | t: 0.310540 | r:  -508.000000 | e:   1.000000 | Q:        nan | won: False 
#   94 | steps:  1086 | steps_t:     0 | t: 0.313532 | r:  -511.000000 | e:   1.000000 | Q:        nan | won: False 
#   95 | steps:  1093 | steps_t:     0 | t: 0.315517 | r:  -506.000000 | e:   1.000000 | Q:        nan | won: False 
#   96 | steps:  1105 | steps_t:     0 | t: 0.319502 | r:  -511.000000 | e:   1.000000 | Q:        nan | won: False 
#   97 | steps:  1112 | steps_t:     0 | t: 0.321497 | r:  -506.000000 | e:   1.000000 | Q:        nan | won: False 
#   98 | steps:  1118 | steps_t:     0 | t: 0.323490 | r:  -505.000000 | e:   1.000000 | Q:        nan | won: False 
#   99 | steps:  1128 | steps_t:     0 | t: 0.326482 | r:  -509.000000 | e:   1.000000 | Q:        nan | won: False 
#  100 | steps:  1137 | steps_t:     0 | t: 0.328470 | r:  -508.000000 | e:   1.000000 | Q:        nan | won: False 
#  101 | steps:  1158 | steps_t:     0 | t: 0.334457 | r:  -520.000000 | e:   1.000000 | Q:        nan | won: False 
#  102 | steps:  1172 | steps_t:     0 | t: 0.337442 | r:  -513.000000 | e:   1.000000 | Q:        nan | won: False 
#  103 | steps:  1182 | steps_t:     0 | t: 0.340433 | r:  -509.000000 | e:   1.000000 | Q:        nan | won: False 
#  104 | steps:  1192 | steps_t:     0 | t: 0.343422 | r:  -509.000000 | e:   1.000000 | Q:        nan | won: False 
#  105 | steps:  1200 | steps_t:     0 | t: 0.345414 | r:  -507.000000 | e:   1.000000 | Q:        nan | won: False 
#  106 | steps:  1218 | steps_t:     0 | t: 0.350398 | r:  -517.000000 | e:   1.000000 | Q:        nan | won: False 
#  107 | steps:  1245 | steps_t:     0 | t: 0.357375 | r:  -515.000000 | e:   1.000000 | Q:        nan | won: False 
#  108 | steps:  1252 | steps_t:     0 | t: 0.359378 | r:  -506.000000 | e:   1.000000 | Q:        nan | won: False 
#  109 | steps:  1272 | steps_t:     0 | t: 0.364349 | r:  -519.000000 | e:   1.000000 | Q:        nan | won: False 
#  110 | steps:  1282 | steps_t:     0 | t: 0.367347 | r:  -509.000000 | e:   1.000000 | Q:        nan | won: False 
#  111 | steps:  1293 | steps_t:     0 | t: 0.370329 | r:  -510.000000 | e:   1.000000 | Q:        nan | won: False 
#  112 | steps:  1299 | steps_t:     0 | t: 0.372327 | r:  -505.000000 | e:   1.000000 | Q:        nan | won: False 
#  113 | steps:  1316 | steps_t:     0 | t: 0.376319 | r:  -516.000000 | e:   1.000000 | Q:        nan | won: False 
#  114 | steps:  1329 | steps_t:     0 | t: 0.380298 | r:  -512.000000 | e:   1.000000 | Q:        nan | won: False 
#  115 | steps:  1338 | steps_t:     0 | t: 0.382289 | r:  -508.000000 | e:   1.000000 | Q:        nan | won: False 
#  116 | steps:  1346 | steps_t:     0 | t: 0.385284 | r:  -507.000000 | e:   1.000000 | Q:        nan | won: False 
#  117 | steps:  1360 | steps_t:     0 | t: 0.388269 | r:  -513.000000 | e:   1.000000 | Q:        nan | won: False 
#  118 | steps:  1369 | steps_t:     0 | t: 0.391268 | r:  -508.000000 | e:   1.000000 | Q:        nan | won: False 
#  119 | steps:  1377 | steps_t:     0 | t: 0.393255 | r:  -507.000000 | e:   1.000000 | Q:        nan | won: False 
#  120 | steps:  1386 | steps_t:     0 | t: 0.396247 | r:  -508.000000 | e:   1.000000 | Q:        nan | won: False 
#  121 | steps:  1397 | steps_t:     0 | t: 0.399243 | r:  -510.000000 | e:   1.000000 | Q:        nan | won: False 
#  122 | steps:  1410 | steps_t:     0 | t: 0.402184 | r:  -512.000000 | e:   1.000000 | Q:        nan | won: False 
#  123 | steps:  1419 | steps_t:     0 | t: 0.405222 | r:  -508.000000 | e:   1.000000 | Q:        nan | won: False 
#  124 | steps:  1426 | steps_t:     0 | t: 0.407209 | r:  -506.000000 | e:   1.000000 | Q:        nan | won: False 
#  125 | steps:  1433 | steps_t:     0 | t: 0.409200 | r:  -506.000000 | e:   1.000000 | Q:        nan | won: False 
#  126 | steps:  1442 | steps_t:     0 | t: 0.412199 | r:  -508.000000 | e:   1.000000 | Q:        nan | won: False 
#  127 | steps:  1449 | steps_t:     0 | t: 0.413188 | r:  -506.000000 | e:   1.000000 | Q:        nan | won: False 
#  128 | steps:  1459 | steps_t:     0 | t: 0.416181 | r:  -509.000000 | e:   1.000000 | Q:        nan | won: False 
#  129 | steps:  1477 | steps_t:     0 | t: 0.421173 | r:  -517.000000 | e:   1.000000 | Q:        nan | won: False 
#  130 | steps:  1486 | steps_t:     0 | t: 0.424149 | r:  -508.000000 | e:   1.000000 | Q:        nan | won: False 
#  131 | steps:  1493 | steps_t:     0 | t: 0.426145 | r:  -506.000000 | e:   1.000000 | Q:        nan | won: False 
#  132 | steps:  1502 | steps_t:     0 | t: 0.428138 | r:  -508.000000 | e:   1.000000 | Q:        nan | won: False 
#  133 | steps:  1510 | steps_t:     0 | t: 0.430129 | r:  -507.000000 | e:   1.000000 | Q:        nan | won: False 
#  134 | steps:  1518 | steps_t:     0 | t: 0.433122 | r:  -507.000000 | e:   1.000000 | Q:        nan | won: False 
#  135 | steps:  1532 | steps_t:     0 | t: 0.437114 | r:  -513.000000 | e:   1.000000 | Q:        nan | won: False 
#  136 | steps:  1539 | steps_t:     0 | t: 0.439109 | r:  -506.000000 | e:   1.000000 | Q:        nan | won: False 
#  137 | steps:  1546 | steps_t:     0 | t: 0.441096 | r:  -506.000000 | e:   1.000000 | Q:        nan | won: False 
#  138 | steps:  1555 | steps_t:     0 | t: 0.443092 | r:  -508.000000 | e:   1.000000 | Q:        nan | won: False 
#  139 | steps:  1567 | steps_t:     0 | t: 0.447092 | r:  -511.000000 | e:   1.000000 | Q:        nan | won: False 
#  140 | steps:  1572 | steps_t:     0 | t: 0.448070 | r:  -504.000000 | e:   1.000000 | Q:        nan | won: False 
#  141 | steps:  1579 | steps_t:     0 | t: 0.450062 | r:  -506.000000 | e:   1.000000 | Q:        nan | won: False 
#  142 | steps:  1596 | steps_t:     0 | t: 0.455048 | r:  -516.000000 | e:   1.000000 | Q:        nan | won: False 
#  143 | steps:  1606 | steps_t:     0 | t: 0.457042 | r:  -509.000000 | e:   1.000000 | Q:        nan | won: False 
#  144 | steps:  1622 | steps_t:     0 | t: 0.462031 | r:  -515.000000 | e:   1.000000 | Q:        nan | won: False 
#  145 | steps:  1641 | steps_t:     0 | t: 0.467008 | r:  -496.000000 | e:   1.000000 | Q:        nan | won: False 
#  146 | steps:  1651 | steps_t:     0 | t: 0.469998 | r:  -509.000000 | e:   1.000000 | Q:        nan | won: False 
#  147 | steps:  1661 | steps_t:     0 | t: 0.472987 | r:  -509.000000 | e:   1.000000 | Q:        nan | won: False 
#  148 | steps:  1676 | steps_t:     0 | t: 0.476985 | r:  -514.000000 | e:   1.000000 | Q:        nan | won: False 
#  149 | steps:  1691 | steps_t:     0 | t: 0.480970 | r:  -514.000000 | e:   1.000000 | Q:        nan | won: False 
#  150 | steps:  1714 | steps_t:     0 | t: 0.486940 | r:  -522.000000 | e:   1.000000 | Q:        nan | won: False 
#  151 | steps:  1722 | steps_t:     0 | t: 0.488935 | r:  -507.000000 | e:   1.000000 | Q:        nan | won: False 
#  152 | steps:  1736 | steps_t:     0 | t: 0.492927 | r:  -513.000000 | e:   1.000000 | Q:        nan | won: False 
#  153 | steps:  1748 | steps_t:     0 | t: 0.495910 | r:  -511.000000 | e:   1.000000 | Q:        nan | won: False 
#  154 | steps:  1754 | steps_t:     0 | t: 0.498162 | r:  -505.000000 | e:   1.000000 | Q:        nan | won: False 
#  155 | steps:  1769 | steps_t:     0 | t: 0.502746 | r:  -514.000000 | e:   1.000000 | Q:        nan | won: False 
#  156 | steps:  1781 | steps_t:     0 | t: 0.505740 | r:  -511.000000 | e:   1.000000 | Q:        nan | won: False 
#  157 | steps:  1789 | steps_t:     0 | t: 0.507719 | r:  -507.000000 | e:   1.000000 | Q:        nan | won: False 
#  158 | steps:  1798 | steps_t:     0 | t: 0.510731 | r:  -508.000000 | e:   1.000000 | Q:        nan | won: False 
#  159 | steps:  1807 | steps_t:     0 | t: 0.512704 | r:  -508.000000 | e:   1.000000 | Q:        nan | won: False 
#  160 | steps:  1816 | steps_t:     0 | t: 0.515718 | r:  -508.000000 | e:   1.000000 | Q:        nan | won: False 
#  161 | steps:  1833 | steps_t:     0 | t: 0.520678 | r:  -516.000000 | e:   1.000000 | Q:        nan | won: False 
#  162 | steps:  1840 | steps_t:     0 | t: 0.522682 | r:  -506.000000 | e:   1.000000 | Q:        nan | won: False 
#  163 | steps:  1854 | steps_t:     0 | t: 0.622191 | r:  -513.000000 | e:   1.000000 | Q:        nan | won: False 
#  164 | steps:  1871 | steps_t:     0 | t: 0.627174 | r:  -516.000000 | e:   1.000000 | Q:        nan | won: False 
#  165 | steps:  1878 | steps_t:     0 | t: 0.629178 | r:  -506.000000 | e:   1.000000 | Q:        nan | won: False 
#  166 | steps:  1891 | steps_t:     0 | t: 0.633155 | r:  -512.000000 | e:   1.000000 | Q:        nan | won: False 
#  167 | steps:  1899 | steps_t:     0 | t: 0.635145 | r:  -507.000000 | e:   1.000000 | Q:        nan | won: False 
#  168 | steps:  1914 | steps_t:     0 | t: 0.639138 | r:  -514.000000 | e:   1.000000 | Q:        nan | won: False 
#  169 | steps:  1925 | steps_t:     0 | t: 0.642125 | r:  -510.000000 | e:   1.000000 | Q:        nan | won: False 
#  170 | steps:  1935 | steps_t:     0 | t: 0.645119 | r:  -509.000000 | e:   1.000000 | Q:        nan | won: False 
#  171 | steps:  1942 | steps_t:     0 | t: 0.647115 | r:  -506.000000 | e:   1.000000 | Q:        nan | won: False 
#  172 | steps:  1948 | steps_t:     0 | t: 0.649103 | r:  -505.000000 | e:   1.000000 | Q:        nan | won: False 
#  173 | steps:  1960 | steps_t:     0 | t: 0.652028 | r:  -511.000000 | e:   1.000000 | Q:        nan | won: False 
#  174 | steps:  1968 | steps_t:     0 | t: 0.654086 | r:  -507.000000 | e:   1.000000 | Q:        nan | won: False 
#  175 | steps:  1979 | steps_t:     0 | t: 0.657073 | r:  -510.000000 | e:   1.000000 | Q:        nan | won: False 
#  176 | steps:  1987 | steps_t:     0 | t: 0.659067 | r:  -507.000000 | e:   1.000000 | Q:        nan | won: False 
#  177 | steps:  1994 | steps_t:     0 | t: 0.661058 | r:  -506.000000 | e:   1.000000 | Q:        nan | won: False 
#  178 | steps:  2001 | steps_t:     0 | t: 0.664072 | r:  -506.000000 | e:   1.000000 | Q:        nan | won: False 
#  179 | steps:  2006 | steps_t:     0 | t: 0.665981 | r:  -504.000000 | e:   1.000000 | Q:        nan | won: False 
#  180 | steps:  2020 | steps_t:     0 | t: 0.670016 | r:  -513.000000 | e:   1.000000 | Q:        nan | won: False 
#  181 | steps:  2033 | steps_t:     0 | t: 0.673004 | r:  -512.000000 | e:   1.000000 | Q:        nan | won: False 
#  182 | steps:  2043 | steps_t:     0 | t: 0.675008 | r:  -509.000000 | e:   1.000000 | Q:        nan | won: False 
#  183 | steps:  2052 | steps_t:     0 | t: 0.677989 | r:  -508.000000 | e:   1.000000 | Q:        nan | won: False 
#  184 | steps:  2061 | steps_t:     0 | t: 0.679985 | r:  -508.000000 | e:   1.000000 | Q:        nan | won: False 
#  185 | steps:  2071 | steps_t:     0 | t: 0.682971 | r:  -509.000000 | e:   1.000000 | Q:        nan | won: False 
#  186 | steps:  2079 | steps_t:     0 | t: 0.685078 | r:  -507.000000 | e:   1.000000 | Q:        nan | won: False 
#  187 | steps:  2098 | steps_t:     0 | t: 0.690560 | r:  -518.000000 | e:   1.000000 | Q:        nan | won: False 
#  188 | steps:  2110 | steps_t:     0 | t: 0.693550 | r:  -511.000000 | e:   1.000000 | Q:        nan | won: False 
#  189 | steps:  2117 | steps_t:     0 | t: 0.695544 | r:  -506.000000 | e:   1.000000 | Q:        nan | won: False 
#  190 | steps:  2134 | steps_t:     0 | t: 0.700527 | r:  -516.000000 | e:   1.000000 | Q:        nan | won: False 
#  191 | steps:  2145 | steps_t:     0 | t: 0.703517 | r:  -510.000000 | e:   1.000000 | Q:        nan | won: False 
#  192 | steps:  2154 | steps_t:     0 | t: 0.706507 | r:  -508.000000 | e:   1.000000 | Q:        nan | won: False 
#  193 | steps:  2161 | steps_t:     0 | t: 0.707504 | r:  -506.000000 | e:   1.000000 | Q:        nan | won: False 
#  194 | steps:  2173 | steps_t:     0 | t: 0.710494 | r:  -511.000000 | e:   1.000000 | Q:        nan | won: False 
#  195 | steps:  2193 | steps_t:     0 | t: 0.715477 | r:  -519.000000 | e:   1.000000 | Q:        nan | won: False 
#  196 | steps:  2201 | steps_t:     0 | t: 0.717471 | r:  -507.000000 | e:   1.000000 | Q:        nan | won: False 
#  197 | steps:  2208 | steps_t:     0 | t: 0.719464 | r:  -506.000000 | e:   1.000000 | Q:        nan | won: False 
#  198 | steps:  2216 | steps_t:     0 | t: 0.721457 | r:  -507.000000 | e:   1.000000 | Q:        nan | won: False 
#  199 | steps:  2224 | steps_t:     0 | t: 0.723450 | r:  -507.000000 | e:   1.000000 | Q:        nan | won: False 
#  200 | steps:  2236 | steps_t:     0 | t: 0.726440 | r:  -511.000000 | e:   1.000000 | Q:        nan | won: False 
#  201 | steps:  2247 | steps_t:     0 | t: 0.729430 | r:  -510.000000 | e:   1.000000 | Q:        nan | won: False 
#  202 | steps:  2262 | steps_t:     0 | t: 0.732420 | r:  -514.000000 | e:   1.000000 | Q:        nan | won: False 
#  203 | steps:  2270 | steps_t:     0 | t: 0.734414 | r:  -507.000000 | e:   1.000000 | Q:        nan | won: False 
#  204 | steps:  2277 | steps_t:     0 | t: 0.737403 | r:  -506.000000 | e:   1.000000 | Q:        nan | won: False 
#  205 | steps:  2284 | steps_t:     0 | t: 0.739397 | r:  -506.000000 | e:   1.000000 | Q:        nan | won: False 
#  206 | steps:  2292 | steps_t:     0 | t: 0.741390 | r:  -507.000000 | e:   1.000000 | Q:        nan | won: False 
#  207 | steps:  2304 | steps_t:     0 | t: 0.744380 | r:  -511.000000 | e:   1.000000 | Q:        nan | won: False 
#  208 | steps:  2320 | steps_t:     0 | t: 0.748367 | r:  -515.000000 | e:   1.000000 | Q:        nan | won: False 
#  209 | steps:  2328 | steps_t:     0 | t: 0.750360 | r:  -507.000000 | e:   1.000000 | Q:        nan | won: False 
#  210 | steps:  2347 | steps_t:     0 | t: 0.755344 | r:  -518.000000 | e:   1.000000 | Q:        nan | won: False 
#  211 | steps:  2360 | steps_t:     0 | t: 0.758333 | r:  -512.000000 | e:   1.000000 | Q:        nan | won: False 
#  212 | steps:  2371 | steps_t:     0 | t: 0.761324 | r:  -510.000000 | e:   1.000000 | Q:        nan | won: False 
#  213 | steps:  2386 | steps_t:     0 | t: 0.764313 | r:  -503.000000 | e:   1.000000 | Q:        nan | won: False 
#  214 | steps:  2393 | steps_t:     0 | t: 0.766307 | r:  -506.000000 | e:   1.000000 | Q:        nan | won: False 
#  215 | steps:  2402 | steps_t:     0 | t: 0.769297 | r:  -508.000000 | e:   1.000000 | Q:        nan | won: False 
#  216 | steps:  2422 | steps_t:     0 | t: 0.774280 | r:  -508.000000 | e:   1.000000 | Q:        nan | won: False 
#  217 | steps:  2431 | steps_t:     0 | t: 0.776274 | r:  -508.000000 | e:   1.000000 | Q:        nan | won: False 
#  218 | steps:  2439 | steps_t:     0 | t: 0.778267 | r:  -507.000000 | e:   1.000000 | Q:        nan | won: False 
#  219 | steps:  2452 | steps_t:     0 | t: 0.782525 | r:  -512.000000 | e:   1.000000 | Q:        nan | won: False 
#  220 | steps:  2458 | steps_t:     0 | t: 0.784025 | r:  -505.000000 | e:   1.000000 | Q:        nan | won: False 
#  221 | steps:  2483 | steps_t:     0 | t: 0.790004 | r:  -524.000000 | e:   1.000000 | Q:        nan | won: False 
#  222 | steps:  2501 | steps_t:     0 | t: 0.794988 | r:  -506.000000 | e:   1.000000 | Q:        nan | won: False 
#  223 | steps:  2507 | steps_t:     0 | t: 0.796981 | r:  -505.000000 | e:   1.000000 | Q:        nan | won: False 
#  224 | steps:  2513 | steps_t:     0 | t: 0.797978 | r:  -505.000000 | e:   1.000000 | Q:        nan | won: False 
#  225 | steps:  2522 | steps_t:     0 | t: 0.800967 | r:  -508.000000 | e:   1.000000 | Q:        nan | won: False 
#  226 | steps:  2530 | steps_t:     0 | t: 0.802961 | r:  -507.000000 | e:   1.000000 | Q:        nan | won: False 
#  227 | steps:  2538 | steps_t:     0 | t: 0.804954 | r:  -507.000000 | e:   1.000000 | Q:        nan | won: False 
#  228 | steps:  2548 | steps_t:     0 | t: 0.807944 | r:  -509.000000 | e:   1.000000 | Q:        nan | won: False 
#  229 | steps:  2556 | steps_t:     0 | t: 0.809938 | r:  -507.000000 | e:   1.000000 | Q:        nan | won: False 
#  230 | steps:  2563 | steps_t:     0 | t: 0.811931 | r:  -506.000000 | e:   1.000000 | Q:        nan | won: False 
#  231 | steps:  2571 | steps_t:     0 | t: 0.813925 | r:  -507.000000 | e:   1.000000 | Q:        nan | won: False 
#  232 | steps:  2580 | steps_t:     0 | t: 0.816914 | r:  -508.000000 | e:   1.000000 | Q:        nan | won: False 
#  233 | steps:  2589 | steps_t:     0 | t: 0.818907 | r:  -508.000000 | e:   1.000000 | Q:        nan | won: False 
#  234 | steps:  2598 | steps_t:     0 | t: 0.821898 | r:  -508.000000 | e:   1.000000 | Q:        nan | won: False 
#  235 | steps:  2609 | steps_t:     0 | t: 0.824888 | r:  -510.000000 | e:   1.000000 | Q:        nan | won: False 
#  236 | steps:  2617 | steps_t:     0 | t: 0.826881 | r:  -507.000000 | e:   1.000000 | Q:        nan | won: False 
#  237 | steps:  2634 | steps_t:     0 | t: 0.830868 | r:  -516.000000 | e:   1.000000 | Q:        nan | won: False 
#  238 | steps:  2646 | steps_t:     0 | t: 0.833857 | r:  -511.000000 | e:   1.000000 | Q:        nan | won: False 
#  239 | steps:  2661 | steps_t:     0 | t: 0.837844 | r:  -514.000000 | e:   1.000000 | Q:        nan | won: False 
#  240 | steps:  2668 | steps_t:     0 | t: 0.839838 | r:  -506.000000 | e:   1.000000 | Q:        nan | won: False 
#  241 | steps:  2679 | steps_t:     0 | t: 0.842828 | r:  -510.000000 | e:   1.000000 | Q:        nan | won: False 
#  242 | steps:  2687 | steps_t:     0 | t: 0.847893 | r:  -507.000000 | e:   1.000000 | Q:        nan | won: False 
#  243 | steps:  2710 | steps_t:     0 | t: 0.855840 | r:  -522.000000 | e:   1.000000 | Q:        nan | won: False 
#  244 | steps:  2720 | steps_t:     0 | t: 0.857831 | r:  -509.000000 | e:   1.000000 | Q:        nan | won: False 
#  245 | steps:  2728 | steps_t:     0 | t: 0.860768 | r:  -507.000000 | e:   1.000000 | Q:        nan | won: False 
#  246 | steps:  2735 | steps_t:     0 | t: 0.862761 | r:  -506.000000 | e:   1.000000 | Q:        nan | won: False 
#  247 | steps:  2742 | steps_t:     0 | t: 0.864754 | r:  -506.000000 | e:   1.000000 | Q:        nan | won: False 
#  248 | steps:  2756 | steps_t:     0 | t: 0.867744 | r:  -491.000000 | e:   1.000000 | Q:        nan | won: False 
#  249 | steps:  2763 | steps_t:     0 | t: 0.869738 | r:  -506.000000 | e:   1.000000 | Q:        nan | won: False 
#  250 | steps:  2770 | steps_t:     0 | t: 0.871731 | r:  -506.000000 | e:   1.000000 | Q:        nan | won: False 
#  251 | steps:  2776 | steps_t:     0 | t: 0.873724 | r:  -505.000000 | e:   1.000000 | Q:        nan | won: False 
#  252 | steps:  2785 | steps_t:     0 | t: 0.876339 | r:  -508.000000 | e:   1.000000 | Q:        nan | won: False 
#  253 | steps:  2797 | steps_t:     0 | t: 0.879329 | r:  -511.000000 | e:   1.000000 | Q:        nan | won: False 
#  254 | steps:  2803 | steps_t:     0 | t: 0.880326 | r:  -505.000000 | e:   1.000000 | Q:        nan | won: False 
#  255 | steps:  2811 | steps_t:     0 | t: 0.883316 | r:  -507.000000 | e:   1.000000 | Q:        nan | won: False 
#  256 | steps:  2817 | steps_t:     0 | t: 0.884313 | r:  -505.000000 | e:   1.000000 | Q:        nan | won: False 
#  257 | steps:  2823 | steps_t:     0 | t: 0.886306 | r:  -505.000000 | e:   1.000000 | Q:        nan | won: False 
#  258 | steps:  2832 | steps_t:     0 | t: 0.888299 | r:  -508.000000 | e:   1.000000 | Q:        nan | won: False 
#  259 | steps:  2856 | steps_t:     0 | t: 0.894279 | r:  -523.000000 | e:   1.000000 | Q:        nan | won: False 
#  260 | steps:  2864 | steps_t:     0 | t: 0.896273 | r:  -507.000000 | e:   1.000000 | Q:        nan | won: False 
#  261 | steps:  2870 | steps_t:     0 | t: 0.898266 | r:  -505.000000 | e:   1.000000 | Q:        nan | won: False 
#  262 | steps:  2876 | steps_t:     0 | t: 0.900259 | r:  -505.000000 | e:   1.000000 | Q:        nan | won: False 
#  263 | steps:  2886 | steps_t:     0 | t: 0.903250 | r:  -509.000000 | e:   1.000000 | Q:        nan | won: False 
#  264 | steps:  2891 | steps_t:     0 | t: 0.904246 | r:  -504.000000 | e:   1.000000 | Q:        nan | won: False 
#  265 | steps:  2898 | steps_t:     0 | t: 0.906239 | r:  -506.000000 | e:   1.000000 | Q:        nan | won: False 
#  266 | steps:  2908 | steps_t:     0 | t: 0.909230 | r:  -509.000000 | e:   1.000000 | Q:        nan | won: False 
#  267 | steps:  2922 | steps_t:     0 | t: 0.912220 | r:  -513.000000 | e:   1.000000 | Q:        nan | won: False 
#  268 | steps:  2932 | steps_t:     0 | t: 0.915209 | r:  -509.000000 | e:   1.000000 | Q:        nan | won: False 
#  269 | steps:  2951 | steps_t:     0 | t: 0.920193 | r:  -518.000000 | e:   1.000000 | Q:        nan | won: False 
#  270 | steps:  2959 | steps_t:     0 | t: 0.922186 | r:  -507.000000 | e:   1.000000 | Q:        nan | won: False 
#  271 | steps:  2971 | steps_t:     0 | t: 0.925176 | r:  -511.000000 | e:   1.000000 | Q:        nan | won: False 
#  272 | steps:  2983 | steps_t:     0 | t: 0.928166 | r:  -511.000000 | e:   1.000000 | Q:        nan | won: False 
#  273 | steps:  2995 | steps_t:     0 | t: 0.931156 | r:  -511.000000 | e:   1.000000 | Q:        nan | won: False 
#  274 | steps:  3005 | steps_t:     0 | t: 0.934146 | r:  -509.000000 | e:   1.000000 | Q:        nan | won: False 
#  275 | steps:  3018 | steps_t:     0 | t: 0.938135 | r:  -512.000000 | e:   1.000000 | Q:        nan | won: False 
#  276 | steps:  3031 | steps_t:     0 | t: 0.941124 | r:  -512.000000 | e:   1.000000 | Q:        nan | won: False 
#  277 | steps:  3039 | steps_t:     0 | t: 0.944114 | r:  -507.000000 | e:   1.000000 | Q:        nan | won: False 
#  278 | steps:  3052 | steps_t:     0 | t: 0.947104 | r:  -512.000000 | e:   1.000000 | Q:        nan | won: False 
#  279 | steps:  3059 | steps_t:     0 | t: 0.949097 | r:  -506.000000 | e:   1.000000 | Q:        nan | won: False 
#  280 | steps:  3079 | steps_t:     0 | t: 0.954081 | r:  -519.000000 | e:   1.000000 | Q:        nan | won: False 
#  281 | steps:  3085 | steps_t:     0 | t: 0.956074 | r:  -505.000000 | e:   1.000000 | Q:        nan | won: False 
#  282 | steps:  3091 | steps_t:     0 | t: 0.958067 | r:  -505.000000 | e:   1.000000 | Q:        nan | won: False 
#  283 | steps:  3101 | steps_t:     0 | t: 0.960061 | r:  -509.000000 | e:   1.000000 | Q:        nan | won: False 
#  284 | steps:  3108 | steps_t:     0 | t: 0.962054 | r:  -506.000000 | e:   1.000000 | Q:        nan | won: False 
#  285 | steps:  3122 | steps_t:     0 | t: 0.966041 | r:  -513.000000 | e:   1.000000 | Q:        nan | won: False 
#  286 | steps:  3138 | steps_t:     0 | t: 0.970028 | r:  -515.000000 | e:   1.000000 | Q:        nan | won: False 
#  287 | steps:  3147 | steps_t:     0 | t: 0.972021 | r:  -508.000000 | e:   1.000000 | Q:        nan | won: False 
#  288 | steps:  3156 | steps_t:     0 | t: 0.975011 | r:  -508.000000 | e:   1.000000 | Q:        nan | won: False 
#  289 | steps:  3168 | steps_t:     0 | t: 0.978001 | r:  -511.000000 | e:   1.000000 | Q:        nan | won: False 
#  290 | steps:  3176 | steps_t:     0 | t: 0.979994 | r:  -507.000000 | e:   1.000000 | Q:        nan | won: False 
#  291 | steps:  3183 | steps_t:     0 | t: 0.981987 | r:  -506.000000 | e:   1.000000 | Q:        nan | won: False 
#  292 | steps:  3192 | steps_t:     0 | t: 0.983981 | r:  -508.000000 | e:   1.000000 | Q:        nan | won: False 
#  293 | steps:  3199 | steps_t:     0 | t: 0.986971 | r:  -506.000000 | e:   1.000000 | Q:        nan | won: False 
#  294 | steps:  3212 | steps_t:     0 | t: 0.989962 | r:  -512.000000 | e:   1.000000 | Q:        nan | won: False 
#  295 | steps:  3222 | steps_t:     0 | t: 0.991955 | r:  -509.000000 | e:   1.000000 | Q:        nan | won: False 
#  296 | steps:  3228 | steps_t:     0 | t: 0.993949 | r:  -505.000000 | e:   1.000000 | Q:        nan | won: False 
#  297 | steps:  3242 | steps_t:     0 | t: 0.997935 | r:  -513.000000 | e:   1.000000 | Q:        nan | won: False 
#  298 | steps:  3250 | steps_t:     0 | t: 0.999928 | r:  -507.000000 | e:   1.000000 | Q:        nan | won: False 
#  299 | steps:  3264 | steps_t:     0 | t: 1.003915 | r:  -513.000000 | e:   1.000000 | Q:        nan | won: False 
#  300 | steps:  3272 | steps_t:     0 | t: 1.005908 | r:  -507.000000 | e:   1.000000 | Q:        nan | won: False 
#  301 | steps:  3283 | steps_t:     0 | t: 1.008898 | r:  -510.000000 | e:   1.000000 | Q:        nan | won: False 
#  302 | steps:  3292 | steps_t:     0 | t: 1.010892 | r:  -508.000000 | e:   1.000000 | Q:        nan | won: False 
#  303 | steps:  3297 | steps_t:     0 | t: 1.012885 | r:  -504.000000 | e:   1.000000 | Q:        nan | won: False 
#  304 | steps:  3304 | steps_t:     0 | t: 1.014879 | r:  -506.000000 | e:   1.000000 | Q:        nan | won: False 
#  305 | steps:  3309 | steps_t:     0 | t: 1.015876 | r:  -504.000000 | e:   1.000000 | Q:        nan | won: False 
#  306 | steps:  3315 | steps_t:     0 | t: 1.017869 | r:  -505.000000 | e:   1.000000 | Q:        nan | won: False 
#  307 | steps:  3324 | steps_t:     0 | t: 1.019862 | r:  -508.000000 | e:   1.000000 | Q:        nan | won: False 
#  308 | steps:  3333 | steps_t:     0 | t: 1.022852 | r:  -508.000000 | e:   1.000000 | Q:        nan | won: False 
#  309 | steps:  3353 | steps_t:     0 | t: 1.027835 | r:  -519.000000 | e:   1.000000 | Q:        nan | won: False 
#  310 | steps:  3360 | steps_t:     0 | t: 1.028832 | r:  -506.000000 | e:   1.000000 | Q:        nan | won: False 
#  311 | steps:  3369 | steps_t:     0 | t: 1.031822 | r:  -508.000000 | e:   1.000000 | Q:        nan | won: False 
#  312 | steps:  3382 | steps_t:     0 | t: 1.035809 | r:  -512.000000 | e:   1.000000 | Q:        nan | won: False 
#  313 | steps:  3390 | steps_t:     0 | t: 1.037802 | r:  -507.000000 | e:   1.000000 | Q:        nan | won: False 
#  314 | steps:  3399 | steps_t:     0 | t: 1.039795 | r:  -508.000000 | e:   1.000000 | Q:        nan | won: False 
#  315 | steps:  3406 | steps_t:     0 | t: 1.041788 | r:  -506.000000 | e:   1.000000 | Q:        nan | won: False 
#  316 | steps:  3418 | steps_t:     0 | t: 1.044778 | r:  -511.000000 | e:   1.000000 | Q:        nan | won: False 
#  317 | steps:  3442 | steps_t:     0 | t: 1.050759 | r:  -523.000000 | e:   1.000000 | Q:        nan | won: False 
#  318 | steps:  3456 | steps_t:     0 | t: 1.054745 | r:  -513.000000 | e:   1.000000 | Q:        nan | won: False 
#  319 | steps:  3466 | steps_t:     0 | t: 1.057735 | r:  -509.000000 | e:   1.000000 | Q:        nan | won: False 
#  320 | steps:  3473 | steps_t:     0 | t: 1.059728 | r:  -506.000000 | e:   1.000000 | Q:        nan | won: False 
#  321 | steps:  3494 | steps_t:     0 | t: 1.065709 | r:  -520.000000 | e:   1.000000 | Q:        nan | won: False 
#  322 | steps:  3504 | steps_t:     0 | t: 1.067702 | r:  -509.000000 | e:   1.000000 | Q:        nan | won: False 
#  323 | steps:  3514 | steps_t:     0 | t: 1.070692 | r:  -509.000000 | e:   1.000000 | Q:        nan | won: False 
#  324 | steps:  3544 | steps_t:     0 | t: 1.077668 | r:  -529.000000 | e:   1.000000 | Q:        nan | won: False 
#  325 | steps:  3553 | steps_t:     0 | t: 1.080660 | r:  -508.000000 | e:   1.000000 | Q:        nan | won: False 
#  326 | steps:  3575 | steps_t:     0 | t: 1.086638 | r:  -510.000000 | e:   1.000000 | Q:        nan | won: False 
#  327 | steps:  3587 | steps_t:     0 | t: 1.089628 | r:  -511.000000 | e:   1.000000 | Q:        nan | won: False 
#  328 | steps:  3608 | steps_t:     0 | t: 1.094612 | r:  -520.000000 | e:   1.000000 | Q:        nan | won: False 
#  329 | steps:  3616 | steps_t:     0 | t: 1.096605 | r:  -507.000000 | e:   1.000000 | Q:        nan | won: False 
#  330 | steps:  3630 | steps_t:     0 | t: 1.100592 | r:  -513.000000 | e:   1.000000 | Q:        nan | won: False 
#  331 | steps:  3638 | steps_t:     0 | t: 1.102585 | r:  -507.000000 | e:   1.000000 | Q:        nan | won: False 
#  332 | steps:  3648 | steps_t:     0 | t: 1.105575 | r:  -509.000000 | e:   1.000000 | Q:        nan | won: False 
#  333 | steps:  3659 | steps_t:     0 | t: 1.108565 | r:  -510.000000 | e:   1.000000 | Q:        nan | won: False 
#  334 | steps:  3674 | steps_t:     0 | t: 1.111556 | r:  -503.000000 | e:   1.000000 | Q:        nan | won: False 
#  335 | steps:  3681 | steps_t:     0 | t: 1.113549 | r:  -506.000000 | e:   1.000000 | Q:        nan | won: False 
#  336 | steps:  3689 | steps_t:     0 | t: 1.116539 | r:  -507.000000 | e:   1.000000 | Q:        nan | won: False 
#  337 | steps:  3705 | steps_t:     0 | t: 1.120525 | r:  -504.000000 | e:   1.000000 | Q:        nan | won: False 
#  338 | steps:  3723 | steps_t:     0 | t: 1.124512 | r:  -517.000000 | e:   1.000000 | Q:        nan | won: False 
#  339 | steps:  3745 | steps_t:     0 | t: 1.130492 | r:  -521.000000 | e:   1.000000 | Q:        nan | won: False 
#  340 | steps:  3751 | steps_t:     0 | t: 1.132485 | r:  -505.000000 | e:   1.000000 | Q:        nan | won: False 
#  341 | steps:  3766 | steps_t:     0 | t: 1.136472 | r:  -492.000000 | e:   1.000000 | Q:        nan | won: False 
#  342 | steps:  3776 | steps_t:     0 | t: 1.139462 | r:  -509.000000 | e:   1.000000 | Q:        nan | won: False 
#  343 | steps:  3785 | steps_t:     0 | t: 1.141456 | r:  -508.000000 | e:   1.000000 | Q:        nan | won: False 
#  344 | steps:  3796 | steps_t:     0 | t: 1.144445 | r:  -510.000000 | e:   1.000000 | Q:        nan | won: False 
#  345 | steps:  3803 | steps_t:     0 | t: 1.146439 | r:  -506.000000 | e:   1.000000 | Q:        nan | won: False 
#  346 | steps:  3825 | steps_t:     0 | t: 1.152418 | r:  -521.000000 | e:   1.000000 | Q:        nan | won: False 
#  347 | steps:  3838 | steps_t:     0 | t: 1.155408 | r:  -512.000000 | e:   1.000000 | Q:        nan | won: False 
#  348 | steps:  3854 | steps_t:     0 | t: 1.159395 | r:  -515.000000 | e:   1.000000 | Q:        nan | won: False 
#  349 | steps:  3867 | steps_t:     0 | t: 1.163382 | r:  -501.000000 | e:   1.000000 | Q:        nan | won: False 
#  350 | steps:  3877 | steps_t:     0 | t: 1.165375 | r:  -509.000000 | e:   1.000000 | Q:        nan | won: False 
#  351 | steps:  3885 | steps_t:     0 | t: 1.167369 | r:  -507.000000 | e:   1.000000 | Q:        nan | won: False 
#  352 | steps:  3902 | steps_t:     0 | t: 1.172352 | r:  -516.000000 | e:   1.000000 | Q:        nan | won: False 
#  353 | steps:  3918 | steps_t:     0 | t: 1.176338 | r:  -515.000000 | e:   1.000000 | Q:        nan | won: False 
#  354 | steps:  3939 | steps_t:     0 | t: 1.181323 | r:  -520.000000 | e:   1.000000 | Q:        nan | won: False 
#  355 | steps:  3948 | steps_t:     0 | t: 1.183316 | r:  -508.000000 | e:   1.000000 | Q:        nan | won: False 
#  356 | steps:  3959 | steps_t:     0 | t: 1.186305 | r:  -510.000000 | e:   1.000000 | Q:        nan | won: False 
#  357 | steps:  3970 | steps_t:     0 | t: 1.189295 | r:  -510.000000 | e:   1.000000 | Q:        nan | won: False 
#  358 | steps:  3979 | steps_t:     0 | t: 1.192285 | r:  -508.000000 | e:   1.000000 | Q:        nan | won: False 
#  359 | steps:  3990 | steps_t:     0 | t: 1.194279 | r:  -510.000000 | e:   1.000000 | Q:        nan | won: False 
#  360 | steps:  3999 | steps_t:     0 | t: 1.197268 | r:  -508.000000 | e:   1.000000 | Q:        nan | won: False 
#  361 | steps:  4009 | steps_t:     0 | t: 1.200258 | r:  -509.000000 | e:   1.000000 | Q:        nan | won: False 
#  362 | steps:  4019 | steps_t:     0 | t: 1.203249 | r:  -509.000000 | e:   1.000000 | Q:        nan | won: False 
#  363 | steps:  4031 | steps_t:     0 | t: 1.206239 | r:  -511.000000 | e:   1.000000 | Q:        nan | won: False 
#  364 | steps:  4038 | steps_t:     0 | t: 1.208233 | r:  -506.000000 | e:   1.000000 | Q:        nan | won: False 
#  365 | steps:  4044 | steps_t:     0 | t: 1.210226 | r:  -505.000000 | e:   1.000000 | Q:        nan | won: False 
#  366 | steps:  4054 | steps_t:     0 | t: 1.213216 | r:  -509.000000 | e:   1.000000 | Q:        nan | won: False 
#  367 | steps:  4063 | steps_t:     0 | t: 1.215209 | r:  -508.000000 | e:   1.000000 | Q:        nan | won: False 
#  368 | steps:  4087 | steps_t:     0 | t: 1.222186 | r:  -523.000000 | e:   1.000000 | Q:        nan | won: False 
#  369 | steps:  4106 | steps_t:     0 | t: 1.227169 | r:  -518.000000 | e:   1.000000 | Q:        nan | won: False 
#  370 | steps:  4112 | steps_t:     0 | t: 1.229162 | r:  -505.000000 | e:   1.000000 | Q:        nan | won: False 
#  371 | steps:  4120 | steps_t:     0 | t: 1.231156 | r:  -507.000000 | e:   1.000000 | Q:        nan | won: False 
#  372 | steps:  4133 | steps_t:     0 | t: 1.234145 | r:  -512.000000 | e:   1.000000 | Q:        nan | won: False 
#  373 | steps:  4163 | steps_t:     0 | t: 1.242119 | r:  -518.000000 | e:   1.000000 | Q:        nan | won: False 
#  374 | steps:  4172 | steps_t:     0 | t: 1.245109 | r:  -508.000000 | e:   1.000000 | Q:        nan | won: False 
#  375 | steps:  4178 | steps_t:     0 | t: 1.246106 | r:  -505.000000 | e:   1.000000 | Q:        nan | won: False 
#  376 | steps:  4195 | steps_t:     0 | t: 1.251090 | r:  -516.000000 | e:   1.000000 | Q:        nan | won: False 
#  377 | steps:  4204 | steps_t:     0 | t: 1.253183 | r:  -508.000000 | e:   1.000000 | Q:        nan | won: False 
#  378 | steps:  4215 | steps_t:     0 | t: 1.256195 | r:  -510.000000 | e:   1.000000 | Q:        nan | won: False 
#  379 | steps:  4223 | steps_t:     0 | t: 1.259185 | r:  -507.000000 | e:   1.000000 | Q:        nan | won: False 
#  380 | steps:  4233 | steps_t:     0 | t: 1.261178 | r:  -509.000000 | e:   1.000000 | Q:        nan | won: False 
#  381 | steps:  4246 | steps_t:     0 | t: 1.265165 | r:  -512.000000 | e:   1.000000 | Q:        nan | won: False 
#  382 | steps:  4253 | steps_t:     0 | t: 1.266161 | r:  -506.000000 | e:   1.000000 | Q:        nan | won: False 
#  383 | steps:  4263 | steps_t:     0 | t: 1.269152 | r:  -509.000000 | e:   1.000000 | Q:        nan | won: False 
#  384 | steps:  4275 | steps_t:     0 | t: 1.273139 | r:  -511.000000 | e:   1.000000 | Q:        nan | won: False 
#  385 | steps:  4289 | steps_t:     0 | t: 1.276128 | r:  -513.000000 | e:   1.000000 | Q:        nan | won: False 
#  386 | steps:  4300 | steps_t:     0 | t: 1.279118 | r:  -510.000000 | e:   1.000000 | Q:        nan | won: False 
#  387 | steps:  4308 | steps_t:     0 | t: 1.281112 | r:  -507.000000 | e:   1.000000 | Q:        nan | won: False 
#  388 | steps:  4315 | steps_t:     0 | t: 1.283105 | r:  -506.000000 | e:   1.000000 | Q:        nan | won: False 
#  389 | steps:  4328 | steps_t:     0 | t: 1.287560 | r:  -512.000000 | e:   1.000000 | Q:        nan | won: False 
#  390 | steps:  4334 | steps_t:     0 | t: 1.289778 | r:  -505.000000 | e:   1.000000 | Q:        nan | won: False 
#  391 | steps:  4342 | steps_t:     0 | t: 1.291772 | r:  -507.000000 | e:   1.000000 | Q:        nan | won: False 
#  392 | steps:  4350 | steps_t:     0 | t: 1.293766 | r:  -507.000000 | e:   1.000000 | Q:        nan | won: False 
#  393 | steps:  4357 | steps_t:     0 | t: 1.295758 | r:  -506.000000 | e:   1.000000 | Q:        nan | won: False 
#  394 | steps:  4364 | steps_t:     0 | t: 1.297752 | r:  -506.000000 | e:   1.000000 | Q:        nan | won: False 
#  395 | steps:  4372 | steps_t:     0 | t: 1.299745 | r:  -507.000000 | e:   1.000000 | Q:        nan | won: False 
#  396 | steps:  4378 | steps_t:     0 | t: 1.301760 | r:  -505.000000 | e:   1.000000 | Q:        nan | won: False 
#  397 | steps:  4395 | steps_t:     0 | t: 1.305725 | r:  -516.000000 | e:   1.000000 | Q:        nan | won: False 
#  398 | steps:  4406 | steps_t:     0 | t: 1.308715 | r:  -510.000000 | e:   1.000000 | Q:        nan | won: False 
#  399 | steps:  4422 | steps_t:     0 | t: 1.312702 | r:  -504.000000 | e:   1.000000 | Q:        nan | won: False 
#  400 | steps:  4431 | steps_t:     0 | t: 1.314696 | r:  -508.000000 | e:   1.000000 | Q:        nan | won: False 
#  401 | steps:  4450 | steps_t:     0 | t: 1.320675 | r:  -518.000000 | e:   1.000000 | Q:        nan | won: False 
#  402 | steps:  4462 | steps_t:     0 | t: 1.323665 | r:  -511.000000 | e:   1.000000 | Q:        nan | won: False 
#  403 | steps:  4474 | steps_t:     0 | t: 1.326668 | r:  -511.000000 | e:   1.000000 | Q:        nan | won: False 
#  404 | steps:  4483 | steps_t:     0 | t: 1.328648 | r:  -508.000000 | e:   1.000000 | Q:        nan | won: False 
#  405 | steps:  4490 | steps_t:     0 | t: 1.330642 | r:  -506.000000 | e:   1.000000 | Q:        nan | won: False 
#  406 | steps:  4496 | steps_t:     0 | t: 1.332635 | r:  -505.000000 | e:   1.000000 | Q:        nan | won: False 
#  407 | steps:  4505 | steps_t:     0 | t: 1.335625 | r:  -508.000000 | e:   1.000000 | Q:        nan | won: False 
#  408 | steps:  4510 | steps_t:     0 | t: 1.336622 | r:  -504.000000 | e:   1.000000 | Q:        nan | won: False 
#  409 | steps:  4519 | steps_t:     0 | t: 1.339612 | r:  -508.000000 | e:   1.000000 | Q:        nan | won: False 
#  410 | steps:  4529 | steps_t:     0 | t: 1.341605 | r:  -509.000000 | e:   1.000000 | Q:        nan | won: False 
#  411 | steps:  4535 | steps_t:     0 | t: 1.343598 | r:  -505.000000 | e:   1.000000 | Q:        nan | won: False 
#  412 | steps:  4543 | steps_t:     0 | t: 1.345592 | r:  -507.000000 | e:   1.000000 | Q:        nan | won: False 
#  413 | steps:  4553 | steps_t:     0 | t: 1.348582 | r:  -509.000000 | e:   1.000000 | Q:        nan | won: False 
#  414 | steps:  4559 | steps_t:     0 | t: 1.350573 | r:  -505.000000 | e:   1.000000 | Q:        nan | won: False 
#  415 | steps:  4572 | steps_t:     0 | t: 1.354562 | r:  -512.000000 | e:   1.000000 | Q:        nan | won: False 
#  416 | steps:  4589 | steps_t:     0 | t: 1.358548 | r:  -516.000000 | e:   1.000000 | Q:        nan | won: False 
#  417 | steps:  4603 | steps_t:     0 | t: 1.362535 | r:  -513.000000 | e:   1.000000 | Q:        nan | won: False 
#  418 | steps:  4613 | steps_t:     0 | t: 1.364529 | r:  -509.000000 | e:   1.000000 | Q:        nan | won: False 
#  419 | steps:  4624 | steps_t:     0 | t: 1.367518 | r:  -510.000000 | e:   1.000000 | Q:        nan | won: False 
#  420 | steps:  4629 | steps_t:     0 | t: 1.369512 | r:  -504.000000 | e:   1.000000 | Q:        nan | won: False 
#  421 | steps:  4645 | steps_t:     0 | t: 1.372502 | r:  -515.000000 | e:   1.000000 | Q:        nan | won: False 
#  422 | steps:  4655 | steps_t:     0 | t: 1.375492 | r:  -509.000000 | e:   1.000000 | Q:        nan | won: False 
#  423 | steps:  4660 | steps_t:     0 | t: 1.377485 | r:  -504.000000 | e:   1.000000 | Q:        nan | won: False 
#  424 | steps:  4668 | steps_t:     0 | t: 1.379478 | r:  -507.000000 | e:   1.000000 | Q:        nan | won: False 
#  425 | steps:  4678 | steps_t:     0 | t: 1.381472 | r:  -509.000000 | e:   1.000000 | Q:        nan | won: False 
#  426 | steps:  4701 | steps_t:     0 | t: 1.388449 | r:  -522.000000 | e:   1.000000 | Q:        nan | won: False 
#  427 | steps:  4709 | steps_t:     0 | t: 1.390442 | r:  -507.000000 | e:   1.000000 | Q:        nan | won: False 
#  428 | steps:  4716 | steps_t:     0 | t: 1.392436 | r:  -506.000000 | e:   1.000000 | Q:        nan | won: False 
#  429 | steps:  4727 | steps_t:     0 | t: 1.394429 | r:  -510.000000 | e:   1.000000 | Q:        nan | won: False 
#  430 | steps:  4736 | steps_t:     0 | t: 1.397419 | r:  -508.000000 | e:   1.000000 | Q:        nan | won: False 
#  431 | steps:  4750 | steps_t:     0 | t: 1.400409 | r:  -513.000000 | e:   1.000000 | Q:        nan | won: False 
#  432 | steps:  4764 | steps_t:     0 | t: 1.404396 | r:  -513.000000 | e:   1.000000 | Q:        nan | won: False 
#  433 | steps:  4775 | steps_t:     0 | t: 1.407385 | r:  -510.000000 | e:   1.000000 | Q:        nan | won: False 
#  434 | steps:  4788 | steps_t:     0 | t: 1.410375 | r:  -512.000000 | e:   1.000000 | Q:        nan | won: False 
#  435 | steps:  4796 | steps_t:     0 | t: 1.413365 | r:  -507.000000 | e:   1.000000 | Q:        nan | won: False 
#  436 | steps:  4803 | steps_t:     0 | t: 1.414362 | r:  -506.000000 | e:   1.000000 | Q:        nan | won: False 
#  437 | steps:  4826 | steps_t:     0 | t: 1.420342 | r:  -522.000000 | e:   1.000000 | Q:        nan | won: False 
#  438 | steps:  4842 | steps_t:     0 | t: 1.424329 | r:  -515.000000 | e:   1.000000 | Q:        nan | won: False 
#  439 | steps:  4854 | steps_t:     0 | t: 1.427318 | r:  -511.000000 | e:   1.000000 | Q:        nan | won: False 
#  440 | steps:  4865 | steps_t:     0 | t: 1.430309 | r:  -510.000000 | e:   1.000000 | Q:        nan | won: False 
#  441 | steps:  4873 | steps_t:     0 | t: 1.432302 | r:  -507.000000 | e:   1.000000 | Q:        nan | won: False 
#  442 | steps:  4879 | steps_t:     0 | t: 1.434296 | r:  -505.000000 | e:   1.000000 | Q:        nan | won: False 
#  443 | steps:  4886 | steps_t:     0 | t: 1.436289 | r:  -506.000000 | e:   1.000000 | Q:        nan | won: False 
#  444 | steps:  4894 | steps_t:     0 | t: 1.438282 | r:  -507.000000 | e:   1.000000 | Q:        nan | won: False 
#  445 | steps:  4902 | steps_t:     0 | t: 1.440275 | r:  -507.000000 | e:   1.000000 | Q:        nan | won: False 
#  446 | steps:  4916 | steps_t:     0 | t: 1.444370 | r:  -513.000000 | e:   1.000000 | Q:        nan | won: False 
#  447 | steps:  4929 | steps_t:     0 | t: 1.447397 | r:  -512.000000 | e:   1.000000 | Q:        nan | won: False 
#  448 | steps:  4936 | steps_t:     0 | t: 1.449391 | r:  -506.000000 | e:   1.000000 | Q:        nan | won: False 
#  449 | steps:  4946 | steps_t:     0 | t: 1.452381 | r:  -509.000000 | e:   1.000000 | Q:        nan | won: False 
#  450 | steps:  4956 | steps_t:     0 | t: 1.454375 | r:  -509.000000 | e:   1.000000 | Q:        nan | won: False 
#  451 | steps:  4969 | steps_t:     0 | t: 1.458361 | r:  -512.000000 | e:   1.000000 | Q:        nan | won: False 
#  452 | steps:  4976 | steps_t:     0 | t: 1.460354 | r:  -506.000000 | e:   1.000000 | Q:        nan | won: False 
#  453 | steps:  4998 | steps_t:     0 | t: 1.466334 | r:  -521.000000 | e:   1.000000 | Q:        nan | won: False 
#  454 | steps:  5019 | steps_t:     0 | t: 1.471317 | r:  -520.000000 | e:   1.000000 | Q:        nan | won: False 
#  455 | steps:  5031 | steps_t:     0 | t: 1.474308 | r:  -511.000000 | e:   1.000000 | Q:        nan | won: False 
#  456 | steps:  5038 | steps_t:     0 | t: 1.476301 | r:  -506.000000 | e:   1.000000 | Q:        nan | won: False 
#  457 | steps:  5058 | steps_t:     0 | t: 1.481284 | r:  -519.000000 | e:   1.000000 | Q:        nan | won: False 
#  458 | steps:  5065 | steps_t:     0 | t: 1.483277 | r:  -506.000000 | e:   1.000000 | Q:        nan | won: False 
#  459 | steps:  5074 | steps_t:     0 | t: 1.485275 | r:  -508.000000 | e:   1.000000 | Q:        nan | won: False 
#  460 | steps:  5084 | steps_t:     0 | t: 1.488261 | r:  -509.000000 | e:   1.000000 | Q:        nan | won: False 
#  461 | steps:  5093 | steps_t:     0 | t: 1.490254 | r:  -508.000000 | e:   1.000000 | Q:        nan | won: False 
#  462 | steps:  5105 | steps_t:     0 | t: 1.493244 | r:  -511.000000 | e:   1.000000 | Q:        nan | won: False 
#  463 | steps:  5122 | steps_t:     0 | t: 1.498228 | r:  -516.000000 | e:   1.000000 | Q:        nan | won: False 
#  464 | steps:  5130 | steps_t:     0 | t: 1.500221 | r:  -507.000000 | e:   1.000000 | Q:        nan | won: False 
#  465 | steps:  5138 | steps_t:     0 | t: 1.502215 | r:  -507.000000 | e:   1.000000 | Q:        nan | won: False 
#  466 | steps:  5148 | steps_t:     0 | t: 1.505204 | r:  -509.000000 | e:   1.000000 | Q:        nan | won: False 
#  467 | steps:  5154 | steps_t:     0 | t: 1.506201 | r:  -505.000000 | e:   1.000000 | Q:        nan | won: False 
#  468 | steps:  5160 | steps_t:     0 | t: 1.508194 | r:  -505.000000 | e:   1.000000 | Q:        nan | won: False 
#  469 | steps:  5168 | steps_t:     0 | t: 1.510188 | r:  -507.000000 | e:   1.000000 | Q:        nan | won: False 
#  470 | steps:  5179 | steps_t:     0 | t: 1.513177 | r:  -510.000000 | e:   1.000000 | Q:        nan | won: False 
#  471 | steps:  5189 | steps_t:     0 | t: 1.516167 | r:  -509.000000 | e:   1.000000 | Q:        nan | won: False 
#  472 | steps:  5203 | steps_t:     0 | t: 1.519157 | r:  -513.000000 | e:   1.000000 | Q:        nan | won: False 
#  473 | steps:  5210 | steps_t:     0 | t: 1.521151 | r:  -506.000000 | e:   1.000000 | Q:        nan | won: False 
#  474 | steps:  5218 | steps_t:     0 | t: 1.524141 | r:  -507.000000 | e:   1.000000 | Q:        nan | won: False 
#  475 | steps:  5225 | steps_t:     0 | t: 1.526134 | r:  -506.000000 | e:   1.000000 | Q:        nan | won: False 
#  476 | steps:  5234 | steps_t:     0 | t: 1.528128 | r:  -508.000000 | e:   1.000000 | Q:        nan | won: False 
#  477 | steps:  5242 | steps_t:     0 | t: 1.530121 | r:  -507.000000 | e:   1.000000 | Q:        nan | won: False 
#  478 | steps:  5249 | steps_t:     0 | t: 1.532115 | r:  -506.000000 | e:   1.000000 | Q:        nan | won: False 
#  479 | steps:  5257 | steps_t:     0 | t: 1.534108 | r:  -507.000000 | e:   1.000000 | Q:        nan | won: False 
#  480 | steps:  5265 | steps_t:     0 | t: 1.536101 | r:  -507.000000 | e:   1.000000 | Q:        nan | won: False 
#  481 | steps:  5272 | steps_t:     0 | t: 1.538094 | r:  -506.000000 | e:   1.000000 | Q:        nan | won: False 
#  482 | steps:  5286 | steps_t:     0 | t: 1.542082 | r:  -513.000000 | e:   1.000000 | Q:        nan | won: False 
#  483 | steps:  5294 | steps_t:     0 | t: 1.544075 | r:  -507.000000 | e:   1.000000 | Q:        nan | won: False 
#  484 | steps:  5306 | steps_t:     0 | t: 1.547064 | r:  -511.000000 | e:   1.000000 | Q:        nan | won: False 
#  485 | steps:  5313 | steps_t:     0 | t: 1.549057 | r:  -506.000000 | e:   1.000000 | Q:        nan | won: False 
#  486 | steps:  5323 | steps_t:     0 | t: 1.552047 | r:  -509.000000 | e:   1.000000 | Q:        nan | won: False 
#  487 | steps:  5332 | steps_t:     0 | t: 1.555038 | r:  -508.000000 | e:   1.000000 | Q:        nan | won: False 
#  488 | steps:  5341 | steps_t:     0 | t: 1.557031 | r:  -508.000000 | e:   1.000000 | Q:        nan | won: False 
#  489 | steps:  5364 | steps_t:     0 | t: 1.563011 | r:  -522.000000 | e:   1.000000 | Q:        nan | won: False 
#  490 | steps:  5381 | steps_t:     0 | t: 1.566997 | r:  -516.000000 | e:   1.000000 | Q:        nan | won: False 
#  491 | steps:  5387 | steps_t:     0 | t: 1.570023 | r:  -505.000000 | e:   1.000000 | Q:        nan | won: False 
#  492 | steps:  5398 | steps_t:     0 | t: 1.573025 | r:  -510.000000 | e:   1.000000 | Q:        nan | won: False 
#  493 | steps:  5407 | steps_t:     0 | t: 1.576022 | r:  -508.000000 | e:   1.000000 | Q:        nan | won: False 
#  494 | steps:  5419 | steps_t:     0 | t: 1.579016 | r:  -511.000000 | e:   1.000000 | Q:        nan | won: False 
#  495 | steps:  5430 | steps_t:     0 | t: 1.582006 | r:  -510.000000 | e:   1.000000 | Q:        nan | won: False 
#  496 | steps:  5450 | steps_t:     0 | t: 1.586982 | r:  -519.000000 | e:   1.000000 | Q:        nan | won: False 
#  497 | steps:  5460 | steps_t:     0 | t: 1.588976 | r:  -509.000000 | e:   1.000000 | Q:        nan | won: False 
#  498 | steps:  5474 | steps_t:     0 | t: 1.592962 | r:  -513.000000 | e:   1.000000 | Q:        nan | won: False 
#  499 | steps:  5482 | steps_t:     0 | t: 1.594957 | r:  -507.000000 | e:   1.000000 | Q:        nan | won: False 
#  500 | steps:  5491 | steps_t:     0 | t: 1.596945 | r:  -508.000000 | e:   1.000000 | Q:        nan | won: False 
#  501 | steps:  5498 | steps_t:     0 | t: 2.537158 | r:  -506.000000 | e:   1.000000 | Q:        nan | won: False 
#  502 | steps:  5509 | steps_t:     0 | t: 5.108340 | r:  -510.000000 | e:   1.000000 | Q:        nan | won: False 
#  503 | steps:  5518 | steps_t:     0 | t: 7.326373 | r:  -508.000000 | e:   1.000000 | Q:        nan | won: False 
#  504 | steps:  5529 | steps_t:     0 | t: 9.835956 | r:  -510.000000 | e:   1.000000 | Q:        nan | won: False 
#  505 | steps:  5535 | steps_t:     0 | t: 11.622035 | r:  -505.000000 | e:   1.000000 | Q:        nan | won: False 
#  506 | steps:  5541 | steps_t:     0 | t: 13.414542 | r:  -505.000000 | e:   1.000000 | Q:        nan | won: False 
#  507 | steps:  5553 | steps_t:     0 | t: 16.047344 | r:  -511.000000 | e:   1.000000 | Q:        nan | won: False 
#  508 | steps:  5562 | steps_t:     0 | t: 18.259122 | r:  -508.000000 | e:   1.000000 | Q:        nan | won: False 
#  509 | steps:  5575 | steps_t:     0 | t: 21.128805 | r:  -512.000000 | e:   1.000000 | Q:        nan | won: False 
#  510 | steps:  5583 | steps_t:     0 | t: 23.203651 | r:  -507.000000 | e:   1.000000 | Q:        nan | won: False 
