#    1 | steps:     9 | steps_t:     0 | t: 0.015871 | r:  -508.000000 | e:   1.000000 | Q:        nan | won: False 
#    2 | steps:    18 | steps_t:     0 | t: 0.019935 | r:  -508.000000 | e:   1.000000 | Q:        nan | won: False 
#    3 | steps:    42 | steps_t:     0 | t: 0.026834 | r:  -523.000000 | e:   1.000000 | Q:        nan | won: False 
#    4 | steps:    51 | steps_t:     0 | t: 0.029894 | r:  -508.000000 | e:   1.000000 | Q:        nan | won: False 
#    5 | steps:    58 | steps_t:     0 | t: 0.031894 | r:  -506.000000 | e:   1.000000 | Q:        nan | won: False 
#    6 | steps:    67 | steps_t:     0 | t: 0.036963 | r:  -508.000000 | e:   1.000000 | Q:        nan | won: False 
#    7 | steps:    78 | steps_t:     0 | t: 0.041229 | r:  -510.000000 | e:   1.000000 | Q:        nan | won: False 
#    8 | steps:    86 | steps_t:     0 | t: 0.044196 | r:  -507.000000 | e:   1.000000 | Q:        nan | won: False 
#    9 | steps:    96 | steps_t:     0 | t: 0.047195 | r:  -509.000000 | e:   1.000000 | Q:        nan | won: False 
#   10 | steps:   105 | steps_t:     0 | t: 0.049191 | r:  -508.000000 | e:   1.000000 | Q:        nan | won: False 
#   11 | steps:   119 | steps_t:     0 | t: 0.053178 | r:  -513.000000 | e:   1.000000 | Q:        nan | won: False 
#   12 | steps:   127 | steps_t:     0 | t: 0.057116 | r:  -507.000000 | e:   1.000000 | Q:        nan | won: False 
#   13 | steps:   137 | steps_t:     0 | t: 0.060154 | r:  -509.000000 | e:   1.000000 | Q:        nan | won: False 
#   14 | steps:   148 | steps_t:     0 | t: 0.063129 | r:  -510.000000 | e:   1.000000 | Q:        nan | won: False 
#   15 | steps:   159 | steps_t:     0 | t: 0.066128 | r:  -510.000000 | e:   1.000000 | Q:        nan | won: False 
#   16 | steps:   167 | steps_t:     0 | t: 0.069063 | r:  -507.000000 | e:   1.000000 | Q:        nan | won: False 
#   17 | steps:   189 | steps_t:     0 | t: 0.075101 | r:  -521.000000 | e:   1.000000 | Q:        nan | won: False 
#   18 | steps:   195 | steps_t:     0 | t: 0.078079 | r:  -505.000000 | e:   1.000000 | Q:        nan | won: False 
#   19 | steps:   200 | steps_t:     0 | t: 0.079074 | r:  -504.000000 | e:   1.000000 | Q:        nan | won: False 
#   20 | steps:   206 | steps_t:     0 | t: 0.081084 | r:  -505.000000 | e:   1.000000 | Q:        nan | won: False 
#   21 | steps:   216 | steps_t:     0 | t: 0.084059 | r:  -509.000000 | e:   1.000000 | Q:        nan | won: False 
#   22 | steps:   229 | steps_t:     0 | t: 0.089042 | r:  -512.000000 | e:   1.000000 | Q:        nan | won: False 
#   23 | steps:   236 | steps_t:     0 | t: 0.091048 | r:  -506.000000 | e:   1.000000 | Q:        nan | won: False 
#   24 | steps:   245 | steps_t:     0 | t: 0.094022 | r:  -508.000000 | e:   1.000000 | Q:        nan | won: False 
#   25 | steps:   254 | steps_t:     0 | t: 0.096024 | r:  -508.000000 | e:   1.000000 | Q:        nan | won: False 
#   26 | steps:   261 | steps_t:     0 | t: 0.099007 | r:  -506.000000 | e:   1.000000 | Q:        nan | won: False 
#   27 | steps:   282 | steps_t:     0 | t: 0.104989 | r:  -520.000000 | e:   1.000000 | Q:        nan | won: False 
#   28 | steps:   296 | steps_t:     0 | t: 0.108980 | r:  -513.000000 | e:   1.000000 | Q:        nan | won: False 
#   29 | steps:   302 | steps_t:     0 | t: 0.110964 | r:  -505.000000 | e:   1.000000 | Q:        nan | won: False 
#   30 | steps:   309 | steps_t:     0 | t: 0.113281 | r:  -506.000000 | e:   1.000000 | Q:        nan | won: False 
#   31 | steps:   328 | steps_t:     0 | t: 0.117275 | r:  -518.000000 | e:   1.000000 | Q:        nan | won: False 
#   32 | steps:   334 | steps_t:     0 | t: 0.119253 | r:  -505.000000 | e:   1.000000 | Q:        nan | won: False 
#   33 | steps:   343 | steps_t:     0 | t: 0.123273 | r:  -508.000000 | e:   1.000000 | Q:        nan | won: False 
#   34 | steps:   352 | steps_t:     0 | t: 0.126241 | r:  -508.000000 | e:   1.000000 | Q:        nan | won: False 
#   35 | steps:   362 | steps_t:     0 | t: 0.128227 | r:  -509.000000 | e:   1.000000 | Q:        nan | won: False 
#   36 | steps:   370 | steps_t:     0 | t: 0.131214 | r:  -507.000000 | e:   1.000000 | Q:        nan | won: False 
#   37 | steps:   378 | steps_t:     0 | t: 0.134162 | r:  -507.000000 | e:   1.000000 | Q:        nan | won: False 
#   38 | steps:   387 | steps_t:     0 | t: 0.137152 | r:  -508.000000 | e:   1.000000 | Q:        nan | won: False 
#   39 | steps:   400 | steps_t:     0 | t: 0.142205 | r:  -512.000000 | e:   1.000000 | Q:        nan | won: False 
#   40 | steps:   410 | steps_t:     0 | t: 0.145127 | r:  -509.000000 | e:   1.000000 | Q:        nan | won: False 
#   41 | steps:   422 | steps_t:     0 | t: 0.149111 | r:  -511.000000 | e:   1.000000 | Q:        nan | won: False 
#   42 | steps:   432 | steps_t:     0 | t: 0.155177 | r:  -509.000000 | e:   1.000000 | Q:        nan | won: False 
#   43 | steps:   441 | steps_t:     0 | t: 0.157140 | r:  -508.000000 | e:   1.000000 | Q:        nan | won: False 
#   44 | steps:   453 | steps_t:     0 | t: 0.161124 | r:  -511.000000 | e:   1.000000 | Q:        nan | won: False 
#   45 | steps:   461 | steps_t:     0 | t: 0.163126 | r:  -507.000000 | e:   1.000000 | Q:        nan | won: False 
#   46 | steps:   473 | steps_t:     0 | t: 0.167118 | r:  -511.000000 | e:   1.000000 | Q:        nan | won: False 
#   47 | steps:   482 | steps_t:     0 | t: 0.170094 | r:  -508.000000 | e:   1.000000 | Q:        nan | won: False 
#   48 | steps:   492 | steps_t:     0 | t: 0.173031 | r:  -509.000000 | e:   1.000000 | Q:        nan | won: False 
#   49 | steps:   504 | steps_t:     0 | t: 0.176023 | r:  -511.000000 | e:   1.000000 | Q:        nan | won: False 
#   50 | steps:   519 | steps_t:     0 | t: 0.180010 | r:  -492.000000 | e:   1.000000 | Q:        nan | won: False 
#   51 | steps:   526 | steps_t:     0 | t: 0.183000 | r:  -506.000000 | e:   1.000000 | Q:        nan | won: False 
#   52 | steps:   545 | steps_t:     0 | t: 0.188777 | r:  -518.000000 | e:   1.000000 | Q:        nan | won: False 
#   53 | steps:   552 | steps_t:     0 | t: 0.190776 | r:  -506.000000 | e:   1.000000 | Q:        nan | won: False 
#   54 | steps:   564 | steps_t:     0 | t: 0.194763 | r:  -511.000000 | e:   1.000000 | Q:        nan | won: False 
#   55 | steps:   585 | steps_t:     0 | t: 0.199745 | r:  -520.000000 | e:   1.000000 | Q:        nan | won: False 
#   56 | steps:   595 | steps_t:     0 | t: 0.203664 | r:  -509.000000 | e:   1.000000 | Q:        nan | won: False 
#   57 | steps:   616 | steps_t:     0 | t: 0.209694 | r:  -520.000000 | e:   1.000000 | Q:        nan | won: False 
#   58 | steps:   628 | steps_t:     0 | t: 0.212699 | r:  -511.000000 | e:   1.000000 | Q:        nan | won: False 
#   59 | steps:   636 | steps_t:     0 | t: 0.215706 | r:  -507.000000 | e:   1.000000 | Q:        nan | won: False 
#   60 | steps:   644 | steps_t:     0 | t: 0.217680 | r:  -507.000000 | e:   1.000000 | Q:        nan | won: False 
#   61 | steps:   651 | steps_t:     0 | t: 0.220641 | r:  -506.000000 | e:   1.000000 | Q:        nan | won: False 
#   62 | steps:   662 | steps_t:     0 | t: 0.223663 | r:  -510.000000 | e:   1.000000 | Q:        nan | won: False 
#   63 | steps:   670 | steps_t:     0 | t: 0.226651 | r:  -507.000000 | e:   1.000000 | Q:        nan | won: False 
#   64 | steps:   680 | steps_t:     0 | t: 0.229690 | r:  -509.000000 | e:   1.000000 | Q:        nan | won: False 
#   65 | steps:   694 | steps_t:     0 | t: 0.233638 | r:  -513.000000 | e:   1.000000 | Q:        nan | won: False 
#   66 | steps:   704 | steps_t:     0 | t: 0.237594 | r:  -509.000000 | e:   1.000000 | Q:        nan | won: False 
#   67 | steps:   712 | steps_t:     0 | t: 0.240614 | r:  -507.000000 | e:   1.000000 | Q:        nan | won: False 
#   68 | steps:   721 | steps_t:     0 | t: 0.243592 | r:  -508.000000 | e:   1.000000 | Q:        nan | won: False 
#   69 | steps:   731 | steps_t:     0 | t: 0.246600 | r:  -509.000000 | e:   1.000000 | Q:        nan | won: False 
#   70 | steps:   737 | steps_t:     0 | t: 0.248583 | r:  -505.000000 | e:   1.000000 | Q:        nan | won: False 
#   71 | steps:   742 | steps_t:     0 | t: 0.250576 | r:  -504.000000 | e:   1.000000 | Q:        nan | won: False 
#   72 | steps:   750 | steps_t:     0 | t: 0.253495 | r:  -507.000000 | e:   1.000000 | Q:        nan | won: False 
#   73 | steps:   758 | steps_t:     0 | t: 0.255552 | r:  -507.000000 | e:   1.000000 | Q:        nan | won: False 
#   74 | steps:   769 | steps_t:     0 | t: 0.259534 | r:  -510.000000 | e:   1.000000 | Q:        nan | won: False 
#   75 | steps:   781 | steps_t:     0 | t: 0.263532 | r:  -511.000000 | e:   1.000000 | Q:        nan | won: False 
#   76 | steps:   792 | steps_t:     0 | t: 0.266503 | r:  -510.000000 | e:   1.000000 | Q:        nan | won: False 
#   77 | steps:   808 | steps_t:     0 | t: 0.271437 | r:  -515.000000 | e:   1.000000 | Q:        nan | won: False 
#   78 | steps:   813 | steps_t:     0 | t: 0.273497 | r:  -504.000000 | e:   1.000000 | Q:        nan | won: False 
#   79 | steps:   832 | steps_t:     0 | t: 0.278462 | r:  -518.000000 | e:   1.000000 | Q:        nan | won: False 
#   80 | steps:   848 | steps_t:     0 | t: 0.282472 | r:  -504.000000 | e:   1.000000 | Q:        nan | won: False 
#   81 | steps:   870 | steps_t:     0 | t: 0.289439 | r:  -521.000000 | e:   1.000000 | Q:        nan | won: False 
#   82 | steps:   880 | steps_t:     0 | t: 0.292440 | r:  -509.000000 | e:   1.000000 | Q:        nan | won: False 
#   83 | steps:   892 | steps_t:     0 | t: 0.296429 | r:  -511.000000 | e:   1.000000 | Q:        nan | won: False 
#   84 | steps:   904 | steps_t:     0 | t: 0.299411 | r:  -511.000000 | e:   1.000000 | Q:        nan | won: False 
#   85 | steps:   910 | steps_t:     0 | t: 0.301402 | r:  -505.000000 | e:   1.000000 | Q:        nan | won: False 
#   86 | steps:   928 | steps_t:     0 | t: 0.306384 | r:  -517.000000 | e:   1.000000 | Q:        nan | won: False 
#   87 | steps:   940 | steps_t:     0 | t: 0.310381 | r:  -511.000000 | e:   1.000000 | Q:        nan | won: False 
#   88 | steps:   948 | steps_t:     0 | t: 0.312365 | r:  -507.000000 | e:   1.000000 | Q:        nan | won: False 
#   89 | steps:   958 | steps_t:     0 | t: 0.315355 | r:  -509.000000 | e:   1.000000 | Q:        nan | won: False 
#   90 | steps:   971 | steps_t:     0 | t: 0.319349 | r:  -512.000000 | e:   1.000000 | Q:        nan | won: False 
#   91 | steps:   992 | steps_t:     0 | t: 0.325308 | r:  -520.000000 | e:   1.000000 | Q:        nan | won: False 
#   92 | steps:   998 | steps_t:     0 | t: 0.327296 | r:  -505.000000 | e:   1.000000 | Q:        nan | won: False 
#   93 | steps:  1007 | steps_t:     0 | t: 0.329290 | r:  -508.000000 | e:   1.000000 | Q:        nan | won: False 
#   94 | steps:  1014 | steps_t:     0 | t: 0.331384 | r:  -506.000000 | e:   1.000000 | Q:        nan | won: False 
#   95 | steps:  1041 | steps_t:     0 | t: 0.339167 | r:  -526.000000 | e:   1.000000 | Q:        nan | won: False 
#   96 | steps:  1047 | steps_t:     0 | t: 0.341209 | r:  -505.000000 | e:   1.000000 | Q:        nan | won: False 
#   97 | steps:  1057 | steps_t:     0 | t: 0.344204 | r:  -509.000000 | e:   1.000000 | Q:        nan | won: False 
#   98 | steps:  1064 | steps_t:     0 | t: 0.346191 | r:  -506.000000 | e:   1.000000 | Q:        nan | won: False 
#   99 | steps:  1071 | steps_t:     0 | t: 0.348180 | r:  -506.000000 | e:   1.000000 | Q:        nan | won: False 
#  100 | steps:  1077 | steps_t:     0 | t: 0.350173 | r:  -505.000000 | e:   1.000000 | Q:        nan | won: False 
#  101 | steps:  1092 | steps_t:     0 | t: 0.355178 | r:  -514.000000 | e:   1.000000 | Q:        nan | won: False 
#  102 | steps:  1101 | steps_t:     0 | t: 0.358167 | r:  -508.000000 | e:   1.000000 | Q:        nan | won: False 
#  103 | steps:  1119 | steps_t:     0 | t: 0.363137 | r:  -517.000000 | e:   1.000000 | Q:        nan | won: False 
#  104 | steps:  1127 | steps_t:     0 | t: 0.365140 | r:  -507.000000 | e:   1.000000 | Q:        nan | won: False 
#  105 | steps:  1139 | steps_t:     0 | t: 0.368124 | r:  -511.000000 | e:   1.000000 | Q:        nan | won: False 
#  106 | steps:  1151 | steps_t:     0 | t: 0.372106 | r:  -511.000000 | e:   1.000000 | Q:        nan | won: False 
#  107 | steps:  1158 | steps_t:     0 | t: 0.374094 | r:  -506.000000 | e:   1.000000 | Q:        nan | won: False 
#  108 | steps:  1180 | steps_t:     0 | t: 0.380082 | r:  -510.000000 | e:   1.000000 | Q:        nan | won: False 
#  109 | steps:  1193 | steps_t:     0 | t: 0.383079 | r:  -512.000000 | e:   1.000000 | Q:        nan | won: False 
#  110 | steps:  1203 | steps_t:     0 | t: 0.387011 | r:  -509.000000 | e:   1.000000 | Q:        nan | won: False 
#  111 | steps:  1222 | steps_t:     0 | t: 0.391991 | r:  -518.000000 | e:   1.000000 | Q:        nan | won: False 
#  112 | steps:  1229 | steps_t:     0 | t: 0.393987 | r:  -506.000000 | e:   1.000000 | Q:        nan | won: False 
#  113 | steps:  1243 | steps_t:     0 | t: 0.397973 | r:  -513.000000 | e:   1.000000 | Q:        nan | won: False 
#  114 | steps:  1253 | steps_t:     0 | t: 0.400964 | r:  -509.000000 | e:   1.000000 | Q:        nan | won: False 
#  115 | steps:  1260 | steps_t:     0 | t: 0.403536 | r:  -506.000000 | e:   1.000000 | Q:        nan | won: False 
#  116 | steps:  1271 | steps_t:     0 | t: 0.407602 | r:  -510.000000 | e:   1.000000 | Q:        nan | won: False 
#  117 | steps:  1278 | steps_t:     0 | t: 0.409583 | r:  -506.000000 | e:   1.000000 | Q:        nan | won: False 
#  118 | steps:  1286 | steps_t:     0 | t: 0.411579 | r:  -507.000000 | e:   1.000000 | Q:        nan | won: False 
#  119 | steps:  1297 | steps_t:     0 | t: 0.415572 | r:  -510.000000 | e:   1.000000 | Q:        nan | won: False 
#  120 | steps:  1312 | steps_t:     0 | t: 0.420517 | r:  -514.000000 | e:   1.000000 | Q:        nan | won: False 
#  121 | steps:  1320 | steps_t:     0 | t: 0.423546 | r:  -507.000000 | e:   1.000000 | Q:        nan | won: False 
#  122 | steps:  1330 | steps_t:     0 | t: 0.426530 | r:  -509.000000 | e:   1.000000 | Q:        nan | won: False 
#  123 | steps:  1347 | steps_t:     0 | t: 0.430517 | r:  -516.000000 | e:   1.000000 | Q:        nan | won: False 
#  124 | steps:  1359 | steps_t:     0 | t: 0.434634 | r:  -511.000000 | e:   1.000000 | Q:        nan | won: False 
#  125 | steps:  1373 | steps_t:     0 | t: 0.439619 | r:  -513.000000 | e:   1.000000 | Q:        nan | won: False 
#  126 | steps:  1387 | steps_t:     0 | t: 0.443629 | r:  -513.000000 | e:   1.000000 | Q:        nan | won: False 
#  127 | steps:  1404 | steps_t:     0 | t: 0.447613 | r:  -516.000000 | e:   1.000000 | Q:        nan | won: False 
#  128 | steps:  1414 | steps_t:     0 | t: 0.452592 | r:  -509.000000 | e:   1.000000 | Q:        nan | won: False 
#  129 | steps:  1434 | steps_t:     0 | t: 0.458554 | r:  -519.000000 | e:   1.000000 | Q:        nan | won: False 
#  130 | steps:  1443 | steps_t:     0 | t: 0.461540 | r:  -508.000000 | e:   1.000000 | Q:        nan | won: False 
#  131 | steps:  1450 | steps_t:     0 | t: 0.463537 | r:  -506.000000 | e:   1.000000 | Q:        nan | won: False 
#  132 | steps:  1475 | steps_t:     0 | t: 0.470464 | r:  -524.000000 | e:   1.000000 | Q:        nan | won: False 
#  133 | steps:  1489 | steps_t:     0 | t: 0.474529 | r:  -513.000000 | e:   1.000000 | Q:        nan | won: False 
#  134 | steps:  1511 | steps_t:     0 | t: 0.480498 | r:  -521.000000 | e:   1.000000 | Q:        nan | won: False 
#  135 | steps:  1521 | steps_t:     0 | t: 0.483479 | r:  -509.000000 | e:   1.000000 | Q:        nan | won: False 
#  136 | steps:  1532 | steps_t:     0 | t: 0.487452 | r:  -510.000000 | e:   1.000000 | Q:        nan | won: False 
#  137 | steps:  1539 | steps_t:     0 | t: 0.489469 | r:  -506.000000 | e:   1.000000 | Q:        nan | won: False 
#  138 | steps:  1545 | steps_t:     0 | t: 0.492455 | r:  -505.000000 | e:   1.000000 | Q:        nan | won: False 
#  139 | steps:  1555 | steps_t:     0 | t: 0.495452 | r:  -509.000000 | e:   1.000000 | Q:        nan | won: False 
#  140 | steps:  1564 | steps_t:     0 | t: 0.497440 | r:  -508.000000 | e:   1.000000 | Q:        nan | won: False 
#  141 | steps:  1570 | steps_t:     0 | t: 0.499443 | r:  -505.000000 | e:   1.000000 | Q:        nan | won: False 
#  142 | steps:  1581 | steps_t:     0 | t: 0.503359 | r:  -510.000000 | e:   1.000000 | Q:        nan | won: False 
#  143 | steps:  1588 | steps_t:     0 | t: 0.505417 | r:  -506.000000 | e:   1.000000 | Q:        nan | won: False 
#  144 | steps:  1608 | steps_t:     0 | t: 0.511402 | r:  -519.000000 | e:   1.000000 | Q:        nan | won: False 
#  145 | steps:  1615 | steps_t:     0 | t: 0.513322 | r:  -506.000000 | e:   1.000000 | Q:        nan | won: False 
#  146 | steps:  1626 | steps_t:     0 | t: 0.517358 | r:  -510.000000 | e:   1.000000 | Q:        nan | won: False 
#  147 | steps:  1633 | steps_t:     0 | t: 0.520299 | r:  -506.000000 | e:   1.000000 | Q:        nan | won: False 
#  148 | steps:  1643 | steps_t:     0 | t: 0.523354 | r:  -509.000000 | e:   1.000000 | Q:        nan | won: False 
#  149 | steps:  1650 | steps_t:     0 | t: 0.525354 | r:  -506.000000 | e:   1.000000 | Q:        nan | won: False 
#  150 | steps:  1656 | steps_t:     0 | t: 0.527348 | r:  -505.000000 | e:   1.000000 | Q:        nan | won: False 
#  151 | steps:  1666 | steps_t:     0 | t: 0.530308 | r:  -509.000000 | e:   1.000000 | Q:        nan | won: False 
#  152 | steps:  1671 | steps_t:     0 | t: 0.533302 | r:  -504.000000 | e:   1.000000 | Q:        nan | won: False 
#  153 | steps:  1683 | steps_t:     0 | t: 0.538306 | r:  -511.000000 | e:   1.000000 | Q:        nan | won: False 
#  154 | steps:  1691 | steps_t:     0 | t: 0.541278 | r:  -507.000000 | e:   1.000000 | Q:        nan | won: False 
#  155 | steps:  1700 | steps_t:     0 | t: 0.544268 | r:  -508.000000 | e:   1.000000 | Q:        nan | won: False 
#  156 | steps:  1707 | steps_t:     0 | t: 0.547516 | r:  -506.000000 | e:   1.000000 | Q:        nan | won: False 
#  157 | steps:  1715 | steps_t:     0 | t: 0.551533 | r:  -507.000000 | e:   1.000000 | Q:        nan | won: False 
#  158 | steps:  1722 | steps_t:     0 | t: 0.554520 | r:  -506.000000 | e:   1.000000 | Q:        nan | won: False 
#  159 | steps:  1733 | steps_t:     0 | t: 0.557520 | r:  -510.000000 | e:   1.000000 | Q:        nan | won: False 
#  160 | steps:  1741 | steps_t:     0 | t: 0.560184 | r:  -507.000000 | e:   1.000000 | Q:        nan | won: False 
#  161 | steps:  1755 | steps_t:     0 | t: 0.566216 | r:  -502.000000 | e:   1.000000 | Q:        nan | won: False 
#  162 | steps:  1771 | steps_t:     0 | t: 0.570157 | r:  -515.000000 | e:   1.000000 | Q:        nan | won: False 
#  163 | steps:  1781 | steps_t:     0 | t: 0.574212 | r:  -509.000000 | e:   1.000000 | Q:        nan | won: False 
#  164 | steps:  1797 | steps_t:     0 | t: 0.579202 | r:  -515.000000 | e:   1.000000 | Q:        nan | won: False 
#  165 | steps:  1804 | steps_t:     0 | t: 0.581183 | r:  -506.000000 | e:   1.000000 | Q:        nan | won: False 
#  166 | steps:  1810 | steps_t:     0 | t: 0.583177 | r:  -505.000000 | e:   1.000000 | Q:        nan | won: False 
#  167 | steps:  1821 | steps_t:     0 | t: 0.586172 | r:  -510.000000 | e:   1.000000 | Q:        nan | won: False 
#  168 | steps:  1830 | steps_t:     0 | t: 0.590154 | r:  -508.000000 | e:   1.000000 | Q:        nan | won: False 
#  169 | steps:  1838 | steps_t:     0 | t: 0.592147 | r:  -507.000000 | e:   1.000000 | Q:        nan | won: False 
#  170 | steps:  1848 | steps_t:     0 | t: 0.595146 | r:  -509.000000 | e:   1.000000 | Q:        nan | won: False 
#  171 | steps:  1855 | steps_t:     0 | t: 0.597132 | r:  -506.000000 | e:   1.000000 | Q:        nan | won: False 
#  172 | steps:  1924 | steps_t:     0 | t: 0.678472 | r:  -557.000000 | e:   1.000000 | Q:        nan | won: False 
#  173 | steps:  1937 | steps_t:     0 | t: 0.682529 | r:  -512.000000 | e:   1.000000 | Q:        nan | won: False 
#  174 | steps:  1953 | steps_t:     0 | t: 0.687504 | r:  -515.000000 | e:   1.000000 | Q:        nan | won: False 
#  175 | steps:  1975 | steps_t:     0 | t: 0.693525 | r:  -521.000000 | e:   1.000000 | Q:        nan | won: False 
#  176 | steps:  1992 | steps_t:     0 | t: 0.698461 | r:  -516.000000 | e:   1.000000 | Q:        nan | won: False 
#  177 | steps:  2013 | steps_t:     0 | t: 0.704384 | r:  -520.000000 | e:   1.000000 | Q:        nan | won: False 
#  178 | steps:  2025 | steps_t:     0 | t: 0.708371 | r:  -511.000000 | e:   1.000000 | Q:        nan | won: False 
#  179 | steps:  2036 | steps_t:     0 | t: 0.711358 | r:  -510.000000 | e:   1.000000 | Q:        nan | won: False 
#  180 | steps:  2044 | steps_t:     0 | t: 0.714350 | r:  -507.000000 | e:   1.000000 | Q:        nan | won: False 
#  181 | steps:  2055 | steps_t:     0 | t: 0.717385 | r:  -510.000000 | e:   1.000000 | Q:        nan | won: False 
#  182 | steps:  2063 | steps_t:     0 | t: 0.721402 | r:  -507.000000 | e:   1.000000 | Q:        nan | won: False 
#  183 | steps:  2087 | steps_t:     0 | t: 0.728348 | r:  -523.000000 | e:   1.000000 | Q:        nan | won: False 
#  184 | steps:  2097 | steps_t:     0 | t: 0.731344 | r:  -509.000000 | e:   1.000000 | Q:        nan | won: False 
#  185 | steps:  2102 | steps_t:     0 | t: 0.733324 | r:  -504.000000 | e:   1.000000 | Q:        nan | won: False 
#  186 | steps:  2118 | steps_t:     0 | t: 0.738311 | r:  -515.000000 | e:   1.000000 | Q:        nan | won: False 
#  187 | steps:  2126 | steps_t:     0 | t: 0.741331 | r:  -507.000000 | e:   1.000000 | Q:        nan | won: False 
#  188 | steps:  2139 | steps_t:     0 | t: 0.745321 | r:  -512.000000 | e:   1.000000 | Q:        nan | won: False 
#  189 | steps:  2149 | steps_t:     0 | t: 0.748305 | r:  -509.000000 | e:   1.000000 | Q:        nan | won: False 
#  190 | steps:  2161 | steps_t:     0 | t: 0.751221 | r:  -511.000000 | e:   1.000000 | Q:        nan | won: False 
#  191 | steps:  2175 | steps_t:     0 | t: 0.756259 | r:  -513.000000 | e:   1.000000 | Q:        nan | won: False 
#  192 | steps:  2187 | steps_t:     0 | t: 0.759246 | r:  -511.000000 | e:   1.000000 | Q:        nan | won: False 
#  193 | steps:  2194 | steps_t:     0 | t: 0.761240 | r:  -506.000000 | e:   1.000000 | Q:        nan | won: False 
#  194 | steps:  2200 | steps_t:     0 | t: 0.763230 | r:  -505.000000 | e:   1.000000 | Q:        nan | won: False 
#  195 | steps:  2210 | steps_t:     0 | t: 0.767221 | r:  -509.000000 | e:   1.000000 | Q:        nan | won: False 
#  196 | steps:  2220 | steps_t:     0 | t: 0.770159 | r:  -509.000000 | e:   1.000000 | Q:        nan | won: False 
#  197 | steps:  2228 | steps_t:     0 | t: 0.773228 | r:  -507.000000 | e:   1.000000 | Q:        nan | won: False 
#  198 | steps:  2249 | steps_t:     0 | t: 0.778179 | r:  -520.000000 | e:   1.000000 | Q:        nan | won: False 
#  199 | steps:  2255 | steps_t:     0 | t: 0.780178 | r:  -505.000000 | e:   1.000000 | Q:        nan | won: False 
#  200 | steps:  2262 | steps_t:     0 | t: 0.783178 | r:  -506.000000 | e:   1.000000 | Q:        nan | won: False 
#  201 | steps:  2273 | steps_t:     0 | t: 0.786176 | r:  -510.000000 | e:   1.000000 | Q:        nan | won: False 
#  202 | steps:  2280 | steps_t:     0 | t: 0.789157 | r:  -506.000000 | e:   1.000000 | Q:        nan | won: False 
#  203 | steps:  2287 | steps_t:     0 | t: 0.791158 | r:  -506.000000 | e:   1.000000 | Q:        nan | won: False 
#  204 | steps:  2298 | steps_t:     0 | t: 0.794150 | r:  -510.000000 | e:   1.000000 | Q:        nan | won: False 
#  205 | steps:  2305 | steps_t:     0 | t: 0.796146 | r:  -506.000000 | e:   1.000000 | Q:        nan | won: False 
#  206 | steps:  2313 | steps_t:     0 | t: 0.800129 | r:  -507.000000 | e:   1.000000 | Q:        nan | won: False 
#  207 | steps:  2322 | steps_t:     0 | t: 0.804047 | r:  -508.000000 | e:   1.000000 | Q:        nan | won: False 
#  208 | steps:  2330 | steps_t:     0 | t: 0.806104 | r:  -507.000000 | e:   1.000000 | Q:        nan | won: False 
#  209 | steps:  2344 | steps_t:     0 | t: 0.810096 | r:  -513.000000 | e:   1.000000 | Q:        nan | won: False 
#  210 | steps:  2353 | steps_t:     0 | t: 0.812096 | r:  -508.000000 | e:   1.000000 | Q:        nan | won: False 
#  211 | steps:  2360 | steps_t:     0 | t: 0.814089 | r:  -506.000000 | e:   1.000000 | Q:        nan | won: False 
#  212 | steps:  2375 | steps_t:     0 | t: 0.818069 | r:  -514.000000 | e:   1.000000 | Q:        nan | won: False 
#  213 | steps:  2384 | steps_t:     0 | t: 0.821031 | r:  -508.000000 | e:   1.000000 | Q:        nan | won: False 
#  214 | steps:  2395 | steps_t:     0 | t: 0.824045 | r:  -510.000000 | e:   1.000000 | Q:        nan | won: False 
#  215 | steps:  2403 | steps_t:     0 | t: 0.827035 | r:  -507.000000 | e:   1.000000 | Q:        nan | won: False 
#  216 | steps:  2412 | steps_t:     0 | t: 0.830016 | r:  -508.000000 | e:   1.000000 | Q:        nan | won: False 
#  217 | steps:  2421 | steps_t:     0 | t: 0.833009 | r:  -508.000000 | e:   1.000000 | Q:        nan | won: False 
#  218 | steps:  2430 | steps_t:     0 | t: 0.834988 | r:  -508.000000 | e:   1.000000 | Q:        nan | won: False 
#  219 | steps:  2443 | steps_t:     0 | t: 0.838976 | r:  -512.000000 | e:   1.000000 | Q:        nan | won: False 
#  220 | steps:  2453 | steps_t:     0 | t: 0.841965 | r:  -509.000000 | e:   1.000000 | Q:        nan | won: False 
#  221 | steps:  2467 | steps_t:     0 | t: 0.845947 | r:  -491.000000 | e:   1.000000 | Q:        nan | won: False 
#  222 | steps:  2476 | steps_t:     0 | t: 0.848939 | r:  -508.000000 | e:   1.000000 | Q:        nan | won: False 
#  223 | steps:  2491 | steps_t:     0 | t: 0.852926 | r:  -514.000000 | e:   1.000000 | Q:        nan | won: False 
#  224 | steps:  2499 | steps_t:     0 | t: 0.855921 | r:  -507.000000 | e:   1.000000 | Q:        nan | won: False 
#  225 | steps:  2505 | steps_t:     0 | t: 0.857918 | r:  -505.000000 | e:   1.000000 | Q:        nan | won: False 
#  226 | steps:  2513 | steps_t:     0 | t: 0.859906 | r:  -507.000000 | e:   1.000000 | Q:        nan | won: False 
#  227 | steps:  2525 | steps_t:     0 | t: 0.864842 | r:  -511.000000 | e:   1.000000 | Q:        nan | won: False 
#  228 | steps:  2533 | steps_t:     0 | t: 0.867832 | r:  -507.000000 | e:   1.000000 | Q:        nan | won: False 
#  229 | steps:  2540 | steps_t:     0 | t: 0.869825 | r:  -506.000000 | e:   1.000000 | Q:        nan | won: False 
#  230 | steps:  2553 | steps_t:     0 | t: 0.873881 | r:  -512.000000 | e:   1.000000 | Q:        nan | won: False 
#  231 | steps:  2568 | steps_t:     0 | t: 0.877867 | r:  -514.000000 | e:   1.000000 | Q:        nan | won: False 
#  232 | steps:  2575 | steps_t:     0 | t: 0.880860 | r:  -506.000000 | e:   1.000000 | Q:        nan | won: False 
#  233 | steps:  2584 | steps_t:     0 | t: 0.882849 | r:  -508.000000 | e:   1.000000 | Q:        nan | won: False 
#  234 | steps:  2594 | steps_t:     0 | t: 0.886770 | r:  -509.000000 | e:   1.000000 | Q:        nan | won: False 
#  235 | steps:  2603 | steps_t:     0 | t: 0.889827 | r:  -508.000000 | e:   1.000000 | Q:        nan | won: False 
#  236 | steps:  2611 | steps_t:     0 | t: 0.892828 | r:  -507.000000 | e:   1.000000 | Q:        nan | won: False 
#  237 | steps:  2621 | steps_t:     0 | t: 0.895809 | r:  -509.000000 | e:   1.000000 | Q:        nan | won: False 
#  238 | steps:  2626 | steps_t:     0 | t: 0.897799 | r:  -504.000000 | e:   1.000000 | Q:        nan | won: False 
#  239 | steps:  2632 | steps_t:     0 | t: 0.899790 | r:  -505.000000 | e:   1.000000 | Q:        nan | won: False 
#  240 | steps:  2639 | steps_t:     0 | t: 0.901787 | r:  -506.000000 | e:   1.000000 | Q:        nan | won: False 
#  241 | steps:  2648 | steps_t:     0 | t: 0.904772 | r:  -508.000000 | e:   1.000000 | Q:        nan | won: False 
#  242 | steps:  2655 | steps_t:     0 | t: 0.907764 | r:  -506.000000 | e:   1.000000 | Q:        nan | won: False 
#  243 | steps:  2664 | steps_t:     0 | t: 0.910755 | r:  -508.000000 | e:   1.000000 | Q:        nan | won: False 
#  244 | steps:  2670 | steps_t:     0 | t: 0.912744 | r:  -505.000000 | e:   1.000000 | Q:        nan | won: False 
#  245 | steps:  2678 | steps_t:     0 | t: 0.915736 | r:  -507.000000 | e:   1.000000 | Q:        nan | won: False 
#  246 | steps:  2686 | steps_t:     0 | t: 0.918663 | r:  -507.000000 | e:   1.000000 | Q:        nan | won: False 
#  247 | steps:  2697 | steps_t:     0 | t: 0.921711 | r:  -510.000000 | e:   1.000000 | Q:        nan | won: False 
#  248 | steps:  2704 | steps_t:     0 | t: 0.924688 | r:  -506.000000 | e:   1.000000 | Q:        nan | won: False 
#  249 | steps:  2726 | steps_t:     0 | t: 0.930695 | r:  -521.000000 | e:   1.000000 | Q:        nan | won: False 
#  250 | steps:  2735 | steps_t:     0 | t: 0.933688 | r:  -508.000000 | e:   1.000000 | Q:        nan | won: False 
#  251 | steps:  2744 | steps_t:     0 | t: 0.936610 | r:  -508.000000 | e:   1.000000 | Q:        nan | won: False 
#  252 | steps:  2764 | steps_t:     0 | t: 0.942640 | r:  -519.000000 | e:   1.000000 | Q:        nan | won: False 
#  253 | steps:  2773 | steps_t:     0 | t: 0.945641 | r:  -508.000000 | e:   1.000000 | Q:        nan | won: False 
#  254 | steps:  2795 | steps_t:     0 | t: 0.951627 | r:  -521.000000 | e:   1.000000 | Q:        nan | won: False 
#  255 | steps:  2809 | steps_t:     0 | t: 0.955608 | r:  -513.000000 | e:   1.000000 | Q:        nan | won: False 
#  256 | steps:  2817 | steps_t:     0 | t: 0.958597 | r:  -507.000000 | e:   1.000000 | Q:        nan | won: False 
#  257 | steps:  2825 | steps_t:     0 | t: 0.960588 | r:  -507.000000 | e:   1.000000 | Q:        nan | won: False 
#  258 | steps:  2844 | steps_t:     0 | t: 0.965579 | r:  -518.000000 | e:   1.000000 | Q:        nan | won: False 
#  259 | steps:  2860 | steps_t:     0 | t: 0.969563 | r:  -504.000000 | e:   1.000000 | Q:        nan | won: False 
#  260 | steps:  2878 | steps_t:     0 | t: 0.974818 | r:  -517.000000 | e:   1.000000 | Q:        nan | won: False 
#  261 | steps:  2886 | steps_t:     0 | t: 0.977807 | r:  -507.000000 | e:   1.000000 | Q:        nan | won: False 
#  262 | steps:  2893 | steps_t:     0 | t: 0.979797 | r:  -506.000000 | e:   1.000000 | Q:        nan | won: False 
#  263 | steps:  2900 | steps_t:     0 | t: 0.981785 | r:  -506.000000 | e:   1.000000 | Q:        nan | won: False 
#  264 | steps:  2910 | steps_t:     0 | t: 0.984785 | r:  -509.000000 | e:   1.000000 | Q:        nan | won: False 
#  265 | steps:  2924 | steps_t:     0 | t: 0.988701 | r:  -513.000000 | e:   1.000000 | Q:        nan | won: False 
#  266 | steps:  2937 | steps_t:     0 | t: 0.992761 | r:  -501.000000 | e:   1.000000 | Q:        nan | won: False 
#  267 | steps:  2968 | steps_t:     0 | t: 1.000731 | r:  -530.000000 | e:   1.000000 | Q:        nan | won: False 
#  268 | steps:  2975 | steps_t:     0 | t: 1.003692 | r:  -506.000000 | e:   1.000000 | Q:        nan | won: False 
#  269 | steps:  2993 | steps_t:     0 | t: 1.008708 | r:  -517.000000 | e:   1.000000 | Q:        nan | won: False 
#  270 | steps:  3003 | steps_t:     0 | t: 1.011688 | r:  -509.000000 | e:   1.000000 | Q:        nan | won: False 
#  271 | steps:  3010 | steps_t:     0 | t: 1.013687 | r:  -506.000000 | e:   1.000000 | Q:        nan | won: False 
#  272 | steps:  3017 | steps_t:     0 | t: 1.015685 | r:  -506.000000 | e:   1.000000 | Q:        nan | won: False 
#  273 | steps:  3033 | steps_t:     0 | t: 1.020593 | r:  -515.000000 | e:   1.000000 | Q:        nan | won: False 
#  274 | steps:  3060 | steps_t:     0 | t: 1.027619 | r:  -515.000000 | e:   1.000000 | Q:        nan | won: False 
#  275 | steps:  3069 | steps_t:     0 | t: 1.030632 | r:  -508.000000 | e:   1.000000 | Q:        nan | won: False 
#  276 | steps:  3076 | steps_t:     0 | t: 1.032620 | r:  -506.000000 | e:   1.000000 | Q:        nan | won: False 
#  277 | steps:  3083 | steps_t:     0 | t: 1.035674 | r:  -506.000000 | e:   1.000000 | Q:        nan | won: False 
#  278 | steps:  3091 | steps_t:     0 | t: 1.038945 | r:  -507.000000 | e:   1.000000 | Q:        nan | won: False 
#  279 | steps:  3101 | steps_t:     0 | t: 1.042941 | r:  -509.000000 | e:   1.000000 | Q:        nan | won: False 
#  280 | steps:  3113 | steps_t:     0 | t: 1.045931 | r:  -511.000000 | e:   1.000000 | Q:        nan | won: False 
#  281 | steps:  3122 | steps_t:     0 | t: 1.048934 | r:  -508.000000 | e:   1.000000 | Q:        nan | won: False 
#  282 | steps:  3137 | steps_t:     0 | t: 1.053959 | r:  -503.000000 | e:   1.000000 | Q:        nan | won: False 
#  283 | steps:  3149 | steps_t:     0 | t: 1.057924 | r:  -511.000000 | e:   1.000000 | Q:        nan | won: False 
#  284 | steps:  3164 | steps_t:     0 | t: 1.061939 | r:  -503.000000 | e:   1.000000 | Q:        nan | won: False 
#  285 | steps:  3184 | steps_t:     0 | t: 1.068916 | r:  -519.000000 | e:   1.000000 | Q:        nan | won: False 
#  286 | steps:  3194 | steps_t:     0 | t: 1.072833 | r:  -509.000000 | e:   1.000000 | Q:        nan | won: False 
#  287 | steps:  3204 | steps_t:     0 | t: 1.075871 | r:  -509.000000 | e:   1.000000 | Q:        nan | won: False 
#  288 | steps:  3223 | steps_t:     0 | t: 1.080884 | r:  -518.000000 | e:   1.000000 | Q:        nan | won: False 
#  289 | steps:  3245 | steps_t:     0 | t: 1.087096 | r:  -521.000000 | e:   1.000000 | Q:        nan | won: False 
#  290 | steps:  3253 | steps_t:     0 | t: 1.090099 | r:  -507.000000 | e:   1.000000 | Q:        nan | won: False 
#  291 | steps:  3261 | steps_t:     0 | t: 1.093089 | r:  -507.000000 | e:   1.000000 | Q:        nan | won: False 
#  292 | steps:  3272 | steps_t:     0 | t: 1.096101 | r:  -510.000000 | e:   1.000000 | Q:        nan | won: False 
#  293 | steps:  3280 | steps_t:     0 | t: 1.098072 | r:  -507.000000 | e:   1.000000 | Q:        nan | won: False 
#  294 | steps:  3289 | steps_t:     0 | t: 1.101062 | r:  -508.000000 | e:   1.000000 | Q:        nan | won: False 
#  295 | steps:  3298 | steps_t:     0 | t: 1.104035 | r:  -508.000000 | e:   1.000000 | Q:        nan | won: False 
#  296 | steps:  3306 | steps_t:     0 | t: 1.107052 | r:  -507.000000 | e:   1.000000 | Q:        nan | won: False 
#  297 | steps:  3319 | steps_t:     0 | t: 1.110047 | r:  -512.000000 | e:   1.000000 | Q:        nan | won: False 
#  298 | steps:  3328 | steps_t:     0 | t: 1.113020 | r:  -508.000000 | e:   1.000000 | Q:        nan | won: False 
#  299 | steps:  3337 | steps_t:     0 | t: 1.116011 | r:  -508.000000 | e:   1.000000 | Q:        nan | won: False 
#  300 | steps:  3345 | steps_t:     0 | t: 1.119003 | r:  -507.000000 | e:   1.000000 | Q:        nan | won: False 
#  301 | steps:  3353 | steps_t:     0 | t: 1.121989 | r:  -507.000000 | e:   1.000000 | Q:        nan | won: False 
#  302 | steps:  3359 | steps_t:     0 | t: 1.123984 | r:  -505.000000 | e:   1.000000 | Q:        nan | won: False 
#  303 | steps:  3368 | steps_t:     0 | t: 1.126981 | r:  -508.000000 | e:   1.000000 | Q:        nan | won: False 
#  304 | steps:  3375 | steps_t:     0 | t: 1.128904 | r:  -506.000000 | e:   1.000000 | Q:        nan | won: False 
#  305 | steps:  3385 | steps_t:     0 | t: 1.131700 | r:  -509.000000 | e:   1.000000 | Q:        nan | won: False 
#  306 | steps:  3404 | steps_t:     0 | t: 1.136671 | r:  -518.000000 | e:   1.000000 | Q:        nan | won: False 
#  307 | steps:  3414 | steps_t:     0 | t: 1.139664 | r:  -509.000000 | e:   1.000000 | Q:        nan | won: False 
#  308 | steps:  3433 | steps_t:     0 | t: 1.145655 | r:  -518.000000 | e:   1.000000 | Q:        nan | won: False 
#  309 | steps:  3443 | steps_t:     0 | t: 1.148646 | r:  -509.000000 | e:   1.000000 | Q:        nan | won: False 
#  310 | steps:  3450 | steps_t:     0 | t: 1.150631 | r:  -506.000000 | e:   1.000000 | Q:        nan | won: False 
#  311 | steps:  3458 | steps_t:     0 | t: 1.152625 | r:  -507.000000 | e:   1.000000 | Q:        nan | won: False 
#  312 | steps:  3469 | steps_t:     0 | t: 1.156561 | r:  -510.000000 | e:   1.000000 | Q:        nan | won: False 
#  313 | steps:  3479 | steps_t:     0 | t: 1.158555 | r:  -509.000000 | e:   1.000000 | Q:        nan | won: False 
#  314 | steps:  3490 | steps_t:     0 | t: 1.162606 | r:  -510.000000 | e:   1.000000 | Q:        nan | won: False 
#  315 | steps:  3514 | steps_t:     0 | t: 1.168580 | r:  -523.000000 | e:   1.000000 | Q:        nan | won: False 
#  316 | steps:  3528 | steps_t:     0 | t: 1.172553 | r:  -513.000000 | e:   1.000000 | Q:        nan | won: False 
#  317 | steps:  3537 | steps_t:     0 | t: 1.175552 | r:  -508.000000 | e:   1.000000 | Q:        nan | won: False 
#  318 | steps:  3546 | steps_t:     0 | t: 1.178550 | r:  -508.000000 | e:   1.000000 | Q:        nan | won: False 
#  319 | steps:  3556 | steps_t:     0 | t: 1.181526 | r:  -509.000000 | e:   1.000000 | Q:        nan | won: False 
#  320 | steps:  3563 | steps_t:     0 | t: 1.183527 | r:  -506.000000 | e:   1.000000 | Q:        nan | won: False 
#  321 | steps:  3572 | steps_t:     0 | t: 1.186533 | r:  -508.000000 | e:   1.000000 | Q:        nan | won: False 
#  322 | steps:  3585 | steps_t:     0 | t: 1.190185 | r:  -512.000000 | e:   1.000000 | Q:        nan | won: False 
#  323 | steps:  3594 | steps_t:     0 | t: 1.193170 | r:  -508.000000 | e:   1.000000 | Q:        nan | won: False 
#  324 | steps:  3602 | steps_t:     0 | t: 1.196178 | r:  -507.000000 | e:   1.000000 | Q:        nan | won: False 
#  325 | steps:  3612 | steps_t:     0 | t: 1.199172 | r:  -509.000000 | e:   1.000000 | Q:        nan | won: False 
#  326 | steps:  3631 | steps_t:     0 | t: 1.205133 | r:  -518.000000 | e:   1.000000 | Q:        nan | won: False 
#  327 | steps:  3639 | steps_t:     0 | t: 1.208103 | r:  -507.000000 | e:   1.000000 | Q:        nan | won: False 
#  328 | steps:  3646 | steps_t:     0 | t: 1.210114 | r:  -506.000000 | e:   1.000000 | Q:        nan | won: False 
#  329 | steps:  3654 | steps_t:     0 | t: 1.213116 | r:  -507.000000 | e:   1.000000 | Q:        nan | won: False 
#  330 | steps:  3666 | steps_t:     0 | t: 1.216105 | r:  -511.000000 | e:   1.000000 | Q:        nan | won: False 
#  331 | steps:  3678 | steps_t:     0 | t: 1.220052 | r:  -511.000000 | e:   1.000000 | Q:        nan | won: False 
#  332 | steps:  3684 | steps_t:     0 | t: 1.222076 | r:  -505.000000 | e:   1.000000 | Q:        nan | won: False 
#  333 | steps:  3695 | steps_t:     0 | t: 1.225066 | r:  -510.000000 | e:   1.000000 | Q:        nan | won: False 
#  334 | steps:  3707 | steps_t:     0 | t: 1.229059 | r:  -511.000000 | e:   1.000000 | Q:        nan | won: False 
#  335 | steps:  3719 | steps_t:     0 | t: 1.232059 | r:  -511.000000 | e:   1.000000 | Q:        nan | won: False 
#  336 | steps:  3729 | steps_t:     0 | t: 1.235041 | r:  -509.000000 | e:   1.000000 | Q:        nan | won: False 
#  337 | steps:  3738 | steps_t:     0 | t: 1.238018 | r:  -508.000000 | e:   1.000000 | Q:        nan | won: False 
#  338 | steps:  3750 | steps_t:     0 | t: 1.241991 | r:  -511.000000 | e:   1.000000 | Q:        nan | won: False 
#  339 | steps:  3761 | steps_t:     0 | t: 1.244981 | r:  -510.000000 | e:   1.000000 | Q:        nan | won: False 
#  340 | steps:  3769 | steps_t:     0 | t: 1.247971 | r:  -507.000000 | e:   1.000000 | Q:        nan | won: False 
#  341 | steps:  3782 | steps_t:     0 | t: 1.250965 | r:  -512.000000 | e:   1.000000 | Q:        nan | won: False 
#  342 | steps:  3788 | steps_t:     0 | t: 1.254601 | r:  -505.000000 | e:   1.000000 | Q:        nan | won: False 
#  343 | steps:  3798 | steps_t:     0 | t: 1.257822 | r:  -509.000000 | e:   1.000000 | Q:        nan | won: False 
#  344 | steps:  3810 | steps_t:     0 | t: 1.260809 | r:  -511.000000 | e:   1.000000 | Q:        nan | won: False 
#  345 | steps:  3819 | steps_t:     0 | t: 1.263800 | r:  -508.000000 | e:   1.000000 | Q:        nan | won: False 
#  346 | steps:  3825 | steps_t:     0 | t: 1.264791 | r:  -505.000000 | e:   1.000000 | Q:        nan | won: False 
#  347 | steps:  3839 | steps_t:     0 | t: 1.268780 | r:  -513.000000 | e:   1.000000 | Q:        nan | won: False 
#  348 | steps:  3848 | steps_t:     0 | t: 1.273763 | r:  -508.000000 | e:   1.000000 | Q:        nan | won: False 
#  349 | steps:  3858 | steps_t:     0 | t: 1.276752 | r:  -509.000000 | e:   1.000000 | Q:        nan | won: False 
#  350 | steps:  3866 | steps_t:     0 | t: 1.278752 | r:  -507.000000 | e:   1.000000 | Q:        nan | won: False 
#  351 | steps:  3876 | steps_t:     0 | t: 1.281741 | r:  -509.000000 | e:   1.000000 | Q:        nan | won: False 
#  352 | steps:  3892 | steps_t:     0 | t: 1.285730 | r:  -515.000000 | e:   1.000000 | Q:        nan | won: False 
#  353 | steps:  3898 | steps_t:     0 | t: 1.288732 | r:  -505.000000 | e:   1.000000 | Q:        nan | won: False 
#  354 | steps:  3905 | steps_t:     0 | t: 1.290705 | r:  -506.000000 | e:   1.000000 | Q:        nan | won: False 
#  355 | steps:  3911 | steps_t:     0 | t: 1.292705 | r:  -505.000000 | e:   1.000000 | Q:        nan | won: False 
#  356 | steps:  3925 | steps_t:     0 | t: 1.296691 | r:  -513.000000 | e:   1.000000 | Q:        nan | won: False 
#  357 | steps:  3935 | steps_t:     0 | t: 1.298677 | r:  -509.000000 | e:   1.000000 | Q:        nan | won: False 
#  358 | steps:  3954 | steps_t:     0 | t: 1.305310 | r:  -518.000000 | e:   1.000000 | Q:        nan | won: False 
#  359 | steps:  3971 | steps_t:     0 | t: 1.309300 | r:  -516.000000 | e:   1.000000 | Q:        nan | won: False 
#  360 | steps:  3982 | steps_t:     0 | t: 1.312292 | r:  -510.000000 | e:   1.000000 | Q:        nan | won: False 
#  361 | steps:  3992 | steps_t:     0 | t: 1.315287 | r:  -509.000000 | e:   1.000000 | Q:        nan | won: False 
#  362 | steps:  4000 | steps_t:     0 | t: 1.318282 | r:  -507.000000 | e:   1.000000 | Q:        nan | won: False 
#  363 | steps:  4012 | steps_t:     0 | t: 1.323265 | r:  -511.000000 | e:   1.000000 | Q:        nan | won: False 
#  364 | steps:  4018 | steps_t:     0 | t: 1.325259 | r:  -505.000000 | e:   1.000000 | Q:        nan | won: False 
#  365 | steps:  4027 | steps_t:     0 | t: 1.328260 | r:  -508.000000 | e:   1.000000 | Q:        nan | won: False 
#  366 | steps:  4071 | steps_t:     0 | t: 1.340208 | r:  -532.000000 | e:   1.000000 | Q:        nan | won: False 
#  367 | steps:  4081 | steps_t:     0 | t: 1.343207 | r:  -509.000000 | e:   1.000000 | Q:        nan | won: False 
#  368 | steps:  4087 | steps_t:     0 | t: 1.345199 | r:  -505.000000 | e:   1.000000 | Q:        nan | won: False 
#  369 | steps:  4102 | steps_t:     0 | t: 1.349193 | r:  -503.000000 | e:   1.000000 | Q:        nan | won: False 
#  370 | steps:  4110 | steps_t:     0 | t: 1.351181 | r:  -507.000000 | e:   1.000000 | Q:        nan | won: False 
#  371 | steps:  4120 | steps_t:     0 | t: 1.355174 | r:  -509.000000 | e:   1.000000 | Q:        nan | won: False 
#  372 | steps:  4132 | steps_t:     0 | t: 1.359144 | r:  -511.000000 | e:   1.000000 | Q:        nan | won: False 
#  373 | steps:  4141 | steps_t:     0 | t: 1.361144 | r:  -508.000000 | e:   1.000000 | Q:        nan | won: False 
#  374 | steps:  4150 | steps_t:     0 | t: 1.364134 | r:  -508.000000 | e:   1.000000 | Q:        nan | won: False 
#  375 | steps:  4160 | steps_t:     0 | t: 1.367055 | r:  -509.000000 | e:   1.000000 | Q:        nan | won: False 
#  376 | steps:  4178 | steps_t:     0 | t: 1.372934 | r:  -506.000000 | e:   1.000000 | Q:        nan | won: False 
#  377 | steps:  4188 | steps_t:     0 | t: 1.374928 | r:  -509.000000 | e:   1.000000 | Q:        nan | won: False 
#  378 | steps:  4196 | steps_t:     0 | t: 1.377934 | r:  -507.000000 | e:   1.000000 | Q:        nan | won: False 
#  379 | steps:  4206 | steps_t:     0 | t: 1.379918 | r:  -509.000000 | e:   1.000000 | Q:        nan | won: False 
#  380 | steps:  4213 | steps_t:     0 | t: 1.382853 | r:  -506.000000 | e:   1.000000 | Q:        nan | won: False 
#  381 | steps:  4222 | steps_t:     0 | t: 1.384846 | r:  -508.000000 | e:   1.000000 | Q:        nan | won: False 
#  382 | steps:  4241 | steps_t:     0 | t: 1.389829 | r:  -518.000000 | e:   1.000000 | Q:        nan | won: False 
#  383 | steps:  4254 | steps_t:     0 | t: 1.393816 | r:  -512.000000 | e:   1.000000 | Q:        nan | won: False 
#  384 | steps:  4269 | steps_t:     0 | t: 1.397803 | r:  -514.000000 | e:   1.000000 | Q:        nan | won: False 
#  385 | steps:  4279 | steps_t:     0 | t: 1.400792 | r:  -509.000000 | e:   1.000000 | Q:        nan | won: False 
#  386 | steps:  4290 | steps_t:     0 | t: 1.403790 | r:  -510.000000 | e:   1.000000 | Q:        nan | won: False 
#  387 | steps:  4311 | steps_t:     0 | t: 1.408766 | r:  -520.000000 | e:   1.000000 | Q:        nan | won: False 
#  388 | steps:  4318 | steps_t:     0 | t: 1.410760 | r:  -506.000000 | e:   1.000000 | Q:        nan | won: False 
#  389 | steps:  4325 | steps_t:     0 | t: 1.412753 | r:  -506.000000 | e:   1.000000 | Q:        nan | won: False 
#  390 | steps:  4333 | steps_t:     0 | t: 1.415809 | r:  -507.000000 | e:   1.000000 | Q:        nan | won: False 
#  391 | steps:  4346 | steps_t:     0 | t: 1.419725 | r:  -512.000000 | e:   1.000000 | Q:        nan | won: False 
#  392 | steps:  4357 | steps_t:     0 | t: 1.422759 | r:  -510.000000 | e:   1.000000 | Q:        nan | won: False 
#  393 | steps:  4366 | steps_t:     0 | t: 1.425771 | r:  -508.000000 | e:   1.000000 | Q:        nan | won: False 
#  394 | steps:  4373 | steps_t:     0 | t: 1.427766 | r:  -506.000000 | e:   1.000000 | Q:        nan | won: False 
#  395 | steps:  4382 | steps_t:     0 | t: 1.430731 | r:  -508.000000 | e:   1.000000 | Q:        nan | won: False 
#  396 | steps:  4393 | steps_t:     0 | t: 1.433724 | r:  -510.000000 | e:   1.000000 | Q:        nan | won: False 
#  397 | steps:  4404 | steps_t:     0 | t: 1.437702 | r:  -510.000000 | e:   1.000000 | Q:        nan | won: False 
#  398 | steps:  4418 | steps_t:     0 | t: 1.441731 | r:  -502.000000 | e:   1.000000 | Q:        nan | won: False 
#  399 | steps:  4440 | steps_t:     0 | t: 1.447707 | r:  -521.000000 | e:   1.000000 | Q:        nan | won: False 
#  400 | steps:  4461 | steps_t:     0 | t: 1.453660 | r:  -520.000000 | e:   1.000000 | Q:        nan | won: False 
#  401 | steps:  4475 | steps_t:     0 | t: 1.457670 | r:  -513.000000 | e:   1.000000 | Q:        nan | won: False 
#  402 | steps:  4482 | steps_t:     0 | t: 1.459662 | r:  -506.000000 | e:   1.000000 | Q:        nan | won: False 
#  403 | steps:  4489 | steps_t:     0 | t: 1.461647 | r:  -506.000000 | e:   1.000000 | Q:        nan | won: False 
#  404 | steps:  4497 | steps_t:     0 | t: 1.464638 | r:  -507.000000 | e:   1.000000 | Q:        nan | won: False 
#  405 | steps:  4509 | steps_t:     0 | t: 1.467635 | r:  -511.000000 | e:   1.000000 | Q:        nan | won: False 
#  406 | steps:  4518 | steps_t:     0 | t: 1.470556 | r:  -508.000000 | e:   1.000000 | Q:        nan | won: False 
#  407 | steps:  4527 | steps_t:     0 | t: 1.473554 | r:  -508.000000 | e:   1.000000 | Q:        nan | won: False 
#  408 | steps:  4534 | steps_t:     0 | t: 1.475548 | r:  -506.000000 | e:   1.000000 | Q:        nan | won: False 
#  409 | steps:  4540 | steps_t:     0 | t: 1.477677 | r:  -505.000000 | e:   1.000000 | Q:        nan | won: False 
#  410 | steps:  4545 | steps_t:     0 | t: 1.479664 | r:  -504.000000 | e:   1.000000 | Q:        nan | won: False 
#  411 | steps:  4562 | steps_t:     0 | t: 1.483651 | r:  -516.000000 | e:   1.000000 | Q:        nan | won: False 
#  412 | steps:  4571 | steps_t:     0 | t: 1.485644 | r:  -508.000000 | e:   1.000000 | Q:        nan | won: False 
#  413 | steps:  4580 | steps_t:     0 | t: 1.488635 | r:  -508.000000 | e:   1.000000 | Q:        nan | won: False 
#  414 | steps:  4592 | steps_t:     0 | t: 1.491624 | r:  -511.000000 | e:   1.000000 | Q:        nan | won: False 
#  415 | steps:  4604 | steps_t:     0 | t: 1.495616 | r:  -511.000000 | e:   1.000000 | Q:        nan | won: False 
#  416 | steps:  4614 | steps_t:     0 | t: 1.497604 | r:  -509.000000 | e:   1.000000 | Q:        nan | won: False 
#  417 | steps:  4623 | steps_t:     0 | t: 1.500595 | r:  -508.000000 | e:   1.000000 | Q:        nan | won: False 
#  418 | steps:  4634 | steps_t:     0 | t: 1.503577 | r:  -510.000000 | e:   1.000000 | Q:        nan | won: False 
#  419 | steps:  4642 | steps_t:     0 | t: 1.506574 | r:  -507.000000 | e:   1.000000 | Q:        nan | won: False 
#  420 | steps:  4650 | steps_t:     0 | t: 1.508568 | r:  -507.000000 | e:   1.000000 | Q:        nan | won: False 
#  421 | steps:  4663 | steps_t:     0 | t: 1.511570 | r:  -512.000000 | e:   1.000000 | Q:        nan | won: False 
#  422 | steps:  4669 | steps_t:     0 | t: 1.513551 | r:  -505.000000 | e:   1.000000 | Q:        nan | won: False 
#  423 | steps:  4680 | steps_t:     0 | t: 1.516541 | r:  -510.000000 | e:   1.000000 | Q:        nan | won: False 
#  424 | steps:  4687 | steps_t:     0 | t: 1.518534 | r:  -506.000000 | e:   1.000000 | Q:        nan | won: False 
#  425 | steps:  4716 | steps_t:     0 | t: 1.525501 | r:  -517.000000 | e:   1.000000 | Q:        nan | won: False 
#  426 | steps:  4726 | steps_t:     0 | t: 1.528501 | r:  -509.000000 | e:   1.000000 | Q:        nan | won: False 
#  427 | steps:  4748 | steps_t:     0 | t: 1.534481 | r:  -510.000000 | e:   1.000000 | Q:        nan | won: False 
#  428 | steps:  4759 | steps_t:     0 | t: 1.538469 | r:  -510.000000 | e:   1.000000 | Q:        nan | won: False 
#  429 | steps:  4772 | steps_t:     0 | t: 1.543442 | r:  -512.000000 | e:   1.000000 | Q:        nan | won: False 
#  430 | steps:  4781 | steps_t:     0 | t: 1.546433 | r:  -508.000000 | e:   1.000000 | Q:        nan | won: False 
#  431 | steps:  4791 | steps_t:     0 | t: 1.550419 | r:  -509.000000 | e:   1.000000 | Q:        nan | won: False 
#  432 | steps:  4802 | steps_t:     0 | t: 1.553410 | r:  -510.000000 | e:   1.000000 | Q:        nan | won: False 
#  433 | steps:  4810 | steps_t:     0 | t: 1.556400 | r:  -507.000000 | e:   1.000000 | Q:        nan | won: False 
#  434 | steps:  4817 | steps_t:     0 | t: 1.559390 | r:  -506.000000 | e:   1.000000 | Q:        nan | won: False 
#  435 | steps:  4829 | steps_t:     0 | t: 1.562379 | r:  -511.000000 | e:   1.000000 | Q:        nan | won: False 
#  436 | steps:  4839 | steps_t:     0 | t: 1.565370 | r:  -509.000000 | e:   1.000000 | Q:        nan | won: False 
#  437 | steps:  4847 | steps_t:     0 | t: 1.568359 | r:  -507.000000 | e:   1.000000 | Q:        nan | won: False 
#  438 | steps:  4861 | steps_t:     0 | t: 1.572404 | r:  -513.000000 | e:   1.000000 | Q:        nan | won: False 
#  439 | steps:  4873 | steps_t:     0 | t: 1.576400 | r:  -511.000000 | e:   1.000000 | Q:        nan | won: False 
#  440 | steps:  4887 | steps_t:     0 | t: 1.580371 | r:  -513.000000 | e:   1.000000 | Q:        nan | won: False 
#  441 | steps:  4908 | steps_t:     0 | t: 1.585356 | r:  -520.000000 | e:   1.000000 | Q:        nan | won: False 
#  442 | steps:  4917 | steps_t:     0 | t: 1.589349 | r:  -508.000000 | e:   1.000000 | Q:        nan | won: False 
#  443 | steps:  4923 | steps_t:     0 | t: 1.591344 | r:  -505.000000 | e:   1.000000 | Q:        nan | won: False 
#  444 | steps:  4936 | steps_t:     0 | t: 1.595322 | r:  -512.000000 | e:   1.000000 | Q:        nan | won: False 
#  445 | steps:  4946 | steps_t:     0 | t: 1.597313 | r:  -509.000000 | e:   1.000000 | Q:        nan | won: False 
#  446 | steps:  4961 | steps_t:     0 | t: 1.601300 | r:  -514.000000 | e:   1.000000 | Q:        nan | won: False 
#  447 | steps:  4969 | steps_t:     0 | t: 1.604241 | r:  -507.000000 | e:   1.000000 | Q:        nan | won: False 
#  448 | steps:  4979 | steps_t:     0 | t: 1.607237 | r:  -509.000000 | e:   1.000000 | Q:        nan | won: False 
#  449 | steps:  4995 | steps_t:     0 | t: 1.611225 | r:  -515.000000 | e:   1.000000 | Q:        nan | won: False 
