#    1 | steps:    10 | steps_t:     0 | t: 0.019652 | r:  -509.000000 | e:   1.000000 | Q:        nan | won: False 
#    2 | steps:    22 | steps_t:     0 | t: 0.023687 | r:  -511.000000 | e:   1.000000 | Q:        nan | won: False 
#    3 | steps:    28 | steps_t:     0 | t: 0.025631 | r:  -505.000000 | e:   1.000000 | Q:        nan | won: False 
#    4 | steps:    38 | steps_t:     0 | t: 0.029618 | r:  -509.000000 | e:   1.000000 | Q:        nan | won: False 
#    5 | steps:    50 | steps_t:     0 | t: 0.032681 | r:  -511.000000 | e:   1.000000 | Q:        nan | won: False 
#    6 | steps:    55 | steps_t:     0 | t: 0.034649 | r:  -504.000000 | e:   1.000000 | Q:        nan | won: False 
#    7 | steps:    62 | steps_t:     0 | t: 0.036643 | r:  -506.000000 | e:   1.000000 | Q:        nan | won: False 
#    8 | steps:    89 | steps_t:     0 | t: 0.043621 | r:  -526.000000 | e:   1.000000 | Q:        nan | won: False 
#    9 | steps:   101 | steps_t:     0 | t: 0.047606 | r:  -511.000000 | e:   1.000000 | Q:        nan | won: False 
#   10 | steps:   109 | steps_t:     0 | t: 0.050593 | r:  -507.000000 | e:   1.000000 | Q:        nan | won: False 
#   11 | steps:   135 | steps_t:     0 | t: 0.056580 | r:  -525.000000 | e:   1.000000 | Q:        nan | won: False 
#   12 | steps:   142 | steps_t:     0 | t: 0.059627 | r:  -506.000000 | e:   1.000000 | Q:        nan | won: False 
#   13 | steps:   148 | steps_t:     0 | t: 0.061512 | r:  -505.000000 | e:   1.000000 | Q:        nan | won: False 
#   14 | steps:   162 | steps_t:     0 | t: 0.065545 | r:  -513.000000 | e:   1.000000 | Q:        nan | won: False 
#   15 | steps:   175 | steps_t:     0 | t: 0.068532 | r:  -512.000000 | e:   1.000000 | Q:        nan | won: False 
#   16 | steps:   199 | steps_t:     0 | t: 0.075513 | r:  -523.000000 | e:   1.000000 | Q:        nan | won: False 
#   17 | steps:   210 | steps_t:     0 | t: 0.079493 | r:  -510.000000 | e:   1.000000 | Q:        nan | won: False 
#   18 | steps:   226 | steps_t:     0 | t: 0.083492 | r:  -515.000000 | e:   1.000000 | Q:        nan | won: False 
#   19 | steps:   231 | steps_t:     0 | t: 0.085485 | r:  -504.000000 | e:   1.000000 | Q:        nan | won: False 
#   20 | steps:   240 | steps_t:     0 | t: 0.087482 | r:  -508.000000 | e:   1.000000 | Q:        nan | won: False 
#   21 | steps:   252 | steps_t:     0 | t: 0.091412 | r:  -511.000000 | e:   1.000000 | Q:        nan | won: False 
#   22 | steps:   268 | steps_t:     0 | t: 0.096396 | r:  -515.000000 | e:   1.000000 | Q:        nan | won: False 
#   23 | steps:   276 | steps_t:     0 | t: 0.099450 | r:  -507.000000 | e:   1.000000 | Q:        nan | won: False 
#   24 | steps:   285 | steps_t:     0 | t: 0.101453 | r:  -508.000000 | e:   1.000000 | Q:        nan | won: False 
#   25 | steps:   294 | steps_t:     0 | t: 0.105433 | r:  -508.000000 | e:   1.000000 | Q:        nan | won: False 
#   26 | steps:   317 | steps_t:     0 | t: 0.111345 | r:  -522.000000 | e:   1.000000 | Q:        nan | won: False 
#   27 | steps:   324 | steps_t:     0 | t: 0.114397 | r:  -506.000000 | e:   1.000000 | Q:        nan | won: False 
#   28 | steps:   347 | steps_t:     0 | t: 0.120913 | r:  -522.000000 | e:   1.000000 | Q:        nan | won: False 
#   29 | steps:   357 | steps_t:     0 | t: 0.123700 | r:  -509.000000 | e:   1.000000 | Q:        nan | won: False 
#   30 | steps:   364 | steps_t:     0 | t: 0.126690 | r:  -506.000000 | e:   1.000000 | Q:        nan | won: False 
#   31 | steps:   372 | steps_t:     0 | t: 0.129680 | r:  -507.000000 | e:   1.000000 | Q:        nan | won: False 
#   32 | steps:   380 | steps_t:     0 | t: 0.131673 | r:  -507.000000 | e:   1.000000 | Q:        nan | won: False 
#   33 | steps:   394 | steps_t:     0 | t: 0.136868 | r:  -513.000000 | e:   1.000000 | Q:        nan | won: False 
#   34 | steps:   400 | steps_t:     0 | t: 0.141971 | r:  -505.000000 | e:   1.000000 | Q:        nan | won: False 
#   35 | steps:   412 | steps_t:     0 | t: 0.150429 | r:  -511.000000 | e:   1.000000 | Q:        nan | won: False 
#   36 | steps:   426 | steps_t:     0 | t: 0.155626 | r:  -502.000000 | e:   1.000000 | Q:        nan | won: False 
#   37 | steps:   437 | steps_t:     0 | t: 0.159612 | r:  -510.000000 | e:   1.000000 | Q:        nan | won: False 
#   38 | steps:   444 | steps_t:     0 | t: 0.162686 | r:  -506.000000 | e:   1.000000 | Q:        nan | won: False 
#   39 | steps:   453 | steps_t:     0 | t: 0.165677 | r:  -508.000000 | e:   1.000000 | Q:        nan | won: False 
#   40 | steps:   469 | steps_t:     0 | t: 0.170958 | r:  -515.000000 | e:   1.000000 | Q:        nan | won: False 
#   41 | steps:   495 | steps_t:     0 | t: 0.178928 | r:  -514.000000 | e:   1.000000 | Q:        nan | won: False 
#   42 | steps:   502 | steps_t:     0 | t: 0.183730 | r:  -506.000000 | e:   1.000000 | Q:        nan | won: False 
#   43 | steps:   510 | steps_t:     0 | t: 0.187761 | r:  -507.000000 | e:   1.000000 | Q:        nan | won: False 
#   44 | steps:   521 | steps_t:     0 | t: 0.192751 | r:  -510.000000 | e:   1.000000 | Q:        nan | won: False 
#   45 | steps:   529 | steps_t:     0 | t: 0.195800 | r:  -507.000000 | e:   1.000000 | Q:        nan | won: False 
#   46 | steps:   537 | steps_t:     0 | t: 0.199044 | r:  -507.000000 | e:   1.000000 | Q:        nan | won: False 
#   47 | steps:   545 | steps_t:     0 | t: 0.202034 | r:  -507.000000 | e:   1.000000 | Q:        nan | won: False 
#   48 | steps:   552 | steps_t:     0 | t: 0.204711 | r:  -506.000000 | e:   1.000000 | Q:        nan | won: False 
#   49 | steps:   563 | steps_t:     0 | t: 0.208682 | r:  -510.000000 | e:   1.000000 | Q:        nan | won: False 
#   50 | steps:   571 | steps_t:     0 | t: 0.212418 | r:  -507.000000 | e:   1.000000 | Q:        nan | won: False 
#   51 | steps:   579 | steps_t:     0 | t: 0.215748 | r:  -507.000000 | e:   1.000000 | Q:        nan | won: False 
#   52 | steps:   596 | steps_t:     0 | t: 0.220737 | r:  -516.000000 | e:   1.000000 | Q:        nan | won: False 
#   53 | steps:   619 | steps_t:     0 | t: 0.226775 | r:  -522.000000 | e:   1.000000 | Q:        nan | won: False 
#   54 | steps:   630 | steps_t:     0 | t: 0.232924 | r:  -510.000000 | e:   1.000000 | Q:        nan | won: False 
#   55 | steps:   636 | steps_t:     0 | t: 0.236093 | r:  -505.000000 | e:   1.000000 | Q:        nan | won: False 
#   56 | steps:   641 | steps_t:     0 | t: 0.238091 | r:  -504.000000 | e:   1.000000 | Q:        nan | won: False 
#   57 | steps:   662 | steps_t:     0 | t: 0.242654 | r:  -520.000000 | e:   1.000000 | Q:        nan | won: False 
#   58 | steps:   669 | steps_t:     0 | t: 0.247180 | r:  -506.000000 | e:   1.000000 | Q:        nan | won: False 
#   59 | steps:   677 | steps_t:     0 | t: 0.250170 | r:  -507.000000 | e:   1.000000 | Q:        nan | won: False 
#   60 | steps:   692 | steps_t:     0 | t: 0.255155 | r:  -514.000000 | e:   1.000000 | Q:        nan | won: False 
#   61 | steps:   713 | steps_t:     0 | t: 0.263843 | r:  -520.000000 | e:   1.000000 | Q:        nan | won: False 
#   62 | steps:   732 | steps_t:     0 | t: 0.270347 | r:  -518.000000 | e:   1.000000 | Q:        nan | won: False 
#   63 | steps:   748 | steps_t:     0 | t: 0.274331 | r:  -515.000000 | e:   1.000000 | Q:        nan | won: False 
#   64 | steps:   755 | steps_t:     0 | t: 0.277323 | r:  -506.000000 | e:   1.000000 | Q:        nan | won: False 
#   65 | steps:   765 | steps_t:     0 | t: 0.280312 | r:  -509.000000 | e:   1.000000 | Q:        nan | won: False 
#   66 | steps:   774 | steps_t:     0 | t: 0.283302 | r:  -508.000000 | e:   1.000000 | Q:        nan | won: False 
#   67 | steps:   785 | steps_t:     0 | t: 0.286292 | r:  -510.000000 | e:   1.000000 | Q:        nan | won: False 
#   68 | steps:   795 | steps_t:     0 | t: 0.288285 | r:  -509.000000 | e:   1.000000 | Q:        nan | won: False 
#   69 | steps:   812 | steps_t:     0 | t: 0.293268 | r:  -516.000000 | e:   1.000000 | Q:        nan | won: False 
#   70 | steps:   822 | steps_t:     0 | t: 0.296259 | r:  -509.000000 | e:   1.000000 | Q:        nan | won: False 
#   71 | steps:   828 | steps_t:     0 | t: 0.298253 | r:  -505.000000 | e:   1.000000 | Q:        nan | won: False 
#   72 | steps:   848 | steps_t:     0 | t: 0.303236 | r:  -519.000000 | e:   1.000000 | Q:        nan | won: False 
#   73 | steps:   858 | steps_t:     0 | t: 0.306221 | r:  -509.000000 | e:   1.000000 | Q:        nan | won: False 
#   74 | steps:   869 | steps_t:     0 | t: 0.310211 | r:  -510.000000 | e:   1.000000 | Q:        nan | won: False 
#   75 | steps:   878 | steps_t:     0 | t: 0.313203 | r:  -508.000000 | e:   1.000000 | Q:        nan | won: False 
#   76 | steps:   895 | steps_t:     0 | t: 0.317193 | r:  -516.000000 | e:   1.000000 | Q:        nan | won: False 
#   77 | steps:   903 | steps_t:     0 | t: 0.320184 | r:  -507.000000 | e:   1.000000 | Q:        nan | won: False 
#   78 | steps:   913 | steps_t:     0 | t: 0.322233 | r:  -509.000000 | e:   1.000000 | Q:        nan | won: False 
#   79 | steps:   923 | steps_t:     0 | t: 0.326224 | r:  -509.000000 | e:   1.000000 | Q:        nan | won: False 
#   80 | steps:   933 | steps_t:     0 | t: 0.329189 | r:  -509.000000 | e:   1.000000 | Q:        nan | won: False 
#   81 | steps:   945 | steps_t:     0 | t: 0.333189 | r:  -511.000000 | e:   1.000000 | Q:        nan | won: False 
#   82 | steps:   953 | steps_t:     0 | t: 0.335178 | r:  -507.000000 | e:   1.000000 | Q:        nan | won: False 
#   83 | steps:   965 | steps_t:     0 | t: 0.339110 | r:  -511.000000 | e:   1.000000 | Q:        nan | won: False 
#   84 | steps:   971 | steps_t:     0 | t: 0.341170 | r:  -505.000000 | e:   1.000000 | Q:        nan | won: False 
#   85 | steps:   980 | steps_t:     0 | t: 0.344166 | r:  -508.000000 | e:   1.000000 | Q:        nan | won: False 
#   86 | steps:   992 | steps_t:     0 | t: 0.348081 | r:  -511.000000 | e:   1.000000 | Q:        nan | won: False 
#   87 | steps:  1010 | steps_t:     0 | t: 0.353111 | r:  -517.000000 | e:   1.000000 | Q:        nan | won: False 
#   88 | steps:  1021 | steps_t:     0 | t: 0.356111 | r:  -510.000000 | e:   1.000000 | Q:        nan | won: False 
#   89 | steps:  1043 | steps_t:     0 | t: 0.362076 | r:  -521.000000 | e:   1.000000 | Q:        nan | won: False 
#   90 | steps:  1055 | steps_t:     0 | t: 0.366071 | r:  -511.000000 | e:   1.000000 | Q:        nan | won: False 
#   91 | steps:  1061 | steps_t:     0 | t: 0.368063 | r:  -505.000000 | e:   1.000000 | Q:        nan | won: False 
#   92 | steps:  1071 | steps_t:     0 | t: 0.371003 | r:  -509.000000 | e:   1.000000 | Q:        nan | won: False 
#   93 | steps:  1077 | steps_t:     0 | t: 0.373047 | r:  -505.000000 | e:   1.000000 | Q:        nan | won: False 
#   94 | steps:  1088 | steps_t:     0 | t: 0.376037 | r:  -510.000000 | e:   1.000000 | Q:        nan | won: False 
#   95 | steps:  1113 | steps_t:     0 | t: 0.382015 | r:  -524.000000 | e:   1.000000 | Q:        nan | won: False 
#   96 | steps:  1123 | steps_t:     0 | t: 0.385510 | r:  -509.000000 | e:   1.000000 | Q:        nan | won: False 
#   97 | steps:  1133 | steps_t:     0 | t: 0.388494 | r:  -509.000000 | e:   1.000000 | Q:        nan | won: False 
#   98 | steps:  1139 | steps_t:     0 | t: 0.390486 | r:  -505.000000 | e:   1.000000 | Q:        nan | won: False 
#   99 | steps:  1162 | steps_t:     0 | t: 0.396474 | r:  -522.000000 | e:   1.000000 | Q:        nan | won: False 
#  100 | steps:  1184 | steps_t:     0 | t: 0.402420 | r:  -521.000000 | e:   1.000000 | Q:        nan | won: False 
#  101 | steps:  1192 | steps_t:     0 | t: 0.405443 | r:  -507.000000 | e:   1.000000 | Q:        nan | won: False 
#  102 | steps:  1206 | steps_t:     0 | t: 0.409433 | r:  -513.000000 | e:   1.000000 | Q:        nan | won: False 
#  103 | steps:  1213 | steps_t:     0 | t: 0.411438 | r:  -506.000000 | e:   1.000000 | Q:        nan | won: False 
#  104 | steps:  1224 | steps_t:     0 | t: 0.414420 | r:  -510.000000 | e:   1.000000 | Q:        nan | won: False 
#  105 | steps:  1232 | steps_t:     0 | t: 0.417399 | r:  -507.000000 | e:   1.000000 | Q:        nan | won: False 
#  106 | steps:  1256 | steps_t:     0 | t: 0.423391 | r:  -523.000000 | e:   1.000000 | Q:        nan | won: False 
#  107 | steps:  1262 | steps_t:     0 | t: 0.424375 | r:  -505.000000 | e:   1.000000 | Q:        nan | won: False 
#  108 | steps:  1270 | steps_t:     0 | t: 0.427369 | r:  -507.000000 | e:   1.000000 | Q:        nan | won: False 
#  109 | steps:  1282 | steps_t:     0 | t: 0.431369 | r:  -511.000000 | e:   1.000000 | Q:        nan | won: False 
#  110 | steps:  1294 | steps_t:     0 | t: 0.434380 | r:  -511.000000 | e:   1.000000 | Q:        nan | won: False 
#  111 | steps:  1312 | steps_t:     0 | t: 0.439333 | r:  -517.000000 | e:   1.000000 | Q:        nan | won: False 
#  112 | steps:  1322 | steps_t:     0 | t: 0.442323 | r:  -509.000000 | e:   1.000000 | Q:        nan | won: False 
#  113 | steps:  1334 | steps_t:     0 | t: 0.445298 | r:  -511.000000 | e:   1.000000 | Q:        nan | won: False 
#  114 | steps:  1341 | steps_t:     0 | t: 0.448316 | r:  -506.000000 | e:   1.000000 | Q:        nan | won: False 
#  115 | steps:  1355 | steps_t:     0 | t: 0.452312 | r:  -513.000000 | e:   1.000000 | Q:        nan | won: False 
#  116 | steps:  1363 | steps_t:     0 | t: 0.454296 | r:  -507.000000 | e:   1.000000 | Q:        nan | won: False 
#  117 | steps:  1369 | steps_t:     0 | t: 0.456291 | r:  -505.000000 | e:   1.000000 | Q:        nan | won: False 
#  118 | steps:  1376 | steps_t:     0 | t: 0.458284 | r:  -506.000000 | e:   1.000000 | Q:        nan | won: False 
#  119 | steps:  1389 | steps_t:     0 | t: 0.462207 | r:  -512.000000 | e:   1.000000 | Q:        nan | won: False 
#  120 | steps:  1403 | steps_t:     0 | t: 0.467256 | r:  -502.000000 | e:   1.000000 | Q:        nan | won: False 
#  121 | steps:  1417 | steps_t:     0 | t: 0.536083 | r:  -502.000000 | e:   1.000000 | Q:        nan | won: False 
#  122 | steps:  1425 | steps_t:     0 | t: 0.539081 | r:  -507.000000 | e:   1.000000 | Q:        nan | won: False 
#  123 | steps:  1434 | steps_t:     0 | t: 0.541046 | r:  -508.000000 | e:   1.000000 | Q:        nan | won: False 
#  124 | steps:  1442 | steps_t:     0 | t: 0.544038 | r:  -507.000000 | e:   1.000000 | Q:        nan | won: False 
#  125 | steps:  1449 | steps_t:     0 | t: 0.546027 | r:  -506.000000 | e:   1.000000 | Q:        nan | won: False 
#  126 | steps:  1473 | steps_t:     0 | t: 0.553018 | r:  -523.000000 | e:   1.000000 | Q:        nan | won: False 
#  127 | steps:  1482 | steps_t:     0 | t: 0.554999 | r:  -508.000000 | e:   1.000000 | Q:        nan | won: False 
#  128 | steps:  1498 | steps_t:     0 | t: 0.559996 | r:  -515.000000 | e:   1.000000 | Q:        nan | won: False 
#  129 | steps:  1506 | steps_t:     0 | t: 0.562973 | r:  -507.000000 | e:   1.000000 | Q:        nan | won: False 
#  130 | steps:  1519 | steps_t:     0 | t: 0.566967 | r:  -512.000000 | e:   1.000000 | Q:        nan | won: False 
#  131 | steps:  1534 | steps_t:     0 | t: 0.570953 | r:  -503.000000 | e:   1.000000 | Q:        nan | won: False 
#  132 | steps:  1540 | steps_t:     0 | t: 0.571942 | r:  -505.000000 | e:   1.000000 | Q:        nan | won: False 
#  133 | steps:  1548 | steps_t:     0 | t: 0.574932 | r:  -507.000000 | e:   1.000000 | Q:        nan | won: False 
#  134 | steps:  1562 | steps_t:     0 | t: 0.578877 | r:  -502.000000 | e:   1.000000 | Q:        nan | won: False 
#  135 | steps:  1582 | steps_t:     0 | t: 0.583909 | r:  -519.000000 | e:   1.000000 | Q:        nan | won: False 
#  136 | steps:  1590 | steps_t:     0 | t: 0.585901 | r:  -507.000000 | e:   1.000000 | Q:        nan | won: False 
#  137 | steps:  1600 | steps_t:     0 | t: 0.588892 | r:  -509.000000 | e:   1.000000 | Q:        nan | won: False 
#  138 | steps:  1607 | steps_t:     0 | t: 0.591835 | r:  -506.000000 | e:   1.000000 | Q:        nan | won: False 
#  139 | steps:  1614 | steps_t:     0 | t: 0.593875 | r:  -506.000000 | e:   1.000000 | Q:        nan | won: False 
#  140 | steps:  1620 | steps_t:     0 | t: 0.596862 | r:  -505.000000 | e:   1.000000 | Q:        nan | won: False 
#  141 | steps:  1627 | steps_t:     0 | t: 0.598856 | r:  -506.000000 | e:   1.000000 | Q:        nan | won: False 
#  142 | steps:  1639 | steps_t:     0 | t: 0.601848 | r:  -511.000000 | e:   1.000000 | Q:        nan | won: False 
#  143 | steps:  1649 | steps_t:     0 | t: 0.604835 | r:  -509.000000 | e:   1.000000 | Q:        nan | won: False 
#  144 | steps:  1666 | steps_t:     0 | t: 0.612833 | r:  -516.000000 | e:   1.000000 | Q:        nan | won: False 
#  145 | steps:  1673 | steps_t:     0 | t: 0.615821 | r:  -506.000000 | e:   1.000000 | Q:        nan | won: False 
#  146 | steps:  1682 | steps_t:     0 | t: 0.617795 | r:  -508.000000 | e:   1.000000 | Q:        nan | won: False 
#  147 | steps:  1690 | steps_t:     0 | t: 0.620786 | r:  -507.000000 | e:   1.000000 | Q:        nan | won: False 
#  148 | steps:  1710 | steps_t:     0 | t: 0.628341 | r:  -519.000000 | e:   1.000000 | Q:        nan | won: False 
#  149 | steps:  1724 | steps_t:     0 | t: 0.632337 | r:  -513.000000 | e:   1.000000 | Q:        nan | won: False 
#  150 | steps:  1732 | steps_t:     0 | t: 0.635379 | r:  -507.000000 | e:   1.000000 | Q:        nan | won: False 
#  151 | steps:  1738 | steps_t:     0 | t: 0.637358 | r:  -505.000000 | e:   1.000000 | Q:        nan | won: False 
#  152 | steps:  1745 | steps_t:     0 | t: 0.639380 | r:  -506.000000 | e:   1.000000 | Q:        nan | won: False 
#  153 | steps:  1755 | steps_t:     0 | t: 0.642148 | r:  -509.000000 | e:   1.000000 | Q:        nan | won: False 
#  154 | steps:  1766 | steps_t:     0 | t: 0.646135 | r:  -510.000000 | e:   1.000000 | Q:        nan | won: False 
#  155 | steps:  1776 | steps_t:     0 | t: 0.648621 | r:  -509.000000 | e:   1.000000 | Q:        nan | won: False 
#  156 | steps:  1784 | steps_t:     0 | t: 0.651583 | r:  -507.000000 | e:   1.000000 | Q:        nan | won: False 
#  157 | steps:  1790 | steps_t:     0 | t: 0.653533 | r:  -505.000000 | e:   1.000000 | Q:        nan | won: False 
#  158 | steps:  1809 | steps_t:     0 | t: 0.658564 | r:  -518.000000 | e:   1.000000 | Q:        nan | won: False 
#  159 | steps:  1817 | steps_t:     0 | t: 0.661561 | r:  -507.000000 | e:   1.000000 | Q:        nan | won: False 
#  160 | steps:  1836 | steps_t:     0 | t: 0.666539 | r:  -518.000000 | e:   1.000000 | Q:        nan | won: False 
#  161 | steps:  1861 | steps_t:     0 | t: 0.672519 | r:  -524.000000 | e:   1.000000 | Q:        nan | won: False 
#  162 | steps:  1871 | steps_t:     0 | t: 0.675510 | r:  -509.000000 | e:   1.000000 | Q:        nan | won: False 
#  163 | steps:  1882 | steps_t:     0 | t: 0.679515 | r:  -510.000000 | e:   1.000000 | Q:        nan | won: False 
#  164 | steps:  1899 | steps_t:     0 | t: 0.684478 | r:  -516.000000 | e:   1.000000 | Q:        nan | won: False 
#  165 | steps:  1914 | steps_t:     0 | t: 0.688480 | r:  -514.000000 | e:   1.000000 | Q:        nan | won: False 
#  166 | steps:  1922 | steps_t:     0 | t: 0.691460 | r:  -507.000000 | e:   1.000000 | Q:        nan | won: False 
#  167 | steps:  1944 | steps_t:     0 | t: 0.697429 | r:  -521.000000 | e:   1.000000 | Q:        nan | won: False 
#  168 | steps:  1951 | steps_t:     0 | t: 0.699418 | r:  -506.000000 | e:   1.000000 | Q:        nan | won: False 
#  169 | steps:  1972 | steps_t:     0 | t: 0.705424 | r:  -520.000000 | e:   1.000000 | Q:        nan | won: False 
#  170 | steps:  1984 | steps_t:     0 | t: 0.708402 | r:  -511.000000 | e:   1.000000 | Q:        nan | won: False 
#  171 | steps:  2000 | steps_t:     0 | t: 0.713383 | r:  -515.000000 | e:   1.000000 | Q:        nan | won: False 
#  172 | steps:  2016 | steps_t:     0 | t: 0.717317 | r:  -515.000000 | e:   1.000000 | Q:        nan | won: False 
#  173 | steps:  2025 | steps_t:     0 | t: 0.720382 | r:  -508.000000 | e:   1.000000 | Q:        nan | won: False 
#  174 | steps:  2039 | steps_t:     0 | t: 0.724349 | r:  -513.000000 | e:   1.000000 | Q:        nan | won: False 
#  175 | steps:  2048 | steps_t:     0 | t: 0.726339 | r:  -508.000000 | e:   1.000000 | Q:        nan | won: False 
#  176 | steps:  2057 | steps_t:     0 | t: 0.729347 | r:  -508.000000 | e:   1.000000 | Q:        nan | won: False 
#  177 | steps:  2075 | steps_t:     0 | t: 0.735313 | r:  -506.000000 | e:   1.000000 | Q:        nan | won: False 
#  178 | steps:  2087 | steps_t:     0 | t: 0.738304 | r:  -511.000000 | e:   1.000000 | Q:        nan | won: False 
#  179 | steps:  2105 | steps_t:     0 | t: 0.742283 | r:  -517.000000 | e:   1.000000 | Q:        nan | won: False 
#  180 | steps:  2126 | steps_t:     0 | t: 0.748254 | r:  -520.000000 | e:   1.000000 | Q:        nan | won: False 
#  181 | steps:  2146 | steps_t:     0 | t: 0.754244 | r:  -519.000000 | e:   1.000000 | Q:        nan | won: False 
#  182 | steps:  2160 | steps_t:     0 | t: 0.757233 | r:  -513.000000 | e:   1.000000 | Q:        nan | won: False 
#  183 | steps:  2171 | steps_t:     0 | t: 0.761171 | r:  -510.000000 | e:   1.000000 | Q:        nan | won: False 
#  184 | steps:  2176 | steps_t:     0 | t: 0.763214 | r:  -504.000000 | e:   1.000000 | Q:        nan | won: False 
#  185 | steps:  2184 | steps_t:     0 | t: 0.765204 | r:  -507.000000 | e:   1.000000 | Q:        nan | won: False 
#  186 | steps:  2190 | steps_t:     0 | t: 0.767244 | r:  -505.000000 | e:   1.000000 | Q:        nan | won: False 
#  187 | steps:  2198 | steps_t:     0 | t: 0.769198 | r:  -507.000000 | e:   1.000000 | Q:        nan | won: False 
#  188 | steps:  2208 | steps_t:     0 | t: 0.772185 | r:  -509.000000 | e:   1.000000 | Q:        nan | won: False 
#  189 | steps:  2215 | steps_t:     0 | t: 0.774178 | r:  -506.000000 | e:   1.000000 | Q:        nan | won: False 
#  190 | steps:  2220 | steps_t:     0 | t: 0.776170 | r:  -504.000000 | e:   1.000000 | Q:        nan | won: False 
#  191 | steps:  2228 | steps_t:     0 | t: 0.778116 | r:  -507.000000 | e:   1.000000 | Q:        nan | won: False 
#  192 | steps:  2235 | steps_t:     0 | t: 0.781106 | r:  -506.000000 | e:   1.000000 | Q:        nan | won: False 
#  193 | steps:  2243 | steps_t:     0 | t: 0.783162 | r:  -507.000000 | e:   1.000000 | Q:        nan | won: False 
#  194 | steps:  2255 | steps_t:     0 | t: 0.787147 | r:  -511.000000 | e:   1.000000 | Q:        nan | won: False 
#  195 | steps:  2264 | steps_t:     0 | t: 0.789131 | r:  -508.000000 | e:   1.000000 | Q:        nan | won: False 
#  196 | steps:  2275 | steps_t:     0 | t: 0.792126 | r:  -510.000000 | e:   1.000000 | Q:        nan | won: False 
#  197 | steps:  2284 | steps_t:     0 | t: 0.796053 | r:  -508.000000 | e:   1.000000 | Q:        nan | won: False 
#  198 | steps:  2290 | steps_t:     0 | t: 0.798046 | r:  -505.000000 | e:   1.000000 | Q:        nan | won: False 
#  199 | steps:  2306 | steps_t:     0 | t: 0.802033 | r:  -515.000000 | e:   1.000000 | Q:        nan | won: False 
#  200 | steps:  2313 | steps_t:     0 | t: 0.804027 | r:  -506.000000 | e:   1.000000 | Q:        nan | won: False 
#  201 | steps:  2348 | steps_t:     0 | t: 0.812997 | r:  -523.000000 | e:   1.000000 | Q:        nan | won: False 
#  202 | steps:  2358 | steps_t:     0 | t: 0.815986 | r:  -509.000000 | e:   1.000000 | Q:        nan | won: False 
#  203 | steps:  2366 | steps_t:     0 | t: 0.817980 | r:  -507.000000 | e:   1.000000 | Q:        nan | won: False 
#  204 | steps:  2374 | steps_t:     0 | t: 0.820970 | r:  -507.000000 | e:   1.000000 | Q:        nan | won: False 
#  205 | steps:  2384 | steps_t:     0 | t: 0.822963 | r:  -509.000000 | e:   1.000000 | Q:        nan | won: False 
#  206 | steps:  2395 | steps_t:     0 | t: 0.826950 | r:  -510.000000 | e:   1.000000 | Q:        nan | won: False 
#  207 | steps:  2402 | steps_t:     0 | t: 0.828946 | r:  -506.000000 | e:   1.000000 | Q:        nan | won: False 
#  208 | steps:  2410 | steps_t:     0 | t: 0.831935 | r:  -507.000000 | e:   1.000000 | Q:        nan | won: False 
#  209 | steps:  2417 | steps_t:     0 | t: 0.833929 | r:  -506.000000 | e:   1.000000 | Q:        nan | won: False 
#  210 | steps:  2425 | steps_t:     0 | t: 0.835922 | r:  -507.000000 | e:   1.000000 | Q:        nan | won: False 
#  211 | steps:  2436 | steps_t:     0 | t: 0.838912 | r:  -510.000000 | e:   1.000000 | Q:        nan | won: False 
#  212 | steps:  2444 | steps_t:     0 | t: 0.841902 | r:  -507.000000 | e:   1.000000 | Q:        nan | won: False 
#  213 | steps:  2451 | steps_t:     0 | t: 0.844533 | r:  -506.000000 | e:   1.000000 | Q:        nan | won: False 
#  214 | steps:  2462 | steps_t:     0 | t: 0.847527 | r:  -510.000000 | e:   1.000000 | Q:        nan | won: False 
#  215 | steps:  2476 | steps_t:     0 | t: 0.851514 | r:  -513.000000 | e:   1.000000 | Q:        nan | won: False 
#  216 | steps:  2489 | steps_t:     0 | t: 0.855500 | r:  -512.000000 | e:   1.000000 | Q:        nan | won: False 
#  217 | steps:  2500 | steps_t:     0 | t: 0.858490 | r:  -510.000000 | e:   1.000000 | Q:        nan | won: False 
#  218 | steps:  2509 | steps_t:     0 | t: 0.861482 | r:  -508.000000 | e:   1.000000 | Q:        nan | won: False 
#  219 | steps:  2522 | steps_t:     0 | t: 0.865467 | r:  -512.000000 | e:   1.000000 | Q:        nan | won: False 
#  220 | steps:  2543 | steps_t:     0 | t: 0.870450 | r:  -520.000000 | e:   1.000000 | Q:        nan | won: False 
#  221 | steps:  2553 | steps_t:     0 | t: 0.873440 | r:  -509.000000 | e:   1.000000 | Q:        nan | won: False 
#  222 | steps:  2574 | steps_t:     0 | t: 0.879420 | r:  -520.000000 | e:   1.000000 | Q:        nan | won: False 
#  223 | steps:  2582 | steps_t:     0 | t: 0.882305 | r:  -507.000000 | e:   1.000000 | Q:        nan | won: False 
#  224 | steps:  2593 | steps_t:     0 | t: 0.885289 | r:  -510.000000 | e:   1.000000 | Q:        nan | won: False 
#  225 | steps:  2604 | steps_t:     0 | t: 0.888277 | r:  -510.000000 | e:   1.000000 | Q:        nan | won: False 
#  226 | steps:  2625 | steps_t:     0 | t: 0.893260 | r:  -520.000000 | e:   1.000000 | Q:        nan | won: False 
#  227 | steps:  2633 | steps_t:     0 | t: 0.896272 | r:  -507.000000 | e:   1.000000 | Q:        nan | won: False 
#  228 | steps:  2643 | steps_t:     0 | t: 0.899524 | r:  -509.000000 | e:   1.000000 | Q:        nan | won: False 
#  229 | steps:  2651 | steps_t:     0 | t: 0.902514 | r:  -507.000000 | e:   1.000000 | Q:        nan | won: False 
#  230 | steps:  2662 | steps_t:     0 | t: 0.905503 | r:  -510.000000 | e:   1.000000 | Q:        nan | won: False 
#  231 | steps:  2670 | steps_t:     0 | t: 0.908490 | r:  -507.000000 | e:   1.000000 | Q:        nan | won: False 
#  232 | steps:  2676 | steps_t:     0 | t: 0.910489 | r:  -505.000000 | e:   1.000000 | Q:        nan | won: False 
#  233 | steps:  2684 | steps_t:     0 | t: 0.913480 | r:  -507.000000 | e:   1.000000 | Q:        nan | won: False 
#  234 | steps:  2691 | steps_t:     0 | t: 0.915469 | r:  -506.000000 | e:   1.000000 | Q:        nan | won: False 
#  235 | steps:  2702 | steps_t:     0 | t: 0.918459 | r:  -510.000000 | e:   1.000000 | Q:        nan | won: False 
#  236 | steps:  2725 | steps_t:     0 | t: 0.925391 | r:  -522.000000 | e:   1.000000 | Q:        nan | won: False 
#  237 | steps:  2733 | steps_t:     0 | t: 0.929378 | r:  -507.000000 | e:   1.000000 | Q:        nan | won: False 
#  238 | steps:  2744 | steps_t:     0 | t: 0.932422 | r:  -510.000000 | e:   1.000000 | Q:        nan | won: False 
#  239 | steps:  2755 | steps_t:     0 | t: 0.935410 | r:  -510.000000 | e:   1.000000 | Q:        nan | won: False 
#  240 | steps:  2768 | steps_t:     0 | t: 0.939409 | r:  -512.000000 | e:   1.000000 | Q:        nan | won: False 
#  241 | steps:  2778 | steps_t:     0 | t: 0.942379 | r:  -509.000000 | e:   1.000000 | Q:        nan | won: False 
#  242 | steps:  2783 | steps_t:     0 | t: 0.944328 | r:  -504.000000 | e:   1.000000 | Q:        nan | won: False 
#  243 | steps:  2790 | steps_t:     0 | t: 0.947509 | r:  -506.000000 | e:   1.000000 | Q:        nan | won: False 
#  244 | steps:  2799 | steps_t:     0 | t: 0.949500 | r:  -508.000000 | e:   1.000000 | Q:        nan | won: False 
#  245 | steps:  2809 | steps_t:     0 | t: 0.952493 | r:  -509.000000 | e:   1.000000 | Q:        nan | won: False 
#  246 | steps:  2820 | steps_t:     0 | t: 0.955439 | r:  -510.000000 | e:   1.000000 | Q:        nan | won: False 
#  247 | steps:  2829 | steps_t:     0 | t: 0.958156 | r:  -508.000000 | e:   1.000000 | Q:        nan | won: False 
#  248 | steps:  2840 | steps_t:     0 | t: 0.962178 | r:  -510.000000 | e:   1.000000 | Q:        nan | won: False 
#  249 | steps:  2862 | steps_t:     0 | t: 0.968108 | r:  -521.000000 | e:   1.000000 | Q:        nan | won: False 
#  250 | steps:  2872 | steps_t:     0 | t: 0.971048 | r:  -509.000000 | e:   1.000000 | Q:        nan | won: False 
#  251 | steps:  2883 | steps_t:     0 | t: 0.974087 | r:  -510.000000 | e:   1.000000 | Q:        nan | won: False 
#  252 | steps:  2897 | steps_t:     0 | t: 0.978085 | r:  -513.000000 | e:   1.000000 | Q:        nan | won: False 
#  253 | steps:  2904 | steps_t:     0 | t: 0.980060 | r:  -506.000000 | e:   1.000000 | Q:        nan | won: False 
#  254 | steps:  2911 | steps_t:     0 | t: 0.982062 | r:  -506.000000 | e:   1.000000 | Q:        nan | won: False 
#  255 | steps:  2923 | steps_t:     0 | t: 0.986001 | r:  -511.000000 | e:   1.000000 | Q:        nan | won: False 
#  256 | steps:  2944 | steps_t:     0 | t: 0.992031 | r:  -520.000000 | e:   1.000000 | Q:        nan | won: False 
#  257 | steps:  2956 | steps_t:     0 | t: 0.995999 | r:  -511.000000 | e:   1.000000 | Q:        nan | won: False 
#  258 | steps:  2966 | steps_t:     0 | t: 0.999026 | r:  -509.000000 | e:   1.000000 | Q:        nan | won: False 
#  259 | steps:  2977 | steps_t:     0 | t: 1.002941 | r:  -510.000000 | e:   1.000000 | Q:        nan | won: False 
#  260 | steps:  2986 | steps_t:     0 | t: 1.005931 | r:  -508.000000 | e:   1.000000 | Q:        nan | won: False 
#  261 | steps:  2995 | steps_t:     0 | t: 1.008921 | r:  -508.000000 | e:   1.000000 | Q:        nan | won: False 
#  262 | steps:  3001 | steps_t:     0 | t: 1.010915 | r:  -505.000000 | e:   1.000000 | Q:        nan | won: False 
#  263 | steps:  3009 | steps_t:     0 | t: 1.012908 | r:  -507.000000 | e:   1.000000 | Q:        nan | won: False 
#  264 | steps:  3015 | steps_t:     0 | t: 1.014901 | r:  -505.000000 | e:   1.000000 | Q:        nan | won: False 
#  265 | steps:  3035 | steps_t:     0 | t: 1.020882 | r:  -519.000000 | e:   1.000000 | Q:        nan | won: False 
#  266 | steps:  3042 | steps_t:     0 | t: 1.022927 | r:  -506.000000 | e:   1.000000 | Q:        nan | won: False 
#  267 | steps:  3048 | steps_t:     0 | t: 1.024913 | r:  -505.000000 | e:   1.000000 | Q:        nan | won: False 
#  268 | steps:  3059 | steps_t:     0 | t: 1.028958 | r:  -510.000000 | e:   1.000000 | Q:        nan | won: False 
#  269 | steps:  3066 | steps_t:     0 | t: 1.031898 | r:  -506.000000 | e:   1.000000 | Q:        nan | won: False 
#  270 | steps:  3077 | steps_t:     0 | t: 1.035425 | r:  -510.000000 | e:   1.000000 | Q:        nan | won: False 
#  271 | steps:  3089 | steps_t:     0 | t: 1.038424 | r:  -511.000000 | e:   1.000000 | Q:        nan | won: False 
#  272 | steps:  3109 | steps_t:     0 | t: 1.044409 | r:  -519.000000 | e:   1.000000 | Q:        nan | won: False 
#  273 | steps:  3120 | steps_t:     0 | t: 1.047393 | r:  -510.000000 | e:   1.000000 | Q:        nan | won: False 
#  274 | steps:  3143 | steps_t:     0 | t: 1.053373 | r:  -522.000000 | e:   1.000000 | Q:        nan | won: False 
#  275 | steps:  3153 | steps_t:     0 | t: 1.056364 | r:  -509.000000 | e:   1.000000 | Q:        nan | won: False 
#  276 | steps:  3164 | steps_t:     0 | t: 1.059353 | r:  -510.000000 | e:   1.000000 | Q:        nan | won: False 
#  277 | steps:  3172 | steps_t:     0 | t: 1.062344 | r:  -507.000000 | e:   1.000000 | Q:        nan | won: False 
#  278 | steps:  3181 | steps_t:     0 | t: 1.065391 | r:  -508.000000 | e:   1.000000 | Q:        nan | won: False 
#  279 | steps:  3188 | steps_t:     0 | t: 1.067433 | r:  -506.000000 | e:   1.000000 | Q:        nan | won: False 
#  280 | steps:  3201 | steps_t:     0 | t: 1.071379 | r:  -512.000000 | e:   1.000000 | Q:        nan | won: False 
#  281 | steps:  3223 | steps_t:     0 | t: 1.076351 | r:  -521.000000 | e:   1.000000 | Q:        nan | won: False 
#  282 | steps:  3235 | steps_t:     0 | t: 1.080284 | r:  -511.000000 | e:   1.000000 | Q:        nan | won: False 
#  283 | steps:  3245 | steps_t:     0 | t: 1.083273 | r:  -509.000000 | e:   1.000000 | Q:        nan | won: False 
#  284 | steps:  3259 | steps_t:     0 | t: 1.086928 | r:  -513.000000 | e:   1.000000 | Q:        nan | won: False 
#  285 | steps:  3282 | steps_t:     0 | t: 1.092909 | r:  -522.000000 | e:   1.000000 | Q:        nan | won: False 
#  286 | steps:  3301 | steps_t:     0 | t: 1.098888 | r:  -518.000000 | e:   1.000000 | Q:        nan | won: False 
#  287 | steps:  3309 | steps_t:     0 | t: 1.100873 | r:  -507.000000 | e:   1.000000 | Q:        nan | won: False 
#  288 | steps:  3319 | steps_t:     0 | t: 1.103863 | r:  -509.000000 | e:   1.000000 | Q:        nan | won: False 
#  289 | steps:  3334 | steps_t:     0 | t: 1.107850 | r:  -492.000000 | e:   1.000000 | Q:        nan | won: False 
#  290 | steps:  3345 | steps_t:     0 | t: 1.110840 | r:  -510.000000 | e:   1.000000 | Q:        nan | won: False 
#  291 | steps:  3355 | steps_t:     0 | t: 1.113830 | r:  -509.000000 | e:   1.000000 | Q:        nan | won: False 
#  292 | steps:  3369 | steps_t:     0 | t: 1.116820 | r:  -513.000000 | e:   1.000000 | Q:        nan | won: False 
#  293 | steps:  3383 | steps_t:     0 | t: 1.120806 | r:  -513.000000 | e:   1.000000 | Q:        nan | won: False 
#  294 | steps:  3390 | steps_t:     0 | t: 1.122800 | r:  -506.000000 | e:   1.000000 | Q:        nan | won: False 
#  295 | steps:  3398 | steps_t:     0 | t: 1.124793 | r:  -507.000000 | e:   1.000000 | Q:        nan | won: False 
#  296 | steps:  3409 | steps_t:     0 | t: 1.129776 | r:  -510.000000 | e:   1.000000 | Q:        nan | won: False 
#  297 | steps:  3418 | steps_t:     0 | t: 1.131770 | r:  -508.000000 | e:   1.000000 | Q:        nan | won: False 
#  298 | steps:  3428 | steps_t:     0 | t: 1.134783 | r:  -509.000000 | e:   1.000000 | Q:        nan | won: False 
#  299 | steps:  3434 | steps_t:     0 | t: 1.136777 | r:  -505.000000 | e:   1.000000 | Q:        nan | won: False 
#  300 | steps:  3453 | steps_t:     0 | t: 1.142067 | r:  -518.000000 | e:   1.000000 | Q:        nan | won: False 
#  301 | steps:  3468 | steps_t:     0 | t: 1.146186 | r:  -514.000000 | e:   1.000000 | Q:        nan | won: False 
#  302 | steps:  3476 | steps_t:     0 | t: 1.148179 | r:  -507.000000 | e:   1.000000 | Q:        nan | won: False 
#  303 | steps:  3486 | steps_t:     0 | t: 1.151169 | r:  -509.000000 | e:   1.000000 | Q:        nan | won: False 
#  304 | steps:  3494 | steps_t:     0 | t: 1.153162 | r:  -507.000000 | e:   1.000000 | Q:        nan | won: False 
#  305 | steps:  3510 | steps_t:     0 | t: 1.158139 | r:  -515.000000 | e:   1.000000 | Q:        nan | won: False 
#  306 | steps:  3520 | steps_t:     0 | t: 1.162135 | r:  -509.000000 | e:   1.000000 | Q:        nan | won: False 
#  307 | steps:  3535 | steps_t:     0 | t: 1.166119 | r:  -503.000000 | e:   1.000000 | Q:        nan | won: False 
#  308 | steps:  3547 | steps_t:     0 | t: 1.169110 | r:  -511.000000 | e:   1.000000 | Q:        nan | won: False 
#  309 | steps:  3556 | steps_t:     0 | t: 1.172099 | r:  -508.000000 | e:   1.000000 | Q:        nan | won: False 
#  310 | steps:  3566 | steps_t:     0 | t: 1.174275 | r:  -509.000000 | e:   1.000000 | Q:        nan | won: False 
#  311 | steps:  3574 | steps_t:     0 | t: 1.177273 | r:  -507.000000 | e:   1.000000 | Q:        nan | won: False 
#  312 | steps:  3582 | steps_t:     0 | t: 1.180249 | r:  -507.000000 | e:   1.000000 | Q:        nan | won: False 
#  313 | steps:  3589 | steps_t:     0 | t: 1.182242 | r:  -506.000000 | e:   1.000000 | Q:        nan | won: False 
#  314 | steps:  3602 | steps_t:     0 | t: 1.185232 | r:  -512.000000 | e:   1.000000 | Q:        nan | won: False 
#  315 | steps:  3610 | steps_t:     0 | t: 1.187225 | r:  -507.000000 | e:   1.000000 | Q:        nan | won: False 
#  316 | steps:  3631 | steps_t:     0 | t: 1.193338 | r:  -520.000000 | e:   1.000000 | Q:        nan | won: False 
#  317 | steps:  3640 | steps_t:     0 | t: 1.196416 | r:  -508.000000 | e:   1.000000 | Q:        nan | won: False 
#  318 | steps:  3647 | steps_t:     0 | t: 1.199414 | r:  -506.000000 | e:   1.000000 | Q:        nan | won: False 
#  319 | steps:  3654 | steps_t:     0 | t: 1.201401 | r:  -506.000000 | e:   1.000000 | Q:        nan | won: False 
#  320 | steps:  3662 | steps_t:     0 | t: 1.204400 | r:  -507.000000 | e:   1.000000 | Q:        nan | won: False 
#  321 | steps:  3671 | steps_t:     0 | t: 1.206381 | r:  -508.000000 | e:   1.000000 | Q:        nan | won: False 
#  322 | steps:  3683 | steps_t:     0 | t: 1.210371 | r:  -511.000000 | e:   1.000000 | Q:        nan | won: False 
#  323 | steps:  3694 | steps_t:     0 | t: 1.213362 | r:  -510.000000 | e:   1.000000 | Q:        nan | won: False 
#  324 | steps:  3701 | steps_t:     0 | t: 1.215357 | r:  -506.000000 | e:   1.000000 | Q:        nan | won: False 
#  325 | steps:  3715 | steps_t:     0 | t: 1.219344 | r:  -502.000000 | e:   1.000000 | Q:        nan | won: False 
#  326 | steps:  3735 | steps_t:     0 | t: 1.225273 | r:  -519.000000 | e:   1.000000 | Q:        nan | won: False 
#  327 | steps:  3743 | steps_t:     0 | t: 1.228265 | r:  -507.000000 | e:   1.000000 | Q:        nan | won: False 
#  328 | steps:  3750 | steps_t:     0 | t: 1.230313 | r:  -506.000000 | e:   1.000000 | Q:        nan | won: False 
#  329 | steps:  3769 | steps_t:     0 | t: 1.235291 | r:  -518.000000 | e:   1.000000 | Q:        nan | won: False 
#  330 | steps:  3789 | steps_t:     0 | t: 1.240296 | r:  -519.000000 | e:   1.000000 | Q:        nan | won: False 
#  331 | steps:  3805 | steps_t:     0 | t: 1.245249 | r:  -515.000000 | e:   1.000000 | Q:        nan | won: False 
#  332 | steps:  3823 | steps_t:     0 | t: 1.250241 | r:  -517.000000 | e:   1.000000 | Q:        nan | won: False 
#  333 | steps:  3833 | steps_t:     0 | t: 1.253244 | r:  -509.000000 | e:   1.000000 | Q:        nan | won: False 
#  334 | steps:  3845 | steps_t:     0 | t: 1.257220 | r:  -511.000000 | e:   1.000000 | Q:        nan | won: False 
#  335 | steps:  3856 | steps_t:     0 | t: 1.260199 | r:  -510.000000 | e:   1.000000 | Q:        nan | won: False 
#  336 | steps:  3875 | steps_t:     0 | t: 1.265213 | r:  -507.000000 | e:   1.000000 | Q:        nan | won: False 
#  337 | steps:  3885 | steps_t:     0 | t: 1.268130 | r:  -509.000000 | e:   1.000000 | Q:        nan | won: False 
#  338 | steps:  3893 | steps_t:     0 | t: 1.271301 | r:  -507.000000 | e:   1.000000 | Q:        nan | won: False 
#  339 | steps:  3918 | steps_t:     0 | t: 1.277300 | r:  -524.000000 | e:   1.000000 | Q:        nan | won: False 
#  340 | steps:  3928 | steps_t:     0 | t: 1.280272 | r:  -509.000000 | e:   1.000000 | Q:        nan | won: False 
#  341 | steps:  3935 | steps_t:     0 | t: 1.283236 | r:  -506.000000 | e:   1.000000 | Q:        nan | won: False 
#  342 | steps:  3944 | steps_t:     0 | t: 1.286263 | r:  -508.000000 | e:   1.000000 | Q:        nan | won: False 
#  343 | steps:  3955 | steps_t:     0 | t: 1.289237 | r:  -510.000000 | e:   1.000000 | Q:        nan | won: False 
#  344 | steps:  3965 | steps_t:     0 | t: 1.292234 | r:  -509.000000 | e:   1.000000 | Q:        nan | won: False 
#  345 | steps:  3973 | steps_t:     0 | t: 1.295212 | r:  -507.000000 | e:   1.000000 | Q:        nan | won: False 
#  346 | steps:  3986 | steps_t:     0 | t: 1.298203 | r:  -512.000000 | e:   1.000000 | Q:        nan | won: False 
#  347 | steps:  3995 | steps_t:     0 | t: 1.301192 | r:  -508.000000 | e:   1.000000 | Q:        nan | won: False 
#  348 | steps:  4003 | steps_t:     0 | t: 1.303196 | r:  -507.000000 | e:   1.000000 | Q:        nan | won: False 
#  349 | steps:  4009 | steps_t:     0 | t: 1.305189 | r:  -505.000000 | e:   1.000000 | Q:        nan | won: False 
#  350 | steps:  4018 | steps_t:     0 | t: 1.308177 | r:  -508.000000 | e:   1.000000 | Q:        nan | won: False 
#  351 | steps:  4028 | steps_t:     0 | t: 1.311117 | r:  -509.000000 | e:   1.000000 | Q:        nan | won: False 
#  352 | steps:  4037 | steps_t:     0 | t: 1.314158 | r:  -508.000000 | e:   1.000000 | Q:        nan | won: False 
#  353 | steps:  4055 | steps_t:     0 | t: 1.319142 | r:  -517.000000 | e:   1.000000 | Q:        nan | won: False 
#  354 | steps:  4061 | steps_t:     0 | t: 1.321139 | r:  -505.000000 | e:   1.000000 | Q:        nan | won: False 
#  355 | steps:  4070 | steps_t:     0 | t: 1.324128 | r:  -508.000000 | e:   1.000000 | Q:        nan | won: False 
#  356 | steps:  4079 | steps_t:     0 | t: 1.326118 | r:  -508.000000 | e:   1.000000 | Q:        nan | won: False 
#  357 | steps:  4096 | steps_t:     0 | t: 1.332090 | r:  -516.000000 | e:   1.000000 | Q:        nan | won: False 
#  358 | steps:  4116 | steps_t:     0 | t: 1.337083 | r:  -519.000000 | e:   1.000000 | Q:        nan | won: False 
#  359 | steps:  4125 | steps_t:     0 | t: 1.339066 | r:  -508.000000 | e:   1.000000 | Q:        nan | won: False 
#  360 | steps:  4137 | steps_t:     0 | t: 1.342057 | r:  -511.000000 | e:   1.000000 | Q:        nan | won: False 
#  361 | steps:  4144 | steps_t:     0 | t: 1.346051 | r:  -506.000000 | e:   1.000000 | Q:        nan | won: False 
#  362 | steps:  4150 | steps_t:     0 | t: 1.349045 | r:  -505.000000 | e:   1.000000 | Q:        nan | won: False 
#  363 | steps:  4158 | steps_t:     0 | t: 1.352049 | r:  -507.000000 | e:   1.000000 | Q:        nan | won: False 
#  364 | steps:  4171 | steps_t:     0 | t: 1.355014 | r:  -512.000000 | e:   1.000000 | Q:        nan | won: False 
#  365 | steps:  4179 | steps_t:     0 | t: 1.358017 | r:  -507.000000 | e:   1.000000 | Q:        nan | won: False 
#  366 | steps:  4186 | steps_t:     0 | t: 1.360004 | r:  -506.000000 | e:   1.000000 | Q:        nan | won: False 
#  367 | steps:  4198 | steps_t:     0 | t: 1.364009 | r:  -511.000000 | e:   1.000000 | Q:        nan | won: False 
#  368 | steps:  4207 | steps_t:     0 | t: 1.366994 | r:  -508.000000 | e:   1.000000 | Q:        nan | won: False 
#  369 | steps:  4220 | steps_t:     0 | t: 1.371001 | r:  -512.000000 | e:   1.000000 | Q:        nan | won: False 
#  370 | steps:  4226 | steps_t:     0 | t: 1.372974 | r:  -505.000000 | e:   1.000000 | Q:        nan | won: False 
#  371 | steps:  4235 | steps_t:     0 | t: 1.374984 | r:  -508.000000 | e:   1.000000 | Q:        nan | won: False 
#  372 | steps:  4247 | steps_t:     0 | t: 1.378965 | r:  -511.000000 | e:   1.000000 | Q:        nan | won: False 
#  373 | steps:  4260 | steps_t:     0 | t: 1.382940 | r:  -512.000000 | e:   1.000000 | Q:        nan | won: False 
#  374 | steps:  4273 | steps_t:     0 | t: 1.386919 | r:  -512.000000 | e:   1.000000 | Q:        nan | won: False 
#  375 | steps:  4282 | steps_t:     0 | t: 1.388914 | r:  -508.000000 | e:   1.000000 | Q:        nan | won: False 
#  376 | steps:  4292 | steps_t:     0 | t: 1.391901 | r:  -509.000000 | e:   1.000000 | Q:        nan | won: False 
#  377 | steps:  4300 | steps_t:     0 | t: 1.394947 | r:  -507.000000 | e:   1.000000 | Q:        nan | won: False 
#  378 | steps:  4308 | steps_t:     0 | t: 1.397872 | r:  -507.000000 | e:   1.000000 | Q:        nan | won: False 
#  379 | steps:  4323 | steps_t:     0 | t: 1.401859 | r:  -514.000000 | e:   1.000000 | Q:        nan | won: False 
#  380 | steps:  4335 | steps_t:     0 | t: 1.404852 | r:  -511.000000 | e:   1.000000 | Q:        nan | won: False 
#  381 | steps:  4345 | steps_t:     0 | t: 1.407836 | r:  -509.000000 | e:   1.000000 | Q:        nan | won: False 
#  382 | steps:  4363 | steps_t:     0 | t: 1.413835 | r:  -517.000000 | e:   1.000000 | Q:        nan | won: False 
#  383 | steps:  4369 | steps_t:     0 | t: 1.415831 | r:  -505.000000 | e:   1.000000 | Q:        nan | won: False 
#  384 | steps:  4375 | steps_t:     0 | t: 1.417810 | r:  -505.000000 | e:   1.000000 | Q:        nan | won: False 
#  385 | steps:  4392 | steps_t:     0 | t: 1.421798 | r:  -516.000000 | e:   1.000000 | Q:        nan | won: False 
#  386 | steps:  4399 | steps_t:     0 | t: 1.423782 | r:  -506.000000 | e:   1.000000 | Q:        nan | won: False 
#  387 | steps:  4414 | steps_t:     0 | t: 1.428723 | r:  -514.000000 | e:   1.000000 | Q:        nan | won: False 
#  388 | steps:  4424 | steps_t:     0 | t: 1.431715 | r:  -509.000000 | e:   1.000000 | Q:        nan | won: False 
#  389 | steps:  4431 | steps_t:     0 | t: 1.433709 | r:  -506.000000 | e:   1.000000 | Q:        nan | won: False 
#  390 | steps:  4462 | steps_t:     0 | t: 1.441682 | r:  -519.000000 | e:   1.000000 | Q:        nan | won: False 
#  391 | steps:  4483 | steps_t:     0 | t: 1.447660 | r:  -520.000000 | e:   1.000000 | Q:        nan | won: False 
#  392 | steps:  4506 | steps_t:     0 | t: 1.453642 | r:  -522.000000 | e:   1.000000 | Q:        nan | won: False 
#  393 | steps:  4513 | steps_t:     0 | t: 1.455636 | r:  -506.000000 | e:   1.000000 | Q:        nan | won: False 
#  394 | steps:  4521 | steps_t:     0 | t: 1.457629 | r:  -507.000000 | e:   1.000000 | Q:        nan | won: False 
#  395 | steps:  4530 | steps_t:     0 | t: 1.460623 | r:  -508.000000 | e:   1.000000 | Q:        nan | won: False 
#  396 | steps:  4544 | steps_t:     0 | t: 1.465661 | r:  -513.000000 | e:   1.000000 | Q:        nan | won: False 
#  397 | steps:  4556 | steps_t:     0 | t: 1.468647 | r:  -511.000000 | e:   1.000000 | Q:        nan | won: False 
#  398 | steps:  4566 | steps_t:     0 | t: 1.471637 | r:  -509.000000 | e:   1.000000 | Q:        nan | won: False 
#  399 | steps:  4574 | steps_t:     0 | t: 1.473634 | r:  -507.000000 | e:   1.000000 | Q:        nan | won: False 
#  400 | steps:  4584 | steps_t:     0 | t: 1.477570 | r:  -509.000000 | e:   1.000000 | Q:        nan | won: False 
#  401 | steps:  4589 | steps_t:     0 | t: 1.479556 | r:  -504.000000 | e:   1.000000 | Q:        nan | won: False 
#  402 | steps:  4604 | steps_t:     0 | t: 1.483542 | r:  -514.000000 | e:   1.000000 | Q:        nan | won: False 
#  403 | steps:  4613 | steps_t:     0 | t: 1.486532 | r:  -508.000000 | e:   1.000000 | Q:        nan | won: False 
#  404 | steps:  4622 | steps_t:     0 | t: 1.488526 | r:  -508.000000 | e:   1.000000 | Q:        nan | won: False 
#  405 | steps:  4635 | steps_t:     0 | t: 1.492512 | r:  -512.000000 | e:   1.000000 | Q:        nan | won: False 
#  406 | steps:  4644 | steps_t:     0 | t: 1.496500 | r:  -508.000000 | e:   1.000000 | Q:        nan | won: False 
#  407 | steps:  4655 | steps_t:     0 | t: 1.500486 | r:  -510.000000 | e:   1.000000 | Q:        nan | won: False 
#  408 | steps:  4670 | steps_t:     0 | t: 1.504472 | r:  -514.000000 | e:   1.000000 | Q:        nan | won: False 
#  409 | steps:  4678 | steps_t:     0 | t: 1.507461 | r:  -507.000000 | e:   1.000000 | Q:        nan | won: False 
#  410 | steps:  4688 | steps_t:     0 | t: 1.510463 | r:  -509.000000 | e:   1.000000 | Q:        nan | won: False 
#  411 | steps:  4701 | steps_t:     0 | t: 1.514439 | r:  -512.000000 | e:   1.000000 | Q:        nan | won: False 
#  412 | steps:  4709 | steps_t:     0 | t: 1.517429 | r:  -507.000000 | e:   1.000000 | Q:        nan | won: False 
#  413 | steps:  4715 | steps_t:     0 | t: 1.518426 | r:  -505.000000 | e:   1.000000 | Q:        nan | won: False 
#  414 | steps:  4723 | steps_t:     0 | t: 1.520419 | r:  -507.000000 | e:   1.000000 | Q:        nan | won: False 
#  415 | steps:  4730 | steps_t:     0 | t: 1.523690 | r:  -506.000000 | e:   1.000000 | Q:        nan | won: False 
#  416 | steps:  4738 | steps_t:     0 | t: 1.526673 | r:  -507.000000 | e:   1.000000 | Q:        nan | won: False 
#  417 | steps:  4748 | steps_t:     0 | t: 1.529665 | r:  -509.000000 | e:   1.000000 | Q:        nan | won: False 
#  418 | steps:  4758 | steps_t:     0 | t: 1.532655 | r:  -509.000000 | e:   1.000000 | Q:        nan | won: False 
#  419 | steps:  4768 | steps_t:     0 | t: 1.535645 | r:  -509.000000 | e:   1.000000 | Q:        nan | won: False 
#  420 | steps:  4776 | steps_t:     0 | t: 1.538637 | r:  -507.000000 | e:   1.000000 | Q:        nan | won: False 
#  421 | steps:  4793 | steps_t:     0 | t: 1.542622 | r:  -516.000000 | e:   1.000000 | Q:        nan | won: False 
#  422 | steps:  4801 | steps_t:     0 | t: 1.545613 | r:  -507.000000 | e:   1.000000 | Q:        nan | won: False 
#  423 | steps:  4810 | steps_t:     0 | t: 1.548602 | r:  -508.000000 | e:   1.000000 | Q:        nan | won: False 
#  424 | steps:  4820 | steps_t:     0 | t: 1.551592 | r:  -509.000000 | e:   1.000000 | Q:        nan | won: False 
#  425 | steps:  4844 | steps_t:     0 | t: 1.556576 | r:  -523.000000 | e:   1.000000 | Q:        nan | won: False 
#  426 | steps:  4855 | steps_t:     0 | t: 1.559565 | r:  -510.000000 | e:   1.000000 | Q:        nan | won: False 
#  427 | steps:  4863 | steps_t:     0 | t: 1.562565 | r:  -507.000000 | e:   1.000000 | Q:        nan | won: False 
#  428 | steps:  4870 | steps_t:     0 | t: 1.564557 | r:  -506.000000 | e:   1.000000 | Q:        nan | won: False 
#  429 | steps:  4883 | steps_t:     0 | t: 1.568636 | r:  -512.000000 | e:   1.000000 | Q:        nan | won: False 
#  430 | steps:  4890 | steps_t:     0 | t: 1.570552 | r:  -506.000000 | e:   1.000000 | Q:        nan | won: False 
#  431 | steps:  4899 | steps_t:     0 | t: 1.573604 | r:  -508.000000 | e:   1.000000 | Q:        nan | won: False 
#  432 | steps:  4913 | steps_t:     0 | t: 1.578625 | r:  -513.000000 | e:   1.000000 | Q:        nan | won: False 
#  433 | steps:  4920 | steps_t:     0 | t: 1.580589 | r:  -506.000000 | e:   1.000000 | Q:        nan | won: False 
#  434 | steps:  4931 | steps_t:     0 | t: 1.583579 | r:  -510.000000 | e:   1.000000 | Q:        nan | won: False 
#  435 | steps:  4941 | steps_t:     0 | t: 1.586565 | r:  -509.000000 | e:   1.000000 | Q:        nan | won: False 
#  436 | steps:  4953 | steps_t:     0 | t: 1.590673 | r:  -511.000000 | e:   1.000000 | Q:        nan | won: False 
#  437 | steps:  4973 | steps_t:     0 | t: 1.596650 | r:  -519.000000 | e:   1.000000 | Q:        nan | won: False 
#  438 | steps:  4981 | steps_t:     0 | t: 1.598571 | r:  -507.000000 | e:   1.000000 | Q:        nan | won: False 
#  439 | steps:  4989 | steps_t:     0 | t: 1.601561 | r:  -507.000000 | e:   1.000000 | Q:        nan | won: False 
