#    1 | steps:     9 | steps_t:     0 | t: 0.015946 | r:  -508.000000 | e:   1.000000 | Q:        nan | won: False 
#    2 | steps:    27 | steps_t:     0 | t: 0.020559 | r:  -517.000000 | e:   1.000000 | Q:        nan | won: False 
#    3 | steps:    35 | steps_t:     0 | t: 0.023465 | r:  -507.000000 | e:   1.000000 | Q:        nan | won: False 
#    4 | steps:    46 | steps_t:     0 | t: 0.027519 | r:  -510.000000 | e:   1.000000 | Q:        nan | won: False 
#    5 | steps:    51 | steps_t:     0 | t: 0.028994 | r:  -504.000000 | e:   1.000000 | Q:        nan | won: False 
#    6 | steps:    59 | steps_t:     0 | t: 0.032989 | r:  -507.000000 | e:   1.000000 | Q:        nan | won: False 
#    7 | steps:    70 | steps_t:     0 | t: 0.035967 | r:  -510.000000 | e:   1.000000 | Q:        nan | won: False 
#    8 | steps:    77 | steps_t:     0 | t: 0.039156 | r:  -506.000000 | e:   1.000000 | Q:        nan | won: False 
#    9 | steps:    87 | steps_t:     0 | t: 0.042145 | r:  -509.000000 | e:   1.000000 | Q:        nan | won: False 
#   10 | steps:    96 | steps_t:     0 | t: 0.045155 | r:  -508.000000 | e:   1.000000 | Q:        nan | won: False 
#   11 | steps:   104 | steps_t:     0 | t: 0.047128 | r:  -507.000000 | e:   1.000000 | Q:        nan | won: False 
#   12 | steps:   110 | steps_t:     0 | t: 0.050118 | r:  -505.000000 | e:   1.000000 | Q:        nan | won: False 
#   13 | steps:   120 | steps_t:     0 | t: 0.052437 | r:  -509.000000 | e:   1.000000 | Q:        nan | won: False 
#   14 | steps:   129 | steps_t:     0 | t: 0.055429 | r:  -508.000000 | e:   1.000000 | Q:        nan | won: False 
#   15 | steps:   137 | steps_t:     0 | t: 0.058418 | r:  -507.000000 | e:   1.000000 | Q:        nan | won: False 
#   16 | steps:   146 | steps_t:     0 | t: 0.061408 | r:  -508.000000 | e:   1.000000 | Q:        nan | won: False 
#   17 | steps:   152 | steps_t:     0 | t: 0.063410 | r:  -505.000000 | e:   1.000000 | Q:        nan | won: False 
#   18 | steps:   162 | steps_t:     0 | t: 0.066391 | r:  -509.000000 | e:   1.000000 | Q:        nan | won: False 
#   19 | steps:   180 | steps_t:     0 | t: 0.071377 | r:  -517.000000 | e:   1.000000 | Q:        nan | won: False 
#   20 | steps:   189 | steps_t:     0 | t: 0.075378 | r:  -508.000000 | e:   1.000000 | Q:        nan | won: False 
#   21 | steps:   202 | steps_t:     0 | t: 0.079341 | r:  -512.000000 | e:   1.000000 | Q:        nan | won: False 
#   22 | steps:   208 | steps_t:     0 | t: 0.081339 | r:  -505.000000 | e:   1.000000 | Q:        nan | won: False 
#   23 | steps:   225 | steps_t:     0 | t: 0.085336 | r:  -516.000000 | e:   1.000000 | Q:        nan | won: False 
#   24 | steps:   235 | steps_t:     0 | t: 0.088321 | r:  -509.000000 | e:   1.000000 | Q:        nan | won: False 
#   25 | steps:   251 | steps_t:     0 | t: 0.093301 | r:  -504.000000 | e:   1.000000 | Q:        nan | won: False 
#   26 | steps:   260 | steps_t:     0 | t: 0.096299 | r:  -508.000000 | e:   1.000000 | Q:        nan | won: False 
#   27 | steps:   266 | steps_t:     0 | t: 0.098280 | r:  -505.000000 | e:   1.000000 | Q:        nan | won: False 
#   28 | steps:   278 | steps_t:     0 | t: 0.101273 | r:  -511.000000 | e:   1.000000 | Q:        nan | won: False 
#   29 | steps:   288 | steps_t:     0 | t: 0.104265 | r:  -509.000000 | e:   1.000000 | Q:        nan | won: False 
#   30 | steps:   298 | steps_t:     0 | t: 0.107253 | r:  -509.000000 | e:   1.000000 | Q:        nan | won: False 
#   31 | steps:   312 | steps_t:     0 | t: 0.112245 | r:  -513.000000 | e:   1.000000 | Q:        nan | won: False 
#   32 | steps:   322 | steps_t:     0 | t: 0.114229 | r:  -509.000000 | e:   1.000000 | Q:        nan | won: False 
#   33 | steps:   329 | steps_t:     0 | t: 0.117394 | r:  -506.000000 | e:   1.000000 | Q:        nan | won: False 
#   34 | steps:   343 | steps_t:     0 | t: 0.120384 | r:  -502.000000 | e:   1.000000 | Q:        nan | won: False 
#   35 | steps:   353 | steps_t:     0 | t: 0.124370 | r:  -509.000000 | e:   1.000000 | Q:        nan | won: False 
#   36 | steps:   362 | steps_t:     0 | t: 0.127355 | r:  -508.000000 | e:   1.000000 | Q:        nan | won: False 
#   37 | steps:   369 | steps_t:     0 | t: 0.129348 | r:  -506.000000 | e:   1.000000 | Q:        nan | won: False 
#   38 | steps:   380 | steps_t:     0 | t: 0.132339 | r:  -510.000000 | e:   1.000000 | Q:        nan | won: False 
#   39 | steps:   389 | steps_t:     0 | t: 0.134330 | r:  -508.000000 | e:   1.000000 | Q:        nan | won: False 
#   40 | steps:   412 | steps_t:     0 | t: 0.140306 | r:  -522.000000 | e:   1.000000 | Q:        nan | won: False 
#   41 | steps:   431 | steps_t:     0 | t: 0.146249 | r:  -507.000000 | e:   1.000000 | Q:        nan | won: False 
#   42 | steps:   444 | steps_t:     0 | t: 0.149309 | r:  -512.000000 | e:   1.000000 | Q:        nan | won: False 
#   43 | steps:   450 | steps_t:     0 | t: 0.152292 | r:  -505.000000 | e:   1.000000 | Q:        nan | won: False 
#   44 | steps:   472 | steps_t:     0 | t: 0.158279 | r:  -521.000000 | e:   1.000000 | Q:        nan | won: False 
#   45 | steps:   483 | steps_t:     0 | t: 0.162244 | r:  -510.000000 | e:   1.000000 | Q:        nan | won: False 
#   46 | steps:   494 | steps_t:     0 | t: 0.164235 | r:  -510.000000 | e:   1.000000 | Q:        nan | won: False 
#   47 | steps:   501 | steps_t:     0 | t: 0.167223 | r:  -506.000000 | e:   1.000000 | Q:        nan | won: False 
#   48 | steps:   511 | steps_t:     0 | t: 0.169214 | r:  -509.000000 | e:   1.000000 | Q:        nan | won: False 
#   49 | steps:   520 | steps_t:     0 | t: 0.172213 | r:  -508.000000 | e:   1.000000 | Q:        nan | won: False 
#   50 | steps:   530 | steps_t:     0 | t: 0.175197 | r:  -509.000000 | e:   1.000000 | Q:        nan | won: False 
#   51 | steps:   555 | steps_t:     0 | t: 0.181182 | r:  -524.000000 | e:   1.000000 | Q:        nan | won: False 
#   52 | steps:   575 | steps_t:     0 | t: 0.186160 | r:  -519.000000 | e:   1.000000 | Q:        nan | won: False 
#   53 | steps:   586 | steps_t:     0 | t: 0.190101 | r:  -510.000000 | e:   1.000000 | Q:        nan | won: False 
#   54 | steps:   595 | steps_t:     0 | t: 0.193141 | r:  -508.000000 | e:   1.000000 | Q:        nan | won: False 
#   55 | steps:   614 | steps_t:     0 | t: 0.198125 | r:  -507.000000 | e:   1.000000 | Q:        nan | won: False 
#   56 | steps:   623 | steps_t:     0 | t: 0.200121 | r:  -508.000000 | e:   1.000000 | Q:        nan | won: False 
#   57 | steps:   637 | steps_t:     0 | t: 0.204095 | r:  -502.000000 | e:   1.000000 | Q:        nan | won: False 
#   58 | steps:   659 | steps_t:     0 | t: 0.210083 | r:  -521.000000 | e:   1.000000 | Q:        nan | won: False 
#   59 | steps:   666 | steps_t:     0 | t: 0.213075 | r:  -506.000000 | e:   1.000000 | Q:        nan | won: False 
#   60 | steps:   677 | steps_t:     0 | t: 0.216063 | r:  -510.000000 | e:   1.000000 | Q:        nan | won: False 
#   61 | steps:   685 | steps_t:     0 | t: 0.218048 | r:  -507.000000 | e:   1.000000 | Q:        nan | won: False 
#   62 | steps:   708 | steps_t:     0 | t: 0.225074 | r:  -522.000000 | e:   1.000000 | Q:        nan | won: False 
#   63 | steps:   726 | steps_t:     0 | t: 0.229027 | r:  -517.000000 | e:   1.000000 | Q:        nan | won: False 
#   64 | steps:   737 | steps_t:     0 | t: 0.232011 | r:  -510.000000 | e:   1.000000 | Q:        nan | won: False 
#   65 | steps:   750 | steps_t:     0 | t: 0.237024 | r:  -512.000000 | e:   1.000000 | Q:        nan | won: False 
#   66 | steps:   761 | steps_t:     0 | t: 0.240018 | r:  -510.000000 | e:   1.000000 | Q:        nan | won: False 
#   67 | steps:   768 | steps_t:     0 | t: 0.243059 | r:  -506.000000 | e:   1.000000 | Q:        nan | won: False 
#   68 | steps:   789 | steps_t:     0 | t: 0.248041 | r:  -520.000000 | e:   1.000000 | Q:        nan | won: False 
#   69 | steps:   803 | steps_t:     0 | t: 0.252033 | r:  -513.000000 | e:   1.000000 | Q:        nan | won: False 
#   70 | steps:   809 | steps_t:     0 | t: 0.254040 | r:  -505.000000 | e:   1.000000 | Q:        nan | won: False 
#   71 | steps:   823 | steps_t:     0 | t: 0.259015 | r:  -513.000000 | e:   1.000000 | Q:        nan | won: False 
#   72 | steps:   832 | steps_t:     0 | t: 0.261989 | r:  -508.000000 | e:   1.000000 | Q:        nan | won: False 
#   73 | steps:   842 | steps_t:     0 | t: 0.264983 | r:  -509.000000 | e:   1.000000 | Q:        nan | won: False 
#   74 | steps:   850 | steps_t:     0 | t: 0.266977 | r:  -507.000000 | e:   1.000000 | Q:        nan | won: False 
#   75 | steps:   862 | steps_t:     0 | t: 0.270968 | r:  -511.000000 | e:   1.000000 | Q:        nan | won: False 
#   76 | steps:   869 | steps_t:     0 | t: 0.272918 | r:  -506.000000 | e:   1.000000 | Q:        nan | won: False 
#   77 | steps:   882 | steps_t:     0 | t: 0.276959 | r:  -512.000000 | e:   1.000000 | Q:        nan | won: False 
#   78 | steps:   897 | steps_t:     0 | t: 0.280933 | r:  -492.000000 | e:   1.000000 | Q:        nan | won: False 
#   79 | steps:   909 | steps_t:     0 | t: 0.284869 | r:  -511.000000 | e:   1.000000 | Q:        nan | won: False 
#   80 | steps:   916 | steps_t:     0 | t: 0.287922 | r:  -506.000000 | e:   1.000000 | Q:        nan | won: False 
#   81 | steps:   925 | steps_t:     0 | t: 0.290936 | r:  -508.000000 | e:   1.000000 | Q:        nan | won: False 
#   82 | steps:   934 | steps_t:     0 | t: 0.293890 | r:  -508.000000 | e:   1.000000 | Q:        nan | won: False 
#   83 | steps:   943 | steps_t:     0 | t: 0.295874 | r:  -508.000000 | e:   1.000000 | Q:        nan | won: False 
#   84 | steps:   953 | steps_t:     0 | t: 0.298876 | r:  -509.000000 | e:   1.000000 | Q:        nan | won: False 
#   85 | steps:   960 | steps_t:     0 | t: 0.300857 | r:  -506.000000 | e:   1.000000 | Q:        nan | won: False 
#   86 | steps:   978 | steps_t:     0 | t: 0.305842 | r:  -517.000000 | e:   1.000000 | Q:        nan | won: False 
#   87 | steps:   985 | steps_t:     0 | t: 0.307873 | r:  -506.000000 | e:   1.000000 | Q:        nan | won: False 
#   88 | steps:   996 | steps_t:     0 | t: 0.310822 | r:  -510.000000 | e:   1.000000 | Q:        nan | won: False 
#   89 | steps:  1008 | steps_t:     0 | t: 0.314815 | r:  -511.000000 | e:   1.000000 | Q:        nan | won: False 
#   90 | steps:  1017 | steps_t:     0 | t: 0.317801 | r:  -508.000000 | e:   1.000000 | Q:        nan | won: False 
#   91 | steps:  1027 | steps_t:     0 | t: 0.320797 | r:  -509.000000 | e:   1.000000 | Q:        nan | won: False 
#   92 | steps:  1037 | steps_t:     0 | t: 0.323825 | r:  -509.000000 | e:   1.000000 | Q:        nan | won: False 
#   93 | steps:  1048 | steps_t:     0 | t: 0.326382 | r:  -510.000000 | e:   1.000000 | Q:        nan | won: False 
#   94 | steps:  1061 | steps_t:     0 | t: 0.330363 | r:  -512.000000 | e:   1.000000 | Q:        nan | won: False 
#   95 | steps:  1072 | steps_t:     0 | t: 0.333350 | r:  -510.000000 | e:   1.000000 | Q:        nan | won: False 
#   96 | steps:  1093 | steps_t:     0 | t: 0.339335 | r:  -520.000000 | e:   1.000000 | Q:        nan | won: False 
#   97 | steps:  1100 | steps_t:     0 | t: 0.342321 | r:  -506.000000 | e:   1.000000 | Q:        nan | won: False 
#   98 | steps:  1110 | steps_t:     0 | t: 0.345308 | r:  -509.000000 | e:   1.000000 | Q:        nan | won: False 
#   99 | steps:  1117 | steps_t:     0 | t: 0.347252 | r:  -506.000000 | e:   1.000000 | Q:        nan | won: False 
#  100 | steps:  1127 | steps_t:     0 | t: 0.351290 | r:  -509.000000 | e:   1.000000 | Q:        nan | won: False 
#  101 | steps:  1133 | steps_t:     0 | t: 0.353280 | r:  -505.000000 | e:   1.000000 | Q:        nan | won: False 
#  102 | steps:  1143 | steps_t:     0 | t: 0.356225 | r:  -509.000000 | e:   1.000000 | Q:        nan | won: False 
#  103 | steps:  1153 | steps_t:     0 | t: 0.359263 | r:  -509.000000 | e:   1.000000 | Q:        nan | won: False 
#  104 | steps:  1162 | steps_t:     0 | t: 0.362252 | r:  -508.000000 | e:   1.000000 | Q:        nan | won: False 
#  105 | steps:  1177 | steps_t:     0 | t: 0.366241 | r:  -514.000000 | e:   1.000000 | Q:        nan | won: False 
#  106 | steps:  1188 | steps_t:     0 | t: 0.369232 | r:  -510.000000 | e:   1.000000 | Q:        nan | won: False 
#  107 | steps:  1197 | steps_t:     0 | t: 0.372217 | r:  -508.000000 | e:   1.000000 | Q:        nan | won: False 
#  108 | steps:  1204 | steps_t:     0 | t: 0.374164 | r:  -506.000000 | e:   1.000000 | Q:        nan | won: False 
#  109 | steps:  1210 | steps_t:     0 | t: 0.377229 | r:  -505.000000 | e:   1.000000 | Q:        nan | won: False 
#  110 | steps:  1220 | steps_t:     0 | t: 0.380189 | r:  -509.000000 | e:   1.000000 | Q:        nan | won: False 
#  111 | steps:  1231 | steps_t:     0 | t: 0.383214 | r:  -510.000000 | e:   1.000000 | Q:        nan | won: False 
#  112 | steps:  1250 | steps_t:     0 | t: 0.388199 | r:  -518.000000 | e:   1.000000 | Q:        nan | won: False 
#  113 | steps:  1257 | steps_t:     0 | t: 0.391179 | r:  -506.000000 | e:   1.000000 | Q:        nan | won: False 
#  114 | steps:  1277 | steps_t:     0 | t: 0.397134 | r:  -519.000000 | e:   1.000000 | Q:        nan | won: False 
#  115 | steps:  1282 | steps_t:     0 | t: 0.399135 | r:  -504.000000 | e:   1.000000 | Q:        nan | won: False 
#  116 | steps:  1289 | steps_t:     0 | t: 0.401128 | r:  -506.000000 | e:   1.000000 | Q:        nan | won: False 
#  117 | steps:  1299 | steps_t:     0 | t: 0.404130 | r:  -509.000000 | e:   1.000000 | Q:        nan | won: False 
#  118 | steps:  1316 | steps_t:     0 | t: 0.409102 | r:  -516.000000 | e:   1.000000 | Q:        nan | won: False 
#  119 | steps:  1333 | steps_t:     0 | t: 0.414104 | r:  -516.000000 | e:   1.000000 | Q:        nan | won: False 
#  120 | steps:  1341 | steps_t:     0 | t: 0.417065 | r:  -507.000000 | e:   1.000000 | Q:        nan | won: False 
#  121 | steps:  1360 | steps_t:     0 | t: 0.422051 | r:  -518.000000 | e:   1.000000 | Q:        nan | won: False 
#  122 | steps:  1367 | steps_t:     0 | t: 0.423997 | r:  -506.000000 | e:   1.000000 | Q:        nan | won: False 
#  123 | steps:  1377 | steps_t:     0 | t: 0.428056 | r:  -509.000000 | e:   1.000000 | Q:        nan | won: False 
#  124 | steps:  1386 | steps_t:     0 | t: 0.431020 | r:  -508.000000 | e:   1.000000 | Q:        nan | won: False 
#  125 | steps:  1402 | steps_t:     0 | t: 0.435007 | r:  -515.000000 | e:   1.000000 | Q:        nan | won: False 
#  126 | steps:  1413 | steps_t:     0 | t: 0.438002 | r:  -510.000000 | e:   1.000000 | Q:        nan | won: False 
#  127 | steps:  1422 | steps_t:     0 | t: 0.440939 | r:  -508.000000 | e:   1.000000 | Q:        nan | won: False 
#  128 | steps:  1429 | steps_t:     0 | t: 0.443978 | r:  -506.000000 | e:   1.000000 | Q:        nan | won: False 
#  129 | steps:  1441 | steps_t:     0 | t: 0.446983 | r:  -511.000000 | e:   1.000000 | Q:        nan | won: False 
#  130 | steps:  1466 | steps_t:     0 | t: 0.453047 | r:  -524.000000 | e:   1.000000 | Q:        nan | won: False 
#  131 | steps:  1485 | steps_t:     0 | t: 0.460033 | r:  -518.000000 | e:   1.000000 | Q:        nan | won: False 
#  132 | steps:  1500 | steps_t:     0 | t: 0.464037 | r:  -514.000000 | e:   1.000000 | Q:        nan | won: False 
#  133 | steps:  1509 | steps_t:     0 | t: 0.467013 | r:  -508.000000 | e:   1.000000 | Q:        nan | won: False 
#  134 | steps:  1532 | steps_t:     0 | t: 0.474993 | r:  -522.000000 | e:   1.000000 | Q:        nan | won: False 
#  135 | steps:  1545 | steps_t:     0 | t: 0.478970 | r:  -512.000000 | e:   1.000000 | Q:        nan | won: False 
#  136 | steps:  1557 | steps_t:     0 | t: 0.481955 | r:  -511.000000 | e:   1.000000 | Q:        nan | won: False 
#  137 | steps:  1588 | steps_t:     0 | t: 0.490931 | r:  -519.000000 | e:   1.000000 | Q:        nan | won: False 
#  138 | steps:  1596 | steps_t:     0 | t: 0.493865 | r:  -507.000000 | e:   1.000000 | Q:        nan | won: False 
#  139 | steps:  1605 | steps_t:     0 | t: 0.496971 | r:  -508.000000 | e:   1.000000 | Q:        nan | won: False 
#  140 | steps:  1613 | steps_t:     0 | t: 0.499893 | r:  -507.000000 | e:   1.000000 | Q:        nan | won: False 
#  141 | steps:  1628 | steps_t:     0 | t: 0.502883 | r:  -514.000000 | e:   1.000000 | Q:        nan | won: False 
#  142 | steps:  1637 | steps_t:     0 | t: 0.506843 | r:  -508.000000 | e:   1.000000 | Q:        nan | won: False 
#  143 | steps:  1644 | steps_t:     0 | t: 0.509812 | r:  -506.000000 | e:   1.000000 | Q:        nan | won: False 
#  144 | steps:  1652 | steps_t:     0 | t: 0.511805 | r:  -507.000000 | e:   1.000000 | Q:        nan | won: False 
#  145 | steps:  1660 | steps_t:     0 | t: 0.514795 | r:  -507.000000 | e:   1.000000 | Q:        nan | won: False 
#  146 | steps:  1676 | steps_t:     0 | t: 0.518782 | r:  -515.000000 | e:   1.000000 | Q:        nan | won: False 
#  147 | steps:  1682 | steps_t:     0 | t: 0.520775 | r:  -505.000000 | e:   1.000000 | Q:        nan | won: False 
#  148 | steps:  1690 | steps_t:     0 | t: 0.523807 | r:  -507.000000 | e:   1.000000 | Q:        nan | won: False 
#  149 | steps:  1698 | steps_t:     0 | t: 0.526810 | r:  -507.000000 | e:   1.000000 | Q:        nan | won: False 
#  150 | steps:  1705 | steps_t:     0 | t: 0.528801 | r:  -506.000000 | e:   1.000000 | Q:        nan | won: False 
#  151 | steps:  1714 | steps_t:     0 | t: 0.531792 | r:  -508.000000 | e:   1.000000 | Q:        nan | won: False 
#  152 | steps:  1721 | steps_t:     0 | t: 0.533782 | r:  -506.000000 | e:   1.000000 | Q:        nan | won: False 
#  153 | steps:  1728 | steps_t:     0 | t: 0.535774 | r:  -506.000000 | e:   1.000000 | Q:        nan | won: False 
#  154 | steps:  1736 | steps_t:     0 | t: 0.538713 | r:  -507.000000 | e:   1.000000 | Q:        nan | won: False 
#  155 | steps:  1747 | steps_t:     0 | t: 0.542750 | r:  -510.000000 | e:   1.000000 | Q:        nan | won: False 
#  156 | steps:  1757 | steps_t:     0 | t: 0.545745 | r:  -509.000000 | e:   1.000000 | Q:        nan | won: False 
#  157 | steps:  1764 | steps_t:     0 | t: 0.547741 | r:  -506.000000 | e:   1.000000 | Q:        nan | won: False 
#  158 | steps:  1773 | steps_t:     0 | t: 0.550723 | r:  -508.000000 | e:   1.000000 | Q:        nan | won: False 
#  159 | steps:  1781 | steps_t:     0 | t: 0.553666 | r:  -507.000000 | e:   1.000000 | Q:        nan | won: False 
#  160 | steps:  1796 | steps_t:     0 | t: 0.620491 | r:  -492.000000 | e:   1.000000 | Q:        nan | won: False 
#  161 | steps:  1819 | steps_t:     0 | t: 0.627469 | r:  -522.000000 | e:   1.000000 | Q:        nan | won: False 
#  162 | steps:  1834 | steps_t:     0 | t: 0.632401 | r:  -514.000000 | e:   1.000000 | Q:        nan | won: False 
#  163 | steps:  1844 | steps_t:     0 | t: 0.635462 | r:  -509.000000 | e:   1.000000 | Q:        nan | won: False 
#  164 | steps:  1851 | steps_t:     0 | t: 0.638124 | r:  -506.000000 | e:   1.000000 | Q:        nan | won: False 
#  165 | steps:  1861 | steps_t:     0 | t: 0.641114 | r:  -509.000000 | e:   1.000000 | Q:        nan | won: False 
#  166 | steps:  1868 | steps_t:     0 | t: 0.643976 | r:  -506.000000 | e:   1.000000 | Q:        nan | won: False 
#  167 | steps:  1889 | steps_t:     0 | t: 0.648952 | r:  -520.000000 | e:   1.000000 | Q:        nan | won: False 
#  168 | steps:  1904 | steps_t:     0 | t: 0.652941 | r:  -514.000000 | e:   1.000000 | Q:        nan | won: False 
#  169 | steps:  1911 | steps_t:     0 | t: 0.654930 | r:  -506.000000 | e:   1.000000 | Q:        nan | won: False 
#  170 | steps:  1921 | steps_t:     0 | t: 0.658917 | r:  -509.000000 | e:   1.000000 | Q:        nan | won: False 
#  171 | steps:  1933 | steps_t:     0 | t: 0.661915 | r:  -511.000000 | e:   1.000000 | Q:        nan | won: False 
#  172 | steps:  1942 | steps_t:     0 | t: 0.664913 | r:  -508.000000 | e:   1.000000 | Q:        nan | won: False 
#  173 | steps:  1949 | steps_t:     0 | t: 0.666914 | r:  -506.000000 | e:   1.000000 | Q:        nan | won: False 
#  174 | steps:  1962 | steps_t:     0 | t: 0.670880 | r:  -512.000000 | e:   1.000000 | Q:        nan | won: False 
#  175 | steps:  1972 | steps_t:     0 | t: 0.673908 | r:  -509.000000 | e:   1.000000 | Q:        nan | won: False 
#  176 | steps:  1981 | steps_t:     0 | t: 0.676869 | r:  -508.000000 | e:   1.000000 | Q:        nan | won: False 
#  177 | steps:  1998 | steps_t:     0 | t: 0.680849 | r:  -516.000000 | e:   1.000000 | Q:        nan | won: False 
#  178 | steps:  2010 | steps_t:     0 | t: 0.684861 | r:  -511.000000 | e:   1.000000 | Q:        nan | won: False 
#  179 | steps:  2022 | steps_t:     0 | t: 0.687850 | r:  -511.000000 | e:   1.000000 | Q:        nan | won: False 
#  180 | steps:  2033 | steps_t:     0 | t: 0.691828 | r:  -510.000000 | e:   1.000000 | Q:        nan | won: False 
#  181 | steps:  2048 | steps_t:     0 | t: 0.696749 | r:  -503.000000 | e:   1.000000 | Q:        nan | won: False 
#  182 | steps:  2057 | steps_t:     0 | t: 0.698744 | r:  -508.000000 | e:   1.000000 | Q:        nan | won: False 
#  183 | steps:  2074 | steps_t:     0 | t: 0.703727 | r:  -516.000000 | e:   1.000000 | Q:        nan | won: False 
#  184 | steps:  2098 | steps_t:     0 | t: 0.709707 | r:  -523.000000 | e:   1.000000 | Q:        nan | won: False 
#  185 | steps:  2109 | steps_t:     0 | t: 0.712698 | r:  -510.000000 | e:   1.000000 | Q:        nan | won: False 
#  186 | steps:  2117 | steps_t:     0 | t: 0.715688 | r:  -507.000000 | e:   1.000000 | Q:        nan | won: False 
#  187 | steps:  2156 | steps_t:     0 | t: 0.724658 | r:  -538.000000 | e:   1.000000 | Q:        nan | won: False 
#  188 | steps:  2163 | steps_t:     0 | t: 0.727648 | r:  -506.000000 | e:   1.000000 | Q:        nan | won: False 
#  189 | steps:  2171 | steps_t:     0 | t: 0.730638 | r:  -507.000000 | e:   1.000000 | Q:        nan | won: False 
#  190 | steps:  2178 | steps_t:     0 | t: 0.732631 | r:  -506.000000 | e:   1.000000 | Q:        nan | won: False 
#  191 | steps:  2184 | steps_t:     0 | t: 0.734624 | r:  -505.000000 | e:   1.000000 | Q:        nan | won: False 
#  192 | steps:  2198 | steps_t:     0 | t: 0.737614 | r:  -502.000000 | e:   1.000000 | Q:        nan | won: False 
#  193 | steps:  2228 | steps_t:     0 | t: 0.745588 | r:  -518.000000 | e:   1.000000 | Q:        nan | won: False 
#  194 | steps:  2243 | steps_t:     0 | t: 0.749574 | r:  -514.000000 | e:   1.000000 | Q:        nan | won: False 
#  195 | steps:  2250 | steps_t:     0 | t: 0.751568 | r:  -506.000000 | e:   1.000000 | Q:        nan | won: False 
#  196 | steps:  2257 | steps_t:     0 | t: 0.753561 | r:  -506.000000 | e:   1.000000 | Q:        nan | won: False 
#  197 | steps:  2263 | steps_t:     0 | t: 0.756552 | r:  -505.000000 | e:   1.000000 | Q:        nan | won: False 
#  198 | steps:  2271 | steps_t:     0 | t: 0.759539 | r:  -507.000000 | e:   1.000000 | Q:        nan | won: False 
#  199 | steps:  2281 | steps_t:     0 | t: 0.762531 | r:  -509.000000 | e:   1.000000 | Q:        nan | won: False 
#  200 | steps:  2288 | steps_t:     0 | t: 0.764095 | r:  -506.000000 | e:   1.000000 | Q:        nan | won: False 
#  201 | steps:  2295 | steps_t:     0 | t: 0.767101 | r:  -506.000000 | e:   1.000000 | Q:        nan | won: False 
#  202 | steps:  2303 | steps_t:     0 | t: 0.769093 | r:  -507.000000 | e:   1.000000 | Q:        nan | won: False 
#  203 | steps:  2311 | steps_t:     0 | t: 0.771081 | r:  -507.000000 | e:   1.000000 | Q:        nan | won: False 
#  204 | steps:  2333 | steps_t:     0 | t: 0.778003 | r:  -521.000000 | e:   1.000000 | Q:        nan | won: False 
#  205 | steps:  2342 | steps_t:     0 | t: 0.780484 | r:  -508.000000 | e:   1.000000 | Q:        nan | won: False 
#  206 | steps:  2351 | steps_t:     0 | t: 0.783422 | r:  -508.000000 | e:   1.000000 | Q:        nan | won: False 
#  207 | steps:  2372 | steps_t:     0 | t: 0.788861 | r:  -520.000000 | e:   1.000000 | Q:        nan | won: False 
#  208 | steps:  2383 | steps_t:     0 | t: 0.792830 | r:  -510.000000 | e:   1.000000 | Q:        nan | won: False 
#  209 | steps:  2390 | steps_t:     0 | t: 0.794829 | r:  -506.000000 | e:   1.000000 | Q:        nan | won: False 
#  210 | steps:  2402 | steps_t:     0 | t: 0.797814 | r:  -511.000000 | e:   1.000000 | Q:        nan | won: False 
#  211 | steps:  2411 | steps_t:     0 | t: 0.800805 | r:  -508.000000 | e:   1.000000 | Q:        nan | won: False 
#  212 | steps:  2422 | steps_t:     0 | t: 0.803815 | r:  -510.000000 | e:   1.000000 | Q:        nan | won: False 
#  213 | steps:  2431 | steps_t:     0 | t: 0.806787 | r:  -508.000000 | e:   1.000000 | Q:        nan | won: False 
#  214 | steps:  2450 | steps_t:     0 | t: 0.811772 | r:  -518.000000 | e:   1.000000 | Q:        nan | won: False 
#  215 | steps:  2462 | steps_t:     0 | t: 0.815756 | r:  -511.000000 | e:   1.000000 | Q:        nan | won: False 
#  216 | steps:  2471 | steps_t:     0 | t: 0.817750 | r:  -508.000000 | e:   1.000000 | Q:        nan | won: False 
#  217 | steps:  2483 | steps_t:     0 | t: 0.821749 | r:  -511.000000 | e:   1.000000 | Q:        nan | won: False 
#  218 | steps:  2488 | steps_t:     0 | t: 0.823682 | r:  -504.000000 | e:   1.000000 | Q:        nan | won: False 
#  219 | steps:  2500 | steps_t:     0 | t: 0.827715 | r:  -511.000000 | e:   1.000000 | Q:        nan | won: False 
#  220 | steps:  2512 | steps_t:     0 | t: 0.830705 | r:  -511.000000 | e:   1.000000 | Q:        nan | won: False 
#  221 | steps:  2520 | steps_t:     0 | t: 0.832693 | r:  -507.000000 | e:   1.000000 | Q:        nan | won: False 
#  222 | steps:  2530 | steps_t:     0 | t: 0.835683 | r:  -509.000000 | e:   1.000000 | Q:        nan | won: False 
#  223 | steps:  2536 | steps_t:     0 | t: 0.837678 | r:  -505.000000 | e:   1.000000 | Q:        nan | won: False 
#  224 | steps:  2554 | steps_t:     0 | t: 0.842663 | r:  -517.000000 | e:   1.000000 | Q:        nan | won: False 
#  225 | steps:  2563 | steps_t:     0 | t: 0.845650 | r:  -508.000000 | e:   1.000000 | Q:        nan | won: False 
#  226 | steps:  2573 | steps_t:     0 | t: 0.848643 | r:  -509.000000 | e:   1.000000 | Q:        nan | won: False 
#  227 | steps:  2592 | steps_t:     0 | t: 0.853641 | r:  -518.000000 | e:   1.000000 | Q:        nan | won: False 
#  228 | steps:  2598 | steps_t:     0 | t: 0.855618 | r:  -505.000000 | e:   1.000000 | Q:        nan | won: False 
#  229 | steps:  2609 | steps_t:     0 | t: 0.858609 | r:  -510.000000 | e:   1.000000 | Q:        nan | won: False 
#  230 | steps:  2621 | steps_t:     0 | t: 0.862596 | r:  -511.000000 | e:   1.000000 | Q:        nan | won: False 
#  231 | steps:  2629 | steps_t:     0 | t: 0.864597 | r:  -507.000000 | e:   1.000000 | Q:        nan | won: False 
#  232 | steps:  2636 | steps_t:     0 | t: 0.866613 | r:  -506.000000 | e:   1.000000 | Q:        nan | won: False 
#  233 | steps:  2646 | steps_t:     0 | t: 0.869570 | r:  -509.000000 | e:   1.000000 | Q:        nan | won: False 
#  234 | steps:  2667 | steps_t:     0 | t: 0.875562 | r:  -520.000000 | e:   1.000000 | Q:        nan | won: False 
#  235 | steps:  2678 | steps_t:     0 | t: 0.878549 | r:  -510.000000 | e:   1.000000 | Q:        nan | won: False 
#  236 | steps:  2687 | steps_t:     0 | t: 0.881531 | r:  -508.000000 | e:   1.000000 | Q:        nan | won: False 
#  237 | steps:  2703 | steps_t:     0 | t: 0.885540 | r:  -515.000000 | e:   1.000000 | Q:        nan | won: False 
#  238 | steps:  2711 | steps_t:     0 | t: 0.887515 | r:  -507.000000 | e:   1.000000 | Q:        nan | won: False 
#  239 | steps:  2719 | steps_t:     0 | t: 0.890460 | r:  -507.000000 | e:   1.000000 | Q:        nan | won: False 
#  240 | steps:  2736 | steps_t:     0 | t: 0.895498 | r:  -516.000000 | e:   1.000000 | Q:        nan | won: False 
#  241 | steps:  2751 | steps_t:     0 | t: 0.899480 | r:  -514.000000 | e:   1.000000 | Q:        nan | won: False 
#  242 | steps:  2762 | steps_t:     0 | t: 0.902468 | r:  -510.000000 | e:   1.000000 | Q:        nan | won: False 
#  243 | steps:  2773 | steps_t:     0 | t: 0.905453 | r:  -510.000000 | e:   1.000000 | Q:        nan | won: False 
#  244 | steps:  2783 | steps_t:     0 | t: 0.909465 | r:  -509.000000 | e:   1.000000 | Q:        nan | won: False 
#  245 | steps:  2797 | steps_t:     0 | t: 0.913457 | r:  -513.000000 | e:   1.000000 | Q:        nan | won: False 
#  246 | steps:  2804 | steps_t:     0 | t: 0.915449 | r:  -506.000000 | e:   1.000000 | Q:        nan | won: False 
#  247 | steps:  2812 | steps_t:     0 | t: 0.917626 | r:  -507.000000 | e:   1.000000 | Q:        nan | won: False 
#  248 | steps:  2822 | steps_t:     0 | t: 0.921652 | r:  -509.000000 | e:   1.000000 | Q:        nan | won: False 
#  249 | steps:  2833 | steps_t:     0 | t: 0.924631 | r:  -510.000000 | e:   1.000000 | Q:        nan | won: False 
#  250 | steps:  2847 | steps_t:     0 | t: 0.929613 | r:  -513.000000 | e:   1.000000 | Q:        nan | won: False 
#  251 | steps:  2854 | steps_t:     0 | t: 0.931607 | r:  -506.000000 | e:   1.000000 | Q:        nan | won: False 
#  252 | steps:  2871 | steps_t:     0 | t: 0.936598 | r:  -516.000000 | e:   1.000000 | Q:        nan | won: False 
#  253 | steps:  2877 | steps_t:     0 | t: 0.938593 | r:  -505.000000 | e:   1.000000 | Q:        nan | won: False 
#  254 | steps:  2888 | steps_t:     0 | t: 0.942571 | r:  -510.000000 | e:   1.000000 | Q:        nan | won: False 
#  255 | steps:  2896 | steps_t:     0 | t: 0.944562 | r:  -507.000000 | e:   1.000000 | Q:        nan | won: False 
#  256 | steps:  2908 | steps_t:     0 | t: 0.949762 | r:  -511.000000 | e:   1.000000 | Q:        nan | won: False 
#  257 | steps:  2919 | steps_t:     0 | t: 0.952814 | r:  -510.000000 | e:   1.000000 | Q:        nan | won: False 
#  258 | steps:  2925 | steps_t:     0 | t: 0.954809 | r:  -505.000000 | e:   1.000000 | Q:        nan | won: False 
#  259 | steps:  2945 | steps_t:     0 | t: 0.960794 | r:  -519.000000 | e:   1.000000 | Q:        nan | won: False 
#  260 | steps:  2955 | steps_t:     0 | t: 0.963753 | r:  -509.000000 | e:   1.000000 | Q:        nan | won: False 
#  261 | steps:  2962 | steps_t:     0 | t: 0.966756 | r:  -506.000000 | e:   1.000000 | Q:        nan | won: False 
#  262 | steps:  2971 | steps_t:     0 | t: 0.969749 | r:  -508.000000 | e:   1.000000 | Q:        nan | won: False 
#  263 | steps:  2979 | steps_t:     0 | t: 0.971736 | r:  -507.000000 | e:   1.000000 | Q:        nan | won: False 
#  264 | steps:  2988 | steps_t:     0 | t: 0.975742 | r:  -508.000000 | e:   1.000000 | Q:        nan | won: False 
#  265 | steps:  2995 | steps_t:     0 | t: 0.977729 | r:  -506.000000 | e:   1.000000 | Q:        nan | won: False 
#  266 | steps:  3004 | steps_t:     0 | t: 0.980658 | r:  -508.000000 | e:   1.000000 | Q:        nan | won: False 
#  267 | steps:  3011 | steps_t:     0 | t: 0.983701 | r:  -506.000000 | e:   1.000000 | Q:        nan | won: False 
#  268 | steps:  3020 | steps_t:     0 | t: 0.986714 | r:  -508.000000 | e:   1.000000 | Q:        nan | won: False 
#  269 | steps:  3040 | steps_t:     0 | t: 0.991669 | r:  -519.000000 | e:   1.000000 | Q:        nan | won: False 
#  270 | steps:  3049 | steps_t:     0 | t: 0.994787 | r:  -508.000000 | e:   1.000000 | Q:        nan | won: False 
#  271 | steps:  3071 | steps_t:     0 | t: 1.001970 | r:  -521.000000 | e:   1.000000 | Q:        nan | won: False 
#  272 | steps:  3078 | steps_t:     0 | t: 1.003420 | r:  -506.000000 | e:   1.000000 | Q:        nan | won: False 
#  273 | steps:  3087 | steps_t:     0 | t: 1.007410 | r:  -508.000000 | e:   1.000000 | Q:        nan | won: False 
#  274 | steps:  3097 | steps_t:     0 | t: 1.011390 | r:  -509.000000 | e:   1.000000 | Q:        nan | won: False 
#  275 | steps:  3116 | steps_t:     0 | t: 1.016402 | r:  -518.000000 | e:   1.000000 | Q:        nan | won: False 
#  276 | steps:  3131 | steps_t:     0 | t: 1.020365 | r:  -503.000000 | e:   1.000000 | Q:        nan | won: False 
#  277 | steps:  3146 | steps_t:     0 | t: 1.026293 | r:  -514.000000 | e:   1.000000 | Q:        nan | won: False 
#  278 | steps:  3154 | steps_t:     0 | t: 1.028285 | r:  -507.000000 | e:   1.000000 | Q:        nan | won: False 
#  279 | steps:  3161 | steps_t:     0 | t: 1.030325 | r:  -506.000000 | e:   1.000000 | Q:        nan | won: False 
#  280 | steps:  3177 | steps_t:     0 | t: 1.034313 | r:  -515.000000 | e:   1.000000 | Q:        nan | won: False 
#  281 | steps:  3184 | steps_t:     0 | t: 1.036306 | r:  -506.000000 | e:   1.000000 | Q:        nan | won: False 
#  282 | steps:  3207 | steps_t:     0 | t: 1.043453 | r:  -522.000000 | e:   1.000000 | Q:        nan | won: False 
#  283 | steps:  3215 | steps_t:     0 | t: 1.046434 | r:  -507.000000 | e:   1.000000 | Q:        nan | won: False 
#  284 | steps:  3227 | steps_t:     0 | t: 1.049429 | r:  -511.000000 | e:   1.000000 | Q:        nan | won: False 
#  285 | steps:  3239 | steps_t:     0 | t: 1.052421 | r:  -511.000000 | e:   1.000000 | Q:        nan | won: False 
#  286 | steps:  3248 | steps_t:     0 | t: 1.055403 | r:  -508.000000 | e:   1.000000 | Q:        nan | won: False 
#  287 | steps:  3256 | steps_t:     0 | t: 1.058368 | r:  -507.000000 | e:   1.000000 | Q:        nan | won: False 
#  288 | steps:  3276 | steps_t:     0 | t: 1.063382 | r:  -519.000000 | e:   1.000000 | Q:        nan | won: False 
#  289 | steps:  3297 | steps_t:     0 | t: 1.069355 | r:  -520.000000 | e:   1.000000 | Q:        nan | won: False 
#  290 | steps:  3315 | steps_t:     0 | t: 1.074306 | r:  -517.000000 | e:   1.000000 | Q:        nan | won: False 
#  291 | steps:  3323 | steps_t:     0 | t: 1.076331 | r:  -507.000000 | e:   1.000000 | Q:        nan | won: False 
#  292 | steps:  3330 | steps_t:     0 | t: 1.079315 | r:  -506.000000 | e:   1.000000 | Q:        nan | won: False 
#  293 | steps:  3336 | steps_t:     0 | t: 1.081309 | r:  -505.000000 | e:   1.000000 | Q:        nan | won: False 
#  294 | steps:  3354 | steps_t:     0 | t: 1.086302 | r:  -517.000000 | e:   1.000000 | Q:        nan | won: False 
#  295 | steps:  3362 | steps_t:     0 | t: 1.088295 | r:  -507.000000 | e:   1.000000 | Q:        nan | won: False 
#  296 | steps:  3371 | steps_t:     0 | t: 1.091277 | r:  -508.000000 | e:   1.000000 | Q:        nan | won: False 
#  297 | steps:  3377 | steps_t:     0 | t: 1.093270 | r:  -505.000000 | e:   1.000000 | Q:        nan | won: False 
#  298 | steps:  3384 | steps_t:     0 | t: 1.095263 | r:  -506.000000 | e:   1.000000 | Q:        nan | won: False 
#  299 | steps:  3394 | steps_t:     0 | t: 1.098263 | r:  -509.000000 | e:   1.000000 | Q:        nan | won: False 
#  300 | steps:  3409 | steps_t:     0 | t: 1.102230 | r:  -514.000000 | e:   1.000000 | Q:        nan | won: False 
#  301 | steps:  3417 | steps_t:     0 | t: 1.105219 | r:  -507.000000 | e:   1.000000 | Q:        nan | won: False 
#  302 | steps:  3427 | steps_t:     0 | t: 1.109217 | r:  -509.000000 | e:   1.000000 | Q:        nan | won: False 
#  303 | steps:  3434 | steps_t:     0 | t: 1.111211 | r:  -506.000000 | e:   1.000000 | Q:        nan | won: False 
#  304 | steps:  3440 | steps_t:     0 | t: 1.113213 | r:  -505.000000 | e:   1.000000 | Q:        nan | won: False 
#  305 | steps:  3450 | steps_t:     0 | t: 1.116209 | r:  -509.000000 | e:   1.000000 | Q:        nan | won: False 
#  306 | steps:  3461 | steps_t:     0 | t: 1.119195 | r:  -510.000000 | e:   1.000000 | Q:        nan | won: False 
#  307 | steps:  3471 | steps_t:     0 | t: 1.122174 | r:  -509.000000 | e:   1.000000 | Q:        nan | won: False 
#  308 | steps:  3483 | steps_t:     0 | t: 1.126160 | r:  -511.000000 | e:   1.000000 | Q:        nan | won: False 
#  309 | steps:  3489 | steps_t:     0 | t: 1.128138 | r:  -505.000000 | e:   1.000000 | Q:        nan | won: False 
#  310 | steps:  3498 | steps_t:     0 | t: 1.131139 | r:  -508.000000 | e:   1.000000 | Q:        nan | won: False 
#  311 | steps:  3511 | steps_t:     0 | t: 1.134120 | r:  -512.000000 | e:   1.000000 | Q:        nan | won: False 
#  312 | steps:  3519 | steps_t:     0 | t: 1.137102 | r:  -507.000000 | e:   1.000000 | Q:        nan | won: False 
#  313 | steps:  3525 | steps_t:     0 | t: 1.139104 | r:  -505.000000 | e:   1.000000 | Q:        nan | won: False 
#  314 | steps:  3534 | steps_t:     0 | t: 1.143111 | r:  -508.000000 | e:   1.000000 | Q:        nan | won: False 
#  315 | steps:  3545 | steps_t:     0 | t: 1.146078 | r:  -510.000000 | e:   1.000000 | Q:        nan | won: False 
#  316 | steps:  3568 | steps_t:     0 | t: 1.152054 | r:  -522.000000 | e:   1.000000 | Q:        nan | won: False 
#  317 | steps:  3575 | steps_t:     0 | t: 1.154058 | r:  -506.000000 | e:   1.000000 | Q:        nan | won: False 
#  318 | steps:  3588 | steps_t:     0 | t: 1.158054 | r:  -512.000000 | e:   1.000000 | Q:        nan | won: False 
#  319 | steps:  3626 | steps_t:     0 | t: 1.167045 | r:  -526.000000 | e:   1.000000 | Q:        nan | won: False 
#  320 | steps:  3633 | steps_t:     0 | t: 1.169998 | r:  -506.000000 | e:   1.000000 | Q:        nan | won: False 
#  321 | steps:  3639 | steps_t:     0 | t: 1.172016 | r:  -505.000000 | e:   1.000000 | Q:        nan | won: False 
#  322 | steps:  3645 | steps_t:     0 | t: 1.174004 | r:  -505.000000 | e:   1.000000 | Q:        nan | won: False 
#  323 | steps:  3652 | steps_t:     0 | t: 1.175999 | r:  -506.000000 | e:   1.000000 | Q:        nan | won: False 
#  324 | steps:  3671 | steps_t:     0 | t: 1.180990 | r:  -518.000000 | e:   1.000000 | Q:        nan | won: False 
#  325 | steps:  3678 | steps_t:     0 | t: 1.183975 | r:  -506.000000 | e:   1.000000 | Q:        nan | won: False 
#  326 | steps:  3688 | steps_t:     0 | t: 1.186965 | r:  -509.000000 | e:   1.000000 | Q:        nan | won: False 
#  327 | steps:  3695 | steps_t:     0 | t: 1.188963 | r:  -506.000000 | e:   1.000000 | Q:        nan | won: False 
#  328 | steps:  3702 | steps_t:     0 | t: 1.191923 | r:  -506.000000 | e:   1.000000 | Q:        nan | won: False 
#  329 | steps:  3709 | steps_t:     0 | t: 1.193942 | r:  -506.000000 | e:   1.000000 | Q:        nan | won: False 
#  330 | steps:  3720 | steps_t:     0 | t: 1.196928 | r:  -510.000000 | e:   1.000000 | Q:        nan | won: False 
#  331 | steps:  3736 | steps_t:     0 | t: 1.200897 | r:  -515.000000 | e:   1.000000 | Q:        nan | won: False 
#  332 | steps:  3748 | steps_t:     0 | t: 1.204904 | r:  -511.000000 | e:   1.000000 | Q:        nan | won: False 
#  333 | steps:  3755 | steps_t:     0 | t: 1.206829 | r:  -506.000000 | e:   1.000000 | Q:        nan | won: False 
#  334 | steps:  3764 | steps_t:     0 | t: 1.209873 | r:  -508.000000 | e:   1.000000 | Q:        nan | won: False 
#  335 | steps:  3772 | steps_t:     0 | t: 1.211857 | r:  -507.000000 | e:   1.000000 | Q:        nan | won: False 
#  336 | steps:  3781 | steps_t:     0 | t: 1.214854 | r:  -508.000000 | e:   1.000000 | Q:        nan | won: False 
#  337 | steps:  3789 | steps_t:     0 | t: 1.216843 | r:  -507.000000 | e:   1.000000 | Q:        nan | won: False 
#  338 | steps:  3799 | steps_t:     0 | t: 1.219834 | r:  -509.000000 | e:   1.000000 | Q:        nan | won: False 
#  339 | steps:  3808 | steps_t:     0 | t: 1.222778 | r:  -508.000000 | e:   1.000000 | Q:        nan | won: False 
#  340 | steps:  3816 | steps_t:     0 | t: 1.225821 | r:  -507.000000 | e:   1.000000 | Q:        nan | won: False 
#  341 | steps:  3821 | steps_t:     0 | t: 1.227807 | r:  -504.000000 | e:   1.000000 | Q:        nan | won: False 
#  342 | steps:  3828 | steps_t:     0 | t: 1.229808 | r:  -506.000000 | e:   1.000000 | Q:        nan | won: False 
#  343 | steps:  3845 | steps_t:     0 | t: 1.233780 | r:  -516.000000 | e:   1.000000 | Q:        nan | won: False 
#  344 | steps:  3861 | steps_t:     0 | t: 1.238878 | r:  -504.000000 | e:   1.000000 | Q:        nan | won: False 
#  345 | steps:  3881 | steps_t:     0 | t: 1.243813 | r:  -519.000000 | e:   1.000000 | Q:        nan | won: False 
#  346 | steps:  3890 | steps_t:     0 | t: 1.246803 | r:  -508.000000 | e:   1.000000 | Q:        nan | won: False 
#  347 | steps:  3900 | steps_t:     0 | t: 1.249793 | r:  -509.000000 | e:   1.000000 | Q:        nan | won: False 
#  348 | steps:  3921 | steps_t:     0 | t: 1.255664 | r:  -520.000000 | e:   1.000000 | Q:        nan | won: False 
#  349 | steps:  3933 | steps_t:     0 | t: 1.259648 | r:  -511.000000 | e:   1.000000 | Q:        nan | won: False 
#  350 | steps:  3939 | steps_t:     0 | t: 1.261636 | r:  -505.000000 | e:   1.000000 | Q:        nan | won: False 
#  351 | steps:  3946 | steps_t:     0 | t: 1.264803 | r:  -506.000000 | e:   1.000000 | Q:        nan | won: False 
#  352 | steps:  3957 | steps_t:     0 | t: 1.268772 | r:  -510.000000 | e:   1.000000 | Q:        nan | won: False 
#  353 | steps:  3964 | steps_t:     0 | t: 1.270795 | r:  -506.000000 | e:   1.000000 | Q:        nan | won: False 
#  354 | steps:  3971 | steps_t:     0 | t: 1.273770 | r:  -506.000000 | e:   1.000000 | Q:        nan | won: False 
#  355 | steps:  3980 | steps_t:     0 | t: 1.275769 | r:  -508.000000 | e:   1.000000 | Q:        nan | won: False 
#  356 | steps:  3988 | steps_t:     0 | t: 1.278756 | r:  -507.000000 | e:   1.000000 | Q:        nan | won: False 
#  357 | steps:  3999 | steps_t:     0 | t: 1.281754 | r:  -510.000000 | e:   1.000000 | Q:        nan | won: False 
#  358 | steps:  4013 | steps_t:     0 | t: 1.285743 | r:  -513.000000 | e:   1.000000 | Q:        nan | won: False 
#  359 | steps:  4023 | steps_t:     0 | t: 1.288729 | r:  -509.000000 | e:   1.000000 | Q:        nan | won: False 
#  360 | steps:  4030 | steps_t:     0 | t: 1.290708 | r:  -506.000000 | e:   1.000000 | Q:        nan | won: False 
#  361 | steps:  4041 | steps_t:     0 | t: 1.294637 | r:  -510.000000 | e:   1.000000 | Q:        nan | won: False 
#  362 | steps:  4050 | steps_t:     0 | t: 1.296680 | r:  -508.000000 | e:   1.000000 | Q:        nan | won: False 
#  363 | steps:  4061 | steps_t:     0 | t: 1.300689 | r:  -510.000000 | e:   1.000000 | Q:        nan | won: False 
#  364 | steps:  4068 | steps_t:     0 | t: 1.302679 | r:  -506.000000 | e:   1.000000 | Q:        nan | won: False 
#  365 | steps:  4089 | steps_t:     0 | t: 1.308648 | r:  -509.000000 | e:   1.000000 | Q:        nan | won: False 
#  366 | steps:  4097 | steps_t:     0 | t: 1.311625 | r:  -507.000000 | e:   1.000000 | Q:        nan | won: False 
#  367 | steps:  4109 | steps_t:     0 | t: 1.314615 | r:  -511.000000 | e:   1.000000 | Q:        nan | won: False 
#  368 | steps:  4117 | steps_t:     0 | t: 1.317604 | r:  -507.000000 | e:   1.000000 | Q:        nan | won: False 
#  369 | steps:  4128 | steps_t:     0 | t: 1.320594 | r:  -510.000000 | e:   1.000000 | Q:        nan | won: False 
#  370 | steps:  4135 | steps_t:     0 | t: 1.322551 | r:  -506.000000 | e:   1.000000 | Q:        nan | won: False 
#  371 | steps:  4146 | steps_t:     0 | t: 1.326589 | r:  -510.000000 | e:   1.000000 | Q:        nan | won: False 
#  372 | steps:  4159 | steps_t:     0 | t: 1.330585 | r:  -512.000000 | e:   1.000000 | Q:        nan | won: False 
#  373 | steps:  4170 | steps_t:     0 | t: 1.333584 | r:  -510.000000 | e:   1.000000 | Q:        nan | won: False 
#  374 | steps:  4178 | steps_t:     0 | t: 1.336568 | r:  -507.000000 | e:   1.000000 | Q:        nan | won: False 
#  375 | steps:  4200 | steps_t:     0 | t: 1.342530 | r:  -521.000000 | e:   1.000000 | Q:        nan | won: False 
#  376 | steps:  4215 | steps_t:     0 | t: 1.346509 | r:  -503.000000 | e:   1.000000 | Q:        nan | won: False 
#  377 | steps:  4225 | steps_t:     0 | t: 1.349525 | r:  -509.000000 | e:   1.000000 | Q:        nan | won: False 
#  378 | steps:  4233 | steps_t:     0 | t: 1.352495 | r:  -507.000000 | e:   1.000000 | Q:        nan | won: False 
#  379 | steps:  4242 | steps_t:     0 | t: 1.354490 | r:  -508.000000 | e:   1.000000 | Q:        nan | won: False 
#  380 | steps:  4252 | steps_t:     0 | t: 1.358423 | r:  -509.000000 | e:   1.000000 | Q:        nan | won: False 
#  381 | steps:  4270 | steps_t:     0 | t: 1.363474 | r:  -517.000000 | e:   1.000000 | Q:        nan | won: False 
#  382 | steps:  4281 | steps_t:     0 | t: 1.366448 | r:  -510.000000 | e:   1.000000 | Q:        nan | won: False 
#  383 | steps:  4287 | steps_t:     0 | t: 1.368437 | r:  -505.000000 | e:   1.000000 | Q:        nan | won: False 
#  384 | steps:  4296 | steps_t:     0 | t: 1.371446 | r:  -508.000000 | e:   1.000000 | Q:        nan | won: False 
#  385 | steps:  4305 | steps_t:     0 | t: 1.374424 | r:  -508.000000 | e:   1.000000 | Q:        nan | won: False 
#  386 | steps:  4322 | steps_t:     0 | t: 1.378409 | r:  -516.000000 | e:   1.000000 | Q:        nan | won: False 
#  387 | steps:  4332 | steps_t:     0 | t: 1.381563 | r:  -509.000000 | e:   1.000000 | Q:        nan | won: False 
#  388 | steps:  4341 | steps_t:     0 | t: 1.384567 | r:  -508.000000 | e:   1.000000 | Q:        nan | won: False 
#  389 | steps:  4347 | steps_t:     0 | t: 1.386536 | r:  -505.000000 | e:   1.000000 | Q:        nan | won: False 
#  390 | steps:  4360 | steps_t:     0 | t: 1.390481 | r:  -501.000000 | e:   1.000000 | Q:        nan | won: False 
#  391 | steps:  4381 | steps_t:     0 | t: 1.395516 | r:  -520.000000 | e:   1.000000 | Q:        nan | won: False 
#  392 | steps:  4392 | steps_t:     0 | t: 1.398508 | r:  -510.000000 | e:   1.000000 | Q:        nan | won: False 
#  393 | steps:  4400 | steps_t:     0 | t: 1.401521 | r:  -507.000000 | e:   1.000000 | Q:        nan | won: False 
#  394 | steps:  4410 | steps_t:     0 | t: 1.403511 | r:  -509.000000 | e:   1.000000 | Q:        nan | won: False 
#  395 | steps:  4418 | steps_t:     0 | t: 1.406466 | r:  -507.000000 | e:   1.000000 | Q:        nan | won: False 
#  396 | steps:  4427 | steps_t:     0 | t: 1.409470 | r:  -508.000000 | e:   1.000000 | Q:        nan | won: False 
#  397 | steps:  4439 | steps_t:     0 | t: 1.412449 | r:  -511.000000 | e:   1.000000 | Q:        nan | won: False 
#  398 | steps:  4452 | steps_t:     0 | t: 1.416439 | r:  -512.000000 | e:   1.000000 | Q:        nan | won: False 
#  399 | steps:  4461 | steps_t:     0 | t: 1.418430 | r:  -508.000000 | e:   1.000000 | Q:        nan | won: False 
#  400 | steps:  4478 | steps_t:     0 | t: 1.424409 | r:  -516.000000 | e:   1.000000 | Q:        nan | won: False 
#  401 | steps:  4485 | steps_t:     0 | t: 1.426404 | r:  -506.000000 | e:   1.000000 | Q:        nan | won: False 
#  402 | steps:  4503 | steps_t:     0 | t: 1.430403 | r:  -517.000000 | e:   1.000000 | Q:        nan | won: False 
#  403 | steps:  4511 | steps_t:     0 | t: 1.432383 | r:  -507.000000 | e:   1.000000 | Q:        nan | won: False 
#  404 | steps:  4518 | steps_t:     0 | t: 1.434380 | r:  -506.000000 | e:   1.000000 | Q:        nan | won: False 
#  405 | steps:  4530 | steps_t:     0 | t: 1.438373 | r:  -511.000000 | e:   1.000000 | Q:        nan | won: False 
#  406 | steps:  4537 | steps_t:     0 | t: 1.440315 | r:  -506.000000 | e:   1.000000 | Q:        nan | won: False 
#  407 | steps:  4546 | steps_t:     0 | t: 1.443346 | r:  -508.000000 | e:   1.000000 | Q:        nan | won: False 
#  408 | steps:  4566 | steps_t:     0 | t: 1.448330 | r:  -519.000000 | e:   1.000000 | Q:        nan | won: False 
#  409 | steps:  4574 | steps_t:     0 | t: 1.451322 | r:  -507.000000 | e:   1.000000 | Q:        nan | won: False 
#  410 | steps:  4586 | steps_t:     0 | t: 1.454335 | r:  -511.000000 | e:   1.000000 | Q:        nan | won: False 
#  411 | steps:  4594 | steps_t:     0 | t: 1.457258 | r:  -507.000000 | e:   1.000000 | Q:        nan | won: False 
#  412 | steps:  4609 | steps_t:     0 | t: 1.461294 | r:  -514.000000 | e:   1.000000 | Q:        nan | won: False 
#  413 | steps:  4616 | steps_t:     0 | t: 1.463281 | r:  -506.000000 | e:   1.000000 | Q:        nan | won: False 
#  414 | steps:  4637 | steps_t:     0 | t: 1.469258 | r:  -520.000000 | e:   1.000000 | Q:        nan | won: False 
#  415 | steps:  4645 | steps_t:     0 | t: 1.472256 | r:  -507.000000 | e:   1.000000 | Q:        nan | won: False 
#  416 | steps:  4654 | steps_t:     0 | t: 1.475199 | r:  -508.000000 | e:   1.000000 | Q:        nan | won: False 
#  417 | steps:  4674 | steps_t:     0 | t: 1.481225 | r:  -519.000000 | e:   1.000000 | Q:        nan | won: False 
#  418 | steps:  4683 | steps_t:     0 | t: 1.484232 | r:  -508.000000 | e:   1.000000 | Q:        nan | won: False 
#  419 | steps:  4690 | steps_t:     0 | t: 1.486160 | r:  -506.000000 | e:   1.000000 | Q:        nan | won: False 
#  420 | steps:  4697 | steps_t:     0 | t: 1.489150 | r:  -506.000000 | e:   1.000000 | Q:        nan | won: False 
#  421 | steps:  4706 | steps_t:     0 | t: 1.492195 | r:  -508.000000 | e:   1.000000 | Q:        nan | won: False 
#  422 | steps:  4716 | steps_t:     0 | t: 1.494177 | r:  -509.000000 | e:   1.000000 | Q:        nan | won: False 
#  423 | steps:  4737 | steps_t:     0 | t: 1.499165 | r:  -520.000000 | e:   1.000000 | Q:        nan | won: False 
#  424 | steps:  4752 | steps_t:     0 | t: 1.504102 | r:  -514.000000 | e:   1.000000 | Q:        nan | won: False 
#  425 | steps:  4761 | steps_t:     0 | t: 1.507092 | r:  -508.000000 | e:   1.000000 | Q:        nan | won: False 
#  426 | steps:  4772 | steps_t:     0 | t: 1.511078 | r:  -510.000000 | e:   1.000000 | Q:        nan | won: False 
#  427 | steps:  4780 | steps_t:     0 | t: 1.513071 | r:  -507.000000 | e:   1.000000 | Q:        nan | won: False 
#  428 | steps:  4807 | steps_t:     0 | t: 1.519670 | r:  -515.000000 | e:   1.000000 | Q:        nan | won: False 
#  429 | steps:  4818 | steps_t:     0 | t: 1.523658 | r:  -510.000000 | e:   1.000000 | Q:        nan | won: False 
#  430 | steps:  4832 | steps_t:     0 | t: 1.527644 | r:  -513.000000 | e:   1.000000 | Q:        nan | won: False 
#  431 | steps:  4840 | steps_t:     0 | t: 1.530634 | r:  -507.000000 | e:   1.000000 | Q:        nan | won: False 
#  432 | steps:  4862 | steps_t:     0 | t: 1.535617 | r:  -521.000000 | e:   1.000000 | Q:        nan | won: False 
#  433 | steps:  4871 | steps_t:     0 | t: 1.538607 | r:  -508.000000 | e:   1.000000 | Q:        nan | won: False 
#  434 | steps:  4880 | steps_t:     0 | t: 1.541597 | r:  -508.000000 | e:   1.000000 | Q:        nan | won: False 
#  435 | steps:  4885 | steps_t:     0 | t: 1.543590 | r:  -504.000000 | e:   1.000000 | Q:        nan | won: False 
#  436 | steps:  4894 | steps_t:     0 | t: 1.545584 | r:  -508.000000 | e:   1.000000 | Q:        nan | won: False 
#  437 | steps:  4908 | steps_t:     0 | t: 1.549571 | r:  -513.000000 | e:   1.000000 | Q:        nan | won: False 
#  438 | steps:  4915 | steps_t:     0 | t: 1.552560 | r:  -506.000000 | e:   1.000000 | Q:        nan | won: False 
#  439 | steps:  4923 | steps_t:     0 | t: 1.554554 | r:  -507.000000 | e:   1.000000 | Q:        nan | won: False 
#  440 | steps:  4932 | steps_t:     0 | t: 1.557544 | r:  -508.000000 | e:   1.000000 | Q:        nan | won: False 
#  441 | steps:  4939 | steps_t:     0 | t: 1.560536 | r:  -506.000000 | e:   1.000000 | Q:        nan | won: False 
#  442 | steps:  4951 | steps_t:     0 | t: 1.563526 | r:  -511.000000 | e:   1.000000 | Q:        nan | won: False 
#  443 | steps:  4957 | steps_t:     0 | t: 1.565519 | r:  -505.000000 | e:   1.000000 | Q:        nan | won: False 
#  444 | steps:  4965 | steps_t:     0 | t: 1.567513 | r:  -507.000000 | e:   1.000000 | Q:        nan | won: False 
#  445 | steps:  4975 | steps_t:     0 | t: 1.570503 | r:  -509.000000 | e:   1.000000 | Q:        nan | won: False 
#  446 | steps:  4987 | steps_t:     0 | t: 1.574489 | r:  -511.000000 | e:   1.000000 | Q:        nan | won: False 
#  447 | steps:  4997 | steps_t:     0 | t: 1.577479 | r:  -509.000000 | e:   1.000000 | Q:        nan | won: False 
