#    1 | steps:    18 | steps_t:     0 | t: 0.018103 | r:  -517.000000 | e:   1.000000 | Q:        nan | won: False 
#    2 | steps:    31 | steps_t:     0 | t: 0.021488 | r:  -512.000000 | e:   1.000000 | Q:        nan | won: False 
#    3 | steps:    38 | steps_t:     0 | t: 0.024487 | r:  -506.000000 | e:   1.000000 | Q:        nan | won: False 
#    4 | steps:    44 | steps_t:     0 | t: 0.026474 | r:  -505.000000 | e:   1.000000 | Q:        nan | won: False 
#    5 | steps:    53 | steps_t:     0 | t: 0.029469 | r:  -508.000000 | e:   1.000000 | Q:        nan | won: False 
#    6 | steps:    64 | steps_t:     0 | t: 0.034385 | r:  -510.000000 | e:   1.000000 | Q:        nan | won: False 
#    7 | steps:    72 | steps_t:     0 | t: 0.037422 | r:  -507.000000 | e:   1.000000 | Q:        nan | won: False 
#    8 | steps:    80 | steps_t:     0 | t: 0.039418 | r:  -507.000000 | e:   1.000000 | Q:        nan | won: False 
#    9 | steps:    89 | steps_t:     0 | t: 0.042407 | r:  -508.000000 | e:   1.000000 | Q:        nan | won: False 
#   10 | steps:   105 | steps_t:     0 | t: 0.046393 | r:  -515.000000 | e:   1.000000 | Q:        nan | won: False 
#   11 | steps:   113 | steps_t:     0 | t: 0.048387 | r:  -507.000000 | e:   1.000000 | Q:        nan | won: False 
#   12 | steps:   136 | steps_t:     0 | t: 0.055378 | r:  -522.000000 | e:   1.000000 | Q:        nan | won: False 
#   13 | steps:   144 | steps_t:     0 | t: 0.058370 | r:  -507.000000 | e:   1.000000 | Q:        nan | won: False 
#   14 | steps:   156 | steps_t:     0 | t: 0.062361 | r:  -511.000000 | e:   1.000000 | Q:        nan | won: False 
#   15 | steps:   169 | steps_t:     0 | t: 0.066351 | r:  -512.000000 | e:   1.000000 | Q:        nan | won: False 
#   16 | steps:   175 | steps_t:     0 | t: 0.068356 | r:  -505.000000 | e:   1.000000 | Q:        nan | won: False 
#   17 | steps:   185 | steps_t:     0 | t: 0.071428 | r:  -509.000000 | e:   1.000000 | Q:        nan | won: False 
#   18 | steps:   192 | steps_t:     0 | t: 0.074422 | r:  -506.000000 | e:   1.000000 | Q:        nan | won: False 
#   19 | steps:   200 | steps_t:     0 | t: 0.076405 | r:  -507.000000 | e:   1.000000 | Q:        nan | won: False 
#   20 | steps:   212 | steps_t:     0 | t: 0.080414 | r:  -511.000000 | e:   1.000000 | Q:        nan | won: False 
#   21 | steps:   220 | steps_t:     0 | t: 0.082387 | r:  -507.000000 | e:   1.000000 | Q:        nan | won: False 
#   22 | steps:   233 | steps_t:     0 | t: 0.087308 | r:  -512.000000 | e:   1.000000 | Q:        nan | won: False 
#   23 | steps:   239 | steps_t:     0 | t: 0.090284 | r:  -505.000000 | e:   1.000000 | Q:        nan | won: False 
#   24 | steps:   248 | steps_t:     0 | t: 0.092283 | r:  -508.000000 | e:   1.000000 | Q:        nan | won: False 
#   25 | steps:   259 | steps_t:     0 | t: 0.096269 | r:  -510.000000 | e:   1.000000 | Q:        nan | won: False 
#   26 | steps:   270 | steps_t:     0 | t: 0.099255 | r:  -510.000000 | e:   1.000000 | Q:        nan | won: False 
#   27 | steps:   280 | steps_t:     0 | t: 0.102234 | r:  -509.000000 | e:   1.000000 | Q:        nan | won: False 
#   28 | steps:   287 | steps_t:     0 | t: 0.105215 | r:  -506.000000 | e:   1.000000 | Q:        nan | won: False 
#   29 | steps:   296 | steps_t:     0 | t: 0.107211 | r:  -508.000000 | e:   1.000000 | Q:        nan | won: False 
#   30 | steps:   302 | steps_t:     0 | t: 0.109201 | r:  -505.000000 | e:   1.000000 | Q:        nan | won: False 
#   31 | steps:   312 | steps_t:     0 | t: 0.112198 | r:  -509.000000 | e:   1.000000 | Q:        nan | won: False 
#   32 | steps:   325 | steps_t:     0 | t: 0.116191 | r:  -512.000000 | e:   1.000000 | Q:        nan | won: False 
#   33 | steps:   336 | steps_t:     0 | t: 0.120160 | r:  -510.000000 | e:   1.000000 | Q:        nan | won: False 
#   34 | steps:   346 | steps_t:     0 | t: 0.123173 | r:  -509.000000 | e:   1.000000 | Q:        nan | won: False 
#   35 | steps:   352 | steps_t:     0 | t: 0.125145 | r:  -505.000000 | e:   1.000000 | Q:        nan | won: False 
#   36 | steps:   367 | steps_t:     0 | t: 0.129143 | r:  -492.000000 | e:   1.000000 | Q:        nan | won: False 
#   37 | steps:   378 | steps_t:     0 | t: 0.132123 | r:  -510.000000 | e:   1.000000 | Q:        nan | won: False 
#   38 | steps:   384 | steps_t:     0 | t: 0.135145 | r:  -505.000000 | e:   1.000000 | Q:        nan | won: False 
#   39 | steps:   391 | steps_t:     0 | t: 0.137127 | r:  -506.000000 | e:   1.000000 | Q:        nan | won: False 
#   40 | steps:   399 | steps_t:     0 | t: 0.140131 | r:  -507.000000 | e:   1.000000 | Q:        nan | won: False 
#   41 | steps:   407 | steps_t:     0 | t: 0.143110 | r:  -507.000000 | e:   1.000000 | Q:        nan | won: False 
#   42 | steps:   412 | steps_t:     0 | t: 0.145113 | r:  -504.000000 | e:   1.000000 | Q:        nan | won: False 
#   43 | steps:   423 | steps_t:     0 | t: 0.148030 | r:  -510.000000 | e:   1.000000 | Q:        nan | won: False 
#   44 | steps:   433 | steps_t:     0 | t: 0.152051 | r:  -509.000000 | e:   1.000000 | Q:        nan | won: False 
#   45 | steps:   441 | steps_t:     0 | t: 0.154071 | r:  -507.000000 | e:   1.000000 | Q:        nan | won: False 
#   46 | steps:   459 | steps_t:     0 | t: 0.159070 | r:  -506.000000 | e:   1.000000 | Q:        nan | won: False 
#   47 | steps:   482 | steps_t:     0 | t: 0.165036 | r:  -522.000000 | e:   1.000000 | Q:        nan | won: False 
#   48 | steps:   500 | steps_t:     0 | t: 0.170021 | r:  -517.000000 | e:   1.000000 | Q:        nan | won: False 
#   49 | steps:   511 | steps_t:     0 | t: 0.174011 | r:  -510.000000 | e:   1.000000 | Q:        nan | won: False 
#   50 | steps:   521 | steps_t:     0 | t: 0.177002 | r:  -509.000000 | e:   1.000000 | Q:        nan | won: False 
#   51 | steps:   530 | steps_t:     0 | t: 0.179984 | r:  -508.000000 | e:   1.000000 | Q:        nan | won: False 
#   52 | steps:   540 | steps_t:     0 | t: 0.182973 | r:  -509.000000 | e:   1.000000 | Q:        nan | won: False 
#   53 | steps:   551 | steps_t:     0 | t: 0.185963 | r:  -510.000000 | e:   1.000000 | Q:        nan | won: False 
#   54 | steps:   557 | steps_t:     0 | t: 0.188957 | r:  -505.000000 | e:   1.000000 | Q:        nan | won: False 
#   55 | steps:   569 | steps_t:     0 | t: 0.191952 | r:  -511.000000 | e:   1.000000 | Q:        nan | won: False 
#   56 | steps:   576 | steps_t:     0 | t: 0.193943 | r:  -506.000000 | e:   1.000000 | Q:        nan | won: False 
#   57 | steps:   583 | steps_t:     0 | t: 0.196933 | r:  -506.000000 | e:   1.000000 | Q:        nan | won: False 
#   58 | steps:   592 | steps_t:     0 | t: 0.199924 | r:  -508.000000 | e:   1.000000 | Q:        nan | won: False 
#   59 | steps:   624 | steps_t:     0 | t: 0.207899 | r:  -531.000000 | e:   1.000000 | Q:        nan | won: False 
#   60 | steps:   635 | steps_t:     0 | t: 0.211815 | r:  -510.000000 | e:   1.000000 | Q:        nan | won: False 
#   61 | steps:   641 | steps_t:     0 | t: 0.213851 | r:  -505.000000 | e:   1.000000 | Q:        nan | won: False 
#   62 | steps:   648 | steps_t:     0 | t: 0.215863 | r:  -506.000000 | e:   1.000000 | Q:        nan | won: False 
#   63 | steps:   657 | steps_t:     0 | t: 0.219788 | r:  -508.000000 | e:   1.000000 | Q:        nan | won: False 
#   64 | steps:   680 | steps_t:     0 | t: 0.225835 | r:  -522.000000 | e:   1.000000 | Q:        nan | won: False 
#   65 | steps:   695 | steps_t:     0 | t: 0.229819 | r:  -514.000000 | e:   1.000000 | Q:        nan | won: False 
#   66 | steps:   706 | steps_t:     0 | t: 0.233763 | r:  -510.000000 | e:   1.000000 | Q:        nan | won: False 
#   67 | steps:   720 | steps_t:     0 | t: 0.237792 | r:  -513.000000 | e:   1.000000 | Q:        nan | won: False 
#   68 | steps:   727 | steps_t:     0 | t: 0.240773 | r:  -506.000000 | e:   1.000000 | Q:        nan | won: False 
#   69 | steps:   734 | steps_t:     0 | t: 0.243652 | r:  -506.000000 | e:   1.000000 | Q:        nan | won: False 
#   70 | steps:   745 | steps_t:     0 | t: 0.246710 | r:  -510.000000 | e:   1.000000 | Q:        nan | won: False 
#   71 | steps:   756 | steps_t:     0 | t: 0.250633 | r:  -510.000000 | e:   1.000000 | Q:        nan | won: False 
#   72 | steps:   768 | steps_t:     0 | t: 0.253699 | r:  -511.000000 | e:   1.000000 | Q:        nan | won: False 
#   73 | steps:   776 | steps_t:     0 | t: 0.256683 | r:  -507.000000 | e:   1.000000 | Q:        nan | won: False 
#   74 | steps:   782 | steps_t:     0 | t: 0.258681 | r:  -505.000000 | e:   1.000000 | Q:        nan | won: False 
#   75 | steps:   788 | steps_t:     0 | t: 0.260636 | r:  -505.000000 | e:   1.000000 | Q:        nan | won: False 
#   76 | steps:   801 | steps_t:     0 | t: 0.264645 | r:  -512.000000 | e:   1.000000 | Q:        nan | won: False 
#   77 | steps:   810 | steps_t:     0 | t: 0.267575 | r:  -508.000000 | e:   1.000000 | Q:        nan | won: False 
#   78 | steps:   821 | steps_t:     0 | t: 0.271620 | r:  -510.000000 | e:   1.000000 | Q:        nan | won: False 
#   79 | steps:   837 | steps_t:     0 | t: 0.275741 | r:  -515.000000 | e:   1.000000 | Q:        nan | won: False 
#   80 | steps:   844 | steps_t:     0 | t: 0.278740 | r:  -506.000000 | e:   1.000000 | Q:        nan | won: False 
#   81 | steps:   854 | steps_t:     0 | t: 0.281729 | r:  -509.000000 | e:   1.000000 | Q:        nan | won: False 
#   82 | steps:   866 | steps_t:     0 | t: 0.284714 | r:  -511.000000 | e:   1.000000 | Q:        nan | won: False 
#   83 | steps:   876 | steps_t:     0 | t: 0.287710 | r:  -509.000000 | e:   1.000000 | Q:        nan | won: False 
#   84 | steps:   892 | steps_t:     0 | t: 0.291696 | r:  -515.000000 | e:   1.000000 | Q:        nan | won: False 
#   85 | steps:   900 | steps_t:     0 | t: 0.294687 | r:  -507.000000 | e:   1.000000 | Q:        nan | won: False 
#   86 | steps:   910 | steps_t:     0 | t: 0.296680 | r:  -509.000000 | e:   1.000000 | Q:        nan | won: False 
#   87 | steps:   921 | steps_t:     0 | t: 0.299670 | r:  -510.000000 | e:   1.000000 | Q:        nan | won: False 
#   88 | steps:   929 | steps_t:     0 | t: 0.302683 | r:  -507.000000 | e:   1.000000 | Q:        nan | won: False 
#   89 | steps:   938 | steps_t:     0 | t: 0.304653 | r:  -508.000000 | e:   1.000000 | Q:        nan | won: False 
#   90 | steps:   944 | steps_t:     0 | t: 0.306640 | r:  -505.000000 | e:   1.000000 | Q:        nan | won: False 
#   91 | steps:   949 | steps_t:     0 | t: 0.308633 | r:  -504.000000 | e:   1.000000 | Q:        nan | won: False 
#   92 | steps:   960 | steps_t:     0 | t: 0.311621 | r:  -510.000000 | e:   1.000000 | Q:        nan | won: False 
#   93 | steps:   967 | steps_t:     0 | t: 0.313615 | r:  -506.000000 | e:   1.000000 | Q:        nan | won: False 
#   94 | steps:   974 | steps_t:     0 | t: 0.315608 | r:  -506.000000 | e:   1.000000 | Q:        nan | won: False 
#   95 | steps:   987 | steps_t:     0 | t: 0.319595 | r:  -512.000000 | e:   1.000000 | Q:        nan | won: False 
#   96 | steps:   994 | steps_t:     0 | t: 0.321589 | r:  -506.000000 | e:   1.000000 | Q:        nan | won: False 
#   97 | steps:  1000 | steps_t:     0 | t: 0.323582 | r:  -505.000000 | e:   1.000000 | Q:        nan | won: False 
#   98 | steps:  1006 | steps_t:     0 | t: 0.325575 | r:  -505.000000 | e:   1.000000 | Q:        nan | won: False 
#   99 | steps:  1015 | steps_t:     0 | t: 0.328565 | r:  -508.000000 | e:   1.000000 | Q:        nan | won: False 
#  100 | steps:  1025 | steps_t:     0 | t: 0.330558 | r:  -509.000000 | e:   1.000000 | Q:        nan | won: False 
#  101 | steps:  1037 | steps_t:     0 | t: 0.334559 | r:  -511.000000 | e:   1.000000 | Q:        nan | won: False 
#  102 | steps:  1052 | steps_t:     0 | t: 0.339529 | r:  -514.000000 | e:   1.000000 | Q:        nan | won: False 
#  103 | steps:  1067 | steps_t:     0 | t: 0.342518 | r:  -514.000000 | e:   1.000000 | Q:        nan | won: False 
#  104 | steps:  1078 | steps_t:     0 | t: 0.346505 | r:  -510.000000 | e:   1.000000 | Q:        nan | won: False 
#  105 | steps:  1087 | steps_t:     0 | t: 0.348498 | r:  -508.000000 | e:   1.000000 | Q:        nan | won: False 
#  106 | steps:  1094 | steps_t:     0 | t: 0.351490 | r:  -506.000000 | e:   1.000000 | Q:        nan | won: False 
#  107 | steps:  1109 | steps_t:     0 | t: 0.355484 | r:  -514.000000 | e:   1.000000 | Q:        nan | won: False 
#  108 | steps:  1127 | steps_t:     0 | t: 0.359470 | r:  -517.000000 | e:   1.000000 | Q:        nan | won: False 
#  109 | steps:  1145 | steps_t:     0 | t: 0.364453 | r:  -517.000000 | e:   1.000000 | Q:        nan | won: False 
#  110 | steps:  1152 | steps_t:     0 | t: 0.366447 | r:  -506.000000 | e:   1.000000 | Q:        nan | won: False 
#  111 | steps:  1166 | steps_t:     0 | t: 0.370423 | r:  -513.000000 | e:   1.000000 | Q:        nan | won: False 
#  112 | steps:  1179 | steps_t:     0 | t: 0.374412 | r:  -512.000000 | e:   1.000000 | Q:        nan | won: False 
#  113 | steps:  1188 | steps_t:     0 | t: 0.376405 | r:  -508.000000 | e:   1.000000 | Q:        nan | won: False 
#  114 | steps:  1200 | steps_t:     0 | t: 0.379262 | r:  -511.000000 | e:   1.000000 | Q:        nan | won: False 
#  115 | steps:  1207 | steps_t:     0 | t: 0.381258 | r:  -506.000000 | e:   1.000000 | Q:        nan | won: False 
#  116 | steps:  1214 | steps_t:     0 | t: 0.384238 | r:  -506.000000 | e:   1.000000 | Q:        nan | won: False 
#  117 | steps:  1223 | steps_t:     0 | t: 0.387236 | r:  -508.000000 | e:   1.000000 | Q:        nan | won: False 
#  118 | steps:  1233 | steps_t:     0 | t: 0.389229 | r:  -509.000000 | e:   1.000000 | Q:        nan | won: False 
#  119 | steps:  1240 | steps_t:     0 | t: 0.391224 | r:  -506.000000 | e:   1.000000 | Q:        nan | won: False 
#  120 | steps:  1247 | steps_t:     0 | t: 0.393217 | r:  -506.000000 | e:   1.000000 | Q:        nan | won: False 
#  121 | steps:  1258 | steps_t:     0 | t: 0.396206 | r:  -510.000000 | e:   1.000000 | Q:        nan | won: False 
#  122 | steps:  1265 | steps_t:     0 | t: 0.398201 | r:  -506.000000 | e:   1.000000 | Q:        nan | won: False 
#  123 | steps:  1284 | steps_t:     0 | t: 0.404322 | r:  -507.000000 | e:   1.000000 | Q:        nan | won: False 
#  124 | steps:  1296 | steps_t:     0 | t: 0.407304 | r:  -511.000000 | e:   1.000000 | Q:        nan | won: False 
#  125 | steps:  1301 | steps_t:     0 | t: 0.409263 | r:  -504.000000 | e:   1.000000 | Q:        nan | won: False 
#  126 | steps:  1347 | steps_t:     0 | t: 0.420222 | r:  -534.000000 | e:   1.000000 | Q:        nan | won: False 
#  127 | steps:  1354 | steps_t:     0 | t: 0.422215 | r:  -506.000000 | e:   1.000000 | Q:        nan | won: False 
#  128 | steps:  1359 | steps_t:     0 | t: 0.424211 | r:  -504.000000 | e:   1.000000 | Q:        nan | won: False 
#  129 | steps:  1369 | steps_t:     0 | t: 0.427200 | r:  -509.000000 | e:   1.000000 | Q:        nan | won: False 
#  130 | steps:  1375 | steps_t:     0 | t: 0.429192 | r:  -505.000000 | e:   1.000000 | Q:        nan | won: False 
#  131 | steps:  1385 | steps_t:     0 | t: 0.431185 | r:  -509.000000 | e:   1.000000 | Q:        nan | won: False 
#  132 | steps:  1394 | steps_t:     0 | t: 0.434168 | r:  -508.000000 | e:   1.000000 | Q:        nan | won: False 
#  133 | steps:  1407 | steps_t:     0 | t: 0.438287 | r:  -512.000000 | e:   1.000000 | Q:        nan | won: False 
#  134 | steps:  1416 | steps_t:     0 | t: 0.441258 | r:  -508.000000 | e:   1.000000 | Q:        nan | won: False 
#  135 | steps:  1421 | steps_t:     0 | t: 0.443253 | r:  -504.000000 | e:   1.000000 | Q:        nan | won: False 
#  136 | steps:  1438 | steps_t:     0 | t: 0.447250 | r:  -516.000000 | e:   1.000000 | Q:        nan | won: False 
#  137 | steps:  1447 | steps_t:     0 | t: 0.450468 | r:  -508.000000 | e:   1.000000 | Q:        nan | won: False 
#  138 | steps:  1454 | steps_t:     0 | t: 0.453525 | r:  -506.000000 | e:   1.000000 | Q:        nan | won: False 
#  139 | steps:  1468 | steps_t:     0 | t: 0.457509 | r:  -513.000000 | e:   1.000000 | Q:        nan | won: False 
#  140 | steps:  1474 | steps_t:     0 | t: 0.459506 | r:  -505.000000 | e:   1.000000 | Q:        nan | won: False 
#  141 | steps:  1482 | steps_t:     0 | t: 0.461501 | r:  -507.000000 | e:   1.000000 | Q:        nan | won: False 
#  142 | steps:  1490 | steps_t:     0 | t: 0.464425 | r:  -507.000000 | e:   1.000000 | Q:        nan | won: False 
#  143 | steps:  1498 | steps_t:     0 | t: 0.467413 | r:  -507.000000 | e:   1.000000 | Q:        nan | won: False 
#  144 | steps:  1507 | steps_t:     0 | t: 0.470470 | r:  -508.000000 | e:   1.000000 | Q:        nan | won: False 
#  145 | steps:  1513 | steps_t:     0 | t: 0.472462 | r:  -505.000000 | e:   1.000000 | Q:        nan | won: False 
#  146 | steps:  1533 | steps_t:     0 | t: 0.477442 | r:  -508.000000 | e:   1.000000 | Q:        nan | won: False 
#  147 | steps:  1552 | steps_t:     0 | t: 0.482424 | r:  -518.000000 | e:   1.000000 | Q:        nan | won: False 
#  148 | steps:  1563 | steps_t:     0 | t: 0.486350 | r:  -510.000000 | e:   1.000000 | Q:        nan | won: False 
#  149 | steps:  1578 | steps_t:     0 | t: 0.491399 | r:  -514.000000 | e:   1.000000 | Q:        nan | won: False 
#  150 | steps:  1592 | steps_t:     0 | t: 0.495392 | r:  -513.000000 | e:   1.000000 | Q:        nan | won: False 
#  151 | steps:  1602 | steps_t:     0 | t: 0.498310 | r:  -509.000000 | e:   1.000000 | Q:        nan | won: False 
#  152 | steps:  1611 | steps_t:     0 | t: 0.501313 | r:  -508.000000 | e:   1.000000 | Q:        nan | won: False 
#  153 | steps:  1625 | steps_t:     0 | t: 0.505356 | r:  -502.000000 | e:   1.000000 | Q:        nan | won: False 
#  154 | steps:  1642 | steps_t:     0 | t: 0.510345 | r:  -516.000000 | e:   1.000000 | Q:        nan | won: False 
#  155 | steps:  1647 | steps_t:     0 | t: 0.512262 | r:  -504.000000 | e:   1.000000 | Q:        nan | won: False 
#  156 | steps:  1654 | steps_t:     0 | t: 0.514709 | r:  -506.000000 | e:   1.000000 | Q:        nan | won: False 
#  157 | steps:  1663 | steps_t:     0 | t: 0.517704 | r:  -508.000000 | e:   1.000000 | Q:        nan | won: False 
#  158 | steps:  1671 | steps_t:     0 | t: 0.519693 | r:  -507.000000 | e:   1.000000 | Q:        nan | won: False 
#  159 | steps:  1679 | steps_t:     0 | t: 0.522683 | r:  -507.000000 | e:   1.000000 | Q:        nan | won: False 
#  160 | steps:  1688 | steps_t:     0 | t: 0.524676 | r:  -508.000000 | e:   1.000000 | Q:        nan | won: False 
#  161 | steps:  1696 | steps_t:     0 | t: 0.527660 | r:  -507.000000 | e:   1.000000 | Q:        nan | won: False 
#  162 | steps:  1705 | steps_t:     0 | t: 0.529695 | r:  -508.000000 | e:   1.000000 | Q:        nan | won: False 
#  163 | steps:  1713 | steps_t:     0 | t: 0.532689 | r:  -507.000000 | e:   1.000000 | Q:        nan | won: False 
#  164 | steps:  1725 | steps_t:     0 | t: 0.535672 | r:  -511.000000 | e:   1.000000 | Q:        nan | won: False 
#  165 | steps:  1742 | steps_t:     0 | t: 0.540668 | r:  -516.000000 | e:   1.000000 | Q:        nan | won: False 
#  166 | steps:  1750 | steps_t:     0 | t: 0.542668 | r:  -507.000000 | e:   1.000000 | Q:        nan | won: False 
#  167 | steps:  1759 | steps_t:     0 | t: 0.611587 | r:  -508.000000 | e:   1.000000 | Q:        nan | won: False 
#  168 | steps:  1777 | steps_t:     0 | t: 0.616082 | r:  -506.000000 | e:   1.000000 | Q:        nan | won: False 
#  169 | steps:  1798 | steps_t:     0 | t: 0.622046 | r:  -509.000000 | e:   1.000000 | Q:        nan | won: False 
#  170 | steps:  1806 | steps_t:     0 | t: 0.625059 | r:  -507.000000 | e:   1.000000 | Q:        nan | won: False 
#  171 | steps:  1822 | steps_t:     0 | t: 0.629022 | r:  -515.000000 | e:   1.000000 | Q:        nan | won: False 
#  172 | steps:  1829 | steps_t:     0 | t: 0.632010 | r:  -506.000000 | e:   1.000000 | Q:        nan | won: False 
#  173 | steps:  1837 | steps_t:     0 | t: 0.634956 | r:  -507.000000 | e:   1.000000 | Q:        nan | won: False 
#  174 | steps:  1849 | steps_t:     0 | t: 0.637990 | r:  -511.000000 | e:   1.000000 | Q:        nan | won: False 
#  175 | steps:  1857 | steps_t:     0 | t: 0.640979 | r:  -507.000000 | e:   1.000000 | Q:        nan | won: False 
#  176 | steps:  1865 | steps_t:     0 | t: 0.642972 | r:  -507.000000 | e:   1.000000 | Q:        nan | won: False 
#  177 | steps:  1882 | steps_t:     0 | t: 0.647957 | r:  -516.000000 | e:   1.000000 | Q:        nan | won: False 
#  178 | steps:  1903 | steps_t:     0 | t: 0.654932 | r:  -520.000000 | e:   1.000000 | Q:        nan | won: False 
#  179 | steps:  1922 | steps_t:     0 | t: 0.659952 | r:  -518.000000 | e:   1.000000 | Q:        nan | won: False 
#  180 | steps:  1933 | steps_t:     0 | t: 0.662911 | r:  -510.000000 | e:   1.000000 | Q:        nan | won: False 
#  181 | steps:  1943 | steps_t:     0 | t: 0.665903 | r:  -509.000000 | e:   1.000000 | Q:        nan | won: False 
#  182 | steps:  1954 | steps_t:     0 | t: 0.669903 | r:  -510.000000 | e:   1.000000 | Q:        nan | won: False 
#  183 | steps:  1965 | steps_t:     0 | t: 0.672875 | r:  -510.000000 | e:   1.000000 | Q:        nan | won: False 
#  184 | steps:  1980 | steps_t:     0 | t: 0.676861 | r:  -514.000000 | e:   1.000000 | Q:        nan | won: False 
#  185 | steps:  1995 | steps_t:     0 | t: 0.680850 | r:  -514.000000 | e:   1.000000 | Q:        nan | won: False 
#  186 | steps:  2003 | steps_t:     0 | t: 0.682847 | r:  -507.000000 | e:   1.000000 | Q:        nan | won: False 
#  187 | steps:  2010 | steps_t:     0 | t: 0.685820 | r:  -506.000000 | e:   1.000000 | Q:        nan | won: False 
#  188 | steps:  2017 | steps_t:     0 | t: 0.687843 | r:  -506.000000 | e:   1.000000 | Q:        nan | won: False 
#  189 | steps:  2026 | steps_t:     0 | t: 0.690832 | r:  -508.000000 | e:   1.000000 | Q:        nan | won: False 
#  190 | steps:  2034 | steps_t:     0 | t: 0.693830 | r:  -507.000000 | e:   1.000000 | Q:        nan | won: False 
#  191 | steps:  2040 | steps_t:     0 | t: 0.695817 | r:  -505.000000 | e:   1.000000 | Q:        nan | won: False 
#  192 | steps:  2046 | steps_t:     0 | t: 0.697820 | r:  -505.000000 | e:   1.000000 | Q:        nan | won: False 
#  193 | steps:  2051 | steps_t:     0 | t: 0.699808 | r:  -504.000000 | e:   1.000000 | Q:        nan | won: False 
#  194 | steps:  2062 | steps_t:     0 | t: 0.703809 | r:  -510.000000 | e:   1.000000 | Q:        nan | won: False 
#  195 | steps:  2072 | steps_t:     0 | t: 0.706760 | r:  -509.000000 | e:   1.000000 | Q:        nan | won: False 
#  196 | steps:  2082 | steps_t:     0 | t: 0.709750 | r:  -509.000000 | e:   1.000000 | Q:        nan | won: False 
#  197 | steps:  2095 | steps_t:     0 | t: 0.713740 | r:  -512.000000 | e:   1.000000 | Q:        nan | won: False 
#  198 | steps:  2104 | steps_t:     0 | t: 0.715729 | r:  -508.000000 | e:   1.000000 | Q:        nan | won: False 
#  199 | steps:  2110 | steps_t:     0 | t: 0.718742 | r:  -505.000000 | e:   1.000000 | Q:        nan | won: False 
#  200 | steps:  2122 | steps_t:     0 | t: 0.721711 | r:  -511.000000 | e:   1.000000 | Q:        nan | won: False 
#  201 | steps:  2142 | steps_t:     0 | t: 0.726696 | r:  -519.000000 | e:   1.000000 | Q:        nan | won: False 
#  202 | steps:  2151 | steps_t:     0 | t: 0.729708 | r:  -508.000000 | e:   1.000000 | Q:        nan | won: False 
#  203 | steps:  2164 | steps_t:     0 | t: 0.734202 | r:  -512.000000 | e:   1.000000 | Q:        nan | won: False 
#  204 | steps:  2172 | steps_t:     0 | t: 0.737206 | r:  -507.000000 | e:   1.000000 | Q:        nan | won: False 
#  205 | steps:  2178 | steps_t:     0 | t: 0.739251 | r:  -505.000000 | e:   1.000000 | Q:        nan | won: False 
#  206 | steps:  2188 | steps_t:     0 | t: 0.742257 | r:  -509.000000 | e:   1.000000 | Q:        nan | won: False 
#  207 | steps:  2200 | steps_t:     0 | t: 0.746243 | r:  -511.000000 | e:   1.000000 | Q:        nan | won: False 
#  208 | steps:  2211 | steps_t:     0 | t: 0.750158 | r:  -510.000000 | e:   1.000000 | Q:        nan | won: False 
#  209 | steps:  2222 | steps_t:     0 | t: 0.754219 | r:  -510.000000 | e:   1.000000 | Q:        nan | won: False 
#  210 | steps:  2233 | steps_t:     0 | t: 0.758196 | r:  -510.000000 | e:   1.000000 | Q:        nan | won: False 
#  211 | steps:  2239 | steps_t:     0 | t: 0.760171 | r:  -505.000000 | e:   1.000000 | Q:        nan | won: False 
#  212 | steps:  2246 | steps_t:     0 | t: 0.762166 | r:  -506.000000 | e:   1.000000 | Q:        nan | won: False 
#  213 | steps:  2256 | steps_t:     0 | t: 0.765339 | r:  -509.000000 | e:   1.000000 | Q:        nan | won: False 
#  214 | steps:  2267 | steps_t:     0 | t: 0.769344 | r:  -510.000000 | e:   1.000000 | Q:        nan | won: False 
#  215 | steps:  2273 | steps_t:     0 | t: 0.771321 | r:  -505.000000 | e:   1.000000 | Q:        nan | won: False 
#  216 | steps:  2282 | steps_t:     0 | t: 0.773326 | r:  -508.000000 | e:   1.000000 | Q:        nan | won: False 
#  217 | steps:  2289 | steps_t:     0 | t: 0.775314 | r:  -506.000000 | e:   1.000000 | Q:        nan | won: False 
#  218 | steps:  2300 | steps_t:     0 | t: 0.778297 | r:  -510.000000 | e:   1.000000 | Q:        nan | won: False 
#  219 | steps:  2306 | steps_t:     0 | t: 0.780299 | r:  -505.000000 | e:   1.000000 | Q:        nan | won: False 
#  220 | steps:  2315 | steps_t:     0 | t: 0.784231 | r:  -508.000000 | e:   1.000000 | Q:        nan | won: False 
#  221 | steps:  2326 | steps_t:     0 | t: 0.787273 | r:  -510.000000 | e:   1.000000 | Q:        nan | won: False 
#  222 | steps:  2335 | steps_t:     0 | t: 0.790264 | r:  -508.000000 | e:   1.000000 | Q:        nan | won: False 
#  223 | steps:  2341 | steps_t:     0 | t: 0.792257 | r:  -505.000000 | e:   1.000000 | Q:        nan | won: False 
#  224 | steps:  2351 | steps_t:     0 | t: 0.794247 | r:  -509.000000 | e:   1.000000 | Q:        nan | won: False 
#  225 | steps:  2360 | steps_t:     0 | t: 0.797229 | r:  -508.000000 | e:   1.000000 | Q:        nan | won: False 
#  226 | steps:  2369 | steps_t:     0 | t: 0.800224 | r:  -508.000000 | e:   1.000000 | Q:        nan | won: False 
#  227 | steps:  2376 | steps_t:     0 | t: 0.803230 | r:  -506.000000 | e:   1.000000 | Q:        nan | won: False 
#  228 | steps:  2397 | steps_t:     0 | t: 0.808206 | r:  -520.000000 | e:   1.000000 | Q:        nan | won: False 
#  229 | steps:  2403 | steps_t:     0 | t: 0.810196 | r:  -505.000000 | e:   1.000000 | Q:        nan | won: False 
#  230 | steps:  2414 | steps_t:     0 | t: 0.813136 | r:  -510.000000 | e:   1.000000 | Q:        nan | won: False 
#  231 | steps:  2422 | steps_t:     0 | t: 0.816191 | r:  -507.000000 | e:   1.000000 | Q:        nan | won: False 
#  232 | steps:  2432 | steps_t:     0 | t: 0.819188 | r:  -509.000000 | e:   1.000000 | Q:        nan | won: False 
#  233 | steps:  2439 | steps_t:     0 | t: 0.822300 | r:  -506.000000 | e:   1.000000 | Q:        nan | won: False 
#  234 | steps:  2449 | steps_t:     0 | t: 0.825290 | r:  -509.000000 | e:   1.000000 | Q:        nan | won: False 
#  235 | steps:  2455 | steps_t:     0 | t: 0.826278 | r:  -505.000000 | e:   1.000000 | Q:        nan | won: False 
#  236 | steps:  2463 | steps_t:     0 | t: 0.829271 | r:  -507.000000 | e:   1.000000 | Q:        nan | won: False 
#  237 | steps:  2473 | steps_t:     0 | t: 0.831266 | r:  -509.000000 | e:   1.000000 | Q:        nan | won: False 
#  238 | steps:  2481 | steps_t:     0 | t: 0.834210 | r:  -507.000000 | e:   1.000000 | Q:        nan | won: False 
#  239 | steps:  2487 | steps_t:     0 | t: 0.836242 | r:  -505.000000 | e:   1.000000 | Q:        nan | won: False 
#  240 | steps:  2502 | steps_t:     0 | t: 0.840237 | r:  -503.000000 | e:   1.000000 | Q:        nan | won: False 
#  241 | steps:  2514 | steps_t:     0 | t: 0.844226 | r:  -511.000000 | e:   1.000000 | Q:        nan | won: False 
#  242 | steps:  2520 | steps_t:     0 | t: 0.846226 | r:  -505.000000 | e:   1.000000 | Q:        nan | won: False 
#  243 | steps:  2529 | steps_t:     0 | t: 0.849219 | r:  -508.000000 | e:   1.000000 | Q:        nan | won: False 
#  244 | steps:  2550 | steps_t:     0 | t: 0.855214 | r:  -520.000000 | e:   1.000000 | Q:        nan | won: False 
#  245 | steps:  2565 | steps_t:     0 | t: 0.859179 | r:  -514.000000 | e:   1.000000 | Q:        nan | won: False 
#  246 | steps:  2575 | steps_t:     0 | t: 0.862115 | r:  -509.000000 | e:   1.000000 | Q:        nan | won: False 
#  247 | steps:  2584 | steps_t:     0 | t: 0.865105 | r:  -508.000000 | e:   1.000000 | Q:        nan | won: False 
#  248 | steps:  2592 | steps_t:     0 | t: 0.868097 | r:  -507.000000 | e:   1.000000 | Q:        nan | won: False 
#  249 | steps:  2598 | steps_t:     0 | t: 0.870089 | r:  -505.000000 | e:   1.000000 | Q:        nan | won: False 
#  250 | steps:  2607 | steps_t:     0 | t: 0.872082 | r:  -508.000000 | e:   1.000000 | Q:        nan | won: False 
#  251 | steps:  2625 | steps_t:     0 | t: 0.877836 | r:  -517.000000 | e:   1.000000 | Q:        nan | won: False 
#  252 | steps:  2641 | steps_t:     0 | t: 0.881807 | r:  -515.000000 | e:   1.000000 | Q:        nan | won: False 
#  253 | steps:  2648 | steps_t:     0 | t: 0.884799 | r:  -506.000000 | e:   1.000000 | Q:        nan | won: False 
#  254 | steps:  2654 | steps_t:     0 | t: 0.886796 | r:  -505.000000 | e:   1.000000 | Q:        nan | won: False 
#  255 | steps:  2662 | steps_t:     0 | t: 0.888785 | r:  -507.000000 | e:   1.000000 | Q:        nan | won: False 
#  256 | steps:  2669 | steps_t:     0 | t: 0.891777 | r:  -506.000000 | e:   1.000000 | Q:        nan | won: False 
#  257 | steps:  2680 | steps_t:     0 | t: 0.894769 | r:  -510.000000 | e:   1.000000 | Q:        nan | won: False 
#  258 | steps:  2703 | steps_t:     0 | t: 0.900691 | r:  -522.000000 | e:   1.000000 | Q:        nan | won: False 
#  259 | steps:  2709 | steps_t:     0 | t: 0.902686 | r:  -505.000000 | e:   1.000000 | Q:        nan | won: False 
#  260 | steps:  2716 | steps_t:     0 | t: 0.904679 | r:  -506.000000 | e:   1.000000 | Q:        nan | won: False 
#  261 | steps:  2726 | steps_t:     0 | t: 0.908666 | r:  -509.000000 | e:   1.000000 | Q:        nan | won: False 
#  262 | steps:  2735 | steps_t:     0 | t: 0.911724 | r:  -508.000000 | e:   1.000000 | Q:        nan | won: False 
#  263 | steps:  2748 | steps_t:     0 | t: 0.914697 | r:  -512.000000 | e:   1.000000 | Q:        nan | won: False 
#  264 | steps:  2758 | steps_t:     0 | t: 0.918676 | r:  -509.000000 | e:   1.000000 | Q:        nan | won: False 
#  265 | steps:  2768 | steps_t:     0 | t: 0.921677 | r:  -509.000000 | e:   1.000000 | Q:        nan | won: False 
#  266 | steps:  2787 | steps_t:     0 | t: 0.926662 | r:  -507.000000 | e:   1.000000 | Q:        nan | won: False 
#  267 | steps:  2799 | steps_t:     0 | t: 0.929658 | r:  -511.000000 | e:   1.000000 | Q:        nan | won: False 
#  268 | steps:  2807 | steps_t:     0 | t: 0.932655 | r:  -507.000000 | e:   1.000000 | Q:        nan | won: False 
#  269 | steps:  2818 | steps_t:     0 | t: 0.936635 | r:  -510.000000 | e:   1.000000 | Q:        nan | won: False 
#  270 | steps:  2827 | steps_t:     0 | t: 0.939618 | r:  -508.000000 | e:   1.000000 | Q:        nan | won: False 
#  271 | steps:  2835 | steps_t:     0 | t: 0.941657 | r:  -507.000000 | e:   1.000000 | Q:        nan | won: False 
#  272 | steps:  2842 | steps_t:     0 | t: 0.943599 | r:  -506.000000 | e:   1.000000 | Q:        nan | won: False 
#  273 | steps:  2849 | steps_t:     0 | t: 0.946594 | r:  -506.000000 | e:   1.000000 | Q:        nan | won: False 
#  274 | steps:  2859 | steps_t:     0 | t: 0.948586 | r:  -509.000000 | e:   1.000000 | Q:        nan | won: False 
#  275 | steps:  2877 | steps_t:     0 | t: 0.953557 | r:  -517.000000 | e:   1.000000 | Q:        nan | won: False 
#  276 | steps:  2885 | steps_t:     0 | t: 0.956571 | r:  -507.000000 | e:   1.000000 | Q:        nan | won: False 
#  277 | steps:  2895 | steps_t:     0 | t: 0.959545 | r:  -509.000000 | e:   1.000000 | Q:        nan | won: False 
#  278 | steps:  2905 | steps_t:     0 | t: 0.962544 | r:  -509.000000 | e:   1.000000 | Q:        nan | won: False 
#  279 | steps:  2913 | steps_t:     0 | t: 0.964533 | r:  -507.000000 | e:   1.000000 | Q:        nan | won: False 
#  280 | steps:  2924 | steps_t:     0 | t: 0.968465 | r:  -510.000000 | e:   1.000000 | Q:        nan | won: False 
#  281 | steps:  2934 | steps_t:     0 | t: 0.971453 | r:  -509.000000 | e:   1.000000 | Q:        nan | won: False 
#  282 | steps:  2941 | steps_t:     0 | t: 0.973502 | r:  -506.000000 | e:   1.000000 | Q:        nan | won: False 
#  283 | steps:  2968 | steps_t:     0 | t: 0.980476 | r:  -515.000000 | e:   1.000000 | Q:        nan | won: False 
#  284 | steps:  2979 | steps_t:     0 | t: 0.983458 | r:  -510.000000 | e:   1.000000 | Q:        nan | won: False 
#  285 | steps:  2992 | steps_t:     0 | t: 0.987453 | r:  -501.000000 | e:   1.000000 | Q:        nan | won: False 
#  286 | steps:  3003 | steps_t:     0 | t: 0.990446 | r:  -510.000000 | e:   1.000000 | Q:        nan | won: False 
#  287 | steps:  3011 | steps_t:     0 | t: 0.992425 | r:  -507.000000 | e:   1.000000 | Q:        nan | won: False 
#  288 | steps:  3029 | steps_t:     0 | t: 0.997418 | r:  -517.000000 | e:   1.000000 | Q:        nan | won: False 
#  289 | steps:  3036 | steps_t:     0 | t: 0.999407 | r:  -506.000000 | e:   1.000000 | Q:        nan | won: False 
#  290 | steps:  3054 | steps_t:     0 | t: 1.004386 | r:  -517.000000 | e:   1.000000 | Q:        nan | won: False 
#  291 | steps:  3067 | steps_t:     0 | t: 1.008384 | r:  -512.000000 | e:   1.000000 | Q:        nan | won: False 
#  292 | steps:  3075 | steps_t:     0 | t: 1.011363 | r:  -507.000000 | e:   1.000000 | Q:        nan | won: False 
#  293 | steps:  3082 | steps_t:     0 | t: 1.013380 | r:  -506.000000 | e:   1.000000 | Q:        nan | won: False 
#  294 | steps:  3088 | steps_t:     0 | t: 1.015348 | r:  -505.000000 | e:   1.000000 | Q:        nan | won: False 
#  295 | steps:  3097 | steps_t:     0 | t: 1.018297 | r:  -508.000000 | e:   1.000000 | Q:        nan | won: False 
#  296 | steps:  3109 | steps_t:     0 | t: 1.022286 | r:  -511.000000 | e:   1.000000 | Q:        nan | won: False 
#  297 | steps:  3117 | steps_t:     0 | t: 1.024279 | r:  -507.000000 | e:   1.000000 | Q:        nan | won: False 
#  298 | steps:  3132 | steps_t:     0 | t: 1.028265 | r:  -514.000000 | e:   1.000000 | Q:        nan | won: False 
#  299 | steps:  3141 | steps_t:     0 | t: 1.030260 | r:  -508.000000 | e:   1.000000 | Q:        nan | won: False 
#  300 | steps:  3152 | steps_t:     0 | t: 1.034245 | r:  -510.000000 | e:   1.000000 | Q:        nan | won: False 
#  301 | steps:  3170 | steps_t:     0 | t: 1.039229 | r:  -517.000000 | e:   1.000000 | Q:        nan | won: False 
#  302 | steps:  3177 | steps_t:     0 | t: 1.042219 | r:  -506.000000 | e:   1.000000 | Q:        nan | won: False 
#  303 | steps:  3187 | steps_t:     0 | t: 1.044212 | r:  -509.000000 | e:   1.000000 | Q:        nan | won: False 
#  304 | steps:  3195 | steps_t:     0 | t: 1.047202 | r:  -507.000000 | e:   1.000000 | Q:        nan | won: False 
#  305 | steps:  3202 | steps_t:     0 | t: 1.049196 | r:  -506.000000 | e:   1.000000 | Q:        nan | won: False 
#  306 | steps:  3211 | steps_t:     0 | t: 1.052246 | r:  -508.000000 | e:   1.000000 | Q:        nan | won: False 
#  307 | steps:  3218 | steps_t:     0 | t: 1.055241 | r:  -506.000000 | e:   1.000000 | Q:        nan | won: False 
#  308 | steps:  3227 | steps_t:     0 | t: 1.058219 | r:  -508.000000 | e:   1.000000 | Q:        nan | won: False 
#  309 | steps:  3235 | steps_t:     0 | t: 1.060214 | r:  -507.000000 | e:   1.000000 | Q:        nan | won: False 
#  310 | steps:  3240 | steps_t:     0 | t: 1.062206 | r:  -504.000000 | e:   1.000000 | Q:        nan | won: False 
#  311 | steps:  3247 | steps_t:     0 | t: 1.064191 | r:  -506.000000 | e:   1.000000 | Q:        nan | won: False 
#  312 | steps:  3261 | steps_t:     0 | t: 1.068199 | r:  -502.000000 | e:   1.000000 | Q:        nan | won: False 
#  313 | steps:  3281 | steps_t:     0 | t: 1.074163 | r:  -519.000000 | e:   1.000000 | Q:        nan | won: False 
#  314 | steps:  3289 | steps_t:     0 | t: 1.076157 | r:  -507.000000 | e:   1.000000 | Q:        nan | won: False 
#  315 | steps:  3305 | steps_t:     0 | t: 1.080143 | r:  -515.000000 | e:   1.000000 | Q:        nan | won: False 
#  316 | steps:  3314 | steps_t:     0 | t: 1.083122 | r:  -508.000000 | e:   1.000000 | Q:        nan | won: False 
#  317 | steps:  3335 | steps_t:     0 | t: 1.089113 | r:  -520.000000 | e:   1.000000 | Q:        nan | won: False 
#  318 | steps:  3346 | steps_t:     0 | t: 1.092103 | r:  -510.000000 | e:   1.000000 | Q:        nan | won: False 
#  319 | steps:  3351 | steps_t:     0 | t: 1.093093 | r:  -504.000000 | e:   1.000000 | Q:        nan | won: False 
#  320 | steps:  3366 | steps_t:     0 | t: 1.098034 | r:  -492.000000 | e:   1.000000 | Q:        nan | won: False 
#  321 | steps:  3373 | steps_t:     0 | t: 1.101062 | r:  -506.000000 | e:   1.000000 | Q:        nan | won: False 
#  322 | steps:  3382 | steps_t:     0 | t: 1.104056 | r:  -508.000000 | e:   1.000000 | Q:        nan | won: False 
#  323 | steps:  3402 | steps_t:     0 | t: 1.109044 | r:  -508.000000 | e:   1.000000 | Q:        nan | won: False 
#  324 | steps:  3409 | steps_t:     0 | t: 1.111029 | r:  -506.000000 | e:   1.000000 | Q:        nan | won: False 
#  325 | steps:  3416 | steps_t:     0 | t: 1.113022 | r:  -506.000000 | e:   1.000000 | Q:        nan | won: False 
#  326 | steps:  3431 | steps_t:     0 | t: 1.116988 | r:  -492.000000 | e:   1.000000 | Q:        nan | won: False 
#  327 | steps:  3444 | steps_t:     0 | t: 1.120997 | r:  -512.000000 | e:   1.000000 | Q:        nan | won: False 
#  328 | steps:  3452 | steps_t:     0 | t: 1.122989 | r:  -507.000000 | e:   1.000000 | Q:        nan | won: False 
#  329 | steps:  3462 | steps_t:     0 | t: 1.125981 | r:  -509.000000 | e:   1.000000 | Q:        nan | won: False 
#  330 | steps:  3472 | steps_t:     0 | t: 1.128970 | r:  -509.000000 | e:   1.000000 | Q:        nan | won: False 
#  331 | steps:  3488 | steps_t:     0 | t: 1.133929 | r:  -515.000000 | e:   1.000000 | Q:        nan | won: False 
#  332 | steps:  3497 | steps_t:     0 | t: 1.136947 | r:  -508.000000 | e:   1.000000 | Q:        nan | won: False 
#  333 | steps:  3510 | steps_t:     0 | t: 1.139940 | r:  -512.000000 | e:   1.000000 | Q:        nan | won: False 
#  334 | steps:  3518 | steps_t:     0 | t: 1.142930 | r:  -507.000000 | e:   1.000000 | Q:        nan | won: False 
#  335 | steps:  3523 | steps_t:     0 | t: 1.143929 | r:  -504.000000 | e:   1.000000 | Q:        nan | won: False 
#  336 | steps:  3536 | steps_t:     0 | t: 1.148112 | r:  -512.000000 | e:   1.000000 | Q:        nan | won: False 
#  337 | steps:  3547 | steps_t:     0 | t: 1.152069 | r:  -510.000000 | e:   1.000000 | Q:        nan | won: False 
#  338 | steps:  3559 | steps_t:     0 | t: 1.155072 | r:  -511.000000 | e:   1.000000 | Q:        nan | won: False 
#  339 | steps:  3566 | steps_t:     0 | t: 1.157050 | r:  -506.000000 | e:   1.000000 | Q:        nan | won: False 
#  340 | steps:  3581 | steps_t:     0 | t: 1.161034 | r:  -492.000000 | e:   1.000000 | Q:        nan | won: False 
#  341 | steps:  3588 | steps_t:     0 | t: 1.164048 | r:  -506.000000 | e:   1.000000 | Q:        nan | won: False 
#  342 | steps:  3597 | steps_t:     0 | t: 1.167921 | r:  -508.000000 | e:   1.000000 | Q:        nan | won: False 
#  343 | steps:  3603 | steps_t:     0 | t: 1.169183 | r:  -505.000000 | e:   1.000000 | Q:        nan | won: False 
#  344 | steps:  3616 | steps_t:     0 | t: 1.173172 | r:  -512.000000 | e:   1.000000 | Q:        nan | won: False 
#  345 | steps:  3622 | steps_t:     0 | t: 1.175160 | r:  -505.000000 | e:   1.000000 | Q:        nan | won: False 
#  346 | steps:  3631 | steps_t:     0 | t: 1.178490 | r:  -508.000000 | e:   1.000000 | Q:        nan | won: False 
#  347 | steps:  3638 | steps_t:     0 | t: 1.181388 | r:  -506.000000 | e:   1.000000 | Q:        nan | won: False 
#  348 | steps:  3648 | steps_t:     0 | t: 1.184390 | r:  -509.000000 | e:   1.000000 | Q:        nan | won: False 
#  349 | steps:  3665 | steps_t:     0 | t: 1.189408 | r:  -516.000000 | e:   1.000000 | Q:        nan | won: False 
#  350 | steps:  3678 | steps_t:     0 | t: 1.192396 | r:  -512.000000 | e:   1.000000 | Q:        nan | won: False 
#  351 | steps:  3685 | steps_t:     0 | t: 1.195410 | r:  -506.000000 | e:   1.000000 | Q:        nan | won: False 
#  352 | steps:  3695 | steps_t:     0 | t: 1.198332 | r:  -509.000000 | e:   1.000000 | Q:        nan | won: False 
#  353 | steps:  3706 | steps_t:     0 | t: 1.202319 | r:  -510.000000 | e:   1.000000 | Q:        nan | won: False 
#  354 | steps:  3718 | steps_t:     0 | t: 1.205309 | r:  -511.000000 | e:   1.000000 | Q:        nan | won: False 
#  355 | steps:  3727 | steps_t:     0 | t: 1.208299 | r:  -508.000000 | e:   1.000000 | Q:        nan | won: False 
#  356 | steps:  3747 | steps_t:     0 | t: 1.213282 | r:  -508.000000 | e:   1.000000 | Q:        nan | won: False 
#  357 | steps:  3765 | steps_t:     0 | t: 1.218265 | r:  -517.000000 | e:   1.000000 | Q:        nan | won: False 
#  358 | steps:  3776 | steps_t:     0 | t: 1.221256 | r:  -510.000000 | e:   1.000000 | Q:        nan | won: False 
#  359 | steps:  3785 | steps_t:     0 | t: 1.224245 | r:  -508.000000 | e:   1.000000 | Q:        nan | won: False 
#  360 | steps:  3793 | steps_t:     0 | t: 1.226239 | r:  -507.000000 | e:   1.000000 | Q:        nan | won: False 
#  361 | steps:  3801 | steps_t:     0 | t: 1.229229 | r:  -507.000000 | e:   1.000000 | Q:        nan | won: False 
#  362 | steps:  3821 | steps_t:     0 | t: 1.234226 | r:  -519.000000 | e:   1.000000 | Q:        nan | won: False 
#  363 | steps:  3832 | steps_t:     0 | t: 1.238199 | r:  -510.000000 | e:   1.000000 | Q:        nan | won: False 
#  364 | steps:  3839 | steps_t:     0 | t: 1.240193 | r:  -506.000000 | e:   1.000000 | Q:        nan | won: False 
#  365 | steps:  3846 | steps_t:     0 | t: 1.243182 | r:  -506.000000 | e:   1.000000 | Q:        nan | won: False 
#  366 | steps:  3853 | steps_t:     0 | t: 1.245176 | r:  -506.000000 | e:   1.000000 | Q:        nan | won: False 
#  367 | steps:  3861 | steps_t:     0 | t: 1.248166 | r:  -507.000000 | e:   1.000000 | Q:        nan | won: False 
#  368 | steps:  3875 | steps_t:     0 | t: 1.252153 | r:  -513.000000 | e:   1.000000 | Q:        nan | won: False 
#  369 | steps:  3883 | steps_t:     0 | t: 1.256181 | r:  -507.000000 | e:   1.000000 | Q:        nan | won: False 
#  370 | steps:  3891 | steps_t:     0 | t: 1.258132 | r:  -507.000000 | e:   1.000000 | Q:        nan | won: False 
#  371 | steps:  3899 | steps_t:     0 | t: 1.261123 | r:  -507.000000 | e:   1.000000 | Q:        nan | won: False 
#  372 | steps:  3906 | steps_t:     0 | t: 1.263116 | r:  -506.000000 | e:   1.000000 | Q:        nan | won: False 
#  373 | steps:  3915 | steps_t:     0 | t: 1.266106 | r:  -508.000000 | e:   1.000000 | Q:        nan | won: False 
#  374 | steps:  3925 | steps_t:     0 | t: 1.269095 | r:  -509.000000 | e:   1.000000 | Q:        nan | won: False 
#  375 | steps:  3938 | steps_t:     0 | t: 1.273137 | r:  -512.000000 | e:   1.000000 | Q:        nan | won: False 
#  376 | steps:  3945 | steps_t:     0 | t: 1.276116 | r:  -506.000000 | e:   1.000000 | Q:        nan | won: False 
#  377 | steps:  3954 | steps_t:     0 | t: 1.279132 | r:  -508.000000 | e:   1.000000 | Q:        nan | won: False 
#  378 | steps:  3973 | steps_t:     0 | t: 1.284047 | r:  -518.000000 | e:   1.000000 | Q:        nan | won: False 
#  379 | steps:  3982 | steps_t:     0 | t: 1.287693 | r:  -508.000000 | e:   1.000000 | Q:        nan | won: False 
#  380 | steps:  3988 | steps_t:     0 | t: 1.289713 | r:  -505.000000 | e:   1.000000 | Q:        nan | won: False 
#  381 | steps:  4002 | steps_t:     0 | t: 1.293701 | r:  -513.000000 | e:   1.000000 | Q:        nan | won: False 
#  382 | steps:  4011 | steps_t:     0 | t: 1.296673 | r:  -508.000000 | e:   1.000000 | Q:        nan | won: False 
#  383 | steps:  4019 | steps_t:     0 | t: 1.298666 | r:  -507.000000 | e:   1.000000 | Q:        nan | won: False 
#  384 | steps:  4031 | steps_t:     0 | t: 1.302645 | r:  -511.000000 | e:   1.000000 | Q:        nan | won: False 
#  385 | steps:  4040 | steps_t:     0 | t: 1.305664 | r:  -508.000000 | e:   1.000000 | Q:        nan | won: False 
#  386 | steps:  4051 | steps_t:     0 | t: 1.308590 | r:  -510.000000 | e:   1.000000 | Q:        nan | won: False 
#  387 | steps:  4058 | steps_t:     0 | t: 1.310583 | r:  -506.000000 | e:   1.000000 | Q:        nan | won: False 
#  388 | steps:  4067 | steps_t:     0 | t: 1.312576 | r:  -508.000000 | e:   1.000000 | Q:        nan | won: False 
#  389 | steps:  4078 | steps_t:     0 | t: 1.315567 | r:  -510.000000 | e:   1.000000 | Q:        nan | won: False 
#  390 | steps:  4088 | steps_t:     0 | t: 1.319545 | r:  -509.000000 | e:   1.000000 | Q:        nan | won: False 
#  391 | steps:  4102 | steps_t:     0 | t: 1.323539 | r:  -513.000000 | e:   1.000000 | Q:        nan | won: False 
#  392 | steps:  4126 | steps_t:     0 | t: 1.329520 | r:  -523.000000 | e:   1.000000 | Q:        nan | won: False 
#  393 | steps:  4142 | steps_t:     0 | t: 1.334496 | r:  -515.000000 | e:   1.000000 | Q:        nan | won: False 
#  394 | steps:  4152 | steps_t:     0 | t: 1.337493 | r:  -509.000000 | e:   1.000000 | Q:        nan | won: False 
#  395 | steps:  4160 | steps_t:     0 | t: 1.339486 | r:  -507.000000 | e:   1.000000 | Q:        nan | won: False 
#  396 | steps:  4168 | steps_t:     0 | t: 1.341480 | r:  -507.000000 | e:   1.000000 | Q:        nan | won: False 
#  397 | steps:  4179 | steps_t:     0 | t: 1.344470 | r:  -510.000000 | e:   1.000000 | Q:        nan | won: False 
#  398 | steps:  4194 | steps_t:     0 | t: 1.348456 | r:  -514.000000 | e:   1.000000 | Q:        nan | won: False 
#  399 | steps:  4201 | steps_t:     0 | t: 1.351437 | r:  -506.000000 | e:   1.000000 | Q:        nan | won: False 
#  400 | steps:  4217 | steps_t:     0 | t: 1.355433 | r:  -504.000000 | e:   1.000000 | Q:        nan | won: False 
#  401 | steps:  4229 | steps_t:     0 | t: 1.358423 | r:  -511.000000 | e:   1.000000 | Q:        nan | won: False 
#  402 | steps:  4239 | steps_t:     0 | t: 1.361413 | r:  -509.000000 | e:   1.000000 | Q:        nan | won: False 
#  403 | steps:  4266 | steps_t:     0 | t: 1.368421 | r:  -526.000000 | e:   1.000000 | Q:        nan | won: False 
#  404 | steps:  4284 | steps_t:     0 | t: 1.373409 | r:  -517.000000 | e:   1.000000 | Q:        nan | won: False 
#  405 | steps:  4299 | steps_t:     0 | t: 1.378389 | r:  -514.000000 | e:   1.000000 | Q:        nan | won: False 
#  406 | steps:  4314 | steps_t:     0 | t: 1.382409 | r:  -514.000000 | e:   1.000000 | Q:        nan | won: False 
#  407 | steps:  4335 | steps_t:     0 | t: 1.388313 | r:  -520.000000 | e:   1.000000 | Q:        nan | won: False 
#  408 | steps:  4344 | steps_t:     0 | t: 1.391305 | r:  -508.000000 | e:   1.000000 | Q:        nan | won: False 
#  409 | steps:  4352 | steps_t:     0 | t: 1.394295 | r:  -507.000000 | e:   1.000000 | Q:        nan | won: False 
#  410 | steps:  4364 | steps_t:     0 | t: 1.397285 | r:  -511.000000 | e:   1.000000 | Q:        nan | won: False 
#  411 | steps:  4371 | steps_t:     0 | t: 1.399278 | r:  -506.000000 | e:   1.000000 | Q:        nan | won: False 
#  412 | steps:  4381 | steps_t:     0 | t: 1.402268 | r:  -509.000000 | e:   1.000000 | Q:        nan | won: False 
#  413 | steps:  4395 | steps_t:     0 | t: 1.407252 | r:  -502.000000 | e:   1.000000 | Q:        nan | won: False 
#  414 | steps:  4401 | steps_t:     0 | t: 1.409245 | r:  -505.000000 | e:   1.000000 | Q:        nan | won: False 
#  415 | steps:  4409 | steps_t:     0 | t: 1.411851 | r:  -507.000000 | e:   1.000000 | Q:        nan | won: False 
#  416 | steps:  4419 | steps_t:     0 | t: 1.414810 | r:  -509.000000 | e:   1.000000 | Q:        nan | won: False 
#  417 | steps:  4437 | steps_t:     0 | t: 1.419815 | r:  -517.000000 | e:   1.000000 | Q:        nan | won: False 
#  418 | steps:  4446 | steps_t:     0 | t: 1.422802 | r:  -508.000000 | e:   1.000000 | Q:        nan | won: False 
#  419 | steps:  4463 | steps_t:     0 | t: 1.427784 | r:  -516.000000 | e:   1.000000 | Q:        nan | won: False 
#  420 | steps:  4480 | steps_t:     0 | t: 1.431783 | r:  -516.000000 | e:   1.000000 | Q:        nan | won: False 
#  421 | steps:  4487 | steps_t:     0 | t: 1.434690 | r:  -506.000000 | e:   1.000000 | Q:        nan | won: False 
#  422 | steps:  4496 | steps_t:     0 | t: 1.436736 | r:  -508.000000 | e:   1.000000 | Q:        nan | won: False 
#  423 | steps:  4506 | steps_t:     0 | t: 1.439725 | r:  -509.000000 | e:   1.000000 | Q:        nan | won: False 
#  424 | steps:  4513 | steps_t:     0 | t: 1.441713 | r:  -506.000000 | e:   1.000000 | Q:        nan | won: False 
#  425 | steps:  4533 | steps_t:     0 | t: 1.447702 | r:  -519.000000 | e:   1.000000 | Q:        nan | won: False 
#  426 | steps:  4540 | steps_t:     0 | t: 1.449682 | r:  -506.000000 | e:   1.000000 | Q:        nan | won: False 
#  427 | steps:  4547 | steps_t:     0 | t: 1.452686 | r:  -506.000000 | e:   1.000000 | Q:        nan | won: False 
#  428 | steps:  4557 | steps_t:     0 | t: 1.455682 | r:  -509.000000 | e:   1.000000 | Q:        nan | won: False 
#  429 | steps:  4577 | steps_t:     0 | t: 1.460655 | r:  -519.000000 | e:   1.000000 | Q:        nan | won: False 
#  430 | steps:  4594 | steps_t:     0 | t: 1.465628 | r:  -516.000000 | e:   1.000000 | Q:        nan | won: False 
#  431 | steps:  4602 | steps_t:     0 | t: 1.468658 | r:  -507.000000 | e:   1.000000 | Q:        nan | won: False 
#  432 | steps:  4608 | steps_t:     0 | t: 1.470635 | r:  -505.000000 | e:   1.000000 | Q:        nan | won: False 
#  433 | steps:  4616 | steps_t:     0 | t: 1.472641 | r:  -507.000000 | e:   1.000000 | Q:        nan | won: False 
#  434 | steps:  4626 | steps_t:     0 | t: 1.476551 | r:  -509.000000 | e:   1.000000 | Q:        nan | won: False 
#  435 | steps:  4639 | steps_t:     0 | t: 1.479607 | r:  -512.000000 | e:   1.000000 | Q:        nan | won: False 
#  436 | steps:  4646 | steps_t:     0 | t: 1.482599 | r:  -506.000000 | e:   1.000000 | Q:        nan | won: False 
#  437 | steps:  4653 | steps_t:     0 | t: 1.485592 | r:  -506.000000 | e:   1.000000 | Q:        nan | won: False 
#  438 | steps:  4663 | steps_t:     0 | t: 1.488584 | r:  -509.000000 | e:   1.000000 | Q:        nan | won: False 
#  439 | steps:  4671 | steps_t:     0 | t: 1.490567 | r:  -507.000000 | e:   1.000000 | Q:        nan | won: False 
#  440 | steps:  4682 | steps_t:     0 | t: 1.493948 | r:  -510.000000 | e:   1.000000 | Q:        nan | won: False 
#  441 | steps:  4688 | steps_t:     0 | t: 1.495941 | r:  -505.000000 | e:   1.000000 | Q:        nan | won: False 
#  442 | steps:  4705 | steps_t:     0 | t: 1.501992 | r:  -516.000000 | e:   1.000000 | Q:        nan | won: False 
#  443 | steps:  4717 | steps_t:     0 | t: 1.505980 | r:  -511.000000 | e:   1.000000 | Q:        nan | won: False 
#  444 | steps:  4725 | steps_t:     0 | t: 1.508899 | r:  -507.000000 | e:   1.000000 | Q:        nan | won: False 
#  445 | steps:  4737 | steps_t:     0 | t: 1.511967 | r:  -511.000000 | e:   1.000000 | Q:        nan | won: False 
#  446 | steps:  4751 | steps_t:     0 | t: 1.515951 | r:  -513.000000 | e:   1.000000 | Q:        nan | won: False 
#  447 | steps:  4758 | steps_t:     0 | t: 1.518912 | r:  -506.000000 | e:   1.000000 | Q:        nan | won: False 
#  448 | steps:  4765 | steps_t:     0 | t: 1.521410 | r:  -506.000000 | e:   1.000000 | Q:        nan | won: False 
#  449 | steps:  4777 | steps_t:     0 | t: 1.524388 | r:  -511.000000 | e:   1.000000 | Q:        nan | won: False 
#  450 | steps:  4786 | steps_t:     0 | t: 1.527375 | r:  -508.000000 | e:   1.000000 | Q:        nan | won: False 
#  451 | steps:  4807 | steps_t:     0 | t: 1.532372 | r:  -520.000000 | e:   1.000000 | Q:        nan | won: False 
#  452 | steps:  4827 | steps_t:     0 | t: 1.538356 | r:  -519.000000 | e:   1.000000 | Q:        nan | won: False 
#  453 | steps:  4833 | steps_t:     0 | t: 1.540381 | r:  -505.000000 | e:   1.000000 | Q:        nan | won: False 
#  454 | steps:  4845 | steps_t:     0 | t: 1.544356 | r:  -511.000000 | e:   1.000000 | Q:        nan | won: False 
#  455 | steps:  4852 | steps_t:     0 | t: 1.546268 | r:  -506.000000 | e:   1.000000 | Q:        nan | won: False 
#  456 | steps:  4862 | steps_t:     0 | t: 1.549317 | r:  -509.000000 | e:   1.000000 | Q:        nan | won: False 
#  457 | steps:  4871 | steps_t:     0 | t: 1.553308 | r:  -508.000000 | e:   1.000000 | Q:        nan | won: False 
#  458 | steps:  4881 | steps_t:     0 | t: 1.556307 | r:  -509.000000 | e:   1.000000 | Q:        nan | won: False 
#  459 | steps:  4888 | steps_t:     0 | t: 1.558294 | r:  -506.000000 | e:   1.000000 | Q:        nan | won: False 
#  460 | steps:  4894 | steps_t:     0 | t: 1.560293 | r:  -505.000000 | e:   1.000000 | Q:        nan | won: False 
#  461 | steps:  4905 | steps_t:     0 | t: 1.564280 | r:  -510.000000 | e:   1.000000 | Q:        nan | won: False 
#  462 | steps:  4914 | steps_t:     0 | t: 1.567212 | r:  -508.000000 | e:   1.000000 | Q:        nan | won: False 
#  463 | steps:  4919 | steps_t:     0 | t: 1.569255 | r:  -504.000000 | e:   1.000000 | Q:        nan | won: False 
#  464 | steps:  4937 | steps_t:     0 | t: 1.573248 | r:  -517.000000 | e:   1.000000 | Q:        nan | won: False 
#  465 | steps:  4954 | steps_t:     0 | t: 1.578235 | r:  -516.000000 | e:   1.000000 | Q:        nan | won: False 
#  466 | steps:  4965 | steps_t:     0 | t: 1.581224 | r:  -510.000000 | e:   1.000000 | Q:        nan | won: False 
#  467 | steps:  4972 | steps_t:     0 | t: 1.584184 | r:  -506.000000 | e:   1.000000 | Q:        nan | won: False 
#  468 | steps:  4978 | steps_t:     0 | t: 1.586197 | r:  -505.000000 | e:   1.000000 | Q:        nan | won: False 
#  469 | steps:  4985 | steps_t:     0 | t: 1.588192 | r:  -506.000000 | e:   1.000000 | Q:        nan | won: False 
#  470 | steps:  5000 | steps_t:     0 | t: 1.592191 | r:  -514.000000 | e:   1.000000 | Q:        nan | won: False 
