#    1 | steps:     8 | steps_t:     0 | t: 0.016891 | r:  -507.000000 | e:   1.000000 | Q:        nan | won: False 
#    2 | steps:    23 | steps_t:     0 | t: 0.019880 | r:  -492.000000 | e:   1.000000 | Q:        nan | won: False 
#    3 | steps:    31 | steps_t:     0 | t: 0.022871 | r:  -507.000000 | e:   1.000000 | Q:        nan | won: False 
#    4 | steps:    50 | steps_t:     0 | t: 0.027864 | r:  -518.000000 | e:   1.000000 | Q:        nan | won: False 
#    5 | steps:    72 | steps_t:     0 | t: 0.032837 | r:  -521.000000 | e:   1.000000 | Q:        nan | won: False 
#    6 | steps:    81 | steps_t:     0 | t: 0.036172 | r:  -508.000000 | e:   1.000000 | Q:        nan | won: False 
#    7 | steps:    89 | steps_t:     0 | t: 0.038165 | r:  -507.000000 | e:   1.000000 | Q:        nan | won: False 
#    8 | steps:   100 | steps_t:     0 | t: 0.041155 | r:  -510.000000 | e:   1.000000 | Q:        nan | won: False 
#    9 | steps:   112 | steps_t:     0 | t: 0.044146 | r:  -511.000000 | e:   1.000000 | Q:        nan | won: False 
#   10 | steps:   121 | steps_t:     0 | t: 0.047135 | r:  -508.000000 | e:   1.000000 | Q:        nan | won: False 
#   11 | steps:   129 | steps_t:     0 | t: 0.049129 | r:  -507.000000 | e:   1.000000 | Q:        nan | won: False 
#   12 | steps:   139 | steps_t:     0 | t: 0.052119 | r:  -509.000000 | e:   1.000000 | Q:        nan | won: False 
#   13 | steps:   150 | steps_t:     0 | t: 0.054112 | r:  -510.000000 | e:   1.000000 | Q:        nan | won: False 
#   14 | steps:   161 | steps_t:     0 | t: 0.058099 | r:  -510.000000 | e:   1.000000 | Q:        nan | won: False 
#   15 | steps:   170 | steps_t:     0 | t: 0.061089 | r:  -508.000000 | e:   1.000000 | Q:        nan | won: False 
#   16 | steps:   177 | steps_t:     0 | t: 0.063082 | r:  -506.000000 | e:   1.000000 | Q:        nan | won: False 
#   17 | steps:   188 | steps_t:     0 | t: 0.066072 | r:  -510.000000 | e:   1.000000 | Q:        nan | won: False 
#   18 | steps:   196 | steps_t:     0 | t: 0.068065 | r:  -507.000000 | e:   1.000000 | Q:        nan | won: False 
#   19 | steps:   204 | steps_t:     0 | t: 0.070059 | r:  -507.000000 | e:   1.000000 | Q:        nan | won: False 
#   20 | steps:   212 | steps_t:     0 | t: 0.072052 | r:  -507.000000 | e:   1.000000 | Q:        nan | won: False 
#   21 | steps:   223 | steps_t:     0 | t: 0.075042 | r:  -510.000000 | e:   1.000000 | Q:        nan | won: False 
#   22 | steps:   236 | steps_t:     0 | t: 0.078032 | r:  -512.000000 | e:   1.000000 | Q:        nan | won: False 
#   23 | steps:   244 | steps_t:     0 | t: 0.080025 | r:  -507.000000 | e:   1.000000 | Q:        nan | won: False 
#   24 | steps:   260 | steps_t:     0 | t: 0.084012 | r:  -515.000000 | e:   1.000000 | Q:        nan | won: False 
#   25 | steps:   271 | steps_t:     0 | t: 0.087002 | r:  -510.000000 | e:   1.000000 | Q:        nan | won: False 
#   26 | steps:   281 | steps_t:     0 | t: 0.088995 | r:  -509.000000 | e:   1.000000 | Q:        nan | won: False 
#   27 | steps:   290 | steps_t:     0 | t: 0.091986 | r:  -508.000000 | e:   1.000000 | Q:        nan | won: False 
#   28 | steps:   298 | steps_t:     0 | t: 0.093979 | r:  -507.000000 | e:   1.000000 | Q:        nan | won: False 
#   29 | steps:   310 | steps_t:     0 | t: 0.096969 | r:  -511.000000 | e:   1.000000 | Q:        nan | won: False 
#   30 | steps:   315 | steps_t:     0 | t: 0.098962 | r:  -504.000000 | e:   1.000000 | Q:        nan | won: False 
#   31 | steps:   335 | steps_t:     0 | t: 0.102949 | r:  -519.000000 | e:   1.000000 | Q:        nan | won: False 
#   32 | steps:   355 | steps_t:     0 | t: 0.107932 | r:  -519.000000 | e:   1.000000 | Q:        nan | won: False 
#   33 | steps:   363 | steps_t:     0 | t: 0.110922 | r:  -507.000000 | e:   1.000000 | Q:        nan | won: False 
#   34 | steps:   377 | steps_t:     0 | t: 0.113912 | r:  -502.000000 | e:   1.000000 | Q:        nan | won: False 
#   35 | steps:   384 | steps_t:     0 | t: 0.115906 | r:  -506.000000 | e:   1.000000 | Q:        nan | won: False 
#   36 | steps:   391 | steps_t:     0 | t: 0.117899 | r:  -506.000000 | e:   1.000000 | Q:        nan | won: False 
#   37 | steps:   398 | steps_t:     0 | t: 0.119892 | r:  -506.000000 | e:   1.000000 | Q:        nan | won: False 
#   38 | steps:   407 | steps_t:     0 | t: 0.121886 | r:  -508.000000 | e:   1.000000 | Q:        nan | won: False 
#   39 | steps:   416 | steps_t:     0 | t: 0.124876 | r:  -508.000000 | e:   1.000000 | Q:        nan | won: False 
#   40 | steps:   425 | steps_t:     0 | t: 0.126869 | r:  -508.000000 | e:   1.000000 | Q:        nan | won: False 
#   41 | steps:   434 | steps_t:     0 | t: 0.129859 | r:  -508.000000 | e:   1.000000 | Q:        nan | won: False 
#   42 | steps:   449 | steps_t:     0 | t: 0.132849 | r:  -514.000000 | e:   1.000000 | Q:        nan | won: False 
#   43 | steps:   456 | steps_t:     0 | t: 0.134842 | r:  -506.000000 | e:   1.000000 | Q:        nan | won: False 
#   44 | steps:   465 | steps_t:     0 | t: 0.137832 | r:  -508.000000 | e:   1.000000 | Q:        nan | won: False 
#   45 | steps:   472 | steps_t:     0 | t: 0.138829 | r:  -506.000000 | e:   1.000000 | Q:        nan | won: False 
#   46 | steps:   480 | steps_t:     0 | t: 0.141819 | r:  -507.000000 | e:   1.000000 | Q:        nan | won: False 
#   47 | steps:   488 | steps_t:     0 | t: 0.143812 | r:  -507.000000 | e:   1.000000 | Q:        nan | won: False 
#   48 | steps:   494 | steps_t:     0 | t: 0.145806 | r:  -505.000000 | e:   1.000000 | Q:        nan | won: False 
#   49 | steps:   502 | steps_t:     0 | t: 0.147799 | r:  -507.000000 | e:   1.000000 | Q:        nan | won: False 
#   50 | steps:   523 | steps_t:     0 | t: 0.152782 | r:  -520.000000 | e:   1.000000 | Q:        nan | won: False 
#   51 | steps:   532 | steps_t:     0 | t: 0.155772 | r:  -508.000000 | e:   1.000000 | Q:        nan | won: False 
#   52 | steps:   538 | steps_t:     0 | t: 0.156769 | r:  -505.000000 | e:   1.000000 | Q:        nan | won: False 
#   53 | steps:   547 | steps_t:     0 | t: 0.159759 | r:  -508.000000 | e:   1.000000 | Q:        nan | won: False 
#   54 | steps:   556 | steps_t:     0 | t: 0.162749 | r:  -508.000000 | e:   1.000000 | Q:        nan | won: False 
#   55 | steps:   567 | steps_t:     0 | t: 0.165739 | r:  -510.000000 | e:   1.000000 | Q:        nan | won: False 
#   56 | steps:   574 | steps_t:     0 | t: 0.166736 | r:  -506.000000 | e:   1.000000 | Q:        nan | won: False 
#   57 | steps:   583 | steps_t:     0 | t: 0.169726 | r:  -508.000000 | e:   1.000000 | Q:        nan | won: False 
#   58 | steps:   593 | steps_t:     0 | t: 0.171719 | r:  -509.000000 | e:   1.000000 | Q:        nan | won: False 
#   59 | steps:   602 | steps_t:     0 | t: 0.174709 | r:  -508.000000 | e:   1.000000 | Q:        nan | won: False 
#   60 | steps:   612 | steps_t:     0 | t: 0.177699 | r:  -509.000000 | e:   1.000000 | Q:        nan | won: False 
#   61 | steps:   625 | steps_t:     0 | t: 0.180689 | r:  -512.000000 | e:   1.000000 | Q:        nan | won: False 
#   62 | steps:   631 | steps_t:     0 | t: 0.182682 | r:  -505.000000 | e:   1.000000 | Q:        nan | won: False 
#   63 | steps:   639 | steps_t:     0 | t: 0.184675 | r:  -507.000000 | e:   1.000000 | Q:        nan | won: False 
#   64 | steps:   649 | steps_t:     0 | t: 0.187666 | r:  -509.000000 | e:   1.000000 | Q:        nan | won: False 
#   65 | steps:   660 | steps_t:     0 | t: 0.189659 | r:  -510.000000 | e:   1.000000 | Q:        nan | won: False 
#   66 | steps:   667 | steps_t:     0 | t: 0.191653 | r:  -506.000000 | e:   1.000000 | Q:        nan | won: False 
#   67 | steps:   678 | steps_t:     0 | t: 0.195639 | r:  -510.000000 | e:   1.000000 | Q:        nan | won: False 
#   68 | steps:   687 | steps_t:     0 | t: 0.197633 | r:  -508.000000 | e:   1.000000 | Q:        nan | won: False 
#   69 | steps:   694 | steps_t:     0 | t: 0.199626 | r:  -506.000000 | e:   1.000000 | Q:        nan | won: False 
#   70 | steps:   702 | steps_t:     0 | t: 0.201619 | r:  -507.000000 | e:   1.000000 | Q:        nan | won: False 
#   71 | steps:   728 | steps_t:     0 | t: 0.208601 | r:  -514.000000 | e:   1.000000 | Q:        nan | won: False 
#   72 | steps:   739 | steps_t:     0 | t: 0.211591 | r:  -510.000000 | e:   1.000000 | Q:        nan | won: False 
#   73 | steps:   748 | steps_t:     0 | t: 0.213584 | r:  -508.000000 | e:   1.000000 | Q:        nan | won: False 
#   74 | steps:   756 | steps_t:     0 | t: 0.215579 | r:  -507.000000 | e:   1.000000 | Q:        nan | won: False 
#   75 | steps:   764 | steps_t:     0 | t: 0.217572 | r:  -507.000000 | e:   1.000000 | Q:        nan | won: False 
#   76 | steps:   776 | steps_t:     0 | t: 0.220561 | r:  -511.000000 | e:   1.000000 | Q:        nan | won: False 
#   77 | steps:   784 | steps_t:     0 | t: 0.222560 | r:  -507.000000 | e:   1.000000 | Q:        nan | won: False 
#   78 | steps:   793 | steps_t:     0 | t: 0.225546 | r:  -508.000000 | e:   1.000000 | Q:        nan | won: False 
#   79 | steps:   805 | steps_t:     0 | t: 0.228535 | r:  -511.000000 | e:   1.000000 | Q:        nan | won: False 
#   80 | steps:   824 | steps_t:     0 | t: 0.232516 | r:  -518.000000 | e:   1.000000 | Q:        nan | won: False 
#   81 | steps:   831 | steps_t:     0 | t: 0.234509 | r:  -506.000000 | e:   1.000000 | Q:        nan | won: False 
#   82 | steps:   842 | steps_t:     0 | t: 0.238741 | r:  -510.000000 | e:   1.000000 | Q:        nan | won: False 
#   83 | steps:   851 | steps_t:     0 | t: 0.241248 | r:  -508.000000 | e:   1.000000 | Q:        nan | won: False 
#   84 | steps:   865 | steps_t:     0 | t: 0.244239 | r:  -502.000000 | e:   1.000000 | Q:        nan | won: False 
#   85 | steps:   873 | steps_t:     0 | t: 0.246232 | r:  -507.000000 | e:   1.000000 | Q:        nan | won: False 
#   86 | steps:   884 | steps_t:     0 | t: 0.249222 | r:  -510.000000 | e:   1.000000 | Q:        nan | won: False 
#   87 | steps:   892 | steps_t:     0 | t: 0.251215 | r:  -507.000000 | e:   1.000000 | Q:        nan | won: False 
#   88 | steps:   906 | steps_t:     0 | t: 0.255202 | r:  -513.000000 | e:   1.000000 | Q:        nan | won: False 
#   89 | steps:   920 | steps_t:     0 | t: 0.258192 | r:  -513.000000 | e:   1.000000 | Q:        nan | won: False 
#   90 | steps:   928 | steps_t:     0 | t: 0.261182 | r:  -507.000000 | e:   1.000000 | Q:        nan | won: False 
#   91 | steps:   939 | steps_t:     0 | t: 0.264172 | r:  -510.000000 | e:   1.000000 | Q:        nan | won: False 
#   92 | steps:   945 | steps_t:     0 | t: 0.265169 | r:  -505.000000 | e:   1.000000 | Q:        nan | won: False 
#   93 | steps:   962 | steps_t:     0 | t: 0.270153 | r:  -505.000000 | e:   1.000000 | Q:        nan | won: False 
#   94 | steps:   971 | steps_t:     0 | t: 0.272145 | r:  -508.000000 | e:   1.000000 | Q:        nan | won: False 
#   95 | steps:   980 | steps_t:     0 | t: 0.275135 | r:  -508.000000 | e:   1.000000 | Q:        nan | won: False 
#   96 | steps:   990 | steps_t:     0 | t: 0.278125 | r:  -509.000000 | e:   1.000000 | Q:        nan | won: False 
#   97 | steps:   999 | steps_t:     0 | t: 0.280119 | r:  -508.000000 | e:   1.000000 | Q:        nan | won: False 
#   98 | steps:  1008 | steps_t:     0 | t: 0.283108 | r:  -508.000000 | e:   1.000000 | Q:        nan | won: False 
#   99 | steps:  1020 | steps_t:     0 | t: 0.286099 | r:  -511.000000 | e:   1.000000 | Q:        nan | won: False 
#  100 | steps:  1028 | steps_t:     0 | t: 0.289088 | r:  -507.000000 | e:   1.000000 | Q:        nan | won: False 
#  101 | steps:  1038 | steps_t:     0 | t: 1.676685 | r:  -509.000000 | e:   1.000000 | Q:        nan | won: False 
#  102 | steps:  1050 | steps_t:     0 | t: 4.497150 | r:  -511.000000 | e:   1.000000 | Q:        nan | won: False 
#  103 | steps:  1058 | steps_t:     0 | t: 6.573088 | r:  -507.000000 | e:   1.000000 | Q:        nan | won: False 
#  104 | steps:  1064 | steps_t:     0 | t: 8.352477 | r:  -505.000000 | e:   1.000000 | Q:        nan | won: False 
#  105 | steps:  1084 | steps_t:     0 | t: 12.298645 | r:  -519.000000 | e:   1.000000 | Q:        nan | won: False 
#  106 | steps:  1098 | steps_t:     0 | t: 15.216416 | r:  -513.000000 | e:   1.000000 | Q:        nan | won: False 
#  107 | steps:  1110 | steps_t:     0 | t: 17.854270 | r:  -511.000000 | e:   1.000000 | Q:        nan | won: False 
#  108 | steps:  1120 | steps_t:     0 | t: 20.233169 | r:  -509.000000 | e:   1.000000 | Q:        nan | won: False 
#  109 | steps:  1130 | steps_t:     0 | t: 22.600286 | r:  -509.000000 | e:   1.000000 | Q:        nan | won: False 
#  110 | steps:  1137 | steps_t:     0 | t: 24.572561 | r:  -506.000000 | e:   1.000000 | Q:        nan | won: False 
