#    1 | steps:     8 | steps_t:     0 | t: 0.015979 | r:  -507.000000 | e:   1.000000 | Q:        nan | won: False 
#    2 | steps:    30 | steps_t:     0 | t: 0.021924 | r:  -521.000000 | e:   1.000000 | Q:        nan | won: False 
#    3 | steps:    39 | steps_t:     0 | t: 0.025103 | r:  -508.000000 | e:   1.000000 | Q:        nan | won: False 
#    4 | steps:    66 | steps_t:     0 | t: 0.032079 | r:  -515.000000 | e:   1.000000 | Q:        nan | won: False 
#    5 | steps:    76 | steps_t:     0 | t: 0.035072 | r:  -509.000000 | e:   1.000000 | Q:        nan | won: False 
#    6 | steps:    99 | steps_t:     0 | t: 0.041712 | r:  -522.000000 | e:   1.000000 | Q:        nan | won: False 
#    7 | steps:   115 | steps_t:     0 | t: 0.046201 | r:  -515.000000 | e:   1.000000 | Q:        nan | won: False 
#    8 | steps:   122 | steps_t:     0 | t: 0.048188 | r:  -506.000000 | e:   1.000000 | Q:        nan | won: False 
#    9 | steps:   139 | steps_t:     0 | t: 0.053153 | r:  -516.000000 | e:   1.000000 | Q:        nan | won: False 
#   10 | steps:   147 | steps_t:     0 | t: 0.056154 | r:  -507.000000 | e:   1.000000 | Q:        nan | won: False 
#   11 | steps:   164 | steps_t:     0 | t: 0.061113 | r:  -516.000000 | e:   1.000000 | Q:        nan | won: False 
#   12 | steps:   175 | steps_t:     0 | t: 0.064120 | r:  -510.000000 | e:   1.000000 | Q:        nan | won: False 
#   13 | steps:   182 | steps_t:     0 | t: 0.067065 | r:  -506.000000 | e:   1.000000 | Q:        nan | won: False 
#   14 | steps:   193 | steps_t:     0 | t: 0.070108 | r:  -510.000000 | e:   1.000000 | Q:        nan | won: False 
#   15 | steps:   201 | steps_t:     0 | t: 0.072100 | r:  -507.000000 | e:   1.000000 | Q:        nan | won: False 
#   16 | steps:   208 | steps_t:     0 | t: 0.074091 | r:  -506.000000 | e:   1.000000 | Q:        nan | won: False 
#   17 | steps:   216 | steps_t:     0 | t: 0.076078 | r:  -507.000000 | e:   1.000000 | Q:        nan | won: False 
#   18 | steps:   237 | steps_t:     0 | t: 0.082072 | r:  -520.000000 | e:   1.000000 | Q:        nan | won: False 
#   19 | steps:   248 | steps_t:     0 | t: 0.086065 | r:  -510.000000 | e:   1.000000 | Q:        nan | won: False 
#   20 | steps:   267 | steps_t:     0 | t: 0.090983 | r:  -518.000000 | e:   1.000000 | Q:        nan | won: False 
#   21 | steps:   281 | steps_t:     0 | t: 0.094970 | r:  -513.000000 | e:   1.000000 | Q:        nan | won: False 
#   22 | steps:   288 | steps_t:     0 | t: 0.098006 | r:  -506.000000 | e:   1.000000 | Q:        nan | won: False 
#   23 | steps:   297 | steps_t:     0 | t: 0.100016 | r:  -508.000000 | e:   1.000000 | Q:        nan | won: False 
#   24 | steps:   311 | steps_t:     0 | t: 0.104014 | r:  -513.000000 | e:   1.000000 | Q:        nan | won: False 
#   25 | steps:   318 | steps_t:     0 | t: 0.107004 | r:  -506.000000 | e:   1.000000 | Q:        nan | won: False 
#   26 | steps:   327 | steps_t:     0 | t: 0.109989 | r:  -508.000000 | e:   1.000000 | Q:        nan | won: False 
#   27 | steps:   335 | steps_t:     0 | t: 0.112910 | r:  -507.000000 | e:   1.000000 | Q:        nan | won: False 
#   28 | steps:   342 | steps_t:     0 | t: 0.114903 | r:  -506.000000 | e:   1.000000 | Q:        nan | won: False 
#   29 | steps:   352 | steps_t:     0 | t: 0.117893 | r:  -509.000000 | e:   1.000000 | Q:        nan | won: False 
#   30 | steps:   365 | steps_t:     0 | t: 0.120883 | r:  -512.000000 | e:   1.000000 | Q:        nan | won: False 
#   31 | steps:   374 | steps_t:     0 | t: 0.124127 | r:  -508.000000 | e:   1.000000 | Q:        nan | won: False 
#   32 | steps:   389 | steps_t:     0 | t: 0.129108 | r:  -514.000000 | e:   1.000000 | Q:        nan | won: False 
#   33 | steps:   408 | steps_t:     0 | t: 0.134094 | r:  -518.000000 | e:   1.000000 | Q:        nan | won: False 
#   34 | steps:   416 | steps_t:     0 | t: 0.137084 | r:  -507.000000 | e:   1.000000 | Q:        nan | won: False 
#   35 | steps:   428 | steps_t:     0 | t: 0.140075 | r:  -511.000000 | e:   1.000000 | Q:        nan | won: False 
#   36 | steps:   437 | steps_t:     0 | t: 0.142972 | r:  -508.000000 | e:   1.000000 | Q:        nan | won: False 
#   37 | steps:   443 | steps_t:     0 | t: 0.146164 | r:  -505.000000 | e:   1.000000 | Q:        nan | won: False 
#   38 | steps:   450 | steps_t:     0 | t: 0.148226 | r:  -506.000000 | e:   1.000000 | Q:        nan | won: False 
#   39 | steps:   471 | steps_t:     0 | t: 0.154139 | r:  -509.000000 | e:   1.000000 | Q:        nan | won: False 
#   40 | steps:   480 | steps_t:     0 | t: 0.156132 | r:  -508.000000 | e:   1.000000 | Q:        nan | won: False 
#   41 | steps:   489 | steps_t:     0 | t: 0.159285 | r:  -508.000000 | e:   1.000000 | Q:        nan | won: False 
#   42 | steps:   502 | steps_t:     0 | t: 0.163223 | r:  -512.000000 | e:   1.000000 | Q:        nan | won: False 
#   43 | steps:   511 | steps_t:     0 | t: 0.166242 | r:  -508.000000 | e:   1.000000 | Q:        nan | won: False 
#   44 | steps:   522 | steps_t:     0 | t: 0.169213 | r:  -510.000000 | e:   1.000000 | Q:        nan | won: False 
#   45 | steps:   536 | steps_t:     0 | t: 0.173192 | r:  -513.000000 | e:   1.000000 | Q:        nan | won: False 
#   46 | steps:   551 | steps_t:     0 | t: 0.177153 | r:  -514.000000 | e:   1.000000 | Q:        nan | won: False 
#   47 | steps:   568 | steps_t:     0 | t: 0.182166 | r:  -516.000000 | e:   1.000000 | Q:        nan | won: False 
#   48 | steps:   579 | steps_t:     0 | t: 0.185170 | r:  -510.000000 | e:   1.000000 | Q:        nan | won: False 
#   49 | steps:   586 | steps_t:     0 | t: 0.187141 | r:  -506.000000 | e:   1.000000 | Q:        nan | won: False 
#   50 | steps:   593 | steps_t:     0 | t: 0.190132 | r:  -506.000000 | e:   1.000000 | Q:        nan | won: False 
#   51 | steps:   602 | steps_t:     0 | t: 0.192125 | r:  -508.000000 | e:   1.000000 | Q:        nan | won: False 
#   52 | steps:   618 | steps_t:     0 | t: 0.197109 | r:  -504.000000 | e:   1.000000 | Q:        nan | won: False 
#   53 | steps:   626 | steps_t:     0 | t: 0.200099 | r:  -507.000000 | e:   1.000000 | Q:        nan | won: False 
#   54 | steps:   633 | steps_t:     0 | t: 0.202093 | r:  -506.000000 | e:   1.000000 | Q:        nan | won: False 
#   55 | steps:   640 | steps_t:     0 | t: 0.204087 | r:  -506.000000 | e:   1.000000 | Q:        nan | won: False 
#   56 | steps:   646 | steps_t:     0 | t: 0.206082 | r:  -505.000000 | e:   1.000000 | Q:        nan | won: False 
#   57 | steps:   655 | steps_t:     0 | t: 0.209024 | r:  -508.000000 | e:   1.000000 | Q:        nan | won: False 
#   58 | steps:   662 | steps_t:     0 | t: 0.212075 | r:  -506.000000 | e:   1.000000 | Q:        nan | won: False 
#   59 | steps:   679 | steps_t:     0 | t: 0.217068 | r:  -516.000000 | e:   1.000000 | Q:        nan | won: False 
#   60 | steps:   696 | steps_t:     0 | t: 0.221054 | r:  -516.000000 | e:   1.000000 | Q:        nan | won: False 
#   61 | steps:   707 | steps_t:     0 | t: 0.224328 | r:  -510.000000 | e:   1.000000 | Q:        nan | won: False 
#   62 | steps:   714 | steps_t:     0 | t: 0.227285 | r:  -506.000000 | e:   1.000000 | Q:        nan | won: False 
#   63 | steps:   722 | steps_t:     0 | t: 0.230304 | r:  -507.000000 | e:   1.000000 | Q:        nan | won: False 
#   64 | steps:   740 | steps_t:     0 | t: 0.235293 | r:  -517.000000 | e:   1.000000 | Q:        nan | won: False 
#   65 | steps:   749 | steps_t:     0 | t: 0.238766 | r:  -508.000000 | e:   1.000000 | Q:        nan | won: False 
#   66 | steps:   757 | steps_t:     0 | t: 0.240834 | r:  -507.000000 | e:   1.000000 | Q:        nan | won: False 
#   67 | steps:   771 | steps_t:     0 | t: 0.245819 | r:  -491.000000 | e:   1.000000 | Q:        nan | won: False 
#   68 | steps:   784 | steps_t:     0 | t: 0.249820 | r:  -512.000000 | e:   1.000000 | Q:        nan | won: False 
#   69 | steps:   792 | steps_t:     0 | t: 0.251816 | r:  -507.000000 | e:   1.000000 | Q:        nan | won: False 
#   70 | steps:   813 | steps_t:     0 | t: 0.257811 | r:  -520.000000 | e:   1.000000 | Q:        nan | won: False 
#   71 | steps:   825 | steps_t:     0 | t: 0.261798 | r:  -511.000000 | e:   1.000000 | Q:        nan | won: False 
#   72 | steps:   834 | steps_t:     0 | t: 0.264781 | r:  -508.000000 | e:   1.000000 | Q:        nan | won: False 
#   73 | steps:   843 | steps_t:     0 | t: 0.267771 | r:  -508.000000 | e:   1.000000 | Q:        nan | won: False 
#   74 | steps:   852 | steps_t:     0 | t: 0.270753 | r:  -508.000000 | e:   1.000000 | Q:        nan | won: False 
#   75 | steps:   861 | steps_t:     0 | t: 0.273744 | r:  -508.000000 | e:   1.000000 | Q:        nan | won: False 
#   76 | steps:   873 | steps_t:     0 | t: 0.277668 | r:  -511.000000 | e:   1.000000 | Q:        nan | won: False 
#   77 | steps:   884 | steps_t:     0 | t: 0.280730 | r:  -510.000000 | e:   1.000000 | Q:        nan | won: False 
#   78 | steps:   892 | steps_t:     0 | t: 0.283717 | r:  -507.000000 | e:   1.000000 | Q:        nan | won: False 
#   79 | steps:   905 | steps_t:     0 | t: 0.286705 | r:  -512.000000 | e:   1.000000 | Q:        nan | won: False 
#   80 | steps:   914 | steps_t:     0 | t: 0.289690 | r:  -508.000000 | e:   1.000000 | Q:        nan | won: False 
#   81 | steps:   938 | steps_t:     0 | t: 0.296650 | r:  -523.000000 | e:   1.000000 | Q:        nan | won: False 
#   82 | steps:   950 | steps_t:     0 | t: 0.299643 | r:  -511.000000 | e:   1.000000 | Q:        nan | won: False 
#   83 | steps:   969 | steps_t:     0 | t: 0.304638 | r:  -518.000000 | e:   1.000000 | Q:        nan | won: False 
#   84 | steps:   980 | steps_t:     0 | t: 0.308611 | r:  -510.000000 | e:   1.000000 | Q:        nan | won: False 
#   85 | steps:   990 | steps_t:     0 | t: 0.311599 | r:  -509.000000 | e:   1.000000 | Q:        nan | won: False 
#   86 | steps:  1007 | steps_t:     0 | t: 0.316591 | r:  -505.000000 | e:   1.000000 | Q:        nan | won: False 
#   87 | steps:  1013 | steps_t:     0 | t: 0.318598 | r:  -505.000000 | e:   1.000000 | Q:        nan | won: False 
#   88 | steps:  1026 | steps_t:     0 | t: 0.322566 | r:  -512.000000 | e:   1.000000 | Q:        nan | won: False 
#   89 | steps:  1047 | steps_t:     0 | t: 0.328564 | r:  -520.000000 | e:   1.000000 | Q:        nan | won: False 
#   90 | steps:  1066 | steps_t:     0 | t: 0.333557 | r:  -518.000000 | e:   1.000000 | Q:        nan | won: False 
#   91 | steps:  1073 | steps_t:     0 | t: 0.335537 | r:  -506.000000 | e:   1.000000 | Q:        nan | won: False 
#   92 | steps:  1079 | steps_t:     0 | t: 0.337543 | r:  -505.000000 | e:   1.000000 | Q:        nan | won: False 
#   93 | steps:  1095 | steps_t:     0 | t: 0.342517 | r:  -515.000000 | e:   1.000000 | Q:        nan | won: False 
#   94 | steps:  1101 | steps_t:     0 | t: 0.344446 | r:  -505.000000 | e:   1.000000 | Q:        nan | won: False 
#   95 | steps:  1107 | steps_t:     0 | t: 0.346506 | r:  -505.000000 | e:   1.000000 | Q:        nan | won: False 
#   96 | steps:  1115 | steps_t:     0 | t: 0.349506 | r:  -507.000000 | e:   1.000000 | Q:        nan | won: False 
#   97 | steps:  1122 | steps_t:     0 | t: 0.351536 | r:  -506.000000 | e:   1.000000 | Q:        nan | won: False 
#   98 | steps:  1130 | steps_t:     0 | t: 0.353486 | r:  -507.000000 | e:   1.000000 | Q:        nan | won: False 
#   99 | steps:  1153 | steps_t:     0 | t: 0.360389 | r:  -522.000000 | e:   1.000000 | Q:        nan | won: False 
#  100 | steps:  1160 | steps_t:     0 | t: 0.362446 | r:  -506.000000 | e:   1.000000 | Q:        nan | won: False 
#  101 | steps:  1171 | steps_t:     0 | t: 0.366373 | r:  -510.000000 | e:   1.000000 | Q:        nan | won: False 
#  102 | steps:  1183 | steps_t:     0 | t: 0.369429 | r:  -511.000000 | e:   1.000000 | Q:        nan | won: False 
#  103 | steps:  1192 | steps_t:     0 | t: 0.372408 | r:  -508.000000 | e:   1.000000 | Q:        nan | won: False 
#  104 | steps:  1199 | steps_t:     0 | t: 0.374405 | r:  -506.000000 | e:   1.000000 | Q:        nan | won: False 
#  105 | steps:  1206 | steps_t:     0 | t: 0.377341 | r:  -506.000000 | e:   1.000000 | Q:        nan | won: False 
#  106 | steps:  1214 | steps_t:     0 | t: 0.380205 | r:  -507.000000 | e:   1.000000 | Q:        nan | won: False 
#  107 | steps:  1221 | steps_t:     0 | t: 0.382196 | r:  -506.000000 | e:   1.000000 | Q:        nan | won: False 
#  108 | steps:  1229 | steps_t:     0 | t: 0.385184 | r:  -507.000000 | e:   1.000000 | Q:        nan | won: False 
#  109 | steps:  1235 | steps_t:     0 | t: 0.387176 | r:  -505.000000 | e:   1.000000 | Q:        nan | won: False 
#  110 | steps:  1242 | steps_t:     0 | t: 0.389173 | r:  -506.000000 | e:   1.000000 | Q:        nan | won: False 
#  111 | steps:  1266 | steps_t:     0 | t: 0.395150 | r:  -523.000000 | e:   1.000000 | Q:        nan | won: False 
#  112 | steps:  1276 | steps_t:     0 | t: 0.399164 | r:  -509.000000 | e:   1.000000 | Q:        nan | won: False 
#  113 | steps:  1285 | steps_t:     0 | t: 0.402137 | r:  -508.000000 | e:   1.000000 | Q:        nan | won: False 
#  114 | steps:  1300 | steps_t:     0 | t: 0.405124 | r:  -514.000000 | e:   1.000000 | Q:        nan | won: False 
#  115 | steps:  1309 | steps_t:     0 | t: 0.408114 | r:  -508.000000 | e:   1.000000 | Q:        nan | won: False 
#  116 | steps:  1320 | steps_t:     0 | t: 0.412093 | r:  -510.000000 | e:   1.000000 | Q:        nan | won: False 
#  117 | steps:  1328 | steps_t:     0 | t: 0.415043 | r:  -507.000000 | e:   1.000000 | Q:        nan | won: False 
#  118 | steps:  1341 | steps_t:     0 | t: 0.419029 | r:  -512.000000 | e:   1.000000 | Q:        nan | won: False 
#  119 | steps:  1347 | steps_t:     0 | t: 0.421023 | r:  -505.000000 | e:   1.000000 | Q:        nan | won: False 
#  120 | steps:  1356 | steps_t:     0 | t: 0.424013 | r:  -508.000000 | e:   1.000000 | Q:        nan | won: False 
#  121 | steps:  1364 | steps_t:     0 | t: 0.426006 | r:  -507.000000 | e:   1.000000 | Q:        nan | won: False 
#  122 | steps:  1380 | steps_t:     0 | t: 0.430990 | r:  -515.000000 | e:   1.000000 | Q:        nan | won: False 
#  123 | steps:  1387 | steps_t:     0 | t: 0.434003 | r:  -506.000000 | e:   1.000000 | Q:        nan | won: False 
#  124 | steps:  1395 | steps_t:     0 | t: 0.435981 | r:  -507.000000 | e:   1.000000 | Q:        nan | won: False 
#  125 | steps:  1405 | steps_t:     0 | t: 0.438972 | r:  -509.000000 | e:   1.000000 | Q:        nan | won: False 
#  126 | steps:  1414 | steps_t:     0 | t: 0.440964 | r:  -508.000000 | e:   1.000000 | Q:        nan | won: False 
#  127 | steps:  1424 | steps_t:     0 | t: 0.444942 | r:  -509.000000 | e:   1.000000 | Q:        nan | won: False 
#  128 | steps:  1434 | steps_t:     0 | t: 0.447934 | r:  -509.000000 | e:   1.000000 | Q:        nan | won: False 
#  129 | steps:  1450 | steps_t:     0 | t: 0.451919 | r:  -504.000000 | e:   1.000000 | Q:        nan | won: False 
#  130 | steps:  1461 | steps_t:     0 | t: 0.454909 | r:  -510.000000 | e:   1.000000 | Q:        nan | won: False 
#  131 | steps:  1469 | steps_t:     0 | t: 0.456903 | r:  -507.000000 | e:   1.000000 | Q:        nan | won: False 
#  132 | steps:  1480 | steps_t:     0 | t: 0.461297 | r:  -510.000000 | e:   1.000000 | Q:        nan | won: False 
#  133 | steps:  1486 | steps_t:     0 | t: 0.463292 | r:  -505.000000 | e:   1.000000 | Q:        nan | won: False 
#  134 | steps:  1499 | steps_t:     0 | t: 0.467277 | r:  -512.000000 | e:   1.000000 | Q:        nan | won: False 
#  135 | steps:  1506 | steps_t:     0 | t: 0.469271 | r:  -506.000000 | e:   1.000000 | Q:        nan | won: False 
#  136 | steps:  1514 | steps_t:     0 | t: 0.471264 | r:  -507.000000 | e:   1.000000 | Q:        nan | won: False 
#  137 | steps:  1527 | steps_t:     0 | t: 0.474254 | r:  -512.000000 | e:   1.000000 | Q:        nan | won: False 
#  138 | steps:  1535 | steps_t:     0 | t: 0.477248 | r:  -507.000000 | e:   1.000000 | Q:        nan | won: False 
#  139 | steps:  1542 | steps_t:     0 | t: 0.480234 | r:  -506.000000 | e:   1.000000 | Q:        nan | won: False 
#  140 | steps:  1551 | steps_t:     0 | t: 0.482227 | r:  -508.000000 | e:   1.000000 | Q:        nan | won: False 
#  141 | steps:  1565 | steps_t:     0 | t: 0.486214 | r:  -513.000000 | e:   1.000000 | Q:        nan | won: False 
#  142 | steps:  1572 | steps_t:     0 | t: 0.488207 | r:  -506.000000 | e:   1.000000 | Q:        nan | won: False 
#  143 | steps:  1584 | steps_t:     0 | t: 0.491197 | r:  -511.000000 | e:   1.000000 | Q:        nan | won: False 
#  144 | steps:  1591 | steps_t:     0 | t: 0.494210 | r:  -506.000000 | e:   1.000000 | Q:        nan | won: False 
#  145 | steps:  1601 | steps_t:     0 | t: 0.497185 | r:  -509.000000 | e:   1.000000 | Q:        nan | won: False 
#  146 | steps:  1611 | steps_t:     0 | t: 0.500176 | r:  -509.000000 | e:   1.000000 | Q:        nan | won: False 
#  147 | steps:  1621 | steps_t:     0 | t: 0.503166 | r:  -509.000000 | e:   1.000000 | Q:        nan | won: False 
#  148 | steps:  1638 | steps_t:     0 | t: 0.507152 | r:  -516.000000 | e:   1.000000 | Q:        nan | won: False 
#  149 | steps:  1651 | steps_t:     0 | t: 0.511148 | r:  -512.000000 | e:   1.000000 | Q:        nan | won: False 
#  150 | steps:  1666 | steps_t:     0 | t: 0.515125 | r:  -514.000000 | e:   1.000000 | Q:        nan | won: False 
#  151 | steps:  1678 | steps_t:     0 | t: 0.518116 | r:  -511.000000 | e:   1.000000 | Q:        nan | won: False 
#  152 | steps:  1687 | steps_t:     0 | t: 0.521106 | r:  -508.000000 | e:   1.000000 | Q:        nan | won: False 
#  153 | steps:  1694 | steps_t:     0 | t: 0.523099 | r:  -506.000000 | e:   1.000000 | Q:        nan | won: False 
#  154 | steps:  1703 | steps_t:     0 | t: 0.526090 | r:  -508.000000 | e:   1.000000 | Q:        nan | won: False 
#  155 | steps:  1718 | steps_t:     0 | t: 0.531073 | r:  -492.000000 | e:   1.000000 | Q:        nan | won: False 
#  156 | steps:  1731 | steps_t:     0 | t: 0.535059 | r:  -512.000000 | e:   1.000000 | Q:        nan | won: False 
#  157 | steps:  1738 | steps_t:     0 | t: 0.537052 | r:  -506.000000 | e:   1.000000 | Q:        nan | won: False 
#  158 | steps:  1747 | steps_t:     0 | t: 0.539046 | r:  -508.000000 | e:   1.000000 | Q:        nan | won: False 
#  159 | steps:  1752 | steps_t:     0 | t: 0.541077 | r:  -504.000000 | e:   1.000000 | Q:        nan | won: False 
#  160 | steps:  1761 | steps_t:     0 | t: 0.544028 | r:  -508.000000 | e:   1.000000 | Q:        nan | won: False 
#  161 | steps:  1768 | steps_t:     0 | t: 0.547055 | r:  -506.000000 | e:   1.000000 | Q:        nan | won: False 
#  162 | steps:  1775 | steps_t:     0 | t: 0.549044 | r:  -506.000000 | e:   1.000000 | Q:        nan | won: False 
#  163 | steps:  1782 | steps_t:     0 | t: 0.551039 | r:  -506.000000 | e:   1.000000 | Q:        nan | won: False 
#  164 | steps:  1791 | steps_t:     0 | t: 0.553988 | r:  -508.000000 | e:   1.000000 | Q:        nan | won: False 
#  165 | steps:  1800 | steps_t:     0 | t: 0.558973 | r:  -508.000000 | e:   1.000000 | Q:        nan | won: False 
#  166 | steps:  1809 | steps_t:     0 | t: 0.562022 | r:  -508.000000 | e:   1.000000 | Q:        nan | won: False 
#  167 | steps:  1825 | steps_t:     0 | t: 0.567000 | r:  -515.000000 | e:   1.000000 | Q:        nan | won: False 
#  168 | steps:  1831 | steps_t:     0 | t: 0.567995 | r:  -505.000000 | e:   1.000000 | Q:        nan | won: False 
#  169 | steps:  1838 | steps_t:     0 | t: 0.570931 | r:  -506.000000 | e:   1.000000 | Q:        nan | won: False 
#  170 | steps:  1848 | steps_t:     0 | t: 0.575173 | r:  -509.000000 | e:   1.000000 | Q:        nan | won: False 
#  171 | steps:  1856 | steps_t:     0 | t: 0.579113 | r:  -507.000000 | e:   1.000000 | Q:        nan | won: False 
#  172 | steps:  1865 | steps_t:     0 | t: 0.581106 | r:  -508.000000 | e:   1.000000 | Q:        nan | won: False 
#  173 | steps:  1872 | steps_t:     0 | t: 0.583100 | r:  -506.000000 | e:   1.000000 | Q:        nan | won: False 
#  174 | steps:  1878 | steps_t:     0 | t: 0.585093 | r:  -505.000000 | e:   1.000000 | Q:        nan | won: False 
#  175 | steps:  1896 | steps_t:     0 | t: 0.649877 | r:  -517.000000 | e:   1.000000 | Q:        nan | won: False 
#  176 | steps:  1905 | steps_t:     0 | t: 0.652875 | r:  -508.000000 | e:   1.000000 | Q:        nan | won: False 
#  177 | steps:  1916 | steps_t:     0 | t: 0.656862 | r:  -510.000000 | e:   1.000000 | Q:        nan | won: False 
#  178 | steps:  1937 | steps_t:     0 | t: 0.661845 | r:  -520.000000 | e:   1.000000 | Q:        nan | won: False 
#  179 | steps:  1946 | steps_t:     0 | t: 0.664851 | r:  -508.000000 | e:   1.000000 | Q:        nan | won: False 
#  180 | steps:  1956 | steps_t:     0 | t: 0.667834 | r:  -509.000000 | e:   1.000000 | Q:        nan | won: False 
#  181 | steps:  1965 | steps_t:     0 | t: 0.670827 | r:  -508.000000 | e:   1.000000 | Q:        nan | won: False 
#  182 | steps:  1975 | steps_t:     0 | t: 0.673815 | r:  -509.000000 | e:   1.000000 | Q:        nan | won: False 
#  183 | steps:  1982 | steps_t:     0 | t: 0.675802 | r:  -506.000000 | e:   1.000000 | Q:        nan | won: False 
#  184 | steps:  1995 | steps_t:     0 | t: 0.679799 | r:  -512.000000 | e:   1.000000 | Q:        nan | won: False 
#  185 | steps:  2003 | steps_t:     0 | t: 0.682783 | r:  -507.000000 | e:   1.000000 | Q:        nan | won: False 
#  186 | steps:  2014 | steps_t:     0 | t: 0.686766 | r:  -510.000000 | e:   1.000000 | Q:        nan | won: False 
#  187 | steps:  2021 | steps_t:     0 | t: 0.688768 | r:  -506.000000 | e:   1.000000 | Q:        nan | won: False 
#  188 | steps:  2038 | steps_t:     0 | t: 0.693721 | r:  -516.000000 | e:   1.000000 | Q:        nan | won: False 
#  189 | steps:  2044 | steps_t:     0 | t: 0.696739 | r:  -505.000000 | e:   1.000000 | Q:        nan | won: False 
#  190 | steps:  2061 | steps_t:     0 | t: 0.700725 | r:  -516.000000 | e:   1.000000 | Q:        nan | won: False 
#  191 | steps:  2071 | steps_t:     0 | t: 0.703716 | r:  -509.000000 | e:   1.000000 | Q:        nan | won: False 
#  192 | steps:  2082 | steps_t:     0 | t: 0.706711 | r:  -510.000000 | e:   1.000000 | Q:        nan | won: False 
#  193 | steps:  2093 | steps_t:     0 | t: 0.710622 | r:  -510.000000 | e:   1.000000 | Q:        nan | won: False 
#  194 | steps:  2102 | steps_t:     0 | t: 0.713677 | r:  -508.000000 | e:   1.000000 | Q:        nan | won: False 
#  195 | steps:  2109 | steps_t:     0 | t: 0.716650 | r:  -506.000000 | e:   1.000000 | Q:        nan | won: False 
#  196 | steps:  2120 | steps_t:     0 | t: 0.719651 | r:  -510.000000 | e:   1.000000 | Q:        nan | won: False 
#  197 | steps:  2131 | steps_t:     0 | t: 0.722629 | r:  -510.000000 | e:   1.000000 | Q:        nan | won: False 
#  198 | steps:  2139 | steps_t:     0 | t: 0.724625 | r:  -507.000000 | e:   1.000000 | Q:        nan | won: False 
#  199 | steps:  2149 | steps_t:     0 | t: 0.727615 | r:  -509.000000 | e:   1.000000 | Q:        nan | won: False 
#  200 | steps:  2154 | steps_t:     0 | t: 0.730601 | r:  -504.000000 | e:   1.000000 | Q:        nan | won: False 
#  201 | steps:  2170 | steps_t:     0 | t: 0.734597 | r:  -515.000000 | e:   1.000000 | Q:        nan | won: False 
#  202 | steps:  2180 | steps_t:     0 | t: 0.737580 | r:  -509.000000 | e:   1.000000 | Q:        nan | won: False 
#  203 | steps:  2192 | steps_t:     0 | t: 0.740570 | r:  -511.000000 | e:   1.000000 | Q:        nan | won: False 
#  204 | steps:  2200 | steps_t:     0 | t: 0.743511 | r:  -507.000000 | e:   1.000000 | Q:        nan | won: False 
#  205 | steps:  2210 | steps_t:     0 | t: 0.748542 | r:  -509.000000 | e:   1.000000 | Q:        nan | won: False 
#  206 | steps:  2218 | steps_t:     0 | t: 0.750533 | r:  -507.000000 | e:   1.000000 | Q:        nan | won: False 
#  207 | steps:  2224 | steps_t:     0 | t: 0.752530 | r:  -505.000000 | e:   1.000000 | Q:        nan | won: False 
#  208 | steps:  2235 | steps_t:     0 | t: 0.755525 | r:  -510.000000 | e:   1.000000 | Q:        nan | won: False 
#  209 | steps:  2245 | steps_t:     0 | t: 0.758513 | r:  -509.000000 | e:   1.000000 | Q:        nan | won: False 
#  210 | steps:  2259 | steps_t:     0 | t: 0.762491 | r:  -513.000000 | e:   1.000000 | Q:        nan | won: False 
#  211 | steps:  2268 | steps_t:     0 | t: 0.765482 | r:  -508.000000 | e:   1.000000 | Q:        nan | won: False 
#  212 | steps:  2280 | steps_t:     0 | t: 0.768472 | r:  -511.000000 | e:   1.000000 | Q:        nan | won: False 
#  213 | steps:  2289 | steps_t:     0 | t: 0.770467 | r:  -508.000000 | e:   1.000000 | Q:        nan | won: False 
#  214 | steps:  2318 | steps_t:     0 | t: 0.779014 | r:    83.000000 | e:   1.000000 | Q:        nan | won: True 
#  215 | steps:  2342 | steps_t:     0 | t: 0.785065 | r:  -523.000000 | e:   1.000000 | Q:        nan | won: False 
#  216 | steps:  2349 | steps_t:     0 | t: 0.787050 | r:  -506.000000 | e:   1.000000 | Q:        nan | won: False 
#  217 | steps:  2357 | steps_t:     0 | t: 0.790049 | r:  -507.000000 | e:   1.000000 | Q:        nan | won: False 
#  218 | steps:  2365 | steps_t:     0 | t: 0.792038 | r:  -507.000000 | e:   1.000000 | Q:        nan | won: False 
#  219 | steps:  2374 | steps_t:     0 | t: 0.796022 | r:  -508.000000 | e:   1.000000 | Q:        nan | won: False 
#  220 | steps:  2380 | steps_t:     0 | t: 0.798019 | r:  -505.000000 | e:   1.000000 | Q:        nan | won: False 
#  221 | steps:  2392 | steps_t:     0 | t: 0.801003 | r:  -511.000000 | e:   1.000000 | Q:        nan | won: False 
#  222 | steps:  2407 | steps_t:     0 | t: 0.806000 | r:  -514.000000 | e:   1.000000 | Q:        nan | won: False 
#  223 | steps:  2417 | steps_t:     0 | t: 0.808915 | r:  -509.000000 | e:   1.000000 | Q:        nan | won: False 
#  224 | steps:  2430 | steps_t:     0 | t: 0.812966 | r:  -512.000000 | e:   1.000000 | Q:        nan | won: False 
#  225 | steps:  2440 | steps_t:     0 | t: 0.815963 | r:  -509.000000 | e:   1.000000 | Q:        nan | won: False 
#  226 | steps:  2447 | steps_t:     0 | t: 0.817946 | r:  -506.000000 | e:   1.000000 | Q:        nan | won: False 
#  227 | steps:  2474 | steps_t:     0 | t: 0.825679 | r:  -526.000000 | e:   1.000000 | Q:        nan | won: False 
#  228 | steps:  2480 | steps_t:     0 | t: 0.827679 | r:  -505.000000 | e:   1.000000 | Q:        nan | won: False 
#  229 | steps:  2488 | steps_t:     0 | t: 0.830659 | r:  -507.000000 | e:   1.000000 | Q:        nan | won: False 
#  230 | steps:  2497 | steps_t:     0 | t: 0.833649 | r:  -508.000000 | e:   1.000000 | Q:        nan | won: False 
#  231 | steps:  2506 | steps_t:     0 | t: 0.835640 | r:  -508.000000 | e:   1.000000 | Q:        nan | won: False 
#  232 | steps:  2514 | steps_t:     0 | t: 0.838825 | r:  -507.000000 | e:   1.000000 | Q:        nan | won: False 
#  233 | steps:  2523 | steps_t:     0 | t: 0.842815 | r:  -508.000000 | e:   1.000000 | Q:        nan | won: False 
#  234 | steps:  2530 | steps_t:     0 | t: 0.845797 | r:  -506.000000 | e:   1.000000 | Q:        nan | won: False 
#  235 | steps:  2548 | steps_t:     0 | t: 0.849787 | r:  -517.000000 | e:   1.000000 | Q:        nan | won: False 
#  236 | steps:  2560 | steps_t:     0 | t: 0.852772 | r:  -511.000000 | e:   1.000000 | Q:        nan | won: False 
#  237 | steps:  2579 | steps_t:     0 | t: 0.857748 | r:  -518.000000 | e:   1.000000 | Q:        nan | won: False 
#  238 | steps:  2588 | steps_t:     0 | t: 0.861757 | r:  -508.000000 | e:   1.000000 | Q:        nan | won: False 
#  239 | steps:  2605 | steps_t:     0 | t: 0.865678 | r:  -516.000000 | e:   1.000000 | Q:        nan | won: False 
#  240 | steps:  2621 | steps_t:     0 | t: 0.870745 | r:  -515.000000 | e:   1.000000 | Q:        nan | won: False 
#  241 | steps:  2641 | steps_t:     0 | t: 0.875731 | r:  -519.000000 | e:   1.000000 | Q:        nan | won: False 
#  242 | steps:  2655 | steps_t:     0 | t: 0.880693 | r:  -502.000000 | e:   1.000000 | Q:        nan | won: False 
#  243 | steps:  2671 | steps_t:     0 | t: 0.884690 | r:  -504.000000 | e:   1.000000 | Q:        nan | won: False 
#  244 | steps:  2684 | steps_t:     0 | t: 0.888645 | r:  -512.000000 | e:   1.000000 | Q:        nan | won: False 
#  245 | steps:  2690 | steps_t:     0 | t: 0.890665 | r:  -505.000000 | e:   1.000000 | Q:        nan | won: False 
#  246 | steps:  2716 | steps_t:     0 | t: 0.897633 | r:  -525.000000 | e:   1.000000 | Q:        nan | won: False 
#  247 | steps:  2724 | steps_t:     0 | t: 0.899617 | r:  -507.000000 | e:   1.000000 | Q:        nan | won: False 
#  248 | steps:  2731 | steps_t:     0 | t: 0.901765 | r:  -506.000000 | e:   1.000000 | Q:        nan | won: False 
#  249 | steps:  2761 | steps_t:     0 | t: 0.909693 | r:  -529.000000 | e:   1.000000 | Q:        nan | won: False 
#  250 | steps:  2777 | steps_t:     0 | t: 0.914676 | r:  -515.000000 | e:   1.000000 | Q:        nan | won: False 
#  251 | steps:  2785 | steps_t:     0 | t: 0.917133 | r:  -507.000000 | e:   1.000000 | Q:        nan | won: False 
#  252 | steps:  2792 | steps_t:     0 | t: 0.919060 | r:  -506.000000 | e:   1.000000 | Q:        nan | won: False 
#  253 | steps:  2800 | steps_t:     0 | t: 0.922050 | r:  -507.000000 | e:   1.000000 | Q:        nan | won: False 
#  254 | steps:  2823 | steps_t:     0 | t: 0.929026 | r:  -522.000000 | e:   1.000000 | Q:        nan | won: False 
#  255 | steps:  2837 | steps_t:     0 | t: 0.933012 | r:  -513.000000 | e:   1.000000 | Q:        nan | won: False 
#  256 | steps:  2853 | steps_t:     0 | t: 0.936999 | r:  -515.000000 | e:   1.000000 | Q:        nan | won: False 
#  257 | steps:  2863 | steps_t:     0 | t: 0.940045 | r:  -509.000000 | e:   1.000000 | Q:        nan | won: False 
#  258 | steps:  2873 | steps_t:     0 | t: 0.943034 | r:  -509.000000 | e:   1.000000 | Q:        nan | won: False 
#  259 | steps:  2891 | steps_t:     0 | t: 0.948143 | r:  -517.000000 | e:   1.000000 | Q:        nan | won: False 
#  260 | steps:  2899 | steps_t:     0 | t: 0.951080 | r:  -507.000000 | e:   1.000000 | Q:        nan | won: False 
#  261 | steps:  2910 | steps_t:     0 | t: 0.954133 | r:  -510.000000 | e:   1.000000 | Q:        nan | won: False 
#  262 | steps:  2928 | steps_t:     0 | t: 0.959053 | r:  -517.000000 | e:   1.000000 | Q:        nan | won: False 
#  263 | steps:  2935 | steps_t:     0 | t: 0.961647 | r:  -506.000000 | e:   1.000000 | Q:        nan | won: False 
#  264 | steps:  2945 | steps_t:     0 | t: 0.964685 | r:  -509.000000 | e:   1.000000 | Q:        nan | won: False 
#  265 | steps:  2964 | steps_t:     0 | t: 0.970662 | r:  -518.000000 | e:   1.000000 | Q:        nan | won: False 
#  266 | steps:  2973 | steps_t:     0 | t: 0.972655 | r:  -508.000000 | e:   1.000000 | Q:        nan | won: False 
#  267 | steps:  2994 | steps_t:     0 | t: 0.979640 | r:  -520.000000 | e:   1.000000 | Q:        nan | won: False 
#  268 | steps:  3003 | steps_t:     0 | t: 0.982616 | r:  -508.000000 | e:   1.000000 | Q:        nan | won: False 
#  269 | steps:  3020 | steps_t:     0 | t: 0.986611 | r:  -505.000000 | e:   1.000000 | Q:        nan | won: False 
#  270 | steps:  3027 | steps_t:     0 | t: 0.988534 | r:  -506.000000 | e:   1.000000 | Q:        nan | won: False 
#  271 | steps:  3039 | steps_t:     0 | t: 0.992600 | r:  -511.000000 | e:   1.000000 | Q:        nan | won: False 
#  272 | steps:  3049 | steps_t:     0 | t: 0.996577 | r:  -509.000000 | e:   1.000000 | Q:        nan | won: False 
#  273 | steps:  3056 | steps_t:     0 | t: 0.998501 | r:  -506.000000 | e:   1.000000 | Q:        nan | won: False 
#  274 | steps:  3065 | steps_t:     0 | t: 1.001560 | r:  -508.000000 | e:   1.000000 | Q:        nan | won: False 
#  275 | steps:  3081 | steps_t:     0 | t: 1.005547 | r:  -504.000000 | e:   1.000000 | Q:        nan | won: False 
#  276 | steps:  3088 | steps_t:     0 | t: 1.007533 | r:  -506.000000 | e:   1.000000 | Q:        nan | won: False 
#  277 | steps:  3096 | steps_t:     0 | t: 1.010499 | r:  -507.000000 | e:   1.000000 | Q:        nan | won: False 
#  278 | steps:  3110 | steps_t:     0 | t: 1.014446 | r:  -513.000000 | e:   1.000000 | Q:        nan | won: False 
#  279 | steps:  3118 | steps_t:     0 | t: 1.017503 | r:  -507.000000 | e:   1.000000 | Q:        nan | won: False 
#  280 | steps:  3132 | steps_t:     0 | t: 1.021491 | r:  -513.000000 | e:   1.000000 | Q:        nan | won: False 
#  281 | steps:  3145 | steps_t:     0 | t: 1.025476 | r:  -512.000000 | e:   1.000000 | Q:        nan | won: False 
#  282 | steps:  3153 | steps_t:     0 | t: 1.028450 | r:  -507.000000 | e:   1.000000 | Q:        nan | won: False 
#  283 | steps:  3160 | steps_t:     0 | t: 1.030451 | r:  -506.000000 | e:   1.000000 | Q:        nan | won: False 
#  284 | steps:  3181 | steps_t:     0 | t: 1.036425 | r:  -509.000000 | e:   1.000000 | Q:        nan | won: False 
#  285 | steps:  3189 | steps_t:     0 | t: 1.038424 | r:  -507.000000 | e:   1.000000 | Q:        nan | won: False 
#  286 | steps:  3197 | steps_t:     0 | t: 1.041409 | r:  -507.000000 | e:   1.000000 | Q:        nan | won: False 
#  287 | steps:  3208 | steps_t:     0 | t: 1.045385 | r:  -510.000000 | e:   1.000000 | Q:        nan | won: False 
#  288 | steps:  3213 | steps_t:     0 | t: 1.046382 | r:  -504.000000 | e:   1.000000 | Q:        nan | won: False 
#  289 | steps:  3237 | steps_t:     0 | t: 1.052372 | r:  -523.000000 | e:   1.000000 | Q:        nan | won: False 
#  290 | steps:  3247 | steps_t:     0 | t: 1.055368 | r:  -509.000000 | e:   1.000000 | Q:        nan | won: False 
#  291 | steps:  3258 | steps_t:     0 | t: 1.058351 | r:  -510.000000 | e:   1.000000 | Q:        nan | won: False 
#  292 | steps:  3264 | steps_t:     0 | t: 1.061340 | r:  -505.000000 | e:   1.000000 | Q:        nan | won: False 
#  293 | steps:  3278 | steps_t:     0 | t: 1.065349 | r:  -513.000000 | e:   1.000000 | Q:        nan | won: False 
#  294 | steps:  3284 | steps_t:     0 | t: 1.067311 | r:  -505.000000 | e:   1.000000 | Q:        nan | won: False 
#  295 | steps:  3298 | steps_t:     0 | t: 1.071310 | r:  -513.000000 | e:   1.000000 | Q:        nan | won: False 
#  296 | steps:  3310 | steps_t:     0 | t: 1.074297 | r:  -511.000000 | e:   1.000000 | Q:        nan | won: False 
#  297 | steps:  3322 | steps_t:     0 | t: 1.078276 | r:  -511.000000 | e:   1.000000 | Q:        nan | won: False 
#  298 | steps:  3328 | steps_t:     0 | t: 1.080274 | r:  -505.000000 | e:   1.000000 | Q:        nan | won: False 
#  299 | steps:  3343 | steps_t:     0 | t: 1.084265 | r:  -514.000000 | e:   1.000000 | Q:        nan | won: False 
#  300 | steps:  3354 | steps_t:     0 | t: 1.087252 | r:  -510.000000 | e:   1.000000 | Q:        nan | won: False 
#  301 | steps:  3361 | steps_t:     0 | t: 1.089250 | r:  -506.000000 | e:   1.000000 | Q:        nan | won: False 
#  302 | steps:  3369 | steps_t:     0 | t: 1.092239 | r:  -507.000000 | e:   1.000000 | Q:        nan | won: False 
#  303 | steps:  3380 | steps_t:     0 | t: 1.096240 | r:  -510.000000 | e:   1.000000 | Q:        nan | won: False 
#  304 | steps:  3390 | steps_t:     0 | t: 1.099213 | r:  -509.000000 | e:   1.000000 | Q:        nan | won: False 
#  305 | steps:  3400 | steps_t:     0 | t: 1.102200 | r:  -509.000000 | e:   1.000000 | Q:        nan | won: False 
#  306 | steps:  3410 | steps_t:     0 | t: 1.104204 | r:  -509.000000 | e:   1.000000 | Q:        nan | won: False 
#  307 | steps:  3419 | steps_t:     0 | t: 1.107353 | r:  -508.000000 | e:   1.000000 | Q:        nan | won: False 
#  308 | steps:  3437 | steps_t:     0 | t: 1.112330 | r:  -517.000000 | e:   1.000000 | Q:        nan | won: False 
#  309 | steps:  3447 | steps_t:     0 | t: 1.115320 | r:  -509.000000 | e:   1.000000 | Q:        nan | won: False 
#  310 | steps:  3457 | steps_t:     0 | t: 1.118308 | r:  -509.000000 | e:   1.000000 | Q:        nan | won: False 
#  311 | steps:  3471 | steps_t:     0 | t: 1.121301 | r:  -513.000000 | e:   1.000000 | Q:        nan | won: False 
#  312 | steps:  3477 | steps_t:     0 | t: 1.123296 | r:  -505.000000 | e:   1.000000 | Q:        nan | won: False 
#  313 | steps:  3487 | steps_t:     0 | t: 1.127238 | r:  -509.000000 | e:   1.000000 | Q:        nan | won: False 
#  314 | steps:  3494 | steps_t:     0 | t: 1.130229 | r:  -506.000000 | e:   1.000000 | Q:        nan | won: False 
#  315 | steps:  3513 | steps_t:     0 | t: 1.134215 | r:  -518.000000 | e:   1.000000 | Q:        nan | won: False 
#  316 | steps:  3524 | steps_t:     0 | t: 1.137205 | r:  -510.000000 | e:   1.000000 | Q:        nan | won: False 
#  317 | steps:  3535 | steps_t:     0 | t: 1.140195 | r:  -510.000000 | e:   1.000000 | Q:        nan | won: False 
#  318 | steps:  3546 | steps_t:     0 | t: 1.144210 | r:  -510.000000 | e:   1.000000 | Q:        nan | won: False 
#  319 | steps:  3556 | steps_t:     0 | t: 1.147172 | r:  -509.000000 | e:   1.000000 | Q:        nan | won: False 
#  320 | steps:  3575 | steps_t:     0 | t: 1.152155 | r:  -518.000000 | e:   1.000000 | Q:        nan | won: False 
#  321 | steps:  3581 | steps_t:     0 | t: 1.154149 | r:  -505.000000 | e:   1.000000 | Q:        nan | won: False 
#  322 | steps:  3595 | steps_t:     0 | t: 1.158136 | r:  -513.000000 | e:   1.000000 | Q:        nan | won: False 
#  323 | steps:  3607 | steps_t:     0 | t: 1.162120 | r:  -511.000000 | e:   1.000000 | Q:        nan | won: False 
#  324 | steps:  3614 | steps_t:     0 | t: 1.164116 | r:  -506.000000 | e:   1.000000 | Q:        nan | won: False 
#  325 | steps:  3623 | steps_t:     0 | t: 1.167105 | r:  -508.000000 | e:   1.000000 | Q:        nan | won: False 
#  326 | steps:  3640 | steps_t:     0 | t: 1.171092 | r:  -516.000000 | e:   1.000000 | Q:        nan | won: False 
#  327 | steps:  3653 | steps_t:     0 | t: 1.175079 | r:  -512.000000 | e:   1.000000 | Q:        nan | won: False 
#  328 | steps:  3672 | steps_t:     0 | t: 1.180062 | r:  -518.000000 | e:   1.000000 | Q:        nan | won: False 
#  329 | steps:  3683 | steps_t:     0 | t: 1.183052 | r:  -510.000000 | e:   1.000000 | Q:        nan | won: False 
#  330 | steps:  3691 | steps_t:     0 | t: 1.186042 | r:  -507.000000 | e:   1.000000 | Q:        nan | won: False 
#  331 | steps:  3698 | steps_t:     0 | t: 1.188035 | r:  -506.000000 | e:   1.000000 | Q:        nan | won: False 
#  332 | steps:  3704 | steps_t:     0 | t: 1.190029 | r:  -505.000000 | e:   1.000000 | Q:        nan | won: False 
#  333 | steps:  3724 | steps_t:     0 | t: 1.196054 | r:  -519.000000 | e:   1.000000 | Q:        nan | won: False 
#  334 | steps:  3735 | steps_t:     0 | t: 1.198658 | r:  -510.000000 | e:   1.000000 | Q:        nan | won: False 
#  335 | steps:  3741 | steps_t:     0 | t: 1.200652 | r:  -505.000000 | e:   1.000000 | Q:        nan | won: False 
#  336 | steps:  3761 | steps_t:     0 | t: 1.206633 | r:  -508.000000 | e:   1.000000 | Q:        nan | won: False 
#  337 | steps:  3777 | steps_t:     0 | t: 1.210961 | r:  -515.000000 | e:   1.000000 | Q:        nan | won: False 
#  338 | steps:  3788 | steps_t:     0 | t: 1.213967 | r:  -510.000000 | e:   1.000000 | Q:        nan | won: False 
#  339 | steps:  3797 | steps_t:     0 | t: 1.216944 | r:  -508.000000 | e:   1.000000 | Q:        nan | won: False 
#  340 | steps:  3812 | steps_t:     0 | t: 1.220951 | r:  -514.000000 | e:   1.000000 | Q:        nan | won: False 
#  341 | steps:  3819 | steps_t:     0 | t: 1.223919 | r:  -506.000000 | e:   1.000000 | Q:        nan | won: False 
#  342 | steps:  3830 | steps_t:     0 | t: 1.226910 | r:  -510.000000 | e:   1.000000 | Q:        nan | won: False 
#  343 | steps:  3837 | steps_t:     0 | t: 1.230186 | r:  -506.000000 | e:   1.000000 | Q:        nan | won: False 
#  344 | steps:  3857 | steps_t:     0 | t: 1.235127 | r:  -519.000000 | e:   1.000000 | Q:        nan | won: False 
#  345 | steps:  3865 | steps_t:     0 | t: 1.237184 | r:  -507.000000 | e:   1.000000 | Q:        nan | won: False 
#  346 | steps:  3874 | steps_t:     0 | t: 1.240157 | r:  -508.000000 | e:   1.000000 | Q:        nan | won: False 
#  347 | steps:  3881 | steps_t:     0 | t: 1.242144 | r:  -506.000000 | e:   1.000000 | Q:        nan | won: False 
#  348 | steps:  3896 | steps_t:     0 | t: 1.246139 | r:  -514.000000 | e:   1.000000 | Q:        nan | won: False 
#  349 | steps:  3905 | steps_t:     0 | t: 1.249129 | r:  -508.000000 | e:   1.000000 | Q:        nan | won: False 
#  350 | steps:  3922 | steps_t:     0 | t: 1.254058 | r:  -516.000000 | e:   1.000000 | Q:        nan | won: False 
#  351 | steps:  3944 | steps_t:     0 | t: 1.259844 | r:  -521.000000 | e:   1.000000 | Q:        nan | won: False 
#  352 | steps:  3970 | steps_t:     0 | t: 1.266366 | r:  -514.000000 | e:   1.000000 | Q:        nan | won: False 
#  353 | steps:  3980 | steps_t:     0 | t: 1.269364 | r:  -509.000000 | e:   1.000000 | Q:        nan | won: False 
#  354 | steps:  3988 | steps_t:     0 | t: 1.271345 | r:  -507.000000 | e:   1.000000 | Q:        nan | won: False 
#  355 | steps:  3994 | steps_t:     0 | t: 1.273330 | r:  -505.000000 | e:   1.000000 | Q:        nan | won: False 
#  356 | steps:  4001 | steps_t:     0 | t: 1.275324 | r:  -506.000000 | e:   1.000000 | Q:        nan | won: False 
#  357 | steps:  4010 | steps_t:     0 | t: 1.278318 | r:  -508.000000 | e:   1.000000 | Q:        nan | won: False 
#  358 | steps:  4022 | steps_t:     0 | t: 1.282259 | r:  -511.000000 | e:   1.000000 | Q:        nan | won: False 
#  359 | steps:  4029 | steps_t:     0 | t: 1.285315 | r:  -506.000000 | e:   1.000000 | Q:        nan | won: False 
#  360 | steps:  4034 | steps_t:     0 | t: 1.287313 | r:  -504.000000 | e:   1.000000 | Q:        nan | won: False 
#  361 | steps:  4056 | steps_t:     0 | t: 1.292276 | r:  -521.000000 | e:   1.000000 | Q:        nan | won: False 
#  362 | steps:  4063 | steps_t:     0 | t: 1.295215 | r:  -506.000000 | e:   1.000000 | Q:        nan | won: False 
#  363 | steps:  4079 | steps_t:     0 | t: 1.300512 | r:  -504.000000 | e:   1.000000 | Q:        nan | won: False 
#  364 | steps:  4088 | steps_t:     0 | t: 1.303502 | r:  -508.000000 | e:   1.000000 | Q:        nan | won: False 
#  365 | steps:  4095 | steps_t:     0 | t: 1.305496 | r:  -506.000000 | e:   1.000000 | Q:        nan | won: False 
#  366 | steps:  4104 | steps_t:     0 | t: 1.308486 | r:  -508.000000 | e:   1.000000 | Q:        nan | won: False 
#  367 | steps:  4114 | steps_t:     0 | t: 1.311476 | r:  -509.000000 | e:   1.000000 | Q:        nan | won: False 
#  368 | steps:  4126 | steps_t:     0 | t: 1.315524 | r:  -511.000000 | e:   1.000000 | Q:        nan | won: False 
#  369 | steps:  4136 | steps_t:     0 | t: 1.318500 | r:  -509.000000 | e:   1.000000 | Q:        nan | won: False 
#  370 | steps:  4157 | steps_t:     0 | t: 1.323486 | r:  -520.000000 | e:   1.000000 | Q:        nan | won: False 
#  371 | steps:  4175 | steps_t:     0 | t: 1.329457 | r:  -517.000000 | e:   1.000000 | Q:        nan | won: False 
#  372 | steps:  4184 | steps_t:     0 | t: 1.331456 | r:  -508.000000 | e:   1.000000 | Q:        nan | won: False 
#  373 | steps:  4195 | steps_t:     0 | t: 1.334442 | r:  -510.000000 | e:   1.000000 | Q:        nan | won: False 
#  374 | steps:  4203 | steps_t:     0 | t: 1.336433 | r:  -507.000000 | e:   1.000000 | Q:        nan | won: False 
#  375 | steps:  4220 | steps_t:     0 | t: 1.341423 | r:  -516.000000 | e:   1.000000 | Q:        nan | won: False 
#  376 | steps:  4229 | steps_t:     0 | t: 1.344464 | r:  -508.000000 | e:   1.000000 | Q:        nan | won: False 
#  377 | steps:  4238 | steps_t:     0 | t: 1.348353 | r:  -508.000000 | e:   1.000000 | Q:        nan | won: False 
#  378 | steps:  4245 | steps_t:     0 | t: 1.350346 | r:  -506.000000 | e:   1.000000 | Q:        nan | won: False 
#  379 | steps:  4254 | steps_t:     0 | t: 1.353335 | r:  -508.000000 | e:   1.000000 | Q:        nan | won: False 
#  380 | steps:  4262 | steps_t:     0 | t: 1.355329 | r:  -507.000000 | e:   1.000000 | Q:        nan | won: False 
#  381 | steps:  4273 | steps_t:     0 | t: 1.358319 | r:  -510.000000 | e:   1.000000 | Q:        nan | won: False 
#  382 | steps:  4282 | steps_t:     0 | t: 1.362579 | r:  -508.000000 | e:   1.000000 | Q:        nan | won: False 
#  383 | steps:  4289 | steps_t:     0 | t: 1.364574 | r:  -506.000000 | e:   1.000000 | Q:        nan | won: False 
#  384 | steps:  4298 | steps_t:     0 | t: 1.367564 | r:  -508.000000 | e:   1.000000 | Q:        nan | won: False 
#  385 | steps:  4307 | steps_t:     0 | t: 1.370554 | r:  -508.000000 | e:   1.000000 | Q:        nan | won: False 
#  386 | steps:  4319 | steps_t:     0 | t: 1.373544 | r:  -511.000000 | e:   1.000000 | Q:        nan | won: False 
#  387 | steps:  4328 | steps_t:     0 | t: 1.376535 | r:  -508.000000 | e:   1.000000 | Q:        nan | won: False 
#  388 | steps:  4337 | steps_t:     0 | t: 1.379524 | r:  -508.000000 | e:   1.000000 | Q:        nan | won: False 
#  389 | steps:  4344 | steps_t:     0 | t: 1.381517 | r:  -506.000000 | e:   1.000000 | Q:        nan | won: False 
#  390 | steps:  4355 | steps_t:     0 | t: 1.384507 | r:  -510.000000 | e:   1.000000 | Q:        nan | won: False 
#  391 | steps:  4363 | steps_t:     0 | t: 1.386501 | r:  -507.000000 | e:   1.000000 | Q:        nan | won: False 
#  392 | steps:  4377 | steps_t:     0 | t: 1.390487 | r:  -513.000000 | e:   1.000000 | Q:        nan | won: False 
#  393 | steps:  4397 | steps_t:     0 | t: 1.396467 | r:  -508.000000 | e:   1.000000 | Q:        nan | won: False 
#  394 | steps:  4403 | steps_t:     0 | t: 1.398461 | r:  -505.000000 | e:   1.000000 | Q:        nan | won: False 
#  395 | steps:  4422 | steps_t:     0 | t: 1.402778 | r:  -518.000000 | e:   1.000000 | Q:        nan | won: False 
#  396 | steps:  4428 | steps_t:     0 | t: 1.404770 | r:  -505.000000 | e:   1.000000 | Q:        nan | won: False 
#  397 | steps:  4449 | steps_t:     0 | t: 1.410707 | r:  -520.000000 | e:   1.000000 | Q:        nan | won: False 
#  398 | steps:  4458 | steps_t:     0 | t: 1.413739 | r:  -508.000000 | e:   1.000000 | Q:        nan | won: False 
#  399 | steps:  4464 | steps_t:     0 | t: 1.415724 | r:  -505.000000 | e:   1.000000 | Q:        nan | won: False 
#  400 | steps:  4474 | steps_t:     0 | t: 1.418722 | r:  -509.000000 | e:   1.000000 | Q:        nan | won: False 
#  401 | steps:  4485 | steps_t:     0 | t: 1.421716 | r:  -510.000000 | e:   1.000000 | Q:        nan | won: False 
#  402 | steps:  4494 | steps_t:     0 | t: 1.424653 | r:  -508.000000 | e:   1.000000 | Q:        nan | won: False 
#  403 | steps:  4503 | steps_t:     0 | t: 1.427666 | r:  -508.000000 | e:   1.000000 | Q:        nan | won: False 
#  404 | steps:  4521 | steps_t:     0 | t: 1.432626 | r:  -506.000000 | e:   1.000000 | Q:        nan | won: False 
#  405 | steps:  4526 | steps_t:     0 | t: 1.434619 | r:  -504.000000 | e:   1.000000 | Q:        nan | won: False 
#  406 | steps:  4541 | steps_t:     0 | t: 1.438606 | r:  -514.000000 | e:   1.000000 | Q:        nan | won: False 
#  407 | steps:  4559 | steps_t:     0 | t: 1.443589 | r:  -517.000000 | e:   1.000000 | Q:        nan | won: False 
#  408 | steps:  4567 | steps_t:     0 | t: 1.446627 | r:  -507.000000 | e:   1.000000 | Q:        nan | won: False 
#  409 | steps:  4581 | steps_t:     0 | t: 1.449574 | r:  -513.000000 | e:   1.000000 | Q:        nan | won: False 
#  410 | steps:  4593 | steps_t:     0 | t: 1.452564 | r:  -511.000000 | e:   1.000000 | Q:        nan | won: False 
#  411 | steps:  4612 | steps_t:     0 | t: 1.458539 | r:  -518.000000 | e:   1.000000 | Q:        nan | won: False 
#  412 | steps:  4621 | steps_t:     0 | t: 1.461529 | r:  -508.000000 | e:   1.000000 | Q:        nan | won: False 
#  413 | steps:  4627 | steps_t:     0 | t: 1.462795 | r:  -505.000000 | e:   1.000000 | Q:        nan | won: False 
#  414 | steps:  4636 | steps_t:     0 | t: 1.465779 | r:  -508.000000 | e:   1.000000 | Q:        nan | won: False 
#  415 | steps:  4644 | steps_t:     0 | t: 1.467772 | r:  -507.000000 | e:   1.000000 | Q:        nan | won: False 
#  416 | steps:  4666 | steps_t:     0 | t: 1.472760 | r:  -521.000000 | e:   1.000000 | Q:        nan | won: False 
#  417 | steps:  4679 | steps_t:     0 | t: 1.476735 | r:  -512.000000 | e:   1.000000 | Q:        nan | won: False 
#  418 | steps:  4686 | steps_t:     0 | t: 1.479733 | r:  -506.000000 | e:   1.000000 | Q:        nan | won: False 
#  419 | steps:  4696 | steps_t:     0 | t: 1.482723 | r:  -509.000000 | e:   1.000000 | Q:        nan | won: False 
#  420 | steps:  4707 | steps_t:     0 | t: 1.485713 | r:  -510.000000 | e:   1.000000 | Q:        nan | won: False 
#  421 | steps:  4716 | steps_t:     0 | t: 1.487707 | r:  -508.000000 | e:   1.000000 | Q:        nan | won: False 
#  422 | steps:  4723 | steps_t:     0 | t: 1.489702 | r:  -506.000000 | e:   1.000000 | Q:        nan | won: False 
#  423 | steps:  4736 | steps_t:     0 | t: 1.493678 | r:  -512.000000 | e:   1.000000 | Q:        nan | won: False 
#  424 | steps:  4745 | steps_t:     0 | t: 1.496676 | r:  -508.000000 | e:   1.000000 | Q:        nan | won: False 
#  425 | steps:  4753 | steps_t:     0 | t: 1.498669 | r:  -507.000000 | e:   1.000000 | Q:        nan | won: False 
#  426 | steps:  4769 | steps_t:     0 | t: 1.504418 | r:  -515.000000 | e:   1.000000 | Q:        nan | won: False 
#  427 | steps:  4782 | steps_t:     0 | t: 1.507419 | r:  -512.000000 | e:   1.000000 | Q:        nan | won: False 
#  428 | steps:  4790 | steps_t:     0 | t: 1.510475 | r:  -507.000000 | e:   1.000000 | Q:        nan | won: False 
#  429 | steps:  4797 | steps_t:     0 | t: 1.512402 | r:  -506.000000 | e:   1.000000 | Q:        nan | won: False 
#  430 | steps:  4808 | steps_t:     0 | t: 1.515391 | r:  -510.000000 | e:   1.000000 | Q:        nan | won: False 
#  431 | steps:  4820 | steps_t:     0 | t: 1.518386 | r:  -511.000000 | e:   1.000000 | Q:        nan | won: False 
#  432 | steps:  4831 | steps_t:     0 | t: 1.521372 | r:  -510.000000 | e:   1.000000 | Q:        nan | won: False 
#  433 | steps:  4838 | steps_t:     0 | t: 1.523385 | r:  -506.000000 | e:   1.000000 | Q:        nan | won: False 
#  434 | steps:  4844 | steps_t:     0 | t: 1.525358 | r:  -505.000000 | e:   1.000000 | Q:        nan | won: False 
#  435 | steps:  4856 | steps_t:     0 | t: 1.528349 | r:  -511.000000 | e:   1.000000 | Q:        nan | won: False 
#  436 | steps:  4863 | steps_t:     0 | t: 1.530345 | r:  -506.000000 | e:   1.000000 | Q:        nan | won: False 
#  437 | steps:  4872 | steps_t:     0 | t: 1.533333 | r:  -508.000000 | e:   1.000000 | Q:        nan | won: False 
#  438 | steps:  4881 | steps_t:     0 | t: 1.536323 | r:  -508.000000 | e:   1.000000 | Q:        nan | won: False 
#  439 | steps:  4899 | steps_t:     0 | t: 1.540308 | r:  -517.000000 | e:   1.000000 | Q:        nan | won: False 
#  440 | steps:  4908 | steps_t:     0 | t: 1.543291 | r:  -508.000000 | e:   1.000000 | Q:        nan | won: False 
#  441 | steps:  4916 | steps_t:     0 | t: 1.546288 | r:  -507.000000 | e:   1.000000 | Q:        nan | won: False 
#  442 | steps:  4938 | steps_t:     0 | t: 1.551273 | r:  -521.000000 | e:   1.000000 | Q:        nan | won: False 
#  443 | steps:  4947 | steps_t:     0 | t: 1.554262 | r:  -508.000000 | e:   1.000000 | Q:        nan | won: False 
#  444 | steps:  4964 | steps_t:     0 | t: 1.558248 | r:  -516.000000 | e:   1.000000 | Q:        nan | won: False 
#  445 | steps:  4971 | steps_t:     0 | t: 1.561230 | r:  -506.000000 | e:   1.000000 | Q:        nan | won: False 
#  446 | steps:  4980 | steps_t:     0 | t: 1.563265 | r:  -508.000000 | e:   1.000000 | Q:        nan | won: False 
#  447 | steps:  4990 | steps_t:     0 | t: 1.566215 | r:  -509.000000 | e:   1.000000 | Q:        nan | won: False 
#  448 | steps:  4999 | steps_t:     0 | t: 1.569261 | r:  -508.000000 | e:   1.000000 | Q:        nan | won: False 
