#    1 | steps:    11 | steps_t:     0 | t: 0.015946 | r:  -510.000000 | e:   1.000000 | Q:        nan | won: False 
#    2 | steps:    18 | steps_t:     0 | t: 0.018956 | r:  -506.000000 | e:   1.000000 | Q:        nan | won: False 
#    3 | steps:    27 | steps_t:     0 | t: 0.021910 | r:  -508.000000 | e:   1.000000 | Q:        nan | won: False 
#    4 | steps:    41 | steps_t:     0 | t: 0.025925 | r:  -513.000000 | e:   1.000000 | Q:        nan | won: False 
#    5 | steps:    54 | steps_t:     0 | t: 0.029911 | r:  -512.000000 | e:   1.000000 | Q:        nan | won: False 
#    6 | steps:    63 | steps_t:     0 | t: 0.034927 | r:  -508.000000 | e:   1.000000 | Q:        nan | won: False 
#    7 | steps:    73 | steps_t:     0 | t: 0.036898 | r:  -509.000000 | e:   1.000000 | Q:        nan | won: False 
#    8 | steps:    83 | steps_t:     0 | t: 0.040875 | r:  -509.000000 | e:   1.000000 | Q:        nan | won: False 
#    9 | steps:    97 | steps_t:     0 | t: 0.044866 | r:  -513.000000 | e:   1.000000 | Q:        nan | won: False 
#   10 | steps:   107 | steps_t:     0 | t: 0.047852 | r:  -509.000000 | e:   1.000000 | Q:        nan | won: False 
#   11 | steps:   116 | steps_t:     0 | t: 0.049847 | r:  -508.000000 | e:   1.000000 | Q:        nan | won: False 
#   12 | steps:   125 | steps_t:     0 | t: 0.052834 | r:  -508.000000 | e:   1.000000 | Q:        nan | won: False 
#   13 | steps:   138 | steps_t:     0 | t: 0.056821 | r:  -512.000000 | e:   1.000000 | Q:        nan | won: False 
#   14 | steps:   144 | steps_t:     0 | t: 0.058816 | r:  -505.000000 | e:   1.000000 | Q:        nan | won: False 
#   15 | steps:   150 | steps_t:     0 | t: 0.060807 | r:  -505.000000 | e:   1.000000 | Q:        nan | won: False 
#   16 | steps:   159 | steps_t:     0 | t: 0.063823 | r:  -508.000000 | e:   1.000000 | Q:        nan | won: False 
#   17 | steps:   169 | steps_t:     0 | t: 0.066789 | r:  -509.000000 | e:   1.000000 | Q:        nan | won: False 
#   18 | steps:   176 | steps_t:     0 | t: 0.068780 | r:  -506.000000 | e:   1.000000 | Q:        nan | won: False 
#   19 | steps:   185 | steps_t:     0 | t: 0.071724 | r:  -508.000000 | e:   1.000000 | Q:        nan | won: False 
#   20 | steps:   192 | steps_t:     0 | t: 0.074760 | r:  -506.000000 | e:   1.000000 | Q:        nan | won: False 
#   21 | steps:   199 | steps_t:     0 | t: 0.076758 | r:  -506.000000 | e:   1.000000 | Q:        nan | won: False 
#   22 | steps:   208 | steps_t:     0 | t: 0.080694 | r:  -508.000000 | e:   1.000000 | Q:        nan | won: False 
#   23 | steps:   214 | steps_t:     0 | t: 0.082137 | r:  -505.000000 | e:   1.000000 | Q:        nan | won: False 
#   24 | steps:   222 | steps_t:     0 | t: 0.085116 | r:  -507.000000 | e:   1.000000 | Q:        nan | won: False 
#   25 | steps:   229 | steps_t:     0 | t: 0.087109 | r:  -506.000000 | e:   1.000000 | Q:        nan | won: False 
#   26 | steps:   247 | steps_t:     0 | t: 0.092096 | r:  -517.000000 | e:   1.000000 | Q:        nan | won: False 
#   27 | steps:   254 | steps_t:     0 | t: 0.095096 | r:  -506.000000 | e:   1.000000 | Q:        nan | won: False 
#   28 | steps:   263 | steps_t:     0 | t: 0.098072 | r:  -508.000000 | e:   1.000000 | Q:        nan | won: False 
#   29 | steps:   270 | steps_t:     0 | t: 0.100070 | r:  -506.000000 | e:   1.000000 | Q:        nan | won: False 
#   30 | steps:   280 | steps_t:     0 | t: 0.103064 | r:  -509.000000 | e:   1.000000 | Q:        nan | won: False 
#   31 | steps:   295 | steps_t:     0 | t: 0.108042 | r:  -492.000000 | e:   1.000000 | Q:        nan | won: False 
#   32 | steps:   302 | steps_t:     0 | t: 0.111030 | r:  -506.000000 | e:   1.000000 | Q:        nan | won: False 
#   33 | steps:   320 | steps_t:     0 | t: 0.115044 | r:  -517.000000 | e:   1.000000 | Q:        nan | won: False 
#   34 | steps:   327 | steps_t:     0 | t: 0.117009 | r:  -506.000000 | e:   1.000000 | Q:        nan | won: False 
#   35 | steps:   334 | steps_t:     0 | t: 0.119004 | r:  -506.000000 | e:   1.000000 | Q:        nan | won: False 
#   36 | steps:   341 | steps_t:     0 | t: 0.121947 | r:  -506.000000 | e:   1.000000 | Q:        nan | won: False 
#   37 | steps:   349 | steps_t:     0 | t: 0.124981 | r:  -507.000000 | e:   1.000000 | Q:        nan | won: False 
#   38 | steps:   361 | steps_t:     0 | t: 0.128987 | r:  -511.000000 | e:   1.000000 | Q:        nan | won: False 
#   39 | steps:   369 | steps_t:     0 | t: 0.130981 | r:  -507.000000 | e:   1.000000 | Q:        nan | won: False 
#   40 | steps:   385 | steps_t:     0 | t: 0.135972 | r:  -515.000000 | e:   1.000000 | Q:        nan | won: False 
#   41 | steps:   391 | steps_t:     0 | t: 0.137956 | r:  -505.000000 | e:   1.000000 | Q:        nan | won: False 
#   42 | steps:   400 | steps_t:     0 | t: 0.140882 | r:  -508.000000 | e:   1.000000 | Q:        nan | won: False 
#   43 | steps:   415 | steps_t:     0 | t: 0.144940 | r:  -492.000000 | e:   1.000000 | Q:        nan | won: False 
#   44 | steps:   423 | steps_t:     0 | t: 0.147940 | r:  -507.000000 | e:   1.000000 | Q:        nan | won: False 
#   45 | steps:   431 | steps_t:     0 | t: 0.149935 | r:  -507.000000 | e:   1.000000 | Q:        nan | won: False 
#   46 | steps:   439 | steps_t:     0 | t: 0.152919 | r:  -507.000000 | e:   1.000000 | Q:        nan | won: False 
#   47 | steps:   459 | steps_t:     0 | t: 0.158895 | r:  -519.000000 | e:   1.000000 | Q:        nan | won: False 
#   48 | steps:   471 | steps_t:     0 | t: 0.161860 | r:  -511.000000 | e:   1.000000 | Q:        nan | won: False 
#   49 | steps:   478 | steps_t:     0 | t: 0.164850 | r:  -506.000000 | e:   1.000000 | Q:        nan | won: False 
#   50 | steps:   492 | steps_t:     0 | t: 0.167839 | r:  -513.000000 | e:   1.000000 | Q:        nan | won: False 
#   51 | steps:   504 | steps_t:     0 | t: 0.171780 | r:  -511.000000 | e:   1.000000 | Q:        nan | won: False 
#   52 | steps:   510 | steps_t:     0 | t: 0.173815 | r:  -505.000000 | e:   1.000000 | Q:        nan | won: False 
#   53 | steps:   516 | steps_t:     0 | t: 0.176832 | r:  -505.000000 | e:   1.000000 | Q:        nan | won: False 
#   54 | steps:   525 | steps_t:     0 | t: 0.179824 | r:  -508.000000 | e:   1.000000 | Q:        nan | won: False 
#   55 | steps:   533 | steps_t:     0 | t: 0.181817 | r:  -507.000000 | e:   1.000000 | Q:        nan | won: False 
#   56 | steps:   544 | steps_t:     0 | t: 0.184809 | r:  -510.000000 | e:   1.000000 | Q:        nan | won: False 
#   57 | steps:   554 | steps_t:     0 | t: 0.188780 | r:  -509.000000 | e:   1.000000 | Q:        nan | won: False 
#   58 | steps:   563 | steps_t:     0 | t: 0.191763 | r:  -508.000000 | e:   1.000000 | Q:        nan | won: False 
#   59 | steps:   575 | steps_t:     0 | t: 0.195769 | r:  -511.000000 | e:   1.000000 | Q:        nan | won: False 
#   60 | steps:   585 | steps_t:     0 | t: 0.198760 | r:  -509.000000 | e:   1.000000 | Q:        nan | won: False 
#   61 | steps:   590 | steps_t:     0 | t: 0.200757 | r:  -504.000000 | e:   1.000000 | Q:        nan | won: False 
#   62 | steps:   600 | steps_t:     0 | t: 0.203743 | r:  -509.000000 | e:   1.000000 | Q:        nan | won: False 
#   63 | steps:   612 | steps_t:     0 | t: 0.207726 | r:  -511.000000 | e:   1.000000 | Q:        nan | won: False 
#   64 | steps:   624 | steps_t:     0 | t: 0.210724 | r:  -511.000000 | e:   1.000000 | Q:        nan | won: False 
#   65 | steps:   633 | steps_t:     0 | t: 0.213707 | r:  -508.000000 | e:   1.000000 | Q:        nan | won: False 
#   66 | steps:   640 | steps_t:     0 | t: 0.215698 | r:  -506.000000 | e:   1.000000 | Q:        nan | won: False 
#   67 | steps:   649 | steps_t:     0 | t: 0.218696 | r:  -508.000000 | e:   1.000000 | Q:        nan | won: False 
#   68 | steps:   656 | steps_t:     0 | t: 0.220679 | r:  -506.000000 | e:   1.000000 | Q:        nan | won: False 
#   69 | steps:   666 | steps_t:     0 | t: 0.224668 | r:  -509.000000 | e:   1.000000 | Q:        nan | won: False 
#   70 | steps:   677 | steps_t:     0 | t: 0.227644 | r:  -510.000000 | e:   1.000000 | Q:        nan | won: False 
#   71 | steps:   684 | steps_t:     0 | t: 0.229635 | r:  -506.000000 | e:   1.000000 | Q:        nan | won: False 
#   72 | steps:   694 | steps_t:     0 | t: 0.232720 | r:  -509.000000 | e:   1.000000 | Q:        nan | won: False 
#   73 | steps:   701 | steps_t:     0 | t: 0.234713 | r:  -506.000000 | e:   1.000000 | Q:        nan | won: False 
#   74 | steps:   708 | steps_t:     0 | t: 0.237598 | r:  -506.000000 | e:   1.000000 | Q:        nan | won: False 
#   75 | steps:   716 | steps_t:     0 | t: 0.240638 | r:  -507.000000 | e:   1.000000 | Q:        nan | won: False 
#   76 | steps:   723 | steps_t:     0 | t: 0.242636 | r:  -506.000000 | e:   1.000000 | Q:        nan | won: False 
#   77 | steps:   734 | steps_t:     0 | t: 0.245629 | r:  -510.000000 | e:   1.000000 | Q:        nan | won: False 
#   78 | steps:   743 | steps_t:     0 | t: 0.248611 | r:  -508.000000 | e:   1.000000 | Q:        nan | won: False 
#   79 | steps:   748 | steps_t:     0 | t: 0.249604 | r:  -504.000000 | e:   1.000000 | Q:        nan | won: False 
#   80 | steps:   753 | steps_t:     0 | t: 0.251598 | r:  -504.000000 | e:   1.000000 | Q:        nan | won: False 
#   81 | steps:   764 | steps_t:     0 | t: 0.255545 | r:  -510.000000 | e:   1.000000 | Q:        nan | won: False 
#   82 | steps:   773 | steps_t:     0 | t: 0.258578 | r:  -508.000000 | e:   1.000000 | Q:        nan | won: False 
#   83 | steps:   783 | steps_t:     0 | t: 0.261576 | r:  -509.000000 | e:   1.000000 | Q:        nan | won: False 
#   84 | steps:   789 | steps_t:     0 | t: 0.263560 | r:  -505.000000 | e:   1.000000 | Q:        nan | won: False 
#   85 | steps:   798 | steps_t:     0 | t: 0.266552 | r:  -508.000000 | e:   1.000000 | Q:        nan | won: False 
#   86 | steps:   812 | steps_t:     0 | t: 0.269543 | r:  -513.000000 | e:   1.000000 | Q:        nan | won: False 
#   87 | steps:   819 | steps_t:     0 | t: 0.272522 | r:  -506.000000 | e:   1.000000 | Q:        nan | won: False 
#   88 | steps:   839 | steps_t:     0 | t: 0.277517 | r:  -519.000000 | e:   1.000000 | Q:        nan | won: False 
#   89 | steps:   855 | steps_t:     0 | t: 0.281502 | r:  -515.000000 | e:   1.000000 | Q:        nan | won: False 
#   90 | steps:   862 | steps_t:     0 | t: 0.284512 | r:  -506.000000 | e:   1.000000 | Q:        nan | won: False 
#   91 | steps:   870 | steps_t:     0 | t: 0.287488 | r:  -507.000000 | e:   1.000000 | Q:        nan | won: False 
#   92 | steps:   883 | steps_t:     0 | t: 0.290466 | r:  -512.000000 | e:   1.000000 | Q:        nan | won: False 
#   93 | steps:   891 | steps_t:     0 | t: 0.293461 | r:  -507.000000 | e:   1.000000 | Q:        nan | won: False 
#   94 | steps:   903 | steps_t:     0 | t: 0.296447 | r:  -511.000000 | e:   1.000000 | Q:        nan | won: False 
#   95 | steps:   914 | steps_t:     0 | t: 0.300391 | r:  -510.000000 | e:   1.000000 | Q:        nan | won: False 
#   96 | steps:   921 | steps_t:     0 | t: 0.302384 | r:  -506.000000 | e:   1.000000 | Q:        nan | won: False 
#   97 | steps:   930 | steps_t:     0 | t: 0.306371 | r:  -508.000000 | e:   1.000000 | Q:        nan | won: False 
#   98 | steps:   937 | steps_t:     0 | t: 0.308364 | r:  -506.000000 | e:   1.000000 | Q:        nan | won: False 
#   99 | steps:   948 | steps_t:     0 | t: 0.312351 | r:  -510.000000 | e:   1.000000 | Q:        nan | won: False 
#  100 | steps:   960 | steps_t:     0 | t: 0.315340 | r:  -511.000000 | e:   1.000000 | Q:        nan | won: False 
#  101 | steps:   969 | steps_t:     0 | t: 0.318331 | r:  -508.000000 | e:   1.000000 | Q:        nan | won: False 
#  102 | steps:   983 | steps_t:     0 | t: 0.323357 | r:  -513.000000 | e:   1.000000 | Q:        nan | won: False 
#  103 | steps:  1001 | steps_t:     0 | t: 0.327355 | r:  -517.000000 | e:   1.000000 | Q:        nan | won: False 
#  104 | steps:  1022 | steps_t:     0 | t: 0.336043 | r:  -520.000000 | e:   1.000000 | Q:        nan | won: False 
#  105 | steps:  1034 | steps_t:     0 | t: 0.340000 | r:  -511.000000 | e:   1.000000 | Q:        nan | won: False 
#  106 | steps:  1053 | steps_t:     0 | t: 0.344983 | r:  -518.000000 | e:   1.000000 | Q:        nan | won: False 
#  107 | steps:  1066 | steps_t:     0 | t: 0.349025 | r:  -512.000000 | e:   1.000000 | Q:        nan | won: False 
#  108 | steps:  1073 | steps_t:     0 | t: 0.351007 | r:  -506.000000 | e:   1.000000 | Q:        nan | won: False 
#  109 | steps:  1082 | steps_t:     0 | t: 0.354005 | r:  -508.000000 | e:   1.000000 | Q:        nan | won: False 
#  110 | steps:  1092 | steps_t:     0 | t: 0.357983 | r:  -509.000000 | e:   1.000000 | Q:        nan | won: False 
#  111 | steps:  1104 | steps_t:     0 | t: 0.360987 | r:  -511.000000 | e:   1.000000 | Q:        nan | won: False 
#  112 | steps:  1144 | steps_t:     0 | t: 0.369947 | r:  -539.000000 | e:   1.000000 | Q:        nan | won: False 
#  113 | steps:  1151 | steps_t:     0 | t: 0.373026 | r:  -506.000000 | e:   1.000000 | Q:        nan | won: False 
#  114 | steps:  1167 | steps_t:     0 | t: 0.376924 | r:  -515.000000 | e:   1.000000 | Q:        nan | won: False 
#  115 | steps:  1178 | steps_t:     0 | t: 0.380942 | r:  -510.000000 | e:   1.000000 | Q:        nan | won: False 
#  116 | steps:  1190 | steps_t:     0 | t: 0.385037 | r:  -511.000000 | e:   1.000000 | Q:        nan | won: False 
#  117 | steps:  1196 | steps_t:     0 | t: 0.386411 | r:  -505.000000 | e:   1.000000 | Q:        nan | won: False 
#  118 | steps:  1219 | steps_t:     0 | t: 0.392394 | r:  -522.000000 | e:   1.000000 | Q:        nan | won: False 
#  119 | steps:  1226 | steps_t:     0 | t: 0.395386 | r:  -506.000000 | e:   1.000000 | Q:        nan | won: False 
#  120 | steps:  1237 | steps_t:     0 | t: 0.398379 | r:  -510.000000 | e:   1.000000 | Q:        nan | won: False 
#  121 | steps:  1243 | steps_t:     0 | t: 0.400365 | r:  -505.000000 | e:   1.000000 | Q:        nan | won: False 
#  122 | steps:  1249 | steps_t:     0 | t: 0.402362 | r:  -505.000000 | e:   1.000000 | Q:        nan | won: False 
#  123 | steps:  1260 | steps_t:     0 | t: 0.405302 | r:  -510.000000 | e:   1.000000 | Q:        nan | won: False 
#  124 | steps:  1271 | steps_t:     0 | t: 0.409339 | r:  -510.000000 | e:   1.000000 | Q:        nan | won: False 
#  125 | steps:  1280 | steps_t:     0 | t: 0.412344 | r:  -508.000000 | e:   1.000000 | Q:        nan | won: False 
#  126 | steps:  1289 | steps_t:     0 | t: 0.415322 | r:  -508.000000 | e:   1.000000 | Q:        nan | won: False 
#  127 | steps:  1302 | steps_t:     0 | t: 0.418310 | r:  -512.000000 | e:   1.000000 | Q:        nan | won: False 
#  128 | steps:  1315 | steps_t:     0 | t: 0.422288 | r:  -512.000000 | e:   1.000000 | Q:        nan | won: False 
#  129 | steps:  1331 | steps_t:     0 | t: 0.429073 | r:  -504.000000 | e:   1.000000 | Q:        nan | won: False 
#  130 | steps:  1340 | steps_t:     0 | t: 0.432016 | r:  -508.000000 | e:   1.000000 | Q:        nan | won: False 
#  131 | steps:  1349 | steps_t:     0 | t: 0.434009 | r:  -508.000000 | e:   1.000000 | Q:        nan | won: False 
#  132 | steps:  1370 | steps_t:     0 | t: 0.439984 | r:  -520.000000 | e:   1.000000 | Q:        nan | won: False 
#  133 | steps:  1380 | steps_t:     0 | t: 0.442999 | r:  -509.000000 | e:   1.000000 | Q:        nan | won: False 
#  134 | steps:  1401 | steps_t:     0 | t: 0.448981 | r:  -520.000000 | e:   1.000000 | Q:        nan | won: False 
#  135 | steps:  1411 | steps_t:     0 | t: 0.450953 | r:  -509.000000 | e:   1.000000 | Q:        nan | won: False 
#  136 | steps:  1421 | steps_t:     0 | t: 0.453945 | r:  -509.000000 | e:   1.000000 | Q:        nan | won: False 
#  137 | steps:  1428 | steps_t:     0 | t: 0.456929 | r:  -506.000000 | e:   1.000000 | Q:        nan | won: False 
#  138 | steps:  1438 | steps_t:     0 | t: 0.459948 | r:  -509.000000 | e:   1.000000 | Q:        nan | won: False 
#  139 | steps:  1445 | steps_t:     0 | t: 0.461916 | r:  -506.000000 | e:   1.000000 | Q:        nan | won: False 
#  140 | steps:  1455 | steps_t:     0 | t: 0.464905 | r:  -509.000000 | e:   1.000000 | Q:        nan | won: False 
#  141 | steps:  1464 | steps_t:     0 | t: 0.467907 | r:  -508.000000 | e:   1.000000 | Q:        nan | won: False 
#  142 | steps:  1472 | steps_t:     0 | t: 0.469882 | r:  -507.000000 | e:   1.000000 | Q:        nan | won: False 
#  143 | steps:  1478 | steps_t:     0 | t: 0.471894 | r:  -505.000000 | e:   1.000000 | Q:        nan | won: False 
#  144 | steps:  1486 | steps_t:     0 | t: 0.474983 | r:  -507.000000 | e:   1.000000 | Q:        nan | won: False 
#  145 | steps:  1494 | steps_t:     0 | t: 0.477983 | r:  -507.000000 | e:   1.000000 | Q:        nan | won: False 
#  146 | steps:  1501 | steps_t:     0 | t: 0.479956 | r:  -506.000000 | e:   1.000000 | Q:        nan | won: False 
#  147 | steps:  1509 | steps_t:     0 | t: 0.481937 | r:  -507.000000 | e:   1.000000 | Q:        nan | won: False 
#  148 | steps:  1519 | steps_t:     0 | t: 0.484941 | r:  -509.000000 | e:   1.000000 | Q:        nan | won: False 
#  149 | steps:  1531 | steps_t:     0 | t: 0.488946 | r:  -511.000000 | e:   1.000000 | Q:        nan | won: False 
#  150 | steps:  1540 | steps_t:     0 | t: 0.491936 | r:  -508.000000 | e:   1.000000 | Q:        nan | won: False 
#  151 | steps:  1548 | steps_t:     0 | t: 0.493903 | r:  -507.000000 | e:   1.000000 | Q:        nan | won: False 
#  152 | steps:  1557 | steps_t:     0 | t: 0.496915 | r:  -508.000000 | e:   1.000000 | Q:        nan | won: False 
#  153 | steps:  1565 | steps_t:     0 | t: 0.498889 | r:  -507.000000 | e:   1.000000 | Q:        nan | won: False 
#  154 | steps:  1579 | steps_t:     0 | t: 0.502869 | r:  -513.000000 | e:   1.000000 | Q:        nan | won: False 
#  155 | steps:  1587 | steps_t:     0 | t: 0.505878 | r:  -507.000000 | e:   1.000000 | Q:        nan | won: False 
#  156 | steps:  1592 | steps_t:     0 | t: 0.507878 | r:  -504.000000 | e:   1.000000 | Q:        nan | won: False 
#  157 | steps:  1602 | steps_t:     0 | t: 0.510859 | r:  -509.000000 | e:   1.000000 | Q:        nan | won: False 
#  158 | steps:  1609 | steps_t:     0 | t: 0.512834 | r:  -506.000000 | e:   1.000000 | Q:        nan | won: False 
#  159 | steps:  1617 | steps_t:     0 | t: 0.515825 | r:  -507.000000 | e:   1.000000 | Q:        nan | won: False 
#  160 | steps:  1638 | steps_t:     0 | t: 0.520813 | r:  -520.000000 | e:   1.000000 | Q:        nan | won: False 
#  161 | steps:  1648 | steps_t:     0 | t: 0.524752 | r:  -509.000000 | e:   1.000000 | Q:        nan | won: False 
#  162 | steps:  1661 | steps_t:     0 | t: 0.528741 | r:  -512.000000 | e:   1.000000 | Q:        nan | won: False 
#  163 | steps:  1680 | steps_t:     0 | t: 0.532728 | r:  -518.000000 | e:   1.000000 | Q:        nan | won: False 
#  164 | steps:  1694 | steps_t:     0 | t: 0.537712 | r:  -513.000000 | e:   1.000000 | Q:        nan | won: False 
#  165 | steps:  1700 | steps_t:     0 | t: 0.539744 | r:  -505.000000 | e:   1.000000 | Q:        nan | won: False 
#  166 | steps:  1718 | steps_t:     0 | t: 0.544745 | r:  -517.000000 | e:   1.000000 | Q:        nan | won: False 
#  167 | steps:  1725 | steps_t:     0 | t: 0.546727 | r:  -506.000000 | e:   1.000000 | Q:        nan | won: False 
#  168 | steps:  1737 | steps_t:     0 | t: 0.550719 | r:  -511.000000 | e:   1.000000 | Q:        nan | won: False 
#  169 | steps:  1744 | steps_t:     0 | t: 0.552701 | r:  -506.000000 | e:   1.000000 | Q:        nan | won: False 
#  170 | steps:  1753 | steps_t:     0 | t: 0.555702 | r:  -508.000000 | e:   1.000000 | Q:        nan | won: False 
#  171 | steps:  1764 | steps_t:     0 | t: 0.558681 | r:  -510.000000 | e:   1.000000 | Q:        nan | won: False 
#  172 | steps:  1772 | steps_t:     0 | t: 0.560674 | r:  -507.000000 | e:   1.000000 | Q:        nan | won: False 
#  173 | steps:  1783 | steps_t:     0 | t: 0.563667 | r:  -510.000000 | e:   1.000000 | Q:        nan | won: False 
#  174 | steps:  1795 | steps_t:     0 | t: 0.567611 | r:  -511.000000 | e:   1.000000 | Q:        nan | won: False 
#  175 | steps:  1823 | steps_t:     0 | t: 0.575582 | r:  -516.000000 | e:   1.000000 | Q:        nan | won: False 
#  176 | steps:  1832 | steps_t:     0 | t: 0.577578 | r:  -508.000000 | e:   1.000000 | Q:        nan | won: False 
#  177 | steps:  1847 | steps_t:     0 | t: 0.581564 | r:  -514.000000 | e:   1.000000 | Q:        nan | won: False 
#  178 | steps:  1854 | steps_t:     0 | t: 0.584620 | r:  -506.000000 | e:   1.000000 | Q:        nan | won: False 
#  179 | steps:  1863 | steps_t:     0 | t: 0.586596 | r:  -508.000000 | e:   1.000000 | Q:        nan | won: False 
#  180 | steps:  1875 | steps_t:     0 | t: 0.591577 | r:  -511.000000 | e:   1.000000 | Q:        nan | won: False 
#  181 | steps:  1893 | steps_t:     0 | t: 0.595573 | r:  -517.000000 | e:   1.000000 | Q:        nan | won: False 
#  182 | steps:  1901 | steps_t:     0 | t: 0.599543 | r:  -507.000000 | e:   1.000000 | Q:        nan | won: False 
#  183 | steps:  1912 | steps_t:     0 | t: 0.602556 | r:  -510.000000 | e:   1.000000 | Q:        nan | won: False 
#  184 | steps:  1925 | steps_t:     0 | t: 0.607539 | r:  -512.000000 | e:   1.000000 | Q:        nan | won: False 
#  185 | steps:  1932 | steps_t:     0 | t: 0.609522 | r:  -506.000000 | e:   1.000000 | Q:        nan | won: False 
#  186 | steps:  1944 | steps_t:     0 | t: 0.612516 | r:  -511.000000 | e:   1.000000 | Q:        nan | won: False 
#  187 | steps:  1950 | steps_t:     0 | t: 0.614522 | r:  -505.000000 | e:   1.000000 | Q:        nan | won: False 
#  188 | steps:  1957 | steps_t:     0 | t: 0.617489 | r:  -506.000000 | e:   1.000000 | Q:        nan | won: False 
#  189 | steps:  1977 | steps_t:     0 | t: 0.622512 | r:  -508.000000 | e:   1.000000 | Q:        nan | won: False 
#  190 | steps:  1984 | steps_t:     0 | t: 0.624461 | r:  -506.000000 | e:   1.000000 | Q:        nan | won: False 
#  191 | steps:  1992 | steps_t:     0 | t: 0.627462 | r:  -507.000000 | e:   1.000000 | Q:        nan | won: False 
#  192 | steps:  2001 | steps_t:     0 | t: 0.629455 | r:  -508.000000 | e:   1.000000 | Q:        nan | won: False 
#  193 | steps:  2007 | steps_t:     0 | t: 0.631431 | r:  -505.000000 | e:   1.000000 | Q:        nan | won: False 
#  194 | steps:  2017 | steps_t:     0 | t: 0.634440 | r:  -509.000000 | e:   1.000000 | Q:        nan | won: False 
#  195 | steps:  2031 | steps_t:     0 | t: 0.638374 | r:  -513.000000 | e:   1.000000 | Q:        nan | won: False 
#  196 | steps:  2041 | steps_t:     0 | t: 0.641424 | r:  -509.000000 | e:   1.000000 | Q:        nan | won: False 
#  197 | steps:  2049 | steps_t:     0 | t: 0.643397 | r:  -507.000000 | e:   1.000000 | Q:        nan | won: False 
#  198 | steps:  2057 | steps_t:     0 | t: 0.647098 | r:  -507.000000 | e:   1.000000 | Q:        nan | won: False 
#  199 | steps:  2065 | steps_t:     0 | t: 0.649143 | r:  -507.000000 | e:   1.000000 | Q:        nan | won: False 
#  200 | steps:  2085 | steps_t:     0 | t: 0.654126 | r:  -519.000000 | e:   1.000000 | Q:        nan | won: False 
#  201 | steps:  2092 | steps_t:     0 | t: 0.656231 | r:  -506.000000 | e:   1.000000 | Q:        nan | won: False 
#  202 | steps:  2103 | steps_t:     0 | t: 0.720903 | r:  -510.000000 | e:   1.000000 | Q:        nan | won: False 
#  203 | steps:  2115 | steps_t:     0 | t: 0.724844 | r:  -511.000000 | e:   1.000000 | Q:        nan | won: False 
#  204 | steps:  2126 | steps_t:     0 | t: 0.728896 | r:  -510.000000 | e:   1.000000 | Q:        nan | won: False 
#  205 | steps:  2137 | steps_t:     0 | t: 0.731896 | r:  -510.000000 | e:   1.000000 | Q:        nan | won: False 
#  206 | steps:  2144 | steps_t:     0 | t: 0.733860 | r:  -506.000000 | e:   1.000000 | Q:        nan | won: False 
#  207 | steps:  2152 | steps_t:     0 | t: 0.736854 | r:  -507.000000 | e:   1.000000 | Q:        nan | won: False 
#  208 | steps:  2171 | steps_t:     0 | t: 0.741837 | r:  -518.000000 | e:   1.000000 | Q:        nan | won: False 
#  209 | steps:  2178 | steps_t:     0 | t: 0.743829 | r:  -506.000000 | e:   1.000000 | Q:        nan | won: False 
#  210 | steps:  2185 | steps_t:     0 | t: 0.745816 | r:  -506.000000 | e:   1.000000 | Q:        nan | won: False 
#  211 | steps:  2192 | steps_t:     0 | t: 0.747805 | r:  -506.000000 | e:   1.000000 | Q:        nan | won: False 
#  212 | steps:  2206 | steps_t:     0 | t: 0.751803 | r:  -513.000000 | e:   1.000000 | Q:        nan | won: False 
#  213 | steps:  2212 | steps_t:     0 | t: 0.753800 | r:  -505.000000 | e:   1.000000 | Q:        nan | won: False 
#  214 | steps:  2221 | steps_t:     0 | t: 0.756798 | r:  -508.000000 | e:   1.000000 | Q:        nan | won: False 
#  215 | steps:  2233 | steps_t:     0 | t: 0.760788 | r:  -511.000000 | e:   1.000000 | Q:        nan | won: False 
#  216 | steps:  2243 | steps_t:     0 | t: 0.763764 | r:  -509.000000 | e:   1.000000 | Q:        nan | won: False 
#  217 | steps:  2250 | steps_t:     0 | t: 0.765760 | r:  -506.000000 | e:   1.000000 | Q:        nan | won: False 
#  218 | steps:  2259 | steps_t:     0 | t: 0.768749 | r:  -508.000000 | e:   1.000000 | Q:        nan | won: False 
#  219 | steps:  2266 | steps_t:     0 | t: 0.770737 | r:  -506.000000 | e:   1.000000 | Q:        nan | won: False 
#  220 | steps:  2281 | steps_t:     0 | t: 0.775049 | r:  -514.000000 | e:   1.000000 | Q:        nan | won: False 
#  221 | steps:  2300 | steps_t:     0 | t: 0.780034 | r:  -507.000000 | e:   1.000000 | Q:        nan | won: False 
#  222 | steps:  2319 | steps_t:     0 | t: 0.784023 | r:  -518.000000 | e:   1.000000 | Q:        nan | won: False 
#  223 | steps:  2330 | steps_t:     0 | t: 0.787990 | r:  -510.000000 | e:   1.000000 | Q:        nan | won: False 
#  224 | steps:  2343 | steps_t:     0 | t: 0.791991 | r:  -512.000000 | e:   1.000000 | Q:        nan | won: False 
#  225 | steps:  2349 | steps_t:     0 | t: 0.793972 | r:  -505.000000 | e:   1.000000 | Q:        nan | won: False 
#  226 | steps:  2379 | steps_t:     0 | t: 0.800962 | r:  -529.000000 | e:   1.000000 | Q:        nan | won: False 
#  227 | steps:  2386 | steps_t:     0 | t: 0.802941 | r:  -506.000000 | e:   1.000000 | Q:        nan | won: False 
#  228 | steps:  2408 | steps_t:     0 | t: 0.809878 | r:  -521.000000 | e:   1.000000 | Q:        nan | won: False 
#  229 | steps:  2425 | steps_t:     0 | t: 0.814861 | r:  -516.000000 | e:   1.000000 | Q:        nan | won: False 
#  230 | steps:  2439 | steps_t:     0 | t: 0.818848 | r:  -513.000000 | e:   1.000000 | Q:        nan | won: False 
#  231 | steps:  2445 | steps_t:     0 | t: 0.820841 | r:  -505.000000 | e:   1.000000 | Q:        nan | won: False 
#  232 | steps:  2450 | steps_t:     0 | t: 0.822868 | r:  -504.000000 | e:   1.000000 | Q:        nan | won: False 
#  233 | steps:  2459 | steps_t:     0 | t: 0.825868 | r:  -508.000000 | e:   1.000000 | Q:        nan | won: False 
#  234 | steps:  2480 | steps_t:     0 | t: 0.831853 | r:  -520.000000 | e:   1.000000 | Q:        nan | won: False 
#  235 | steps:  2493 | steps_t:     0 | t: 0.834836 | r:  -512.000000 | e:   1.000000 | Q:        nan | won: False 
#  236 | steps:  2502 | steps_t:     0 | t: 0.838782 | r:  -508.000000 | e:   1.000000 | Q:        nan | won: False 
#  237 | steps:  2512 | steps_t:     0 | t: 0.841771 | r:  -509.000000 | e:   1.000000 | Q:        nan | won: False 
#  238 | steps:  2525 | steps_t:     0 | t: 0.845757 | r:  -512.000000 | e:   1.000000 | Q:        nan | won: False 
#  239 | steps:  2540 | steps_t:     0 | t: 0.849744 | r:  -514.000000 | e:   1.000000 | Q:        nan | won: False 
#  240 | steps:  2553 | steps_t:     0 | t: 0.853731 | r:  -512.000000 | e:   1.000000 | Q:        nan | won: False 
#  241 | steps:  2560 | steps_t:     0 | t: 0.856751 | r:  -506.000000 | e:   1.000000 | Q:        nan | won: False 
#  242 | steps:  2572 | steps_t:     0 | t: 0.859711 | r:  -511.000000 | e:   1.000000 | Q:        nan | won: False 
#  243 | steps:  2585 | steps_t:     0 | t: 0.863698 | r:  -512.000000 | e:   1.000000 | Q:        nan | won: False 
#  244 | steps:  2603 | steps_t:     0 | t: 0.868681 | r:  -517.000000 | e:   1.000000 | Q:        nan | won: False 
#  245 | steps:  2609 | steps_t:     0 | t: 0.869678 | r:  -505.000000 | e:   1.000000 | Q:        nan | won: False 
#  246 | steps:  2625 | steps_t:     0 | t: 0.874661 | r:  -515.000000 | e:   1.000000 | Q:        nan | won: False 
#  247 | steps:  2634 | steps_t:     0 | t: 0.877659 | r:  -508.000000 | e:   1.000000 | Q:        nan | won: False 
#  248 | steps:  2640 | steps_t:     0 | t: 0.879643 | r:  -505.000000 | e:   1.000000 | Q:        nan | won: False 
#  249 | steps:  2650 | steps_t:     0 | t: 0.882644 | r:  -509.000000 | e:   1.000000 | Q:        nan | won: False 
#  250 | steps:  2658 | steps_t:     0 | t: 0.885635 | r:  -507.000000 | e:   1.000000 | Q:        nan | won: False 
#  251 | steps:  2670 | steps_t:     0 | t: 0.888631 | r:  -511.000000 | e:   1.000000 | Q:        nan | won: False 
#  252 | steps:  2677 | steps_t:     0 | t: 0.891612 | r:  -506.000000 | e:   1.000000 | Q:        nan | won: False 
#  253 | steps:  2691 | steps_t:     0 | t: 0.894602 | r:  -502.000000 | e:   1.000000 | Q:        nan | won: False 
#  254 | steps:  2697 | steps_t:     0 | t: 0.896596 | r:  -505.000000 | e:   1.000000 | Q:        nan | won: False 
#  255 | steps:  2717 | steps_t:     0 | t: 0.901579 | r:  -519.000000 | e:   1.000000 | Q:        nan | won: False 
#  256 | steps:  2731 | steps_t:     0 | t: 0.905558 | r:  -513.000000 | e:   1.000000 | Q:        nan | won: False 
#  257 | steps:  2751 | steps_t:     0 | t: 0.910549 | r:  -519.000000 | e:   1.000000 | Q:        nan | won: False 
#  258 | steps:  2764 | steps_t:     0 | t: 0.913539 | r:  -512.000000 | e:   1.000000 | Q:        nan | won: False 
#  259 | steps:  2772 | steps_t:     0 | t: 0.916524 | r:  -507.000000 | e:   1.000000 | Q:        nan | won: False 
#  260 | steps:  2779 | steps_t:     0 | t: 0.919509 | r:  -506.000000 | e:   1.000000 | Q:        nan | won: False 
#  261 | steps:  2787 | steps_t:     0 | t: 0.921502 | r:  -507.000000 | e:   1.000000 | Q:        nan | won: False 
#  262 | steps:  2797 | steps_t:     0 | t: 0.924494 | r:  -509.000000 | e:   1.000000 | Q:        nan | won: False 
#  263 | steps:  2808 | steps_t:     0 | t: 0.927484 | r:  -510.000000 | e:   1.000000 | Q:        nan | won: False 
#  264 | steps:  2827 | steps_t:     0 | t: 0.932467 | r:  -518.000000 | e:   1.000000 | Q:        nan | won: False 
#  265 | steps:  2842 | steps_t:     0 | t: 0.936455 | r:  -503.000000 | e:   1.000000 | Q:        nan | won: False 
#  266 | steps:  2864 | steps_t:     0 | t: 0.941437 | r:  -521.000000 | e:   1.000000 | Q:        nan | won: False 
#  267 | steps:  2875 | steps_t:     0 | t: 0.945424 | r:  -510.000000 | e:   1.000000 | Q:        nan | won: False 
#  268 | steps:  2884 | steps_t:     0 | t: 0.947418 | r:  -508.000000 | e:   1.000000 | Q:        nan | won: False 
#  269 | steps:  2895 | steps_t:     0 | t: 0.951412 | r:  -510.000000 | e:   1.000000 | Q:        nan | won: False 
#  270 | steps:  2901 | steps_t:     0 | t: 0.952724 | r:  -505.000000 | e:   1.000000 | Q:        nan | won: False 
#  271 | steps:  2910 | steps_t:     0 | t: 0.955715 | r:  -508.000000 | e:   1.000000 | Q:        nan | won: False 
#  272 | steps:  2928 | steps_t:     0 | t: 0.960601 | r:  -506.000000 | e:   1.000000 | Q:        nan | won: False 
#  273 | steps:  2950 | steps_t:     0 | t: 0.965585 | r:  -521.000000 | e:   1.000000 | Q:        nan | won: False 
#  274 | steps:  2958 | steps_t:     0 | t: 0.968575 | r:  -507.000000 | e:   1.000000 | Q:        nan | won: False 
#  275 | steps:  2965 | steps_t:     0 | t: 0.970571 | r:  -506.000000 | e:   1.000000 | Q:        nan | won: False 
#  276 | steps:  2973 | steps_t:     0 | t: 0.973559 | r:  -507.000000 | e:   1.000000 | Q:        nan | won: False 
#  277 | steps:  2981 | steps_t:     0 | t: 0.975551 | r:  -507.000000 | e:   1.000000 | Q:        nan | won: False 
#  278 | steps:  2987 | steps_t:     0 | t: 0.977545 | r:  -505.000000 | e:   1.000000 | Q:        nan | won: False 
#  279 | steps:  2995 | steps_t:     0 | t: 0.979539 | r:  -507.000000 | e:   1.000000 | Q:        nan | won: False 
#  280 | steps:  3002 | steps_t:     0 | t: 0.981532 | r:  -506.000000 | e:   1.000000 | Q:        nan | won: False 
#  281 | steps:  3011 | steps_t:     0 | t: 0.984522 | r:  -508.000000 | e:   1.000000 | Q:        nan | won: False 
#  282 | steps:  3018 | steps_t:     0 | t: 0.986515 | r:  -506.000000 | e:   1.000000 | Q:        nan | won: False 
#  283 | steps:  3036 | steps_t:     0 | t: 0.991498 | r:  -517.000000 | e:   1.000000 | Q:        nan | won: False 
#  284 | steps:  3043 | steps_t:     0 | t: 0.993491 | r:  -506.000000 | e:   1.000000 | Q:        nan | won: False 
#  285 | steps:  3063 | steps_t:     0 | t: 0.998475 | r:  -519.000000 | e:   1.000000 | Q:        nan | won: False 
#  286 | steps:  3101 | steps_t:     0 | t: 1.008441 | r:  -537.000000 | e:   1.000000 | Q:        nan | won: False 
#  287 | steps:  3111 | steps_t:     0 | t: 1.011431 | r:  -509.000000 | e:   1.000000 | Q:        nan | won: False 
#  288 | steps:  3132 | steps_t:     0 | t: 1.016415 | r:  -520.000000 | e:   1.000000 | Q:        nan | won: False 
#  289 | steps:  3144 | steps_t:     0 | t: 1.019405 | r:  -511.000000 | e:   1.000000 | Q:        nan | won: False 
#  290 | steps:  3153 | steps_t:     0 | t: 1.022390 | r:  -508.000000 | e:   1.000000 | Q:        nan | won: False 
#  291 | steps:  3162 | steps_t:     0 | t: 1.025390 | r:  -508.000000 | e:   1.000000 | Q:        nan | won: False 
#  292 | steps:  3179 | steps_t:     0 | t: 1.029372 | r:  -516.000000 | e:   1.000000 | Q:        nan | won: False 
#  293 | steps:  3187 | steps_t:     0 | t: 1.032400 | r:  -507.000000 | e:   1.000000 | Q:        nan | won: False 
#  294 | steps:  3201 | steps_t:     0 | t: 1.035399 | r:  -513.000000 | e:   1.000000 | Q:        nan | won: False 
#  295 | steps:  3210 | steps_t:     0 | t: 1.038331 | r:  -508.000000 | e:   1.000000 | Q:        nan | won: False 
#  296 | steps:  3218 | steps_t:     0 | t: 1.041380 | r:  -507.000000 | e:   1.000000 | Q:        nan | won: False 
#  297 | steps:  3243 | steps_t:     0 | t: 1.048369 | r:  -524.000000 | e:   1.000000 | Q:        nan | won: False 
#  298 | steps:  3261 | steps_t:     0 | t: 1.053337 | r:  -517.000000 | e:   1.000000 | Q:        nan | won: False 
#  299 | steps:  3272 | steps_t:     0 | t: 1.056317 | r:  -510.000000 | e:   1.000000 | Q:        nan | won: False 
#  300 | steps:  3278 | steps_t:     0 | t: 1.058313 | r:  -505.000000 | e:   1.000000 | Q:        nan | won: False 
#  301 | steps:  3287 | steps_t:     0 | t: 1.061304 | r:  -508.000000 | e:   1.000000 | Q:        nan | won: False 
#  302 | steps:  3294 | steps_t:     0 | t: 1.063303 | r:  -506.000000 | e:   1.000000 | Q:        nan | won: False 
#  303 | steps:  3306 | steps_t:     0 | t: 1.066296 | r:  -511.000000 | e:   1.000000 | Q:        nan | won: False 
#  304 | steps:  3319 | steps_t:     0 | t: 1.070275 | r:  -512.000000 | e:   1.000000 | Q:        nan | won: False 
#  305 | steps:  3328 | steps_t:     0 | t: 1.073218 | r:  -508.000000 | e:   1.000000 | Q:        nan | won: False 
#  306 | steps:  3339 | steps_t:     0 | t: 1.076207 | r:  -510.000000 | e:   1.000000 | Q:        nan | won: False 
#  307 | steps:  3352 | steps_t:     0 | t: 1.080193 | r:  -512.000000 | e:   1.000000 | Q:        nan | won: False 
#  308 | steps:  3359 | steps_t:     0 | t: 1.082186 | r:  -506.000000 | e:   1.000000 | Q:        nan | won: False 
#  309 | steps:  3365 | steps_t:     0 | t: 1.084180 | r:  -505.000000 | e:   1.000000 | Q:        nan | won: False 
#  310 | steps:  3377 | steps_t:     0 | t: 1.087170 | r:  -511.000000 | e:   1.000000 | Q:        nan | won: False 
#  311 | steps:  3385 | steps_t:     0 | t: 1.090585 | r:  -507.000000 | e:   1.000000 | Q:        nan | won: False 
#  312 | steps:  3405 | steps_t:     0 | t: 1.095566 | r:  -519.000000 | e:   1.000000 | Q:        nan | won: False 
#  313 | steps:  3423 | steps_t:     0 | t: 1.100552 | r:  -517.000000 | e:   1.000000 | Q:        nan | won: False 
#  314 | steps:  3434 | steps_t:     0 | t: 1.102556 | r:  -510.000000 | e:   1.000000 | Q:        nan | won: False 
#  315 | steps:  3441 | steps_t:     0 | t: 1.105526 | r:  -506.000000 | e:   1.000000 | Q:        nan | won: False 
#  316 | steps:  3447 | steps_t:     0 | t: 1.107541 | r:  -505.000000 | e:   1.000000 | Q:        nan | won: False 
#  317 | steps:  3468 | steps_t:     0 | t: 1.113518 | r:  -520.000000 | e:   1.000000 | Q:        nan | won: False 
#  318 | steps:  3478 | steps_t:     0 | t: 1.115503 | r:  -509.000000 | e:   1.000000 | Q:        nan | won: False 
#  319 | steps:  3487 | steps_t:     0 | t: 1.118519 | r:  -508.000000 | e:   1.000000 | Q:        nan | won: False 
#  320 | steps:  3497 | steps_t:     0 | t: 1.121439 | r:  -509.000000 | e:   1.000000 | Q:        nan | won: False 
#  321 | steps:  3504 | steps_t:     0 | t: 1.124472 | r:  -506.000000 | e:   1.000000 | Q:        nan | won: False 
#  322 | steps:  3513 | steps_t:     0 | t: 1.126466 | r:  -508.000000 | e:   1.000000 | Q:        nan | won: False 
#  323 | steps:  3521 | steps_t:     0 | t: 1.129449 | r:  -507.000000 | e:   1.000000 | Q:        nan | won: False 
#  324 | steps:  3536 | steps_t:     0 | t: 1.132444 | r:  -514.000000 | e:   1.000000 | Q:        nan | won: False 
#  325 | steps:  3544 | steps_t:     0 | t: 1.135436 | r:  -507.000000 | e:   1.000000 | Q:        nan | won: False 
#  326 | steps:  3553 | steps_t:     0 | t: 1.138379 | r:  -508.000000 | e:   1.000000 | Q:        nan | won: False 
#  327 | steps:  3560 | steps_t:     0 | t: 1.141368 | r:  -506.000000 | e:   1.000000 | Q:        nan | won: False 
#  328 | steps:  3568 | steps_t:     0 | t: 1.143361 | r:  -507.000000 | e:   1.000000 | Q:        nan | won: False 
#  329 | steps:  3575 | steps_t:     0 | t: 1.145355 | r:  -506.000000 | e:   1.000000 | Q:        nan | won: False 
#  330 | steps:  3581 | steps_t:     0 | t: 1.147349 | r:  -505.000000 | e:   1.000000 | Q:        nan | won: False 
#  331 | steps:  3602 | steps_t:     0 | t: 1.153376 | r:  -520.000000 | e:   1.000000 | Q:        nan | won: False 
#  332 | steps:  3608 | steps_t:     0 | t: 1.156380 | r:  -505.000000 | e:   1.000000 | Q:        nan | won: False 
#  333 | steps:  3615 | steps_t:     0 | t: 1.159358 | r:  -506.000000 | e:   1.000000 | Q:        nan | won: False 
#  334 | steps:  3622 | steps_t:     0 | t: 1.162340 | r:  -506.000000 | e:   1.000000 | Q:        nan | won: False 
#  335 | steps:  3627 | steps_t:     0 | t: 1.163337 | r:  -504.000000 | e:   1.000000 | Q:        nan | won: False 
#  336 | steps:  3635 | steps_t:     0 | t: 1.166333 | r:  -507.000000 | e:   1.000000 | Q:        nan | won: False 
#  337 | steps:  3648 | steps_t:     0 | t: 1.169331 | r:  -512.000000 | e:   1.000000 | Q:        nan | won: False 
#  338 | steps:  3657 | steps_t:     0 | t: 1.173293 | r:  -508.000000 | e:   1.000000 | Q:        nan | won: False 
#  339 | steps:  3668 | steps_t:     0 | t: 1.176298 | r:  -510.000000 | e:   1.000000 | Q:        nan | won: False 
#  340 | steps:  3679 | steps_t:     0 | t: 1.179289 | r:  -510.000000 | e:   1.000000 | Q:        nan | won: False 
#  341 | steps:  3690 | steps_t:     0 | t: 1.182279 | r:  -510.000000 | e:   1.000000 | Q:        nan | won: False 
#  342 | steps:  3699 | steps_t:     0 | t: 1.185270 | r:  -508.000000 | e:   1.000000 | Q:        nan | won: False 
#  343 | steps:  3708 | steps_t:     0 | t: 1.188210 | r:  -508.000000 | e:   1.000000 | Q:        nan | won: False 
#  344 | steps:  3717 | steps_t:     0 | t: 1.191249 | r:  -508.000000 | e:   1.000000 | Q:        nan | won: False 
#  345 | steps:  3728 | steps_t:     0 | t: 1.194247 | r:  -510.000000 | e:   1.000000 | Q:        nan | won: False 
#  346 | steps:  3735 | steps_t:     0 | t: 1.196233 | r:  -506.000000 | e:   1.000000 | Q:        nan | won: False 
#  347 | steps:  3747 | steps_t:     0 | t: 1.200174 | r:  -511.000000 | e:   1.000000 | Q:        nan | won: False 
#  348 | steps:  3756 | steps_t:     0 | t: 1.202226 | r:  -508.000000 | e:   1.000000 | Q:        nan | won: False 
#  349 | steps:  3765 | steps_t:     0 | t: 1.206196 | r:  -508.000000 | e:   1.000000 | Q:        nan | won: False 
#  350 | steps:  3770 | steps_t:     0 | t: 1.208190 | r:  -504.000000 | e:   1.000000 | Q:        nan | won: False 
#  351 | steps:  3777 | steps_t:     0 | t: 1.210195 | r:  -506.000000 | e:   1.000000 | Q:        nan | won: False 
#  352 | steps:  3783 | steps_t:     0 | t: 1.212175 | r:  -505.000000 | e:   1.000000 | Q:        nan | won: False 
#  353 | steps:  3792 | steps_t:     0 | t: 1.214169 | r:  -508.000000 | e:   1.000000 | Q:        nan | won: False 
#  354 | steps:  3798 | steps_t:     0 | t: 1.216159 | r:  -505.000000 | e:   1.000000 | Q:        nan | won: False 
#  355 | steps:  3808 | steps_t:     0 | t: 1.219126 | r:  -509.000000 | e:   1.000000 | Q:        nan | won: False 
#  356 | steps:  3816 | steps_t:     0 | t: 1.222108 | r:  -507.000000 | e:   1.000000 | Q:        nan | won: False 
#  357 | steps:  3822 | steps_t:     0 | t: 1.224131 | r:  -505.000000 | e:   1.000000 | Q:        nan | won: False 
#  358 | steps:  3831 | steps_t:     0 | t: 1.227136 | r:  -508.000000 | e:   1.000000 | Q:        nan | won: False 
#  359 | steps:  3840 | steps_t:     0 | t: 1.229116 | r:  -508.000000 | e:   1.000000 | Q:        nan | won: False 
#  360 | steps:  3855 | steps_t:     0 | t: 1.233059 | r:  -514.000000 | e:   1.000000 | Q:        nan | won: False 
#  361 | steps:  3866 | steps_t:     0 | t: 1.237105 | r:  -510.000000 | e:   1.000000 | Q:        nan | won: False 
#  362 | steps:  3878 | steps_t:     0 | t: 1.240078 | r:  -511.000000 | e:   1.000000 | Q:        nan | won: False 
#  363 | steps:  3885 | steps_t:     0 | t: 1.243073 | r:  -506.000000 | e:   1.000000 | Q:        nan | won: False 
#  364 | steps:  3894 | steps_t:     0 | t: 1.245061 | r:  -508.000000 | e:   1.000000 | Q:        nan | won: False 
#  365 | steps:  3914 | steps_t:     0 | t: 1.250046 | r:  -519.000000 | e:   1.000000 | Q:        nan | won: False 
#  366 | steps:  3925 | steps_t:     0 | t: 1.253035 | r:  -510.000000 | e:   1.000000 | Q:        nan | won: False 
#  367 | steps:  3944 | steps_t:     0 | t: 1.259035 | r:  -518.000000 | e:   1.000000 | Q:        nan | won: False 
#  368 | steps:  3962 | steps_t:     0 | t: 1.263959 | r:  -517.000000 | e:   1.000000 | Q:        nan | won: False 
#  369 | steps:  3976 | steps_t:     0 | t: 1.267995 | r:  -513.000000 | e:   1.000000 | Q:        nan | won: False 
#  370 | steps:  3996 | steps_t:     0 | t: 1.272968 | r:  -519.000000 | e:   1.000000 | Q:        nan | won: False 
#  371 | steps:  4007 | steps_t:     0 | t: 1.276957 | r:  -510.000000 | e:   1.000000 | Q:        nan | won: False 
#  372 | steps:  4013 | steps_t:     0 | t: 1.277953 | r:  -505.000000 | e:   1.000000 | Q:        nan | won: False 
#  373 | steps:  4021 | steps_t:     0 | t: 1.280902 | r:  -507.000000 | e:   1.000000 | Q:        nan | won: False 
#  374 | steps:  4029 | steps_t:     0 | t: 1.282961 | r:  -507.000000 | e:   1.000000 | Q:        nan | won: False 
#  375 | steps:  4052 | steps_t:     0 | t: 1.289935 | r:  -522.000000 | e:   1.000000 | Q:        nan | won: False 
#  376 | steps:  4058 | steps_t:     0 | t: 1.291917 | r:  -505.000000 | e:   1.000000 | Q:        nan | won: False 
#  377 | steps:  4067 | steps_t:     0 | t: 1.294927 | r:  -508.000000 | e:   1.000000 | Q:        nan | won: False 
#  378 | steps:  4078 | steps_t:     0 | t: 1.297893 | r:  -510.000000 | e:   1.000000 | Q:        nan | won: False 
#  379 | steps:  4087 | steps_t:     0 | t: 1.300909 | r:  -508.000000 | e:   1.000000 | Q:        nan | won: False 
#  380 | steps:  4094 | steps_t:     0 | t: 1.302877 | r:  -506.000000 | e:   1.000000 | Q:        nan | won: False 
#  381 | steps:  4103 | steps_t:     0 | t: 1.305862 | r:  -508.000000 | e:   1.000000 | Q:        nan | won: False 
#  382 | steps:  4110 | steps_t:     0 | t: 1.307854 | r:  -506.000000 | e:   1.000000 | Q:        nan | won: False 
#  383 | steps:  4115 | steps_t:     0 | t: 1.309847 | r:  -504.000000 | e:   1.000000 | Q:        nan | won: False 
#  384 | steps:  4125 | steps_t:     0 | t: 1.312854 | r:  -509.000000 | e:   1.000000 | Q:        nan | won: False 
#  385 | steps:  4140 | steps_t:     0 | t: 1.317832 | r:  -503.000000 | e:   1.000000 | Q:        nan | won: False 
#  386 | steps:  4148 | steps_t:     0 | t: 1.319821 | r:  -507.000000 | e:   1.000000 | Q:        nan | won: False 
#  387 | steps:  4155 | steps_t:     0 | t: 1.322841 | r:  -506.000000 | e:   1.000000 | Q:        nan | won: False 
#  388 | steps:  4167 | steps_t:     0 | t: 1.326819 | r:  -511.000000 | e:   1.000000 | Q:        nan | won: False 
#  389 | steps:  4176 | steps_t:     0 | t: 1.329794 | r:  -508.000000 | e:   1.000000 | Q:        nan | won: False 
#  390 | steps:  4190 | steps_t:     0 | t: 1.333779 | r:  -513.000000 | e:   1.000000 | Q:        nan | won: False 
#  391 | steps:  4197 | steps_t:     0 | t: 1.335772 | r:  -506.000000 | e:   1.000000 | Q:        nan | won: False 
#  392 | steps:  4207 | steps_t:     0 | t: 1.338708 | r:  -509.000000 | e:   1.000000 | Q:        nan | won: False 
#  393 | steps:  4234 | steps_t:     0 | t: 1.346067 | r:  -526.000000 | e:   1.000000 | Q:        nan | won: False 
#  394 | steps:  4243 | steps_t:     0 | t: 1.349105 | r:  -508.000000 | e:   1.000000 | Q:        nan | won: False 
#  395 | steps:  4253 | steps_t:     0 | t: 1.352097 | r:  -509.000000 | e:   1.000000 | Q:        nan | won: False 
#  396 | steps:  4262 | steps_t:     0 | t: 1.355039 | r:  -508.000000 | e:   1.000000 | Q:        nan | won: False 
#  397 | steps:  4271 | steps_t:     0 | t: 1.358067 | r:  -508.000000 | e:   1.000000 | Q:        nan | won: False 
#  398 | steps:  4281 | steps_t:     0 | t: 1.361086 | r:  -509.000000 | e:   1.000000 | Q:        nan | won: False 
#  399 | steps:  4301 | steps_t:     0 | t: 1.367057 | r:  -519.000000 | e:   1.000000 | Q:        nan | won: False 
#  400 | steps:  4308 | steps_t:     0 | t: 1.369048 | r:  -506.000000 | e:   1.000000 | Q:        nan | won: False 
#  401 | steps:  4319 | steps_t:     0 | t: 1.371985 | r:  -510.000000 | e:   1.000000 | Q:        nan | won: False 
#  402 | steps:  4325 | steps_t:     0 | t: 1.374015 | r:  -505.000000 | e:   1.000000 | Q:        nan | won: False 
#  403 | steps:  4349 | steps_t:     0 | t: 1.380002 | r:  -523.000000 | e:   1.000000 | Q:        nan | won: False 
#  404 | steps:  4354 | steps_t:     0 | t: 1.381993 | r:  -504.000000 | e:   1.000000 | Q:        nan | won: False 
#  405 | steps:  4359 | steps_t:     0 | t: 1.382984 | r:  -504.000000 | e:   1.000000 | Q:        nan | won: False 
#  406 | steps:  4365 | steps_t:     0 | t: 1.384977 | r:  -505.000000 | e:   1.000000 | Q:        nan | won: False 
#  407 | steps:  4377 | steps_t:     0 | t: 1.388963 | r:  -511.000000 | e:   1.000000 | Q:        nan | won: False 
#  408 | steps:  4387 | steps_t:     0 | t: 1.391978 | r:  -509.000000 | e:   1.000000 | Q:        nan | won: False 
#  409 | steps:  4409 | steps_t:     0 | t: 1.397946 | r:  -521.000000 | e:   1.000000 | Q:        nan | won: False 
#  410 | steps:  4416 | steps_t:     0 | t: 1.399930 | r:  -506.000000 | e:   1.000000 | Q:        nan | won: False 
#  411 | steps:  4426 | steps_t:     0 | t: 1.402929 | r:  -509.000000 | e:   1.000000 | Q:        nan | won: False 
#  412 | steps:  4433 | steps_t:     0 | t: 1.404872 | r:  -506.000000 | e:   1.000000 | Q:        nan | won: False 
#  413 | steps:  4447 | steps_t:     0 | t: 1.408858 | r:  -513.000000 | e:   1.000000 | Q:        nan | won: False 
#  414 | steps:  4455 | steps_t:     0 | t: 1.411848 | r:  -507.000000 | e:   1.000000 | Q:        nan | won: False 
#  415 | steps:  4465 | steps_t:     0 | t: 1.414838 | r:  -509.000000 | e:   1.000000 | Q:        nan | won: False 
#  416 | steps:  4474 | steps_t:     0 | t: 1.416831 | r:  -508.000000 | e:   1.000000 | Q:        nan | won: False 
#  417 | steps:  4483 | steps_t:     0 | t: 1.419821 | r:  -508.000000 | e:   1.000000 | Q:        nan | won: False 
#  418 | steps:  4497 | steps_t:     0 | t: 1.423808 | r:  -513.000000 | e:   1.000000 | Q:        nan | won: False 
#  419 | steps:  4505 | steps_t:     0 | t: 1.426798 | r:  -507.000000 | e:   1.000000 | Q:        nan | won: False 
#  420 | steps:  4511 | steps_t:     0 | t: 1.428791 | r:  -505.000000 | e:   1.000000 | Q:        nan | won: False 
#  421 | steps:  4523 | steps_t:     0 | t: 1.431781 | r:  -511.000000 | e:   1.000000 | Q:        nan | won: False 
#  422 | steps:  4531 | steps_t:     0 | t: 1.433775 | r:  -507.000000 | e:   1.000000 | Q:        nan | won: False 
#  423 | steps:  4541 | steps_t:     0 | t: 1.436764 | r:  -509.000000 | e:   1.000000 | Q:        nan | won: False 
#  424 | steps:  4548 | steps_t:     0 | t: 1.440114 | r:  -506.000000 | e:   1.000000 | Q:        nan | won: False 
#  425 | steps:  4556 | steps_t:     0 | t: 1.443089 | r:  -507.000000 | e:   1.000000 | Q:        nan | won: False 
#  426 | steps:  4569 | steps_t:     0 | t: 1.446091 | r:  -512.000000 | e:   1.000000 | Q:        nan | won: False 
#  427 | steps:  4581 | steps_t:     0 | t: 1.449066 | r:  -511.000000 | e:   1.000000 | Q:        nan | won: False 
#  428 | steps:  4589 | steps_t:     0 | t: 1.451057 | r:  -507.000000 | e:   1.000000 | Q:        nan | won: False 
#  429 | steps:  4594 | steps_t:     0 | t: 1.453052 | r:  -504.000000 | e:   1.000000 | Q:        nan | won: False 
#  430 | steps:  4601 | steps_t:     0 | t: 1.456049 | r:  -506.000000 | e:   1.000000 | Q:        nan | won: False 
#  431 | steps:  4612 | steps_t:     0 | t: 1.459033 | r:  -510.000000 | e:   1.000000 | Q:        nan | won: False 
#  432 | steps:  4630 | steps_t:     0 | t: 1.464009 | r:  -517.000000 | e:   1.000000 | Q:        nan | won: False 
#  433 | steps:  4640 | steps_t:     0 | t: 1.466005 | r:  -509.000000 | e:   1.000000 | Q:        nan | won: False 
#  434 | steps:  4649 | steps_t:     0 | t: 1.468995 | r:  -508.000000 | e:   1.000000 | Q:        nan | won: False 
#  435 | steps:  4657 | steps_t:     0 | t: 1.471993 | r:  -507.000000 | e:   1.000000 | Q:        nan | won: False 
#  436 | steps:  4667 | steps_t:     0 | t: 1.474976 | r:  -509.000000 | e:   1.000000 | Q:        nan | won: False 
#  437 | steps:  4683 | steps_t:     0 | t: 1.478979 | r:  -515.000000 | e:   1.000000 | Q:        nan | won: False 
#  438 | steps:  4708 | steps_t:     0 | t: 1.485957 | r:  -513.000000 | e:   1.000000 | Q:        nan | won: False 
#  439 | steps:  4715 | steps_t:     0 | t: 1.487885 | r:  -506.000000 | e:   1.000000 | Q:        nan | won: False 
#  440 | steps:  4722 | steps_t:     0 | t: 1.490915 | r:  -506.000000 | e:   1.000000 | Q:        nan | won: False 
#  441 | steps:  4735 | steps_t:     0 | t: 1.493916 | r:  -512.000000 | e:   1.000000 | Q:        nan | won: False 
#  442 | steps:  4743 | steps_t:     0 | t: 1.496904 | r:  -507.000000 | e:   1.000000 | Q:        nan | won: False 
#  443 | steps:  4750 | steps_t:     0 | t: 1.498912 | r:  -506.000000 | e:   1.000000 | Q:        nan | won: False 
#  444 | steps:  4766 | steps_t:     0 | t: 1.502882 | r:  -515.000000 | e:   1.000000 | Q:        nan | won: False 
#  445 | steps:  4776 | steps_t:     0 | t: 1.506879 | r:  -509.000000 | e:   1.000000 | Q:        nan | won: False 
#  446 | steps:  4795 | steps_t:     0 | t: 1.511845 | r:  -518.000000 | e:   1.000000 | Q:        nan | won: False 
#  447 | steps:  4816 | steps_t:     0 | t: 1.516839 | r:  -520.000000 | e:   1.000000 | Q:        nan | won: False 
#  448 | steps:  4825 | steps_t:     0 | t: 1.519822 | r:  -508.000000 | e:   1.000000 | Q:        nan | won: False 
#  449 | steps:  4838 | steps_t:     0 | t: 1.524801 | r:  -512.000000 | e:   1.000000 | Q:        nan | won: False 
#  450 | steps:  4846 | steps_t:     0 | t: 1.526798 | r:  -507.000000 | e:   1.000000 | Q:        nan | won: False 
#  451 | steps:  4855 | steps_t:     0 | t: 1.529790 | r:  -508.000000 | e:   1.000000 | Q:        nan | won: False 
#  452 | steps:  4866 | steps_t:     0 | t: 1.532785 | r:  -510.000000 | e:   1.000000 | Q:        nan | won: False 
#  453 | steps:  4884 | steps_t:     0 | t: 1.537983 | r:  -517.000000 | e:   1.000000 | Q:        nan | won: False 
#  454 | steps:  4895 | steps_t:     0 | t: 1.542026 | r:  -510.000000 | e:   1.000000 | Q:        nan | won: False 
#  455 | steps:  4909 | steps_t:     0 | t: 1.545015 | r:  -513.000000 | e:   1.000000 | Q:        nan | won: False 
#  456 | steps:  4923 | steps_t:     0 | t: 1.548946 | r:  -513.000000 | e:   1.000000 | Q:        nan | won: False 
#  457 | steps:  4932 | steps_t:     0 | t: 1.551935 | r:  -508.000000 | e:   1.000000 | Q:        nan | won: False 
#  458 | steps:  4940 | steps_t:     0 | t: 1.554725 | r:  -507.000000 | e:   1.000000 | Q:        nan | won: False 
#  459 | steps:  4948 | steps_t:     0 | t: 1.557754 | r:  -507.000000 | e:   1.000000 | Q:        nan | won: False 
#  460 | steps:  4954 | steps_t:     0 | t: 1.559752 | r:  -505.000000 | e:   1.000000 | Q:        nan | won: False 
#  461 | steps:  4970 | steps_t:     0 | t: 1.563744 | r:  -515.000000 | e:   1.000000 | Q:        nan | won: False 
#  462 | steps:  4988 | steps_t:     0 | t: 1.568726 | r:  -506.000000 | e:   1.000000 | Q:        nan | won: False 
