#    1 | steps:     8 | steps_t:     0 | t: 0.016900 | r:  -507.000000 | e:   1.000000 | Q:        nan | won: False 
#    2 | steps:    18 | steps_t:     0 | t: 0.019350 | r:  -509.000000 | e:   1.000000 | Q:        nan | won: False 
#    3 | steps:    33 | steps_t:     0 | t: 0.024341 | r:  -514.000000 | e:   1.000000 | Q:        nan | won: False 
#    4 | steps:    43 | steps_t:     0 | t: 0.027323 | r:  -509.000000 | e:   1.000000 | Q:        nan | won: False 
#    5 | steps:    57 | steps_t:     0 | t: 0.031286 | r:  -513.000000 | e:   1.000000 | Q:        nan | won: False 
#    6 | steps:    65 | steps_t:     0 | t: 0.034291 | r:  -507.000000 | e:   1.000000 | Q:        nan | won: False 
#    7 | steps:    78 | steps_t:     0 | t: 0.038568 | r:  -512.000000 | e:   1.000000 | Q:        nan | won: False 
#    8 | steps:    88 | steps_t:     0 | t: 0.041568 | r:  -509.000000 | e:   1.000000 | Q:        nan | won: False 
#    9 | steps:   108 | steps_t:     0 | t: 0.047467 | r:  -519.000000 | e:   1.000000 | Q:        nan | won: False 
#   10 | steps:   121 | steps_t:     0 | t: 0.051522 | r:  -512.000000 | e:   1.000000 | Q:        nan | won: False 
#   11 | steps:   127 | steps_t:     0 | t: 0.053507 | r:  -505.000000 | e:   1.000000 | Q:        nan | won: False 
#   12 | steps:   137 | steps_t:     0 | t: 0.056502 | r:  -509.000000 | e:   1.000000 | Q:        nan | won: False 
#   13 | steps:   145 | steps_t:     0 | t: 0.059430 | r:  -507.000000 | e:   1.000000 | Q:        nan | won: False 
#   14 | steps:   159 | steps_t:     0 | t: 0.063468 | r:  -513.000000 | e:   1.000000 | Q:        nan | won: False 
#   15 | steps:   177 | steps_t:     0 | t: 0.069463 | r:  -517.000000 | e:   1.000000 | Q:        nan | won: False 
#   16 | steps:   183 | steps_t:     0 | t: 0.071451 | r:  -505.000000 | e:   1.000000 | Q:        nan | won: False 
#   17 | steps:   204 | steps_t:     0 | t: 0.080416 | r:  -520.000000 | e:   1.000000 | Q:        nan | won: False 
#   18 | steps:   212 | steps_t:     0 | t: 0.083416 | r:  -507.000000 | e:   1.000000 | Q:        nan | won: False 
#   19 | steps:   219 | steps_t:     0 | t: 0.085405 | r:  -506.000000 | e:   1.000000 | Q:        nan | won: False 
#   20 | steps:   226 | steps_t:     0 | t: 0.087402 | r:  -506.000000 | e:   1.000000 | Q:        nan | won: False 
#   21 | steps:   233 | steps_t:     0 | t: 0.090389 | r:  -506.000000 | e:   1.000000 | Q:        nan | won: False 
#   22 | steps:   241 | steps_t:     0 | t: 0.093312 | r:  -507.000000 | e:   1.000000 | Q:        nan | won: False 
#   23 | steps:   246 | steps_t:     0 | t: 0.096309 | r:  -504.000000 | e:   1.000000 | Q:        nan | won: False 
#   24 | steps:   256 | steps_t:     0 | t: 0.099340 | r:  -509.000000 | e:   1.000000 | Q:        nan | won: False 
#   25 | steps:   264 | steps_t:     0 | t: 0.101332 | r:  -507.000000 | e:   1.000000 | Q:        nan | won: False 
#   26 | steps:   276 | steps_t:     0 | t: 0.105325 | r:  -511.000000 | e:   1.000000 | Q:        nan | won: False 
#   27 | steps:   284 | steps_t:     0 | t: 0.107314 | r:  -507.000000 | e:   1.000000 | Q:        nan | won: False 
#   28 | steps:   293 | steps_t:     0 | t: 0.110303 | r:  -508.000000 | e:   1.000000 | Q:        nan | won: False 
#   29 | steps:   304 | steps_t:     0 | t: 0.114297 | r:  -510.000000 | e:   1.000000 | Q:        nan | won: False 
#   30 | steps:   312 | steps_t:     0 | t: 0.116289 | r:  -507.000000 | e:   1.000000 | Q:        nan | won: False 
#   31 | steps:   322 | steps_t:     0 | t: 0.119275 | r:  -509.000000 | e:   1.000000 | Q:        nan | won: False 
#   32 | steps:   334 | steps_t:     0 | t: 0.123272 | r:  -511.000000 | e:   1.000000 | Q:        nan | won: False 
#   33 | steps:   345 | steps_t:     0 | t: 0.126248 | r:  -510.000000 | e:   1.000000 | Q:        nan | won: False 
#   34 | steps:   367 | steps_t:     0 | t: 0.132231 | r:  -521.000000 | e:   1.000000 | Q:        nan | won: False 
#   35 | steps:   375 | steps_t:     0 | t: 0.135218 | r:  -507.000000 | e:   1.000000 | Q:        nan | won: False 
#   36 | steps:   385 | steps_t:     0 | t: 0.138213 | r:  -509.000000 | e:   1.000000 | Q:        nan | won: False 
#   37 | steps:   396 | steps_t:     0 | t: 0.141197 | r:  -510.000000 | e:   1.000000 | Q:        nan | won: False 
#   38 | steps:   407 | steps_t:     0 | t: 0.144187 | r:  -510.000000 | e:   1.000000 | Q:        nan | won: False 
#   39 | steps:   416 | steps_t:     0 | t: 0.147178 | r:  -508.000000 | e:   1.000000 | Q:        nan | won: False 
#   40 | steps:   426 | steps_t:     0 | t: 0.151171 | r:  -509.000000 | e:   1.000000 | Q:        nan | won: False 
#   41 | steps:   435 | steps_t:     0 | t: 0.153161 | r:  -508.000000 | e:   1.000000 | Q:        nan | won: False 
#   42 | steps:   441 | steps_t:     0 | t: 0.156103 | r:  -505.000000 | e:   1.000000 | Q:        nan | won: False 
#   43 | steps:   449 | steps_t:     0 | t: 0.159137 | r:  -507.000000 | e:   1.000000 | Q:        nan | won: False 
#   44 | steps:   472 | steps_t:     0 | t: 0.166116 | r:  -522.000000 | e:   1.000000 | Q:        nan | won: False 
#   45 | steps:   494 | steps_t:     0 | t: 0.172096 | r:  -521.000000 | e:   1.000000 | Q:        nan | won: False 
#   46 | steps:   500 | steps_t:     0 | t: 0.174088 | r:  -505.000000 | e:   1.000000 | Q:        nan | won: False 
#   47 | steps:   513 | steps_t:     0 | t: 0.177088 | r:  -512.000000 | e:   1.000000 | Q:        nan | won: False 
#   48 | steps:   523 | steps_t:     0 | t: 0.180076 | r:  -509.000000 | e:   1.000000 | Q:        nan | won: False 
#   49 | steps:   531 | steps_t:     0 | t: 0.183062 | r:  -507.000000 | e:   1.000000 | Q:        nan | won: False 
#   50 | steps:   548 | steps_t:     0 | t: 0.187001 | r:  -516.000000 | e:   1.000000 | Q:        nan | won: False 
#   51 | steps:   554 | steps_t:     0 | t: 0.190051 | r:  -505.000000 | e:   1.000000 | Q:        nan | won: False 
#   52 | steps:   568 | steps_t:     0 | t: 0.194022 | r:  -513.000000 | e:   1.000000 | Q:        nan | won: False 
#   53 | steps:   583 | steps_t:     0 | t: 0.198007 | r:  -514.000000 | e:   1.000000 | Q:        nan | won: False 
#   54 | steps:   590 | steps_t:     0 | t: 0.200997 | r:  -506.000000 | e:   1.000000 | Q:        nan | won: False 
#   55 | steps:   600 | steps_t:     0 | t: 0.203986 | r:  -509.000000 | e:   1.000000 | Q:        nan | won: False 
#   56 | steps:   616 | steps_t:     0 | t: 0.207960 | r:  -515.000000 | e:   1.000000 | Q:        nan | won: False 
#   57 | steps:   624 | steps_t:     0 | t: 0.210967 | r:  -507.000000 | e:   1.000000 | Q:        nan | won: False 
#   58 | steps:   631 | steps_t:     0 | t: 0.213954 | r:  -506.000000 | e:   1.000000 | Q:        nan | won: False 
#   59 | steps:   639 | steps_t:     0 | t: 0.215949 | r:  -507.000000 | e:   1.000000 | Q:        nan | won: False 
#   60 | steps:   653 | steps_t:     0 | t: 0.220995 | r:  -513.000000 | e:   1.000000 | Q:        nan | won: False 
#   61 | steps:   660 | steps_t:     0 | t: 0.222926 | r:  -506.000000 | e:   1.000000 | Q:        nan | won: False 
#   62 | steps:   668 | steps_t:     0 | t: 0.224918 | r:  -507.000000 | e:   1.000000 | Q:        nan | won: False 
#   63 | steps:   675 | steps_t:     0 | t: 0.227911 | r:  -506.000000 | e:   1.000000 | Q:        nan | won: False 
#   64 | steps:   686 | steps_t:     0 | t: 0.230898 | r:  -510.000000 | e:   1.000000 | Q:        nan | won: False 
#   65 | steps:   696 | steps_t:     0 | t: 0.233888 | r:  -509.000000 | e:   1.000000 | Q:        nan | won: False 
#   66 | steps:   703 | steps_t:     0 | t: 0.235888 | r:  -506.000000 | e:   1.000000 | Q:        nan | won: False 
#   67 | steps:   711 | steps_t:     0 | t: 0.238875 | r:  -507.000000 | e:   1.000000 | Q:        nan | won: False 
#   68 | steps:   720 | steps_t:     0 | t: 0.241863 | r:  -508.000000 | e:   1.000000 | Q:        nan | won: False 
#   69 | steps:   726 | steps_t:     0 | t: 0.243853 | r:  -505.000000 | e:   1.000000 | Q:        nan | won: False 
#   70 | steps:   736 | steps_t:     0 | t: 0.246801 | r:  -509.000000 | e:   1.000000 | Q:        nan | won: False 
#   71 | steps:   744 | steps_t:     0 | t: 0.249835 | r:  -507.000000 | e:   1.000000 | Q:        nan | won: False 
#   72 | steps:   751 | steps_t:     0 | t: 0.252779 | r:  -506.000000 | e:   1.000000 | Q:        nan | won: False 
#   73 | steps:   757 | steps_t:     0 | t: 0.254820 | r:  -505.000000 | e:   1.000000 | Q:        nan | won: False 
#   74 | steps:   767 | steps_t:     0 | t: 0.257807 | r:  -509.000000 | e:   1.000000 | Q:        nan | won: False 
#   75 | steps:   776 | steps_t:     0 | t: 0.259806 | r:  -508.000000 | e:   1.000000 | Q:        nan | won: False 
#   76 | steps:   785 | steps_t:     0 | t: 0.263789 | r:  -508.000000 | e:   1.000000 | Q:        nan | won: False 
#   77 | steps:   792 | steps_t:     0 | t: 0.265782 | r:  -506.000000 | e:   1.000000 | Q:        nan | won: False 
#   78 | steps:   806 | steps_t:     0 | t: 0.269774 | r:  -513.000000 | e:   1.000000 | Q:        nan | won: False 
#   79 | steps:   822 | steps_t:     0 | t: 0.273763 | r:  -515.000000 | e:   1.000000 | Q:        nan | won: False 
#   80 | steps:   829 | steps_t:     0 | t: 0.275747 | r:  -506.000000 | e:   1.000000 | Q:        nan | won: False 
#   81 | steps:   837 | steps_t:     0 | t: 0.277740 | r:  -507.000000 | e:   1.000000 | Q:        nan | won: False 
#   82 | steps:   842 | steps_t:     0 | t: 0.280735 | r:  -504.000000 | e:   1.000000 | Q:        nan | won: False 
#   83 | steps:   848 | steps_t:     0 | t: 0.282804 | r:  -505.000000 | e:   1.000000 | Q:        nan | won: False 
#   84 | steps:   855 | steps_t:     0 | t: 0.285754 | r:  -506.000000 | e:   1.000000 | Q:        nan | won: False 
#   85 | steps:   861 | steps_t:     0 | t: 0.287755 | r:  -505.000000 | e:   1.000000 | Q:        nan | won: False 
#   86 | steps:   870 | steps_t:     0 | t: 0.289740 | r:  -508.000000 | e:   1.000000 | Q:        nan | won: False 
#   87 | steps:   876 | steps_t:     0 | t: 0.291745 | r:  -505.000000 | e:   1.000000 | Q:        nan | won: False 
#   88 | steps:   890 | steps_t:     0 | t: 0.296721 | r:  -513.000000 | e:   1.000000 | Q:        nan | won: False 
#   89 | steps:   905 | steps_t:     0 | t: 0.300707 | r:  -492.000000 | e:   1.000000 | Q:        nan | won: False 
#   90 | steps:   923 | steps_t:     0 | t: 0.305686 | r:  -517.000000 | e:   1.000000 | Q:        nan | won: False 
#   91 | steps:   941 | steps_t:     0 | t: 0.309678 | r:  -517.000000 | e:   1.000000 | Q:        nan | won: False 
#   92 | steps:   949 | steps_t:     0 | t: 0.312617 | r:  -507.000000 | e:   1.000000 | Q:        nan | won: False 
#   93 | steps:   957 | steps_t:     0 | t: 0.315665 | r:  -507.000000 | e:   1.000000 | Q:        nan | won: False 
#   94 | steps:   968 | steps_t:     0 | t: 0.318645 | r:  -510.000000 | e:   1.000000 | Q:        nan | won: False 
#   95 | steps:   977 | steps_t:     0 | t: 0.321643 | r:  -508.000000 | e:   1.000000 | Q:        nan | won: False 
#   96 | steps:   988 | steps_t:     0 | t: 0.324620 | r:  -510.000000 | e:   1.000000 | Q:        nan | won: False 
#   97 | steps:   997 | steps_t:     0 | t: 0.327610 | r:  -508.000000 | e:   1.000000 | Q:        nan | won: False 
#   98 | steps:  1013 | steps_t:     0 | t: 0.332594 | r:  -504.000000 | e:   1.000000 | Q:        nan | won: False 
#   99 | steps:  1022 | steps_t:     0 | t: 0.334586 | r:  -508.000000 | e:   1.000000 | Q:        nan | won: False 
#  100 | steps:  1028 | steps_t:     0 | t: 0.336582 | r:  -505.000000 | e:   1.000000 | Q:        nan | won: False 
#  101 | steps:  1044 | steps_t:     0 | t: 0.340574 | r:  -515.000000 | e:   1.000000 | Q:        nan | won: False 
#  102 | steps:  1055 | steps_t:     0 | t: 0.343556 | r:  -510.000000 | e:   1.000000 | Q:        nan | won: False 
#  103 | steps:  1067 | steps_t:     0 | t: 0.348548 | r:  -511.000000 | e:   1.000000 | Q:        nan | won: False 
#  104 | steps:  1072 | steps_t:     0 | t: 0.350553 | r:  -504.000000 | e:   1.000000 | Q:        nan | won: False 
#  105 | steps:  1104 | steps_t:     0 | t: 0.358535 | r:  -531.000000 | e:   1.000000 | Q:        nan | won: False 
#  106 | steps:  1118 | steps_t:     0 | t: 0.363513 | r:  -513.000000 | e:   1.000000 | Q:        nan | won: False 
#  107 | steps:  1137 | steps_t:     0 | t: 0.368519 | r:  -518.000000 | e:   1.000000 | Q:        nan | won: False 
#  108 | steps:  1143 | steps_t:     0 | t: 0.370489 | r:  -505.000000 | e:   1.000000 | Q:        nan | won: False 
#  109 | steps:  1154 | steps_t:     0 | t: 0.373488 | r:  -510.000000 | e:   1.000000 | Q:        nan | won: False 
#  110 | steps:  1162 | steps_t:     0 | t: 0.376475 | r:  -507.000000 | e:   1.000000 | Q:        nan | won: False 
#  111 | steps:  1178 | steps_t:     0 | t: 0.381449 | r:  -515.000000 | e:   1.000000 | Q:        nan | won: False 
#  112 | steps:  1187 | steps_t:     0 | t: 0.384459 | r:  -508.000000 | e:   1.000000 | Q:        nan | won: False 
#  113 | steps:  1194 | steps_t:     0 | t: 0.386440 | r:  -506.000000 | e:   1.000000 | Q:        nan | won: False 
#  114 | steps:  1205 | steps_t:     0 | t: 0.389434 | r:  -510.000000 | e:   1.000000 | Q:        nan | won: False 
#  115 | steps:  1216 | steps_t:     0 | t: 0.392432 | r:  -510.000000 | e:   1.000000 | Q:        nan | won: False 
#  116 | steps:  1238 | steps_t:     0 | t: 0.398420 | r:  -510.000000 | e:   1.000000 | Q:        nan | won: False 
#  117 | steps:  1248 | steps_t:     0 | t: 0.402371 | r:  -509.000000 | e:   1.000000 | Q:        nan | won: False 
#  118 | steps:  1255 | steps_t:     0 | t: 0.404357 | r:  -506.000000 | e:   1.000000 | Q:        nan | won: False 
#  119 | steps:  1261 | steps_t:     0 | t: 0.406358 | r:  -505.000000 | e:   1.000000 | Q:        nan | won: False 
#  120 | steps:  1269 | steps_t:     0 | t: 0.408350 | r:  -507.000000 | e:   1.000000 | Q:        nan | won: False 
#  121 | steps:  1287 | steps_t:     0 | t: 0.415077 | r:  -517.000000 | e:   1.000000 | Q:        nan | won: False 
#  122 | steps:  1296 | steps_t:     0 | t: 0.418005 | r:  -508.000000 | e:   1.000000 | Q:        nan | won: False 
#  123 | steps:  1307 | steps_t:     0 | t: 0.420992 | r:  -510.000000 | e:   1.000000 | Q:        nan | won: False 
#  124 | steps:  1321 | steps_t:     0 | t: 0.425988 | r:  -513.000000 | e:   1.000000 | Q:        nan | won: False 
#  125 | steps:  1338 | steps_t:     0 | t: 0.430970 | r:  -516.000000 | e:   1.000000 | Q:        nan | won: False 
#  126 | steps:  1349 | steps_t:     0 | t: 0.435000 | r:  -510.000000 | e:   1.000000 | Q:        nan | won: False 
#  127 | steps:  1370 | steps_t:     0 | t: 0.441921 | r:  -520.000000 | e:   1.000000 | Q:        nan | won: False 
#  128 | steps:  1382 | steps_t:     0 | t: 0.446919 | r:  -511.000000 | e:   1.000000 | Q:        nan | won: False 
#  129 | steps:  1391 | steps_t:     0 | t: 0.449903 | r:  -508.000000 | e:   1.000000 | Q:        nan | won: False 
#  130 | steps:  1402 | steps_t:     0 | t: 0.452885 | r:  -510.000000 | e:   1.000000 | Q:        nan | won: False 
#  131 | steps:  1412 | steps_t:     0 | t: 0.455885 | r:  -509.000000 | e:   1.000000 | Q:        nan | won: False 
#  132 | steps:  1421 | steps_t:     0 | t: 0.460010 | r:  -508.000000 | e:   1.000000 | Q:        nan | won: False 
#  133 | steps:  1428 | steps_t:     0 | t: 0.462961 | r:  -506.000000 | e:   1.000000 | Q:        nan | won: False 
#  134 | steps:  1437 | steps_t:     0 | t: 0.466003 | r:  -508.000000 | e:   1.000000 | Q:        nan | won: False 
#  135 | steps:  1451 | steps_t:     0 | t: 0.469997 | r:  -513.000000 | e:   1.000000 | Q:        nan | won: False 
#  136 | steps:  1459 | steps_t:     0 | t: 0.473075 | r:  -507.000000 | e:   1.000000 | Q:        nan | won: False 
#  137 | steps:  1465 | steps_t:     0 | t: 0.475108 | r:  -505.000000 | e:   1.000000 | Q:        nan | won: False 
#  138 | steps:  1472 | steps_t:     0 | t: 0.477131 | r:  -506.000000 | e:   1.000000 | Q:        nan | won: False 
#  139 | steps:  1483 | steps_t:     0 | t: 0.482096 | r:  -510.000000 | e:   1.000000 | Q:        nan | won: False 
#  140 | steps:  1492 | steps_t:     0 | t: 0.484088 | r:  -508.000000 | e:   1.000000 | Q:        nan | won: False 
#  141 | steps:  1511 | steps_t:     0 | t: 0.489085 | r:  -518.000000 | e:   1.000000 | Q:        nan | won: False 
#  142 | steps:  1518 | steps_t:     0 | t: 0.491069 | r:  -506.000000 | e:   1.000000 | Q:        nan | won: False 
#  143 | steps:  1531 | steps_t:     0 | t: 0.495056 | r:  -512.000000 | e:   1.000000 | Q:        nan | won: False 
#  144 | steps:  1536 | steps_t:     0 | t: 0.497000 | r:  -504.000000 | e:   1.000000 | Q:        nan | won: False 
#  145 | steps:  1544 | steps_t:     0 | t: 0.500039 | r:  -507.000000 | e:   1.000000 | Q:        nan | won: False 
#  146 | steps:  1553 | steps_t:     0 | t: 0.502043 | r:  -508.000000 | e:   1.000000 | Q:        nan | won: False 
#  147 | steps:  1561 | steps_t:     0 | t: 0.505029 | r:  -507.000000 | e:   1.000000 | Q:        nan | won: False 
#  148 | steps:  1568 | steps_t:     0 | t: 0.507964 | r:  -506.000000 | e:   1.000000 | Q:        nan | won: False 
#  149 | steps:  1579 | steps_t:     0 | t: 0.511342 | r:  -510.000000 | e:   1.000000 | Q:        nan | won: False 
#  150 | steps:  1593 | steps_t:     0 | t: 0.515328 | r:  -491.000000 | e:   1.000000 | Q:        nan | won: False 
#  151 | steps:  1613 | steps_t:     0 | t: 0.521304 | r:  -519.000000 | e:   1.000000 | Q:        nan | won: False 
#  152 | steps:  1619 | steps_t:     0 | t: 0.523297 | r:  -505.000000 | e:   1.000000 | Q:        nan | won: False 
#  153 | steps:  1627 | steps_t:     0 | t: 0.525290 | r:  -507.000000 | e:   1.000000 | Q:        nan | won: False 
#  154 | steps:  1634 | steps_t:     0 | t: 0.527286 | r:  -506.000000 | e:   1.000000 | Q:        nan | won: False 
#  155 | steps:  1654 | steps_t:     0 | t: 0.533268 | r:  -519.000000 | e:   1.000000 | Q:        nan | won: False 
#  156 | steps:  1665 | steps_t:     0 | t: 0.536257 | r:  -510.000000 | e:   1.000000 | Q:        nan | won: False 
#  157 | steps:  1672 | steps_t:     0 | t: 0.539262 | r:  -506.000000 | e:   1.000000 | Q:        nan | won: False 
#  158 | steps:  1690 | steps_t:     0 | t: 0.543240 | r:  -517.000000 | e:   1.000000 | Q:        nan | won: False 
#  159 | steps:  1696 | steps_t:     0 | t: 0.546175 | r:  -505.000000 | e:   1.000000 | Q:        nan | won: False 
#  160 | steps:  1704 | steps_t:     0 | t: 0.549212 | r:  -507.000000 | e:   1.000000 | Q:        nan | won: False 
#  161 | steps:  1716 | steps_t:     0 | t: 0.552206 | r:  -511.000000 | e:   1.000000 | Q:        nan | won: False 
#  162 | steps:  1725 | steps_t:     0 | t: 0.555193 | r:  -508.000000 | e:   1.000000 | Q:        nan | won: False 
#  163 | steps:  1736 | steps_t:     0 | t: 0.558202 | r:  -510.000000 | e:   1.000000 | Q:        nan | won: False 
#  164 | steps:  1744 | steps_t:     0 | t: 0.560171 | r:  -507.000000 | e:   1.000000 | Q:        nan | won: False 
#  165 | steps:  1764 | steps_t:     0 | t: 0.566158 | r:  -508.000000 | e:   1.000000 | Q:        nan | won: False 
#  166 | steps:  1772 | steps_t:     0 | t: 0.569154 | r:  -507.000000 | e:   1.000000 | Q:        nan | won: False 
#  167 | steps:  1801 | steps_t:     0 | t: 0.576122 | r:  -517.000000 | e:   1.000000 | Q:        nan | won: False 
#  168 | steps:  1824 | steps_t:     0 | t: 0.582099 | r:  -522.000000 | e:   1.000000 | Q:        nan | won: False 
#  169 | steps:  1835 | steps_t:     0 | t: 0.586081 | r:  -510.000000 | e:   1.000000 | Q:        nan | won: False 
#  170 | steps:  1840 | steps_t:     0 | t: 0.587082 | r:  -504.000000 | e:   1.000000 | Q:        nan | won: False 
#  171 | steps:  1848 | steps_t:     0 | t: 0.590071 | r:  -507.000000 | e:   1.000000 | Q:        nan | won: False 
#  172 | steps:  1859 | steps_t:     0 | t: 0.592062 | r:  -510.000000 | e:   1.000000 | Q:        nan | won: False 
#  173 | steps:  1866 | steps_t:     0 | t: 0.595055 | r:  -506.000000 | e:   1.000000 | Q:        nan | won: False 
#  174 | steps:  1894 | steps_t:     0 | t: 0.660790 | r:  -516.000000 | e:   1.000000 | Q:        nan | won: False 
#  175 | steps:  1910 | steps_t:     0 | t: 0.665823 | r:  -504.000000 | e:   1.000000 | Q:        nan | won: False 
#  176 | steps:  1920 | steps_t:     0 | t: 0.668843 | r:  -509.000000 | e:   1.000000 | Q:        nan | won: False 
#  177 | steps:  1934 | steps_t:     0 | t: 0.672834 | r:  -502.000000 | e:   1.000000 | Q:        nan | won: False 
#  178 | steps:  1942 | steps_t:     0 | t: 0.675819 | r:  -507.000000 | e:   1.000000 | Q:        nan | won: False 
#  179 | steps:  1961 | steps_t:     0 | t: 0.680812 | r:  -518.000000 | e:   1.000000 | Q:        nan | won: False 
#  180 | steps:  1970 | steps_t:     0 | t: 0.683799 | r:  -508.000000 | e:   1.000000 | Q:        nan | won: False 
#  181 | steps:  1977 | steps_t:     0 | t: 0.685787 | r:  -506.000000 | e:   1.000000 | Q:        nan | won: False 
#  182 | steps:  1985 | steps_t:     0 | t: 0.688777 | r:  -507.000000 | e:   1.000000 | Q:        nan | won: False 
#  183 | steps:  1994 | steps_t:     0 | t: 0.690768 | r:  -508.000000 | e:   1.000000 | Q:        nan | won: False 
#  184 | steps:  2005 | steps_t:     0 | t: 0.693770 | r:  -510.000000 | e:   1.000000 | Q:        nan | won: False 
#  185 | steps:  2026 | steps_t:     0 | t: 0.699750 | r:  -520.000000 | e:   1.000000 | Q:        nan | won: False 
#  186 | steps:  2035 | steps_t:     0 | t: 0.702728 | r:  -508.000000 | e:   1.000000 | Q:        nan | won: False 
#  187 | steps:  2045 | steps_t:     0 | t: 0.705719 | r:  -509.000000 | e:   1.000000 | Q:        nan | won: False 
#  188 | steps:  2068 | steps_t:     0 | t: 0.711708 | r:  -522.000000 | e:   1.000000 | Q:        nan | won: False 
#  189 | steps:  2076 | steps_t:     0 | t: 0.714689 | r:  -507.000000 | e:   1.000000 | Q:        nan | won: False 
#  190 | steps:  2086 | steps_t:     0 | t: 0.717678 | r:  -509.000000 | e:   1.000000 | Q:        nan | won: False 
#  191 | steps:  2100 | steps_t:     0 | t: 0.721681 | r:  -513.000000 | e:   1.000000 | Q:        nan | won: False 
#  192 | steps:  2108 | steps_t:     0 | t: 0.723671 | r:  -507.000000 | e:   1.000000 | Q:        nan | won: False 
#  193 | steps:  2118 | steps_t:     0 | t: 0.726647 | r:  -509.000000 | e:   1.000000 | Q:        nan | won: False 
#  194 | steps:  2144 | steps_t:     0 | t: 0.733643 | r:  -525.000000 | e:   1.000000 | Q:        nan | won: False 
#  195 | steps:  2153 | steps_t:     0 | t: 0.736616 | r:  -508.000000 | e:   1.000000 | Q:        nan | won: False 
#  196 | steps:  2166 | steps_t:     0 | t: 0.740605 | r:  -512.000000 | e:   1.000000 | Q:        nan | won: False 
#  197 | steps:  2181 | steps_t:     0 | t: 0.744589 | r:  -514.000000 | e:   1.000000 | Q:        nan | won: False 
#  198 | steps:  2193 | steps_t:     0 | t: 0.748584 | r:  -511.000000 | e:   1.000000 | Q:        nan | won: False 
#  199 | steps:  2203 | steps_t:     0 | t: 0.751568 | r:  -509.000000 | e:   1.000000 | Q:        nan | won: False 
#  200 | steps:  2212 | steps_t:     0 | t: 0.753559 | r:  -508.000000 | e:   1.000000 | Q:        nan | won: False 
#  201 | steps:  2217 | steps_t:     0 | t: 0.755553 | r:  -504.000000 | e:   1.000000 | Q:        nan | won: False 
#  202 | steps:  2225 | steps_t:     0 | t: 0.757545 | r:  -507.000000 | e:   1.000000 | Q:        nan | won: False 
#  203 | steps:  2237 | steps_t:     0 | t: 0.763549 | r:  -511.000000 | e:   1.000000 | Q:        nan | won: False 
#  204 | steps:  2244 | steps_t:     0 | t: 0.766545 | r:  -506.000000 | e:   1.000000 | Q:        nan | won: False 
#  205 | steps:  2254 | steps_t:     0 | t: 0.769535 | r:  -509.000000 | e:   1.000000 | Q:        nan | won: False 
#  206 | steps:  2260 | steps_t:     0 | t: 0.771519 | r:  -505.000000 | e:   1.000000 | Q:        nan | won: False 
#  207 | steps:  2267 | steps_t:     0 | t: 0.773525 | r:  -506.000000 | e:   1.000000 | Q:        nan | won: False 
#  208 | steps:  2275 | steps_t:     0 | t: 0.776507 | r:  -507.000000 | e:   1.000000 | Q:        nan | won: False 
#  209 | steps:  2281 | steps_t:     0 | t: 0.778502 | r:  -505.000000 | e:   1.000000 | Q:        nan | won: False 
#  210 | steps:  2288 | steps_t:     0 | t: 0.781495 | r:  -506.000000 | e:   1.000000 | Q:        nan | won: False 
#  211 | steps:  2300 | steps_t:     0 | t: 0.784483 | r:  -511.000000 | e:   1.000000 | Q:        nan | won: False 
#  212 | steps:  2307 | steps_t:     0 | t: 0.786465 | r:  -506.000000 | e:   1.000000 | Q:        nan | won: False 
#  213 | steps:  2318 | steps_t:     0 | t: 0.790450 | r:  -510.000000 | e:   1.000000 | Q:        nan | won: False 
#  214 | steps:  2326 | steps_t:     0 | t: 0.793442 | r:  -507.000000 | e:   1.000000 | Q:        nan | won: False 
#  215 | steps:  2337 | steps_t:     0 | t: 0.797431 | r:  -510.000000 | e:   1.000000 | Q:        nan | won: False 
#  216 | steps:  2357 | steps_t:     0 | t: 0.802422 | r:  -519.000000 | e:   1.000000 | Q:        nan | won: False 
#  217 | steps:  2382 | steps_t:     0 | t: 0.810398 | r:  -524.000000 | e:   1.000000 | Q:        nan | won: False 
#  218 | steps:  2389 | steps_t:     0 | t: 0.813386 | r:  -506.000000 | e:   1.000000 | Q:        nan | won: False 
#  219 | steps:  2404 | steps_t:     0 | t: 0.817374 | r:  -514.000000 | e:   1.000000 | Q:        nan | won: False 
#  220 | steps:  2411 | steps_t:     0 | t: 0.820289 | r:  -506.000000 | e:   1.000000 | Q:        nan | won: False 
#  221 | steps:  2417 | steps_t:     0 | t: 0.823279 | r:  -505.000000 | e:   1.000000 | Q:        nan | won: False 
#  222 | steps:  2433 | steps_t:     0 | t: 0.828316 | r:  -515.000000 | e:   1.000000 | Q:        nan | won: False 
#  223 | steps:  2441 | steps_t:     0 | t: 0.831337 | r:  -507.000000 | e:   1.000000 | Q:        nan | won: False 
#  224 | steps:  2461 | steps_t:     0 | t: 0.836291 | r:  -519.000000 | e:   1.000000 | Q:        nan | won: False 
#  225 | steps:  2485 | steps_t:     0 | t: 0.842266 | r:  -523.000000 | e:   1.000000 | Q:        nan | won: False 
#  226 | steps:  2492 | steps_t:     0 | t: 0.844256 | r:  -506.000000 | e:   1.000000 | Q:        nan | won: False 
#  227 | steps:  2502 | steps_t:     0 | t: 0.847249 | r:  -509.000000 | e:   1.000000 | Q:        nan | won: False 
#  228 | steps:  2509 | steps_t:     0 | t: 0.850237 | r:  -506.000000 | e:   1.000000 | Q:        nan | won: False 
#  229 | steps:  2518 | steps_t:     0 | t: 0.853181 | r:  -508.000000 | e:   1.000000 | Q:        nan | won: False 
#  230 | steps:  2524 | steps_t:     0 | t: 0.855172 | r:  -505.000000 | e:   1.000000 | Q:        nan | won: False 
#  231 | steps:  2531 | steps_t:     0 | t: 0.857217 | r:  -506.000000 | e:   1.000000 | Q:        nan | won: False 
#  232 | steps:  2540 | steps_t:     0 | t: 0.860209 | r:  -508.000000 | e:   1.000000 | Q:        nan | won: False 
#  233 | steps:  2559 | steps_t:     0 | t: 0.865202 | r:  -518.000000 | e:   1.000000 | Q:        nan | won: False 
#  234 | steps:  2583 | steps_t:     0 | t: 0.872165 | r:  -523.000000 | e:   1.000000 | Q:        nan | won: False 
#  235 | steps:  2597 | steps_t:     0 | t: 0.875154 | r:  -513.000000 | e:   1.000000 | Q:        nan | won: False 
#  236 | steps:  2606 | steps_t:     0 | t: 0.878141 | r:  -508.000000 | e:   1.000000 | Q:        nan | won: False 
#  237 | steps:  2614 | steps_t:     0 | t: 0.881131 | r:  -507.000000 | e:   1.000000 | Q:        nan | won: False 
#  238 | steps:  2621 | steps_t:     0 | t: 0.883140 | r:  -506.000000 | e:   1.000000 | Q:        nan | won: False 
#  239 | steps:  2630 | steps_t:     0 | t: 0.886071 | r:  -508.000000 | e:   1.000000 | Q:        nan | won: False 
#  240 | steps:  2635 | steps_t:     0 | t: 0.888112 | r:  -504.000000 | e:   1.000000 | Q:        nan | won: False 
#  241 | steps:  2647 | steps_t:     0 | t: 0.892113 | r:  -511.000000 | e:   1.000000 | Q:        nan | won: False 
#  242 | steps:  2654 | steps_t:     0 | t: 0.894091 | r:  -506.000000 | e:   1.000000 | Q:        nan | won: False 
#  243 | steps:  2662 | steps_t:     0 | t: 0.897078 | r:  -507.000000 | e:   1.000000 | Q:        nan | won: False 
#  244 | steps:  2672 | steps_t:     0 | t: 0.900070 | r:  -509.000000 | e:   1.000000 | Q:        nan | won: False 
#  245 | steps:  2681 | steps_t:     0 | t: 0.903063 | r:  -508.000000 | e:   1.000000 | Q:        nan | won: False 
#  246 | steps:  2702 | steps_t:     0 | t: 0.908055 | r:  -520.000000 | e:   1.000000 | Q:        nan | won: False 
#  247 | steps:  2714 | steps_t:     0 | t: 0.911041 | r:  -511.000000 | e:   1.000000 | Q:        nan | won: False 
#  248 | steps:  2729 | steps_t:     0 | t: 0.915018 | r:  -514.000000 | e:   1.000000 | Q:        nan | won: False 
#  249 | steps:  2739 | steps_t:     0 | t: 0.917965 | r:  -509.000000 | e:   1.000000 | Q:        nan | won: False 
#  250 | steps:  2763 | steps_t:     0 | t: 0.925030 | r:  -523.000000 | e:   1.000000 | Q:        nan | won: False 
#  251 | steps:  2771 | steps_t:     0 | t: 0.926983 | r:  -507.000000 | e:   1.000000 | Q:        nan | won: False 
#  252 | steps:  2789 | steps_t:     0 | t: 0.932915 | r:  -517.000000 | e:   1.000000 | Q:        nan | won: False 
#  253 | steps:  2797 | steps_t:     0 | t: 0.935905 | r:  -507.000000 | e:   1.000000 | Q:        nan | won: False 
#  254 | steps:  2808 | steps_t:     0 | t: 0.938895 | r:  -510.000000 | e:   1.000000 | Q:        nan | won: False 
#  255 | steps:  2825 | steps_t:     0 | t: 0.943878 | r:  -516.000000 | e:   1.000000 | Q:        nan | won: False 
#  256 | steps:  2832 | steps_t:     0 | t: 0.946868 | r:  -506.000000 | e:   1.000000 | Q:        nan | won: False 
#  257 | steps:  2853 | steps_t:     0 | t: 0.952897 | r:  -520.000000 | e:   1.000000 | Q:        nan | won: False 
#  258 | steps:  2862 | steps_t:     0 | t: 0.955891 | r:  -508.000000 | e:   1.000000 | Q:        nan | won: False 
#  259 | steps:  2869 | steps_t:     0 | t: 0.957879 | r:  -506.000000 | e:   1.000000 | Q:        nan | won: False 
#  260 | steps:  2877 | steps_t:     0 | t: 0.959874 | r:  -507.000000 | e:   1.000000 | Q:        nan | won: False 
#  261 | steps:  2890 | steps_t:     0 | t: 0.964864 | r:  -512.000000 | e:   1.000000 | Q:        nan | won: False 
#  262 | steps:  2897 | steps_t:     0 | t: 0.969834 | r:  -506.000000 | e:   1.000000 | Q:        nan | won: False 
#  263 | steps:  2907 | steps_t:     0 | t: 0.972826 | r:  -509.000000 | e:   1.000000 | Q:        nan | won: False 
#  264 | steps:  2914 | steps_t:     0 | t: 0.974820 | r:  -506.000000 | e:   1.000000 | Q:        nan | won: False 
#  265 | steps:  2921 | steps_t:     0 | t: 0.976823 | r:  -506.000000 | e:   1.000000 | Q:        nan | won: False 
#  266 | steps:  2929 | steps_t:     0 | t: 0.982060 | r:  -507.000000 | e:   1.000000 | Q:        nan | won: False 
#  267 | steps:  2937 | steps_t:     0 | t: 0.985097 | r:  -507.000000 | e:   1.000000 | Q:        nan | won: False 
#  268 | steps:  2947 | steps_t:     0 | t: 0.988039 | r:  -509.000000 | e:   1.000000 | Q:        nan | won: False 
#  269 | steps:  2957 | steps_t:     0 | t: 0.991029 | r:  -509.000000 | e:   1.000000 | Q:        nan | won: False 
#  270 | steps:  2967 | steps_t:     0 | t: 0.994021 | r:  -509.000000 | e:   1.000000 | Q:        nan | won: False 
#  271 | steps:  2975 | steps_t:     0 | t: 0.996965 | r:  -507.000000 | e:   1.000000 | Q:        nan | won: False 
#  272 | steps:  2995 | steps_t:     0 | t: 1.001992 | r:  -519.000000 | e:   1.000000 | Q:        nan | won: False 
#  273 | steps:  3006 | steps_t:     0 | t: 1.004983 | r:  -510.000000 | e:   1.000000 | Q:        nan | won: False 
#  274 | steps:  3012 | steps_t:     0 | t: 1.006974 | r:  -505.000000 | e:   1.000000 | Q:        nan | won: False 
#  275 | steps:  3018 | steps_t:     0 | t: 1.008967 | r:  -505.000000 | e:   1.000000 | Q:        nan | won: False 
#  276 | steps:  3036 | steps_t:     0 | t: 1.014060 | r:  -517.000000 | e:   1.000000 | Q:        nan | won: False 
#  277 | steps:  3043 | steps_t:     0 | t: 1.017052 | r:  -506.000000 | e:   1.000000 | Q:        nan | won: False 
#  278 | steps:  3055 | steps_t:     0 | t: 1.020041 | r:  -511.000000 | e:   1.000000 | Q:        nan | won: False 
#  279 | steps:  3067 | steps_t:     0 | t: 1.023030 | r:  -511.000000 | e:   1.000000 | Q:        nan | won: False 
#  280 | steps:  3080 | steps_t:     0 | t: 1.027055 | r:  -512.000000 | e:   1.000000 | Q:        nan | won: False 
#  281 | steps:  3087 | steps_t:     0 | t: 1.030101 | r:  -506.000000 | e:   1.000000 | Q:        nan | won: False 
#  282 | steps:  3099 | steps_t:     0 | t: 1.034219 | r:  -511.000000 | e:   1.000000 | Q:        nan | won: False 
#  283 | steps:  3112 | steps_t:     0 | t: 1.037211 | r:  -512.000000 | e:   1.000000 | Q:        nan | won: False 
#  284 | steps:  3120 | steps_t:     0 | t: 1.039198 | r:  -507.000000 | e:   1.000000 | Q:        nan | won: False 
#  285 | steps:  3128 | steps_t:     0 | t: 1.042201 | r:  -507.000000 | e:   1.000000 | Q:        nan | won: False 
#  286 | steps:  3140 | steps_t:     0 | t: 1.046168 | r:  -511.000000 | e:   1.000000 | Q:        nan | won: False 
#  287 | steps:  3147 | steps_t:     0 | t: 1.049162 | r:  -506.000000 | e:   1.000000 | Q:        nan | won: False 
#  288 | steps:  3169 | steps_t:     0 | t: 1.054147 | r:  -521.000000 | e:   1.000000 | Q:        nan | won: False 
#  289 | steps:  3177 | steps_t:     0 | t: 1.057136 | r:  -507.000000 | e:   1.000000 | Q:        nan | won: False 
#  290 | steps:  3188 | steps_t:     0 | t: 1.060126 | r:  -510.000000 | e:   1.000000 | Q:        nan | won: False 
#  291 | steps:  3193 | steps_t:     0 | t: 1.062073 | r:  -504.000000 | e:   1.000000 | Q:        nan | won: False 
#  292 | steps:  3200 | steps_t:     0 | t: 1.064065 | r:  -506.000000 | e:   1.000000 | Q:        nan | won: False 
#  293 | steps:  3213 | steps_t:     0 | t: 1.068054 | r:  -512.000000 | e:   1.000000 | Q:        nan | won: False 
#  294 | steps:  3225 | steps_t:     0 | t: 1.071044 | r:  -511.000000 | e:   1.000000 | Q:        nan | won: False 
#  295 | steps:  3234 | steps_t:     0 | t: 1.074035 | r:  -508.000000 | e:   1.000000 | Q:        nan | won: False 
#  296 | steps:  3243 | steps_t:     0 | t: 1.077024 | r:  -508.000000 | e:   1.000000 | Q:        nan | won: False 
#  297 | steps:  3255 | steps_t:     0 | t: 1.081011 | r:  -511.000000 | e:   1.000000 | Q:        nan | won: False 
#  298 | steps:  3264 | steps_t:     0 | t: 1.083004 | r:  -508.000000 | e:   1.000000 | Q:        nan | won: False 
#  299 | steps:  3270 | steps_t:     0 | t: 1.084998 | r:  -505.000000 | e:   1.000000 | Q:        nan | won: False 
#  300 | steps:  3287 | steps_t:     0 | t: 1.089981 | r:  -516.000000 | e:   1.000000 | Q:        nan | won: False 
#  301 | steps:  3295 | steps_t:     0 | t: 1.091974 | r:  -507.000000 | e:   1.000000 | Q:        nan | won: False 
#  302 | steps:  3301 | steps_t:     0 | t: 1.093968 | r:  -505.000000 | e:   1.000000 | Q:        nan | won: False 
#  303 | steps:  3323 | steps_t:     0 | t: 1.101009 | r:  -521.000000 | e:   1.000000 | Q:        nan | won: False 
#  304 | steps:  3331 | steps_t:     0 | t: 1.102982 | r:  -507.000000 | e:   1.000000 | Q:        nan | won: False 
#  305 | steps:  3343 | steps_t:     0 | t: 1.106994 | r:  -511.000000 | e:   1.000000 | Q:        nan | won: False 
#  306 | steps:  3350 | steps_t:     0 | t: 1.108962 | r:  -506.000000 | e:   1.000000 | Q:        nan | won: False 
#  307 | steps:  3363 | steps_t:     0 | t: 1.112905 | r:  -512.000000 | e:   1.000000 | Q:        nan | won: False 
#  308 | steps:  3373 | steps_t:     0 | t: 1.115939 | r:  -509.000000 | e:   1.000000 | Q:        nan | won: False 
#  309 | steps:  3387 | steps_t:     0 | t: 1.119935 | r:  -513.000000 | e:   1.000000 | Q:        nan | won: False 
#  310 | steps:  3407 | steps_t:     0 | t: 1.124911 | r:  -519.000000 | e:   1.000000 | Q:        nan | won: False 
#  311 | steps:  3421 | steps_t:     0 | t: 1.128861 | r:  -513.000000 | e:   1.000000 | Q:        nan | won: False 
#  312 | steps:  3428 | steps_t:     0 | t: 1.130889 | r:  -506.000000 | e:   1.000000 | Q:        nan | won: False 
#  313 | steps:  3437 | steps_t:     0 | t: 1.133894 | r:  -508.000000 | e:   1.000000 | Q:        nan | won: False 
#  314 | steps:  3452 | steps_t:     0 | t: 1.137819 | r:  -514.000000 | e:   1.000000 | Q:        nan | won: False 
#  315 | steps:  3462 | steps_t:     0 | t: 1.141876 | r:  -509.000000 | e:   1.000000 | Q:        nan | won: False 
#  316 | steps:  3469 | steps_t:     0 | t: 1.143854 | r:  -506.000000 | e:   1.000000 | Q:        nan | won: False 
#  317 | steps:  3474 | steps_t:     0 | t: 1.145837 | r:  -504.000000 | e:   1.000000 | Q:        nan | won: False 
#  318 | steps:  3488 | steps_t:     0 | t: 1.149832 | r:  -513.000000 | e:   1.000000 | Q:        nan | won: False 
#  319 | steps:  3501 | steps_t:     0 | t: 1.152827 | r:  -512.000000 | e:   1.000000 | Q:        nan | won: False 
#  320 | steps:  3522 | steps_t:     0 | t: 1.158800 | r:  -520.000000 | e:   1.000000 | Q:        nan | won: False 
#  321 | steps:  3528 | steps_t:     0 | t: 1.159806 | r:  -505.000000 | e:   1.000000 | Q:        nan | won: False 
#  322 | steps:  3535 | steps_t:     0 | t: 1.162775 | r:  -506.000000 | e:   1.000000 | Q:        nan | won: False 
#  323 | steps:  3544 | steps_t:     0 | t: 1.165776 | r:  -508.000000 | e:   1.000000 | Q:        nan | won: False 
#  324 | steps:  3560 | steps_t:     0 | t: 1.170765 | r:  -515.000000 | e:   1.000000 | Q:        nan | won: False 
#  325 | steps:  3571 | steps_t:     0 | t: 1.173745 | r:  -510.000000 | e:   1.000000 | Q:        nan | won: False 
#  326 | steps:  3600 | steps_t:     0 | t: 1.180719 | r:  -528.000000 | e:   1.000000 | Q:        nan | won: False 
#  327 | steps:  3612 | steps_t:     0 | t: 1.184729 | r:  -511.000000 | e:   1.000000 | Q:        nan | won: False 
#  328 | steps:  3624 | steps_t:     0 | t: 1.188696 | r:  -511.000000 | e:   1.000000 | Q:        nan | won: False 
#  329 | steps:  3634 | steps_t:     0 | t: 1.190689 | r:  -509.000000 | e:   1.000000 | Q:        nan | won: False 
#  330 | steps:  3642 | steps_t:     0 | t: 1.193684 | r:  -507.000000 | e:   1.000000 | Q:        nan | won: False 
#  331 | steps:  3657 | steps_t:     0 | t: 1.198659 | r:  -514.000000 | e:   1.000000 | Q:        nan | won: False 
#  332 | steps:  3670 | steps_t:     0 | t: 1.202667 | r:  -512.000000 | e:   1.000000 | Q:        nan | won: False 
#  333 | steps:  3677 | steps_t:     0 | t: 1.204648 | r:  -506.000000 | e:   1.000000 | Q:        nan | won: False 
#  334 | steps:  3684 | steps_t:     0 | t: 1.206592 | r:  -506.000000 | e:   1.000000 | Q:        nan | won: False 
#  335 | steps:  3692 | steps_t:     0 | t: 1.209579 | r:  -507.000000 | e:   1.000000 | Q:        nan | won: False 
#  336 | steps:  3701 | steps_t:     0 | t: 1.212578 | r:  -508.000000 | e:   1.000000 | Q:        nan | won: False 
#  337 | steps:  3708 | steps_t:     0 | t: 1.214565 | r:  -506.000000 | e:   1.000000 | Q:        nan | won: False 
#  338 | steps:  3715 | steps_t:     0 | t: 1.217630 | r:  -506.000000 | e:   1.000000 | Q:        nan | won: False 
#  339 | steps:  3725 | steps_t:     0 | t: 1.220615 | r:  -509.000000 | e:   1.000000 | Q:        nan | won: False 
#  340 | steps:  3737 | steps_t:     0 | t: 1.223611 | r:  -511.000000 | e:   1.000000 | Q:        nan | won: False 
#  341 | steps:  3743 | steps_t:     0 | t: 1.225600 | r:  -505.000000 | e:   1.000000 | Q:        nan | won: False 
#  342 | steps:  3764 | steps_t:     0 | t: 1.232549 | r:  -520.000000 | e:   1.000000 | Q:        nan | won: False 
#  343 | steps:  3772 | steps_t:     0 | t: 1.235551 | r:  -507.000000 | e:   1.000000 | Q:        nan | won: False 
#  344 | steps:  3781 | steps_t:     0 | t: 1.238541 | r:  -508.000000 | e:   1.000000 | Q:        nan | won: False 
#  345 | steps:  3799 | steps_t:     0 | t: 1.243467 | r:  -517.000000 | e:   1.000000 | Q:        nan | won: False 
#  346 | steps:  3805 | steps_t:     0 | t: 1.246494 | r:  -505.000000 | e:   1.000000 | Q:        nan | won: False 
#  347 | steps:  3823 | steps_t:     0 | t: 1.251505 | r:  -517.000000 | e:   1.000000 | Q:        nan | won: False 
#  348 | steps:  3834 | steps_t:     0 | t: 1.254431 | r:  -510.000000 | e:   1.000000 | Q:        nan | won: False 
#  349 | steps:  3856 | steps_t:     0 | t: 1.260285 | r:  -521.000000 | e:   1.000000 | Q:        nan | won: False 
#  350 | steps:  3866 | steps_t:     0 | t: 1.264273 | r:  -509.000000 | e:   1.000000 | Q:        nan | won: False 
#  351 | steps:  3877 | steps_t:     0 | t: 1.267252 | r:  -510.000000 | e:   1.000000 | Q:        nan | won: False 
#  352 | steps:  3882 | steps_t:     0 | t: 1.268969 | r:  -504.000000 | e:   1.000000 | Q:        nan | won: False 
#  353 | steps:  3897 | steps_t:     0 | t: 1.272957 | r:  -503.000000 | e:   1.000000 | Q:        nan | won: False 
#  354 | steps:  3909 | steps_t:     0 | t: 1.275946 | r:  -511.000000 | e:   1.000000 | Q:        nan | won: False 
#  355 | steps:  3917 | steps_t:     0 | t: 1.279932 | r:  -507.000000 | e:   1.000000 | Q:        nan | won: False 
#  356 | steps:  3928 | steps_t:     0 | t: 1.282948 | r:  -510.000000 | e:   1.000000 | Q:        nan | won: False 
#  357 | steps:  3934 | steps_t:     0 | t: 1.284933 | r:  -505.000000 | e:   1.000000 | Q:        nan | won: False 
#  358 | steps:  3939 | steps_t:     0 | t: 1.286928 | r:  -504.000000 | e:   1.000000 | Q:        nan | won: False 
#  359 | steps:  3947 | steps_t:     0 | t: 1.288922 | r:  -507.000000 | e:   1.000000 | Q:        nan | won: False 
#  360 | steps:  3957 | steps_t:     0 | t: 1.291917 | r:  -509.000000 | e:   1.000000 | Q:        nan | won: False 
#  361 | steps:  3966 | steps_t:     0 | t: 1.294898 | r:  -508.000000 | e:   1.000000 | Q:        nan | won: False 
#  362 | steps:  3973 | steps_t:     0 | t: 1.297896 | r:  -506.000000 | e:   1.000000 | Q:        nan | won: False 
#  363 | steps:  3982 | steps_t:     0 | t: 1.300866 | r:  -508.000000 | e:   1.000000 | Q:        nan | won: False 
#  364 | steps:  4003 | steps_t:     0 | t: 1.306844 | r:  -520.000000 | e:   1.000000 | Q:        nan | won: False 
#  365 | steps:  4014 | steps_t:     0 | t: 1.309834 | r:  -510.000000 | e:   1.000000 | Q:        nan | won: False 
#  366 | steps:  4026 | steps_t:     0 | t: 1.313775 | r:  -511.000000 | e:   1.000000 | Q:        nan | won: False 
#  367 | steps:  4035 | steps_t:     0 | t: 1.316829 | r:  -508.000000 | e:   1.000000 | Q:        nan | won: False 
#  368 | steps:  4044 | steps_t:     0 | t: 1.318815 | r:  -508.000000 | e:   1.000000 | Q:        nan | won: False 
#  369 | steps:  4056 | steps_t:     0 | t: 1.322810 | r:  -511.000000 | e:   1.000000 | Q:        nan | won: False 
#  370 | steps:  4065 | steps_t:     0 | t: 1.324782 | r:  -508.000000 | e:   1.000000 | Q:        nan | won: False 
#  371 | steps:  4076 | steps_t:     0 | t: 1.328724 | r:  -510.000000 | e:   1.000000 | Q:        nan | won: False 
#  372 | steps:  4094 | steps_t:     0 | t: 1.334750 | r:  -517.000000 | e:   1.000000 | Q:        nan | won: False 
#  373 | steps:  4109 | steps_t:     0 | t: 1.338738 | r:  -514.000000 | e:   1.000000 | Q:        nan | won: False 
#  374 | steps:  4115 | steps_t:     0 | t: 1.340728 | r:  -505.000000 | e:   1.000000 | Q:        nan | won: False 
#  375 | steps:  4126 | steps_t:     0 | t: 1.343723 | r:  -510.000000 | e:   1.000000 | Q:        nan | won: False 
#  376 | steps:  4145 | steps_t:     0 | t: 1.348712 | r:  -518.000000 | e:   1.000000 | Q:        nan | won: False 
#  377 | steps:  4152 | steps_t:     0 | t: 1.351703 | r:  -506.000000 | e:   1.000000 | Q:        nan | won: False 
#  378 | steps:  4158 | steps_t:     0 | t: 1.353684 | r:  -505.000000 | e:   1.000000 | Q:        nan | won: False 
#  379 | steps:  4179 | steps_t:     0 | t: 1.359839 | r:  -520.000000 | e:   1.000000 | Q:        nan | won: False 
#  380 | steps:  4202 | steps_t:     0 | t: 1.366821 | r:  -522.000000 | e:   1.000000 | Q:        nan | won: False 
#  381 | steps:  4217 | steps_t:     0 | t: 1.370805 | r:  -514.000000 | e:   1.000000 | Q:        nan | won: False 
#  382 | steps:  4237 | steps_t:     0 | t: 1.375795 | r:  -508.000000 | e:   1.000000 | Q:        nan | won: False 
#  383 | steps:  4243 | steps_t:     0 | t: 1.377382 | r:  -505.000000 | e:   1.000000 | Q:        nan | won: False 
#  384 | steps:  4266 | steps_t:     0 | t: 1.383367 | r:  -522.000000 | e:   1.000000 | Q:        nan | won: False 
#  385 | steps:  4280 | steps_t:     0 | t: 1.388364 | r:  -513.000000 | e:   1.000000 | Q:        nan | won: False 
#  386 | steps:  4286 | steps_t:     0 | t: 1.390343 | r:  -505.000000 | e:   1.000000 | Q:        nan | won: False 
#  387 | steps:  4302 | steps_t:     0 | t: 1.394340 | r:  -515.000000 | e:   1.000000 | Q:        nan | won: False 
#  388 | steps:  4322 | steps_t:     0 | t: 1.399310 | r:  -519.000000 | e:   1.000000 | Q:        nan | won: False 
#  389 | steps:  4345 | steps_t:     0 | t: 1.406284 | r:  -522.000000 | e:   1.000000 | Q:        nan | won: False 
#  390 | steps:  4352 | steps_t:     0 | t: 1.408281 | r:  -506.000000 | e:   1.000000 | Q:        nan | won: False 
#  391 | steps:  4359 | steps_t:     0 | t: 1.410269 | r:  -506.000000 | e:   1.000000 | Q:        nan | won: False 
#  392 | steps:  4369 | steps_t:     0 | t: 1.414278 | r:  -509.000000 | e:   1.000000 | Q:        nan | won: False 
#  393 | steps:  4378 | steps_t:     0 | t: 1.417247 | r:  -508.000000 | e:   1.000000 | Q:        nan | won: False 
#  394 | steps:  4386 | steps_t:     0 | t: 1.419250 | r:  -507.000000 | e:   1.000000 | Q:        nan | won: False 
#  395 | steps:  4401 | steps_t:     0 | t: 1.424224 | r:  -514.000000 | e:   1.000000 | Q:        nan | won: False 
#  396 | steps:  4414 | steps_t:     0 | t: 1.427217 | r:  -512.000000 | e:   1.000000 | Q:        nan | won: False 
#  397 | steps:  4434 | steps_t:     0 | t: 1.434210 | r:  -519.000000 | e:   1.000000 | Q:        nan | won: False 
#  398 | steps:  4452 | steps_t:     0 | t: 1.439193 | r:  -506.000000 | e:   1.000000 | Q:        nan | won: False 
#  399 | steps:  4463 | steps_t:     0 | t: 1.443184 | r:  -510.000000 | e:   1.000000 | Q:        nan | won: False 
#  400 | steps:  4469 | steps_t:     0 | t: 1.446117 | r:  -505.000000 | e:   1.000000 | Q:        nan | won: False 
#  401 | steps:  4480 | steps_t:     0 | t: 1.449157 | r:  -510.000000 | e:   1.000000 | Q:        nan | won: False 
#  402 | steps:  4489 | steps_t:     0 | t: 1.452160 | r:  -508.000000 | e:   1.000000 | Q:        nan | won: False 
#  403 | steps:  4501 | steps_t:     0 | t: 1.456071 | r:  -511.000000 | e:   1.000000 | Q:        nan | won: False 
#  404 | steps:  4511 | steps_t:     0 | t: 1.459189 | r:  -509.000000 | e:   1.000000 | Q:        nan | won: False 
#  405 | steps:  4520 | steps_t:     0 | t: 1.463001 | r:  -508.000000 | e:   1.000000 | Q:        nan | won: False 
#  406 | steps:  4528 | steps_t:     0 | t: 1.465991 | r:  -507.000000 | e:   1.000000 | Q:        nan | won: False 
#  407 | steps:  4537 | steps_t:     0 | t: 1.468982 | r:  -508.000000 | e:   1.000000 | Q:        nan | won: False 
#  408 | steps:  4548 | steps_t:     0 | t: 1.471970 | r:  -510.000000 | e:   1.000000 | Q:        nan | won: False 
#  409 | steps:  4561 | steps_t:     0 | t: 1.475708 | r:  -512.000000 | e:   1.000000 | Q:        nan | won: False 
#  410 | steps:  4573 | steps_t:     0 | t: 1.479630 | r:  -511.000000 | e:   1.000000 | Q:        nan | won: False 
#  411 | steps:  4583 | steps_t:     0 | t: 1.482683 | r:  -509.000000 | e:   1.000000 | Q:        nan | won: False 
#  412 | steps:  4601 | steps_t:     0 | t: 1.487669 | r:  -517.000000 | e:   1.000000 | Q:        nan | won: False 
#  413 | steps:  4612 | steps_t:     0 | t: 1.490658 | r:  -510.000000 | e:   1.000000 | Q:        nan | won: False 
#  414 | steps:  4621 | steps_t:     0 | t: 1.493641 | r:  -508.000000 | e:   1.000000 | Q:        nan | won: False 
#  415 | steps:  4639 | steps_t:     0 | t: 1.499618 | r:  -517.000000 | e:   1.000000 | Q:        nan | won: False 
#  416 | steps:  4645 | steps_t:     0 | t: 1.501614 | r:  -505.000000 | e:   1.000000 | Q:        nan | won: False 
#  417 | steps:  4656 | steps_t:     0 | t: 1.505608 | r:  -510.000000 | e:   1.000000 | Q:        nan | won: False 
#  418 | steps:  4662 | steps_t:     0 | t: 1.507592 | r:  -505.000000 | e:   1.000000 | Q:        nan | won: False 
#  419 | steps:  4667 | steps_t:     0 | t: 1.509588 | r:  -504.000000 | e:   1.000000 | Q:        nan | won: False 
#  420 | steps:  4675 | steps_t:     0 | t: 1.512526 | r:  -507.000000 | e:   1.000000 | Q:        nan | won: False 
#  421 | steps:  4682 | steps_t:     0 | t: 1.515552 | r:  -506.000000 | e:   1.000000 | Q:        nan | won: False 
#  422 | steps:  4698 | steps_t:     0 | t: 1.519539 | r:  -504.000000 | e:   1.000000 | Q:        nan | won: False 
#  423 | steps:  4708 | steps_t:     0 | t: 1.522529 | r:  -509.000000 | e:   1.000000 | Q:        nan | won: False 
#  424 | steps:  4715 | steps_t:     0 | t: 1.524519 | r:  -506.000000 | e:   1.000000 | Q:        nan | won: False 
#  425 | steps:  4723 | steps_t:     0 | t: 1.527510 | r:  -507.000000 | e:   1.000000 | Q:        nan | won: False 
#  426 | steps:  4737 | steps_t:     0 | t: 1.531514 | r:  -502.000000 | e:   1.000000 | Q:        nan | won: False 
#  427 | steps:  4743 | steps_t:     0 | t: 1.533490 | r:  -505.000000 | e:   1.000000 | Q:        nan | won: False 
#  428 | steps:  4759 | steps_t:     0 | t: 1.537478 | r:  -515.000000 | e:   1.000000 | Q:        nan | won: False 
#  429 | steps:  4766 | steps_t:     0 | t: 1.539470 | r:  -506.000000 | e:   1.000000 | Q:        nan | won: False 
#  430 | steps:  4775 | steps_t:     0 | t: 1.542459 | r:  -508.000000 | e:   1.000000 | Q:        nan | won: False 
#  431 | steps:  4783 | steps_t:     0 | t: 1.545440 | r:  -507.000000 | e:   1.000000 | Q:        nan | won: False 
#  432 | steps:  4793 | steps_t:     0 | t: 1.548452 | r:  -509.000000 | e:   1.000000 | Q:        nan | won: False 
#  433 | steps:  4804 | steps_t:     0 | t: 1.551430 | r:  -510.000000 | e:   1.000000 | Q:        nan | won: False 
#  434 | steps:  4822 | steps_t:     0 | t: 1.555430 | r:  -506.000000 | e:   1.000000 | Q:        nan | won: False 
#  435 | steps:  4833 | steps_t:     0 | t: 1.560170 | r:  -510.000000 | e:   1.000000 | Q:        nan | won: False 
#  436 | steps:  4840 | steps_t:     0 | t: 1.563220 | r:  -506.000000 | e:   1.000000 | Q:        nan | won: False 
#  437 | steps:  4850 | steps_t:     0 | t: 1.566223 | r:  -509.000000 | e:   1.000000 | Q:        nan | won: False 
#  438 | steps:  4858 | steps_t:     0 | t: 1.569220 | r:  -507.000000 | e:   1.000000 | Q:        nan | won: False 
#  439 | steps:  4867 | steps_t:     0 | t: 1.571203 | r:  -508.000000 | e:   1.000000 | Q:        nan | won: False 
#  440 | steps:  4874 | steps_t:     0 | t: 1.573204 | r:  -506.000000 | e:   1.000000 | Q:        nan | won: False 
#  441 | steps:  4880 | steps_t:     0 | t: 1.576389 | r:  -505.000000 | e:   1.000000 | Q:        nan | won: False 
#  442 | steps:  4889 | steps_t:     0 | t: 1.579336 | r:  -508.000000 | e:   1.000000 | Q:        nan | won: False 
#  443 | steps:  4906 | steps_t:     0 | t: 1.584389 | r:  -516.000000 | e:   1.000000 | Q:        nan | won: False 
#  444 | steps:  4931 | steps_t:     0 | t: 1.591292 | r:  -524.000000 | e:   1.000000 | Q:        nan | won: False 
#  445 | steps:  4948 | steps_t:     0 | t: 1.595511 | r:  -516.000000 | e:   1.000000 | Q:        nan | won: False 
#  446 | steps:  4965 | steps_t:     0 | t: 1.600537 | r:  -516.000000 | e:   1.000000 | Q:        nan | won: False 
#  447 | steps:  4978 | steps_t:     0 | t: 1.603522 | r:  -512.000000 | e:   1.000000 | Q:        nan | won: False 
#  448 | steps:  4983 | steps_t:     0 | t: 1.605514 | r:  -504.000000 | e:   1.000000 | Q:        nan | won: False 
